ARM GAS  C:\Users\thewo\AppData\Local\Temp\cceXR7pI.s 			page 1


   1              		.cpu cortex-m7
   2              		.arch armv7e-m
   3              		.fpu fpv5-d16
   4              		.eabi_attribute 28, 1
   5              		.eabi_attribute 20, 1
   6              		.eabi_attribute 21, 1
   7              		.eabi_attribute 23, 3
   8              		.eabi_attribute 24, 1
   9              		.eabi_attribute 25, 1
  10              		.eabi_attribute 26, 1
  11              		.eabi_attribute 30, 1
  12              		.eabi_attribute 34, 1
  13              		.eabi_attribute 18, 4
  14              		.file	"gpio.c"
  15              		.text
  16              	.Ltext0:
  17              		.cfi_sections	.debug_frame
  18              		.file 1 "Core/Src/gpio.c"
  19              		.section	.text.MX_GPIO_Init,"ax",%progbits
  20              		.align	1
  21              		.global	MX_GPIO_Init
  22              		.syntax unified
  23              		.thumb
  24              		.thumb_func
  26              	MX_GPIO_Init:
  27              	.LFB350:
   1:Core/Src/gpio.c **** /* USER CODE BEGIN Header */
   2:Core/Src/gpio.c **** /**
   3:Core/Src/gpio.c ****   ******************************************************************************
   4:Core/Src/gpio.c ****   * @file    gpio.c
   5:Core/Src/gpio.c ****   * @brief   This file provides code for the configuration
   6:Core/Src/gpio.c ****   *          of all used GPIO pins.
   7:Core/Src/gpio.c ****   ******************************************************************************
   8:Core/Src/gpio.c ****   * @attention
   9:Core/Src/gpio.c ****   *
  10:Core/Src/gpio.c ****   * Copyright (c) 2025 STMicroelectronics.
  11:Core/Src/gpio.c ****   * All rights reserved.
  12:Core/Src/gpio.c ****   *
  13:Core/Src/gpio.c ****   * This software is licensed under terms that can be found in the LICENSE file
  14:Core/Src/gpio.c ****   * in the root directory of this software component.
  15:Core/Src/gpio.c ****   * If no LICENSE file comes with this software, it is provided AS-IS.
  16:Core/Src/gpio.c ****   *
  17:Core/Src/gpio.c ****   ******************************************************************************
  18:Core/Src/gpio.c ****   */
  19:Core/Src/gpio.c **** /* USER CODE END Header */
  20:Core/Src/gpio.c **** 
  21:Core/Src/gpio.c **** /* Includes ------------------------------------------------------------------*/
  22:Core/Src/gpio.c **** #include "gpio.h"
  23:Core/Src/gpio.c **** 
  24:Core/Src/gpio.c **** /* USER CODE BEGIN 0 */
  25:Core/Src/gpio.c **** 
  26:Core/Src/gpio.c **** /* USER CODE END 0 */
  27:Core/Src/gpio.c **** 
  28:Core/Src/gpio.c **** /*----------------------------------------------------------------------------*/
  29:Core/Src/gpio.c **** /* Configure GPIO                                                             */
  30:Core/Src/gpio.c **** /*----------------------------------------------------------------------------*/
  31:Core/Src/gpio.c **** /* USER CODE BEGIN 1 */
ARM GAS  C:\Users\thewo\AppData\Local\Temp\cceXR7pI.s 			page 2


  32:Core/Src/gpio.c **** 
  33:Core/Src/gpio.c **** /* USER CODE END 1 */
  34:Core/Src/gpio.c **** 
  35:Core/Src/gpio.c **** /** Configure pins as
  36:Core/Src/gpio.c ****         * Analog
  37:Core/Src/gpio.c ****         * Input
  38:Core/Src/gpio.c ****         * Output
  39:Core/Src/gpio.c ****         * EVENT_OUT
  40:Core/Src/gpio.c ****         * EXTI
  41:Core/Src/gpio.c ****         * Free pins are configured automatically as Analog (this feature is enabled through
  42:Core/Src/gpio.c ****         * the Code Generation settings)
  43:Core/Src/gpio.c **** */
  44:Core/Src/gpio.c **** void MX_GPIO_Init(void)
  45:Core/Src/gpio.c **** {
  28              		.loc 1 45 1 view -0
  29              		.cfi_startproc
  30              		@ args = 0, pretend = 0, frame = 40
  31              		@ frame_needed = 0, uses_anonymous_args = 0
  32 0000 2DE9F04F 		push	{r4, r5, r6, r7, r8, r9, r10, fp, lr}
  33              		.cfi_def_cfa_offset 36
  34              		.cfi_offset 4, -36
  35              		.cfi_offset 5, -32
  36              		.cfi_offset 6, -28
  37              		.cfi_offset 7, -24
  38              		.cfi_offset 8, -20
  39              		.cfi_offset 9, -16
  40              		.cfi_offset 10, -12
  41              		.cfi_offset 11, -8
  42              		.cfi_offset 14, -4
  43 0004 8BB0     		sub	sp, sp, #44
  44              		.cfi_def_cfa_offset 80
  46:Core/Src/gpio.c **** 
  47:Core/Src/gpio.c ****   GPIO_InitTypeDef GPIO_InitStruct = {0};
  45              		.loc 1 47 3 view .LVU1
  46              		.loc 1 47 20 is_stmt 0 view .LVU2
  47 0006 05AD     		add	r5, sp, #20
  48 0008 0024     		movs	r4, #0
  49 000a 0594     		str	r4, [sp, #20]
  50 000c 0694     		str	r4, [sp, #24]
  51 000e 0794     		str	r4, [sp, #28]
  52 0010 0894     		str	r4, [sp, #32]
  53 0012 0994     		str	r4, [sp, #36]
  48:Core/Src/gpio.c **** 
  49:Core/Src/gpio.c ****   /* GPIO Ports Clock Enable */
  50:Core/Src/gpio.c ****   __HAL_RCC_GPIOC_CLK_ENABLE();
  54              		.loc 1 50 3 is_stmt 1 view .LVU3
  55              	.LBB2:
  56              		.loc 1 50 3 view .LVU4
  57              		.loc 1 50 3 view .LVU5
  58 0014 614B     		ldr	r3, .L3
  59 0016 D3F8E020 		ldr	r2, [r3, #224]
  60 001a 42F00402 		orr	r2, r2, #4
  61 001e C3F8E020 		str	r2, [r3, #224]
  62              		.loc 1 50 3 view .LVU6
  63 0022 D3F8E020 		ldr	r2, [r3, #224]
  64 0026 02F00402 		and	r2, r2, #4
  65 002a 0092     		str	r2, [sp]
ARM GAS  C:\Users\thewo\AppData\Local\Temp\cceXR7pI.s 			page 3


  66              		.loc 1 50 3 view .LVU7
  67 002c 009A     		ldr	r2, [sp]
  68              	.LBE2:
  69              		.loc 1 50 3 view .LVU8
  51:Core/Src/gpio.c ****   __HAL_RCC_GPIOH_CLK_ENABLE();
  70              		.loc 1 51 3 view .LVU9
  71              	.LBB3:
  72              		.loc 1 51 3 view .LVU10
  73              		.loc 1 51 3 view .LVU11
  74 002e D3F8E020 		ldr	r2, [r3, #224]
  75 0032 42F08002 		orr	r2, r2, #128
  76 0036 C3F8E020 		str	r2, [r3, #224]
  77              		.loc 1 51 3 view .LVU12
  78 003a D3F8E020 		ldr	r2, [r3, #224]
  79 003e 02F08002 		and	r2, r2, #128
  80 0042 0192     		str	r2, [sp, #4]
  81              		.loc 1 51 3 view .LVU13
  82 0044 019A     		ldr	r2, [sp, #4]
  83              	.LBE3:
  84              		.loc 1 51 3 view .LVU14
  52:Core/Src/gpio.c ****   __HAL_RCC_GPIOA_CLK_ENABLE();
  85              		.loc 1 52 3 view .LVU15
  86              	.LBB4:
  87              		.loc 1 52 3 view .LVU16
  88              		.loc 1 52 3 view .LVU17
  89 0046 D3F8E020 		ldr	r2, [r3, #224]
  90 004a 42F00102 		orr	r2, r2, #1
  91 004e C3F8E020 		str	r2, [r3, #224]
  92              		.loc 1 52 3 view .LVU18
  93 0052 D3F8E020 		ldr	r2, [r3, #224]
  94 0056 02F00102 		and	r2, r2, #1
  95 005a 0292     		str	r2, [sp, #8]
  96              		.loc 1 52 3 view .LVU19
  97 005c 029A     		ldr	r2, [sp, #8]
  98              	.LBE4:
  99              		.loc 1 52 3 view .LVU20
  53:Core/Src/gpio.c ****   __HAL_RCC_GPIOB_CLK_ENABLE();
 100              		.loc 1 53 3 view .LVU21
 101              	.LBB5:
 102              		.loc 1 53 3 view .LVU22
 103              		.loc 1 53 3 view .LVU23
 104 005e D3F8E020 		ldr	r2, [r3, #224]
 105 0062 42F00202 		orr	r2, r2, #2
 106 0066 C3F8E020 		str	r2, [r3, #224]
 107              		.loc 1 53 3 view .LVU24
 108 006a D3F8E020 		ldr	r2, [r3, #224]
 109 006e 02F00202 		and	r2, r2, #2
 110 0072 0392     		str	r2, [sp, #12]
 111              		.loc 1 53 3 view .LVU25
 112 0074 039A     		ldr	r2, [sp, #12]
 113              	.LBE5:
 114              		.loc 1 53 3 view .LVU26
  54:Core/Src/gpio.c ****   __HAL_RCC_GPIOD_CLK_ENABLE();
 115              		.loc 1 54 3 view .LVU27
 116              	.LBB6:
 117              		.loc 1 54 3 view .LVU28
 118              		.loc 1 54 3 view .LVU29
ARM GAS  C:\Users\thewo\AppData\Local\Temp\cceXR7pI.s 			page 4


 119 0076 D3F8E020 		ldr	r2, [r3, #224]
 120 007a 42F00802 		orr	r2, r2, #8
 121 007e C3F8E020 		str	r2, [r3, #224]
 122              		.loc 1 54 3 view .LVU30
 123 0082 D3F8E030 		ldr	r3, [r3, #224]
 124 0086 03F00803 		and	r3, r3, #8
 125 008a 0493     		str	r3, [sp, #16]
 126              		.loc 1 54 3 view .LVU31
 127 008c 049B     		ldr	r3, [sp, #16]
 128              	.LBE6:
 129              		.loc 1 54 3 view .LVU32
  55:Core/Src/gpio.c **** 
  56:Core/Src/gpio.c ****   /*Configure GPIO pin Output Level */
  57:Core/Src/gpio.c ****   HAL_GPIO_WritePin(GPIOA, PY6_Pin|PY5_Pin|PY4_Pin|PY3_Pin
 130              		.loc 1 57 3 view .LVU33
 131 008e DFF818A1 		ldr	r10, .L3+12
 132 0092 2246     		mov	r2, r4
 133 0094 40F26641 		movw	r1, #1126
 134 0098 5046     		mov	r0, r10
 135 009a FFF7FEFF 		bl	HAL_GPIO_WritePin
 136              	.LVL0:
  58:Core/Src/gpio.c ****                           |LoRa_PA_EN_Pin, GPIO_PIN_RESET);
  59:Core/Src/gpio.c **** 
  60:Core/Src/gpio.c ****   /*Configure GPIO pin Output Level */
  61:Core/Src/gpio.c ****   HAL_GPIO_WritePin(GPIOC, PY2_Pin|LoRa_CS_Pin|LoRa_RST_Pin, GPIO_PIN_RESET);
 137              		.loc 1 61 3 view .LVU34
 138 009e 404F     		ldr	r7, .L3+4
 139 00a0 2246     		mov	r2, r4
 140 00a2 E021     		movs	r1, #224
 141 00a4 3846     		mov	r0, r7
 142 00a6 FFF7FEFF 		bl	HAL_GPIO_WritePin
 143              	.LVL1:
  62:Core/Src/gpio.c **** 
  63:Core/Src/gpio.c ****   /*Configure GPIO pin Output Level */
  64:Core/Src/gpio.c ****   HAL_GPIO_WritePin(PY1_GPIO_Port, PY1_Pin, GPIO_PIN_RESET);
 144              		.loc 1 64 3 view .LVU35
 145 00aa DFF80091 		ldr	r9, .L3+16
 146 00ae 2246     		mov	r2, r4
 147 00b0 0121     		movs	r1, #1
 148 00b2 4846     		mov	r0, r9
 149 00b4 FFF7FEFF 		bl	HAL_GPIO_WritePin
 150              	.LVL2:
  65:Core/Src/gpio.c **** 
  66:Core/Src/gpio.c ****   /*Configure GPIO pin Output Level */
  67:Core/Src/gpio.c ****   HAL_GPIO_WritePin(SD_CS_GPIO_Port, SD_CS_Pin, GPIO_PIN_RESET);
 151              		.loc 1 67 3 view .LVU36
 152 00b8 DFF8F4B0 		ldr	fp, .L3+20
 153 00bc 2246     		mov	r2, r4
 154 00be 0421     		movs	r1, #4
 155 00c0 5846     		mov	r0, fp
 156 00c2 FFF7FEFF 		bl	HAL_GPIO_WritePin
 157              	.LVL3:
  68:Core/Src/gpio.c **** 
  69:Core/Src/gpio.c ****   /*Configure GPIO pins : PC14 PC15 PC1 */
  70:Core/Src/gpio.c ****   GPIO_InitStruct.Pin = GPIO_PIN_14|GPIO_PIN_15|GPIO_PIN_1;
 158              		.loc 1 70 3 view .LVU37
 159              		.loc 1 70 23 is_stmt 0 view .LVU38
ARM GAS  C:\Users\thewo\AppData\Local\Temp\cceXR7pI.s 			page 5


 160 00c6 4CF20203 		movw	r3, #49154
 161 00ca 0593     		str	r3, [sp, #20]
  71:Core/Src/gpio.c ****   GPIO_InitStruct.Mode = GPIO_MODE_ANALOG;
 162              		.loc 1 71 3 is_stmt 1 view .LVU39
 163              		.loc 1 71 24 is_stmt 0 view .LVU40
 164 00cc 4FF00308 		mov	r8, #3
 165 00d0 CDF81880 		str	r8, [sp, #24]
  72:Core/Src/gpio.c ****   GPIO_InitStruct.Pull = GPIO_NOPULL;
 166              		.loc 1 72 3 is_stmt 1 view .LVU41
 167              		.loc 1 72 24 is_stmt 0 view .LVU42
 168 00d4 0794     		str	r4, [sp, #28]
  73:Core/Src/gpio.c ****   HAL_GPIO_Init(GPIOC, &GPIO_InitStruct);
 169              		.loc 1 73 3 is_stmt 1 view .LVU43
 170 00d6 2946     		mov	r1, r5
 171 00d8 3846     		mov	r0, r7
 172 00da FFF7FEFF 		bl	HAL_GPIO_Init
 173              	.LVL4:
  74:Core/Src/gpio.c **** 
  75:Core/Src/gpio.c ****   /*Configure GPIO pin : PH1 */
  76:Core/Src/gpio.c ****   GPIO_InitStruct.Pin = GPIO_PIN_1;
 174              		.loc 1 76 3 view .LVU44
 175              		.loc 1 76 23 is_stmt 0 view .LVU45
 176 00de 0223     		movs	r3, #2
 177 00e0 0593     		str	r3, [sp, #20]
  77:Core/Src/gpio.c ****   GPIO_InitStruct.Mode = GPIO_MODE_ANALOG;
 178              		.loc 1 77 3 is_stmt 1 view .LVU46
 179              		.loc 1 77 24 is_stmt 0 view .LVU47
 180 00e2 CDF81880 		str	r8, [sp, #24]
  78:Core/Src/gpio.c ****   GPIO_InitStruct.Pull = GPIO_NOPULL;
 181              		.loc 1 78 3 is_stmt 1 view .LVU48
 182              		.loc 1 78 24 is_stmt 0 view .LVU49
 183 00e6 0794     		str	r4, [sp, #28]
  79:Core/Src/gpio.c ****   HAL_GPIO_Init(GPIOH, &GPIO_InitStruct);
 184              		.loc 1 79 3 is_stmt 1 view .LVU50
 185 00e8 2946     		mov	r1, r5
 186 00ea 2E48     		ldr	r0, .L3+8
 187 00ec FFF7FEFF 		bl	HAL_GPIO_Init
 188              	.LVL5:
  80:Core/Src/gpio.c **** 
  81:Core/Src/gpio.c ****   /*Configure GPIO pins : PY6_Pin PY5_Pin PY4_Pin PY3_Pin
  82:Core/Src/gpio.c ****                            LoRa_PA_EN_Pin */
  83:Core/Src/gpio.c ****   GPIO_InitStruct.Pin = PY6_Pin|PY5_Pin|PY4_Pin|PY3_Pin
 189              		.loc 1 83 3 view .LVU51
 190              		.loc 1 83 23 is_stmt 0 view .LVU52
 191 00f0 40F26643 		movw	r3, #1126
 192 00f4 0593     		str	r3, [sp, #20]
  84:Core/Src/gpio.c ****                           |LoRa_PA_EN_Pin;
  85:Core/Src/gpio.c ****   GPIO_InitStruct.Mode = GPIO_MODE_OUTPUT_PP;
 193              		.loc 1 85 3 is_stmt 1 view .LVU53
 194              		.loc 1 85 24 is_stmt 0 view .LVU54
 195 00f6 0126     		movs	r6, #1
 196 00f8 0696     		str	r6, [sp, #24]
  86:Core/Src/gpio.c ****   GPIO_InitStruct.Pull = GPIO_NOPULL;
 197              		.loc 1 86 3 is_stmt 1 view .LVU55
 198              		.loc 1 86 24 is_stmt 0 view .LVU56
 199 00fa 0794     		str	r4, [sp, #28]
  87:Core/Src/gpio.c ****   GPIO_InitStruct.Speed = GPIO_SPEED_FREQ_LOW;
ARM GAS  C:\Users\thewo\AppData\Local\Temp\cceXR7pI.s 			page 6


 200              		.loc 1 87 3 is_stmt 1 view .LVU57
 201              		.loc 1 87 25 is_stmt 0 view .LVU58
 202 00fc 0894     		str	r4, [sp, #32]
  88:Core/Src/gpio.c ****   HAL_GPIO_Init(GPIOA, &GPIO_InitStruct);
 203              		.loc 1 88 3 is_stmt 1 view .LVU59
 204 00fe 2946     		mov	r1, r5
 205 0100 5046     		mov	r0, r10
 206 0102 FFF7FEFF 		bl	HAL_GPIO_Init
 207              	.LVL6:
  89:Core/Src/gpio.c **** 
  90:Core/Src/gpio.c ****   /*Configure GPIO pins : PY2_Pin LoRa_CS_Pin LoRa_RST_Pin */
  91:Core/Src/gpio.c ****   GPIO_InitStruct.Pin = PY2_Pin|LoRa_CS_Pin|LoRa_RST_Pin;
 208              		.loc 1 91 3 view .LVU60
 209              		.loc 1 91 23 is_stmt 0 view .LVU61
 210 0106 E023     		movs	r3, #224
 211 0108 0593     		str	r3, [sp, #20]
  92:Core/Src/gpio.c ****   GPIO_InitStruct.Mode = GPIO_MODE_OUTPUT_PP;
 212              		.loc 1 92 3 is_stmt 1 view .LVU62
 213              		.loc 1 92 24 is_stmt 0 view .LVU63
 214 010a 0696     		str	r6, [sp, #24]
  93:Core/Src/gpio.c ****   GPIO_InitStruct.Pull = GPIO_NOPULL;
 215              		.loc 1 93 3 is_stmt 1 view .LVU64
 216              		.loc 1 93 24 is_stmt 0 view .LVU65
 217 010c 0794     		str	r4, [sp, #28]
  94:Core/Src/gpio.c ****   GPIO_InitStruct.Speed = GPIO_SPEED_FREQ_LOW;
 218              		.loc 1 94 3 is_stmt 1 view .LVU66
 219              		.loc 1 94 25 is_stmt 0 view .LVU67
 220 010e 0894     		str	r4, [sp, #32]
  95:Core/Src/gpio.c ****   HAL_GPIO_Init(GPIOC, &GPIO_InitStruct);
 221              		.loc 1 95 3 is_stmt 1 view .LVU68
 222 0110 2946     		mov	r1, r5
 223 0112 3846     		mov	r0, r7
 224 0114 FFF7FEFF 		bl	HAL_GPIO_Init
 225              	.LVL7:
  96:Core/Src/gpio.c **** 
  97:Core/Src/gpio.c ****   /*Configure GPIO pin : PY1_Pin */
  98:Core/Src/gpio.c ****   GPIO_InitStruct.Pin = PY1_Pin;
 226              		.loc 1 98 3 view .LVU69
 227              		.loc 1 98 23 is_stmt 0 view .LVU70
 228 0118 0596     		str	r6, [sp, #20]
  99:Core/Src/gpio.c ****   GPIO_InitStruct.Mode = GPIO_MODE_OUTPUT_PP;
 229              		.loc 1 99 3 is_stmt 1 view .LVU71
 230              		.loc 1 99 24 is_stmt 0 view .LVU72
 231 011a 0696     		str	r6, [sp, #24]
 100:Core/Src/gpio.c ****   GPIO_InitStruct.Pull = GPIO_NOPULL;
 232              		.loc 1 100 3 is_stmt 1 view .LVU73
 233              		.loc 1 100 24 is_stmt 0 view .LVU74
 234 011c 0794     		str	r4, [sp, #28]
 101:Core/Src/gpio.c ****   GPIO_InitStruct.Speed = GPIO_SPEED_FREQ_LOW;
 235              		.loc 1 101 3 is_stmt 1 view .LVU75
 236              		.loc 1 101 25 is_stmt 0 view .LVU76
 237 011e 0894     		str	r4, [sp, #32]
 102:Core/Src/gpio.c ****   HAL_GPIO_Init(PY1_GPIO_Port, &GPIO_InitStruct);
 238              		.loc 1 102 3 is_stmt 1 view .LVU77
 239 0120 2946     		mov	r1, r5
 240 0122 4846     		mov	r0, r9
 241 0124 FFF7FEFF 		bl	HAL_GPIO_Init
ARM GAS  C:\Users\thewo\AppData\Local\Temp\cceXR7pI.s 			page 7


 242              	.LVL8:
 103:Core/Src/gpio.c **** 
 104:Core/Src/gpio.c ****   /*Configure GPIO pins : PB2 PB12 */
 105:Core/Src/gpio.c ****   GPIO_InitStruct.Pin = GPIO_PIN_2|GPIO_PIN_12;
 243              		.loc 1 105 3 view .LVU78
 244              		.loc 1 105 23 is_stmt 0 view .LVU79
 245 0128 41F20403 		movw	r3, #4100
 246 012c 0593     		str	r3, [sp, #20]
 106:Core/Src/gpio.c ****   GPIO_InitStruct.Mode = GPIO_MODE_ANALOG;
 247              		.loc 1 106 3 is_stmt 1 view .LVU80
 248              		.loc 1 106 24 is_stmt 0 view .LVU81
 249 012e CDF81880 		str	r8, [sp, #24]
 107:Core/Src/gpio.c ****   GPIO_InitStruct.Pull = GPIO_NOPULL;
 250              		.loc 1 107 3 is_stmt 1 view .LVU82
 251              		.loc 1 107 24 is_stmt 0 view .LVU83
 252 0132 0794     		str	r4, [sp, #28]
 108:Core/Src/gpio.c ****   HAL_GPIO_Init(GPIOB, &GPIO_InitStruct);
 253              		.loc 1 108 3 is_stmt 1 view .LVU84
 254 0134 2946     		mov	r1, r5
 255 0136 4846     		mov	r0, r9
 256 0138 FFF7FEFF 		bl	HAL_GPIO_Init
 257              	.LVL9:
 109:Core/Src/gpio.c **** 
 110:Core/Src/gpio.c ****   /*Configure GPIO pin : LoRa_BUSY_Pin */
 111:Core/Src/gpio.c ****   GPIO_InitStruct.Pin = LoRa_BUSY_Pin;
 258              		.loc 1 111 3 view .LVU85
 259              		.loc 1 111 23 is_stmt 0 view .LVU86
 260 013c 4FF48063 		mov	r3, #1024
 261 0140 0593     		str	r3, [sp, #20]
 112:Core/Src/gpio.c ****   GPIO_InitStruct.Mode = GPIO_MODE_INPUT;
 262              		.loc 1 112 3 is_stmt 1 view .LVU87
 263              		.loc 1 112 24 is_stmt 0 view .LVU88
 264 0142 0694     		str	r4, [sp, #24]
 113:Core/Src/gpio.c ****   GPIO_InitStruct.Pull = GPIO_NOPULL;
 265              		.loc 1 113 3 is_stmt 1 view .LVU89
 266              		.loc 1 113 24 is_stmt 0 view .LVU90
 267 0144 0794     		str	r4, [sp, #28]
 114:Core/Src/gpio.c ****   HAL_GPIO_Init(LoRa_BUSY_GPIO_Port, &GPIO_InitStruct);
 268              		.loc 1 114 3 is_stmt 1 view .LVU91
 269 0146 2946     		mov	r1, r5
 270 0148 4846     		mov	r0, r9
 271 014a FFF7FEFF 		bl	HAL_GPIO_Init
 272              	.LVL10:
 115:Core/Src/gpio.c **** 
 116:Core/Src/gpio.c ****   /*Configure GPIO pin : PA9 */
 117:Core/Src/gpio.c ****   GPIO_InitStruct.Pin = GPIO_PIN_9;
 273              		.loc 1 117 3 view .LVU92
 274              		.loc 1 117 23 is_stmt 0 view .LVU93
 275 014e 4FF40073 		mov	r3, #512
 276 0152 0593     		str	r3, [sp, #20]
 118:Core/Src/gpio.c ****   GPIO_InitStruct.Mode = GPIO_MODE_ANALOG;
 277              		.loc 1 118 3 is_stmt 1 view .LVU94
 278              		.loc 1 118 24 is_stmt 0 view .LVU95
 279 0154 CDF81880 		str	r8, [sp, #24]
 119:Core/Src/gpio.c ****   GPIO_InitStruct.Pull = GPIO_NOPULL;
 280              		.loc 1 119 3 is_stmt 1 view .LVU96
 281              		.loc 1 119 24 is_stmt 0 view .LVU97
ARM GAS  C:\Users\thewo\AppData\Local\Temp\cceXR7pI.s 			page 8


 282 0158 0794     		str	r4, [sp, #28]
 120:Core/Src/gpio.c ****   HAL_GPIO_Init(GPIOA, &GPIO_InitStruct);
 283              		.loc 1 120 3 is_stmt 1 view .LVU98
 284 015a 2946     		mov	r1, r5
 285 015c 5046     		mov	r0, r10
 286 015e FFF7FEFF 		bl	HAL_GPIO_Init
 287              	.LVL11:
 121:Core/Src/gpio.c **** 
 122:Core/Src/gpio.c ****   /*Configure GPIO pins : IMU_INT_Pin HIGHG_INT_Pin MAG_INT_Pin */
 123:Core/Src/gpio.c ****   GPIO_InitStruct.Pin = IMU_INT_Pin|HIGHG_INT_Pin|MAG_INT_Pin;
 288              		.loc 1 123 3 view .LVU99
 289              		.loc 1 123 23 is_stmt 0 view .LVU100
 290 0162 4FF4E053 		mov	r3, #7168
 291 0166 0593     		str	r3, [sp, #20]
 124:Core/Src/gpio.c ****   GPIO_InitStruct.Mode = GPIO_MODE_IT_RISING;
 292              		.loc 1 124 3 is_stmt 1 view .LVU101
 293              		.loc 1 124 24 is_stmt 0 view .LVU102
 294 0168 4FF48813 		mov	r3, #1114112
 295 016c 0693     		str	r3, [sp, #24]
 125:Core/Src/gpio.c ****   GPIO_InitStruct.Pull = GPIO_NOPULL;
 296              		.loc 1 125 3 is_stmt 1 view .LVU103
 297              		.loc 1 125 24 is_stmt 0 view .LVU104
 298 016e 0794     		str	r4, [sp, #28]
 126:Core/Src/gpio.c ****   HAL_GPIO_Init(GPIOC, &GPIO_InitStruct);
 299              		.loc 1 126 3 is_stmt 1 view .LVU105
 300 0170 2946     		mov	r1, r5
 301 0172 3846     		mov	r0, r7
 302 0174 FFF7FEFF 		bl	HAL_GPIO_Init
 303              	.LVL12:
 127:Core/Src/gpio.c **** 
 128:Core/Src/gpio.c ****   /*Configure GPIO pin : SD_CS_Pin */
 129:Core/Src/gpio.c ****   GPIO_InitStruct.Pin = SD_CS_Pin;
 304              		.loc 1 129 3 view .LVU106
 305              		.loc 1 129 23 is_stmt 0 view .LVU107
 306 0178 0423     		movs	r3, #4
 307 017a 0593     		str	r3, [sp, #20]
 130:Core/Src/gpio.c ****   GPIO_InitStruct.Mode = GPIO_MODE_OUTPUT_PP;
 308              		.loc 1 130 3 is_stmt 1 view .LVU108
 309              		.loc 1 130 24 is_stmt 0 view .LVU109
 310 017c 0696     		str	r6, [sp, #24]
 131:Core/Src/gpio.c ****   GPIO_InitStruct.Pull = GPIO_NOPULL;
 311              		.loc 1 131 3 is_stmt 1 view .LVU110
 312              		.loc 1 131 24 is_stmt 0 view .LVU111
 313 017e 0794     		str	r4, [sp, #28]
 132:Core/Src/gpio.c ****   GPIO_InitStruct.Speed = GPIO_SPEED_FREQ_LOW;
 314              		.loc 1 132 3 is_stmt 1 view .LVU112
 315              		.loc 1 132 25 is_stmt 0 view .LVU113
 316 0180 0894     		str	r4, [sp, #32]
 133:Core/Src/gpio.c ****   HAL_GPIO_Init(SD_CS_GPIO_Port, &GPIO_InitStruct);
 317              		.loc 1 133 3 is_stmt 1 view .LVU114
 318 0182 2946     		mov	r1, r5
 319 0184 5846     		mov	r0, fp
 320 0186 FFF7FEFF 		bl	HAL_GPIO_Init
 321              	.LVL13:
 134:Core/Src/gpio.c **** 
 135:Core/Src/gpio.c ****   /*AnalogSwitch Config */
 136:Core/Src/gpio.c ****   HAL_SYSCFG_AnalogSwitchConfig(SYSCFG_SWITCH_PA1, SYSCFG_SWITCH_PA1_CLOSE);
ARM GAS  C:\Users\thewo\AppData\Local\Temp\cceXR7pI.s 			page 9


 322              		.loc 1 136 3 view .LVU115
 323 018a 2146     		mov	r1, r4
 324 018c 4FF00070 		mov	r0, #33554432
 325 0190 FFF7FEFF 		bl	HAL_SYSCFG_AnalogSwitchConfig
 326              	.LVL14:
 137:Core/Src/gpio.c **** 
 138:Core/Src/gpio.c **** }
 327              		.loc 1 138 1 is_stmt 0 view .LVU116
 328 0194 0BB0     		add	sp, sp, #44
 329              		.cfi_def_cfa_offset 36
 330              		@ sp needed
 331 0196 BDE8F08F 		pop	{r4, r5, r6, r7, r8, r9, r10, fp, pc}
 332              	.L4:
 333 019a 00BF     		.align	2
 334              	.L3:
 335 019c 00440258 		.word	1476543488
 336 01a0 00080258 		.word	1476528128
 337 01a4 001C0258 		.word	1476533248
 338 01a8 00000258 		.word	1476526080
 339 01ac 00040258 		.word	1476527104
 340 01b0 000C0258 		.word	1476529152
 341              		.cfi_endproc
 342              	.LFE350:
 344              		.text
 345              	.Letext0:
 346              		.file 2 "C:/Users/thewo/AppData/Roaming/Code/User/globalStorage/bmd.stm32-for-vscode/@xpack-dev-to
 347              		.file 3 "C:/Users/thewo/AppData/Roaming/Code/User/globalStorage/bmd.stm32-for-vscode/@xpack-dev-to
 348              		.file 4 "Drivers/CMSIS/Device/ST/STM32H7xx/Include/stm32h725xx.h"
 349              		.file 5 "Drivers/STM32H7xx_HAL_Driver/Inc/stm32h7xx_hal_gpio.h"
 350              		.file 6 "Drivers/STM32H7xx_HAL_Driver/Inc/stm32h7xx_hal.h"
ARM GAS  C:\Users\thewo\AppData\Local\Temp\cceXR7pI.s 			page 10


DEFINED SYMBOLS
                            *ABS*:00000000 gpio.c
C:\Users\thewo\AppData\Local\Temp\cceXR7pI.s:20     .text.MX_GPIO_Init:00000000 $t
C:\Users\thewo\AppData\Local\Temp\cceXR7pI.s:26     .text.MX_GPIO_Init:00000000 MX_GPIO_Init
C:\Users\thewo\AppData\Local\Temp\cceXR7pI.s:335    .text.MX_GPIO_Init:0000019c $d

UNDEFINED SYMBOLS
HAL_GPIO_WritePin
HAL_GPIO_Init
HAL_SYSCFG_AnalogSwitchConfig
