ARM GAS  C:\Users\thewo\AppData\Local\Temp\ccKrGfzL.s 			page 1


   1              		.cpu cortex-m7
   2              		.arch armv7e-m
   3              		.fpu fpv5-d16
   4              		.eabi_attribute 28, 1
   5              		.eabi_attribute 20, 1
   6              		.eabi_attribute 21, 1
   7              		.eabi_attribute 23, 3
   8              		.eabi_attribute 24, 1
   9              		.eabi_attribute 25, 1
  10              		.eabi_attribute 26, 1
  11              		.eabi_attribute 30, 1
  12              		.eabi_attribute 34, 1
  13              		.eabi_attribute 18, 4
  14              		.file	"i2c.c"
  15              		.text
  16              	.Ltext0:
  17              		.cfi_sections	.debug_frame
  18              		.file 1 "Core/Src/i2c.c"
  19              		.section	.text.MX_I2C3_Init,"ax",%progbits
  20              		.align	1
  21              		.global	MX_I2C3_Init
  22              		.syntax unified
  23              		.thumb
  24              		.thumb_func
  26              	MX_I2C3_Init:
  27              	.LFB350:
   1:Core/Src/i2c.c **** /* USER CODE BEGIN Header */
   2:Core/Src/i2c.c **** /**
   3:Core/Src/i2c.c ****   ******************************************************************************
   4:Core/Src/i2c.c ****   * @file    i2c.c
   5:Core/Src/i2c.c ****   * @brief   This file provides code for the configuration
   6:Core/Src/i2c.c ****   *          of the I2C instances.
   7:Core/Src/i2c.c ****   ******************************************************************************
   8:Core/Src/i2c.c ****   * @attention
   9:Core/Src/i2c.c ****   *
  10:Core/Src/i2c.c ****   * Copyright (c) 2025 STMicroelectronics.
  11:Core/Src/i2c.c ****   * All rights reserved.
  12:Core/Src/i2c.c ****   *
  13:Core/Src/i2c.c ****   * This software is licensed under terms that can be found in the LICENSE file
  14:Core/Src/i2c.c ****   * in the root directory of this software component.
  15:Core/Src/i2c.c ****   * If no LICENSE file comes with this software, it is provided AS-IS.
  16:Core/Src/i2c.c ****   *
  17:Core/Src/i2c.c ****   ******************************************************************************
  18:Core/Src/i2c.c ****   */
  19:Core/Src/i2c.c **** /* USER CODE END Header */
  20:Core/Src/i2c.c **** /* Includes ------------------------------------------------------------------*/
  21:Core/Src/i2c.c **** #include "i2c.h"
  22:Core/Src/i2c.c **** 
  23:Core/Src/i2c.c **** /* USER CODE BEGIN 0 */
  24:Core/Src/i2c.c **** 
  25:Core/Src/i2c.c **** /* USER CODE END 0 */
  26:Core/Src/i2c.c **** 
  27:Core/Src/i2c.c **** I2C_HandleTypeDef hi2c3;
  28:Core/Src/i2c.c **** 
  29:Core/Src/i2c.c **** /* I2C3 init function */
  30:Core/Src/i2c.c **** void MX_I2C3_Init(void)
  31:Core/Src/i2c.c **** {
ARM GAS  C:\Users\thewo\AppData\Local\Temp\ccKrGfzL.s 			page 2


  28              		.loc 1 31 1 view -0
  29              		.cfi_startproc
  30              		@ args = 0, pretend = 0, frame = 0
  31              		@ frame_needed = 0, uses_anonymous_args = 0
  32 0000 08B5     		push	{r3, lr}
  33              		.cfi_def_cfa_offset 8
  34              		.cfi_offset 3, -8
  35              		.cfi_offset 14, -4
  32:Core/Src/i2c.c **** 
  33:Core/Src/i2c.c ****   /* USER CODE BEGIN I2C3_Init 0 */
  34:Core/Src/i2c.c **** 
  35:Core/Src/i2c.c ****   /* USER CODE END I2C3_Init 0 */
  36:Core/Src/i2c.c **** 
  37:Core/Src/i2c.c ****   /* USER CODE BEGIN I2C3_Init 1 */
  38:Core/Src/i2c.c **** 
  39:Core/Src/i2c.c ****   /* USER CODE END I2C3_Init 1 */
  40:Core/Src/i2c.c ****   hi2c3.Instance = I2C3;
  36              		.loc 1 40 3 view .LVU1
  37              		.loc 1 40 18 is_stmt 0 view .LVU2
  38 0002 1248     		ldr	r0, .L9
  39 0004 124B     		ldr	r3, .L9+4
  40 0006 0360     		str	r3, [r0]
  41:Core/Src/i2c.c ****   hi2c3.Init.Timing = 0x00602173;
  41              		.loc 1 41 3 is_stmt 1 view .LVU3
  42              		.loc 1 41 21 is_stmt 0 view .LVU4
  43 0008 124B     		ldr	r3, .L9+8
  44 000a 4360     		str	r3, [r0, #4]
  42:Core/Src/i2c.c ****   hi2c3.Init.OwnAddress1 = 0;
  45              		.loc 1 42 3 is_stmt 1 view .LVU5
  46              		.loc 1 42 26 is_stmt 0 view .LVU6
  47 000c 0023     		movs	r3, #0
  48 000e 8360     		str	r3, [r0, #8]
  43:Core/Src/i2c.c ****   hi2c3.Init.AddressingMode = I2C_ADDRESSINGMODE_7BIT;
  49              		.loc 1 43 3 is_stmt 1 view .LVU7
  50              		.loc 1 43 29 is_stmt 0 view .LVU8
  51 0010 0122     		movs	r2, #1
  52 0012 C260     		str	r2, [r0, #12]
  44:Core/Src/i2c.c ****   hi2c3.Init.DualAddressMode = I2C_DUALADDRESS_DISABLE;
  53              		.loc 1 44 3 is_stmt 1 view .LVU9
  54              		.loc 1 44 30 is_stmt 0 view .LVU10
  55 0014 0361     		str	r3, [r0, #16]
  45:Core/Src/i2c.c ****   hi2c3.Init.OwnAddress2 = 0;
  56              		.loc 1 45 3 is_stmt 1 view .LVU11
  57              		.loc 1 45 26 is_stmt 0 view .LVU12
  58 0016 4361     		str	r3, [r0, #20]
  46:Core/Src/i2c.c ****   hi2c3.Init.OwnAddress2Masks = I2C_OA2_NOMASK;
  59              		.loc 1 46 3 is_stmt 1 view .LVU13
  60              		.loc 1 46 31 is_stmt 0 view .LVU14
  61 0018 8361     		str	r3, [r0, #24]
  47:Core/Src/i2c.c ****   hi2c3.Init.GeneralCallMode = I2C_GENERALCALL_DISABLE;
  62              		.loc 1 47 3 is_stmt 1 view .LVU15
  63              		.loc 1 47 30 is_stmt 0 view .LVU16
  64 001a C361     		str	r3, [r0, #28]
  48:Core/Src/i2c.c ****   hi2c3.Init.NoStretchMode = I2C_NOSTRETCH_DISABLE;
  65              		.loc 1 48 3 is_stmt 1 view .LVU17
  66              		.loc 1 48 28 is_stmt 0 view .LVU18
  67 001c 0362     		str	r3, [r0, #32]
ARM GAS  C:\Users\thewo\AppData\Local\Temp\ccKrGfzL.s 			page 3


  49:Core/Src/i2c.c ****   if (HAL_I2C_Init(&hi2c3) != HAL_OK)
  68              		.loc 1 49 3 is_stmt 1 view .LVU19
  69              		.loc 1 49 7 is_stmt 0 view .LVU20
  70 001e FFF7FEFF 		bl	HAL_I2C_Init
  71              	.LVL0:
  72              		.loc 1 49 6 discriminator 1 view .LVU21
  73 0022 50B9     		cbnz	r0, .L6
  74              	.L2:
  50:Core/Src/i2c.c ****   {
  51:Core/Src/i2c.c ****     Error_Handler();
  52:Core/Src/i2c.c ****   }
  53:Core/Src/i2c.c **** 
  54:Core/Src/i2c.c ****   /** Configure Analogue filter
  55:Core/Src/i2c.c ****   */
  56:Core/Src/i2c.c ****   if (HAL_I2CEx_ConfigAnalogFilter(&hi2c3, I2C_ANALOGFILTER_ENABLE) != HAL_OK)
  75              		.loc 1 56 3 is_stmt 1 view .LVU22
  76              		.loc 1 56 7 is_stmt 0 view .LVU23
  77 0024 0021     		movs	r1, #0
  78 0026 0948     		ldr	r0, .L9
  79 0028 FFF7FEFF 		bl	HAL_I2CEx_ConfigAnalogFilter
  80              	.LVL1:
  81              		.loc 1 56 6 discriminator 1 view .LVU24
  82 002c 40B9     		cbnz	r0, .L7
  83              	.L3:
  57:Core/Src/i2c.c ****   {
  58:Core/Src/i2c.c ****     Error_Handler();
  59:Core/Src/i2c.c ****   }
  60:Core/Src/i2c.c **** 
  61:Core/Src/i2c.c ****   /** Configure Digital filter
  62:Core/Src/i2c.c ****   */
  63:Core/Src/i2c.c ****   if (HAL_I2CEx_ConfigDigitalFilter(&hi2c3, 0) != HAL_OK)
  84              		.loc 1 63 3 is_stmt 1 view .LVU25
  85              		.loc 1 63 7 is_stmt 0 view .LVU26
  86 002e 0021     		movs	r1, #0
  87 0030 0648     		ldr	r0, .L9
  88 0032 FFF7FEFF 		bl	HAL_I2CEx_ConfigDigitalFilter
  89              	.LVL2:
  90              		.loc 1 63 6 discriminator 1 view .LVU27
  91 0036 30B9     		cbnz	r0, .L8
  92              	.L1:
  64:Core/Src/i2c.c ****   {
  65:Core/Src/i2c.c ****     Error_Handler();
  66:Core/Src/i2c.c ****   }
  67:Core/Src/i2c.c ****   /* USER CODE BEGIN I2C3_Init 2 */
  68:Core/Src/i2c.c **** 
  69:Core/Src/i2c.c ****   /* USER CODE END I2C3_Init 2 */
  70:Core/Src/i2c.c **** 
  71:Core/Src/i2c.c **** }
  93              		.loc 1 71 1 view .LVU28
  94 0038 08BD     		pop	{r3, pc}
  95              	.L6:
  51:Core/Src/i2c.c ****   }
  96              		.loc 1 51 5 is_stmt 1 view .LVU29
  97 003a FFF7FEFF 		bl	Error_Handler
  98              	.LVL3:
  99 003e F1E7     		b	.L2
 100              	.L7:
ARM GAS  C:\Users\thewo\AppData\Local\Temp\ccKrGfzL.s 			page 4


  58:Core/Src/i2c.c ****   }
 101              		.loc 1 58 5 view .LVU30
 102 0040 FFF7FEFF 		bl	Error_Handler
 103              	.LVL4:
 104 0044 F3E7     		b	.L3
 105              	.L8:
  65:Core/Src/i2c.c ****   }
 106              		.loc 1 65 5 view .LVU31
 107 0046 FFF7FEFF 		bl	Error_Handler
 108              	.LVL5:
 109              		.loc 1 71 1 is_stmt 0 view .LVU32
 110 004a F5E7     		b	.L1
 111              	.L10:
 112              		.align	2
 113              	.L9:
 114 004c 00000000 		.word	hi2c3
 115 0050 005C0040 		.word	1073765376
 116 0054 73216000 		.word	6300019
 117              		.cfi_endproc
 118              	.LFE350:
 120              		.section	.text.HAL_I2C_MspInit,"ax",%progbits
 121              		.align	1
 122              		.global	HAL_I2C_MspInit
 123              		.syntax unified
 124              		.thumb
 125              		.thumb_func
 127              	HAL_I2C_MspInit:
 128              	.LVL6:
 129              	.LFB351:
  72:Core/Src/i2c.c **** 
  73:Core/Src/i2c.c **** void HAL_I2C_MspInit(I2C_HandleTypeDef* i2cHandle)
  74:Core/Src/i2c.c **** {
 130              		.loc 1 74 1 is_stmt 1 view -0
 131              		.cfi_startproc
 132              		@ args = 0, pretend = 0, frame = 32
 133              		@ frame_needed = 0, uses_anonymous_args = 0
 134              		.loc 1 74 1 is_stmt 0 view .LVU34
 135 0000 F0B5     		push	{r4, r5, r6, r7, lr}
 136              		.cfi_def_cfa_offset 20
 137              		.cfi_offset 4, -20
 138              		.cfi_offset 5, -16
 139              		.cfi_offset 6, -12
 140              		.cfi_offset 7, -8
 141              		.cfi_offset 14, -4
 142 0002 89B0     		sub	sp, sp, #36
 143              		.cfi_def_cfa_offset 56
  75:Core/Src/i2c.c **** 
  76:Core/Src/i2c.c ****   GPIO_InitTypeDef GPIO_InitStruct = {0};
 144              		.loc 1 76 3 is_stmt 1 view .LVU35
 145              		.loc 1 76 20 is_stmt 0 view .LVU36
 146 0004 0023     		movs	r3, #0
 147 0006 0393     		str	r3, [sp, #12]
 148 0008 0493     		str	r3, [sp, #16]
 149 000a 0593     		str	r3, [sp, #20]
 150 000c 0693     		str	r3, [sp, #24]
 151 000e 0793     		str	r3, [sp, #28]
  77:Core/Src/i2c.c ****   if(i2cHandle->Instance==I2C3)
ARM GAS  C:\Users\thewo\AppData\Local\Temp\ccKrGfzL.s 			page 5


 152              		.loc 1 77 3 is_stmt 1 view .LVU37
 153              		.loc 1 77 15 is_stmt 0 view .LVU38
 154 0010 0268     		ldr	r2, [r0]
 155              		.loc 1 77 5 view .LVU39
 156 0012 214B     		ldr	r3, .L15
 157 0014 9A42     		cmp	r2, r3
 158 0016 01D0     		beq	.L14
 159              	.LVL7:
 160              	.L11:
  78:Core/Src/i2c.c ****   {
  79:Core/Src/i2c.c ****   /* USER CODE BEGIN I2C3_MspInit 0 */
  80:Core/Src/i2c.c **** 
  81:Core/Src/i2c.c ****   /* USER CODE END I2C3_MspInit 0 */
  82:Core/Src/i2c.c **** 
  83:Core/Src/i2c.c ****     __HAL_RCC_GPIOC_CLK_ENABLE();
  84:Core/Src/i2c.c ****     __HAL_RCC_GPIOA_CLK_ENABLE();
  85:Core/Src/i2c.c ****     /**I2C3 GPIO Configuration
  86:Core/Src/i2c.c ****     PC9     ------> I2C3_SDA
  87:Core/Src/i2c.c ****     PA8     ------> I2C3_SCL
  88:Core/Src/i2c.c ****     */
  89:Core/Src/i2c.c ****     GPIO_InitStruct.Pin = GPIO_PIN_9;
  90:Core/Src/i2c.c ****     GPIO_InitStruct.Mode = GPIO_MODE_AF_OD;
  91:Core/Src/i2c.c ****     GPIO_InitStruct.Pull = GPIO_NOPULL;
  92:Core/Src/i2c.c ****     GPIO_InitStruct.Speed = GPIO_SPEED_FREQ_LOW;
  93:Core/Src/i2c.c ****     GPIO_InitStruct.Alternate = GPIO_AF4_I2C3;
  94:Core/Src/i2c.c ****     HAL_GPIO_Init(GPIOC, &GPIO_InitStruct);
  95:Core/Src/i2c.c **** 
  96:Core/Src/i2c.c ****     GPIO_InitStruct.Pin = GPIO_PIN_8;
  97:Core/Src/i2c.c ****     GPIO_InitStruct.Mode = GPIO_MODE_AF_OD;
  98:Core/Src/i2c.c ****     GPIO_InitStruct.Pull = GPIO_NOPULL;
  99:Core/Src/i2c.c ****     GPIO_InitStruct.Speed = GPIO_SPEED_FREQ_LOW;
 100:Core/Src/i2c.c ****     GPIO_InitStruct.Alternate = GPIO_AF4_I2C3;
 101:Core/Src/i2c.c ****     HAL_GPIO_Init(GPIOA, &GPIO_InitStruct);
 102:Core/Src/i2c.c **** 
 103:Core/Src/i2c.c ****     /* I2C3 clock enable */
 104:Core/Src/i2c.c ****     __HAL_RCC_I2C3_CLK_ENABLE();
 105:Core/Src/i2c.c ****   /* USER CODE BEGIN I2C3_MspInit 1 */
 106:Core/Src/i2c.c **** 
 107:Core/Src/i2c.c ****   /* USER CODE END I2C3_MspInit 1 */
 108:Core/Src/i2c.c ****   }
 109:Core/Src/i2c.c **** }
 161              		.loc 1 109 1 view .LVU40
 162 0018 09B0     		add	sp, sp, #36
 163              		.cfi_remember_state
 164              		.cfi_def_cfa_offset 20
 165              		@ sp needed
 166 001a F0BD     		pop	{r4, r5, r6, r7, pc}
 167              	.LVL8:
 168              	.L14:
 169              		.cfi_restore_state
  83:Core/Src/i2c.c ****     __HAL_RCC_GPIOA_CLK_ENABLE();
 170              		.loc 1 83 5 is_stmt 1 view .LVU41
 171              	.LBB2:
  83:Core/Src/i2c.c ****     __HAL_RCC_GPIOA_CLK_ENABLE();
 172              		.loc 1 83 5 view .LVU42
  83:Core/Src/i2c.c ****     __HAL_RCC_GPIOA_CLK_ENABLE();
 173              		.loc 1 83 5 view .LVU43
ARM GAS  C:\Users\thewo\AppData\Local\Temp\ccKrGfzL.s 			page 6


 174 001c 1F4C     		ldr	r4, .L15+4
 175 001e D4F8E030 		ldr	r3, [r4, #224]
 176 0022 43F00403 		orr	r3, r3, #4
 177 0026 C4F8E030 		str	r3, [r4, #224]
  83:Core/Src/i2c.c ****     __HAL_RCC_GPIOA_CLK_ENABLE();
 178              		.loc 1 83 5 view .LVU44
 179 002a D4F8E030 		ldr	r3, [r4, #224]
 180 002e 03F00403 		and	r3, r3, #4
 181 0032 0093     		str	r3, [sp]
  83:Core/Src/i2c.c ****     __HAL_RCC_GPIOA_CLK_ENABLE();
 182              		.loc 1 83 5 view .LVU45
 183 0034 009B     		ldr	r3, [sp]
 184              	.LBE2:
  83:Core/Src/i2c.c ****     __HAL_RCC_GPIOA_CLK_ENABLE();
 185              		.loc 1 83 5 view .LVU46
  84:Core/Src/i2c.c ****     /**I2C3 GPIO Configuration
 186              		.loc 1 84 5 view .LVU47
 187              	.LBB3:
  84:Core/Src/i2c.c ****     /**I2C3 GPIO Configuration
 188              		.loc 1 84 5 view .LVU48
  84:Core/Src/i2c.c ****     /**I2C3 GPIO Configuration
 189              		.loc 1 84 5 view .LVU49
 190 0036 D4F8E030 		ldr	r3, [r4, #224]
 191 003a 43F00103 		orr	r3, r3, #1
 192 003e C4F8E030 		str	r3, [r4, #224]
  84:Core/Src/i2c.c ****     /**I2C3 GPIO Configuration
 193              		.loc 1 84 5 view .LVU50
 194 0042 D4F8E030 		ldr	r3, [r4, #224]
 195 0046 03F00103 		and	r3, r3, #1
 196 004a 0193     		str	r3, [sp, #4]
  84:Core/Src/i2c.c ****     /**I2C3 GPIO Configuration
 197              		.loc 1 84 5 view .LVU51
 198 004c 019B     		ldr	r3, [sp, #4]
 199              	.LBE3:
  84:Core/Src/i2c.c ****     /**I2C3 GPIO Configuration
 200              		.loc 1 84 5 view .LVU52
  89:Core/Src/i2c.c ****     GPIO_InitStruct.Mode = GPIO_MODE_AF_OD;
 201              		.loc 1 89 5 view .LVU53
  89:Core/Src/i2c.c ****     GPIO_InitStruct.Mode = GPIO_MODE_AF_OD;
 202              		.loc 1 89 25 is_stmt 0 view .LVU54
 203 004e 4FF40073 		mov	r3, #512
 204 0052 0393     		str	r3, [sp, #12]
  90:Core/Src/i2c.c ****     GPIO_InitStruct.Pull = GPIO_NOPULL;
 205              		.loc 1 90 5 is_stmt 1 view .LVU55
  90:Core/Src/i2c.c ****     GPIO_InitStruct.Pull = GPIO_NOPULL;
 206              		.loc 1 90 26 is_stmt 0 view .LVU56
 207 0054 1227     		movs	r7, #18
 208 0056 0497     		str	r7, [sp, #16]
  91:Core/Src/i2c.c ****     GPIO_InitStruct.Speed = GPIO_SPEED_FREQ_LOW;
 209              		.loc 1 91 5 is_stmt 1 view .LVU57
  92:Core/Src/i2c.c ****     GPIO_InitStruct.Alternate = GPIO_AF4_I2C3;
 210              		.loc 1 92 5 view .LVU58
  93:Core/Src/i2c.c ****     HAL_GPIO_Init(GPIOC, &GPIO_InitStruct);
 211              		.loc 1 93 5 view .LVU59
  93:Core/Src/i2c.c ****     HAL_GPIO_Init(GPIOC, &GPIO_InitStruct);
 212              		.loc 1 93 31 is_stmt 0 view .LVU60
 213 0058 0426     		movs	r6, #4
ARM GAS  C:\Users\thewo\AppData\Local\Temp\ccKrGfzL.s 			page 7


 214 005a 0796     		str	r6, [sp, #28]
  94:Core/Src/i2c.c **** 
 215              		.loc 1 94 5 is_stmt 1 view .LVU61
 216 005c 03AD     		add	r5, sp, #12
 217 005e 2946     		mov	r1, r5
 218 0060 0F48     		ldr	r0, .L15+8
 219              	.LVL9:
  94:Core/Src/i2c.c **** 
 220              		.loc 1 94 5 is_stmt 0 view .LVU62
 221 0062 FFF7FEFF 		bl	HAL_GPIO_Init
 222              	.LVL10:
  96:Core/Src/i2c.c ****     GPIO_InitStruct.Mode = GPIO_MODE_AF_OD;
 223              		.loc 1 96 5 is_stmt 1 view .LVU63
  96:Core/Src/i2c.c ****     GPIO_InitStruct.Mode = GPIO_MODE_AF_OD;
 224              		.loc 1 96 25 is_stmt 0 view .LVU64
 225 0066 4FF48073 		mov	r3, #256
 226 006a 0393     		str	r3, [sp, #12]
  97:Core/Src/i2c.c ****     GPIO_InitStruct.Pull = GPIO_NOPULL;
 227              		.loc 1 97 5 is_stmt 1 view .LVU65
  97:Core/Src/i2c.c ****     GPIO_InitStruct.Pull = GPIO_NOPULL;
 228              		.loc 1 97 26 is_stmt 0 view .LVU66
 229 006c 0497     		str	r7, [sp, #16]
  98:Core/Src/i2c.c ****     GPIO_InitStruct.Speed = GPIO_SPEED_FREQ_LOW;
 230              		.loc 1 98 5 is_stmt 1 view .LVU67
  98:Core/Src/i2c.c ****     GPIO_InitStruct.Speed = GPIO_SPEED_FREQ_LOW;
 231              		.loc 1 98 26 is_stmt 0 view .LVU68
 232 006e 0023     		movs	r3, #0
 233 0070 0593     		str	r3, [sp, #20]
  99:Core/Src/i2c.c ****     GPIO_InitStruct.Alternate = GPIO_AF4_I2C3;
 234              		.loc 1 99 5 is_stmt 1 view .LVU69
  99:Core/Src/i2c.c ****     GPIO_InitStruct.Alternate = GPIO_AF4_I2C3;
 235              		.loc 1 99 27 is_stmt 0 view .LVU70
 236 0072 0693     		str	r3, [sp, #24]
 100:Core/Src/i2c.c ****     HAL_GPIO_Init(GPIOA, &GPIO_InitStruct);
 237              		.loc 1 100 5 is_stmt 1 view .LVU71
 100:Core/Src/i2c.c ****     HAL_GPIO_Init(GPIOA, &GPIO_InitStruct);
 238              		.loc 1 100 31 is_stmt 0 view .LVU72
 239 0074 0796     		str	r6, [sp, #28]
 101:Core/Src/i2c.c **** 
 240              		.loc 1 101 5 is_stmt 1 view .LVU73
 241 0076 2946     		mov	r1, r5
 242 0078 0A48     		ldr	r0, .L15+12
 243 007a FFF7FEFF 		bl	HAL_GPIO_Init
 244              	.LVL11:
 104:Core/Src/i2c.c ****   /* USER CODE BEGIN I2C3_MspInit 1 */
 245              		.loc 1 104 5 view .LVU74
 246              	.LBB4:
 104:Core/Src/i2c.c ****   /* USER CODE BEGIN I2C3_MspInit 1 */
 247              		.loc 1 104 5 view .LVU75
 104:Core/Src/i2c.c ****   /* USER CODE BEGIN I2C3_MspInit 1 */
 248              		.loc 1 104 5 view .LVU76
 249 007e D4F8E830 		ldr	r3, [r4, #232]
 250 0082 43F40003 		orr	r3, r3, #8388608
 251 0086 C4F8E830 		str	r3, [r4, #232]
 104:Core/Src/i2c.c ****   /* USER CODE BEGIN I2C3_MspInit 1 */
 252              		.loc 1 104 5 view .LVU77
 253 008a D4F8E830 		ldr	r3, [r4, #232]
ARM GAS  C:\Users\thewo\AppData\Local\Temp\ccKrGfzL.s 			page 8


 254 008e 03F40003 		and	r3, r3, #8388608
 255 0092 0293     		str	r3, [sp, #8]
 104:Core/Src/i2c.c ****   /* USER CODE BEGIN I2C3_MspInit 1 */
 256              		.loc 1 104 5 view .LVU78
 257 0094 029B     		ldr	r3, [sp, #8]
 258              	.LBE4:
 104:Core/Src/i2c.c ****   /* USER CODE BEGIN I2C3_MspInit 1 */
 259              		.loc 1 104 5 discriminator 1 view .LVU79
 260              		.loc 1 109 1 is_stmt 0 view .LVU80
 261 0096 BFE7     		b	.L11
 262              	.L16:
 263              		.align	2
 264              	.L15:
 265 0098 005C0040 		.word	1073765376
 266 009c 00440258 		.word	1476543488
 267 00a0 00080258 		.word	1476528128
 268 00a4 00000258 		.word	1476526080
 269              		.cfi_endproc
 270              	.LFE351:
 272              		.section	.text.HAL_I2C_MspDeInit,"ax",%progbits
 273              		.align	1
 274              		.global	HAL_I2C_MspDeInit
 275              		.syntax unified
 276              		.thumb
 277              		.thumb_func
 279              	HAL_I2C_MspDeInit:
 280              	.LVL12:
 281              	.LFB352:
 110:Core/Src/i2c.c **** 
 111:Core/Src/i2c.c **** void HAL_I2C_MspDeInit(I2C_HandleTypeDef* i2cHandle)
 112:Core/Src/i2c.c **** {
 282              		.loc 1 112 1 is_stmt 1 view -0
 283              		.cfi_startproc
 284              		@ args = 0, pretend = 0, frame = 0
 285              		@ frame_needed = 0, uses_anonymous_args = 0
 286              		.loc 1 112 1 is_stmt 0 view .LVU82
 287 0000 08B5     		push	{r3, lr}
 288              		.cfi_def_cfa_offset 8
 289              		.cfi_offset 3, -8
 290              		.cfi_offset 14, -4
 113:Core/Src/i2c.c **** 
 114:Core/Src/i2c.c ****   if(i2cHandle->Instance==I2C3)
 291              		.loc 1 114 3 is_stmt 1 view .LVU83
 292              		.loc 1 114 15 is_stmt 0 view .LVU84
 293 0002 0268     		ldr	r2, [r0]
 294              		.loc 1 114 5 view .LVU85
 295 0004 0A4B     		ldr	r3, .L21
 296 0006 9A42     		cmp	r2, r3
 297 0008 00D0     		beq	.L20
 298              	.LVL13:
 299              	.L17:
 115:Core/Src/i2c.c ****   {
 116:Core/Src/i2c.c ****   /* USER CODE BEGIN I2C3_MspDeInit 0 */
 117:Core/Src/i2c.c **** 
 118:Core/Src/i2c.c ****   /* USER CODE END I2C3_MspDeInit 0 */
 119:Core/Src/i2c.c ****     /* Peripheral clock disable */
 120:Core/Src/i2c.c ****     __HAL_RCC_I2C3_CLK_DISABLE();
ARM GAS  C:\Users\thewo\AppData\Local\Temp\ccKrGfzL.s 			page 9


 121:Core/Src/i2c.c **** 
 122:Core/Src/i2c.c ****     /**I2C3 GPIO Configuration
 123:Core/Src/i2c.c ****     PC9     ------> I2C3_SDA
 124:Core/Src/i2c.c ****     PA8     ------> I2C3_SCL
 125:Core/Src/i2c.c ****     */
 126:Core/Src/i2c.c ****     HAL_GPIO_DeInit(GPIOC, GPIO_PIN_9);
 127:Core/Src/i2c.c **** 
 128:Core/Src/i2c.c ****     HAL_GPIO_DeInit(GPIOA, GPIO_PIN_8);
 129:Core/Src/i2c.c **** 
 130:Core/Src/i2c.c ****   /* USER CODE BEGIN I2C3_MspDeInit 1 */
 131:Core/Src/i2c.c **** 
 132:Core/Src/i2c.c ****   /* USER CODE END I2C3_MspDeInit 1 */
 133:Core/Src/i2c.c ****   }
 134:Core/Src/i2c.c **** }
 300              		.loc 1 134 1 view .LVU86
 301 000a 08BD     		pop	{r3, pc}
 302              	.LVL14:
 303              	.L20:
 120:Core/Src/i2c.c **** 
 304              		.loc 1 120 5 is_stmt 1 view .LVU87
 305 000c 094A     		ldr	r2, .L21+4
 306 000e D2F8E830 		ldr	r3, [r2, #232]
 307 0012 23F40003 		bic	r3, r3, #8388608
 308 0016 C2F8E830 		str	r3, [r2, #232]
 126:Core/Src/i2c.c **** 
 309              		.loc 1 126 5 view .LVU88
 310 001a 4FF40071 		mov	r1, #512
 311 001e 0648     		ldr	r0, .L21+8
 312              	.LVL15:
 126:Core/Src/i2c.c **** 
 313              		.loc 1 126 5 is_stmt 0 view .LVU89
 314 0020 FFF7FEFF 		bl	HAL_GPIO_DeInit
 315              	.LVL16:
 128:Core/Src/i2c.c **** 
 316              		.loc 1 128 5 is_stmt 1 view .LVU90
 317 0024 4FF48071 		mov	r1, #256
 318 0028 0448     		ldr	r0, .L21+12
 319 002a FFF7FEFF 		bl	HAL_GPIO_DeInit
 320              	.LVL17:
 321              		.loc 1 134 1 is_stmt 0 view .LVU91
 322 002e ECE7     		b	.L17
 323              	.L22:
 324              		.align	2
 325              	.L21:
 326 0030 005C0040 		.word	1073765376
 327 0034 00440258 		.word	1476543488
 328 0038 00080258 		.word	1476528128
 329 003c 00000258 		.word	1476526080
 330              		.cfi_endproc
 331              	.LFE352:
 333              		.global	hi2c3
 334              		.section	.bss.hi2c3,"aw",%nobits
 335              		.align	2
 338              	hi2c3:
 339 0000 00000000 		.space	84
 339      00000000 
 339      00000000 
ARM GAS  C:\Users\thewo\AppData\Local\Temp\ccKrGfzL.s 			page 10


 339      00000000 
 339      00000000 
 340              		.text
 341              	.Letext0:
 342              		.file 2 "C:/Users/thewo/AppData/Roaming/Code/User/globalStorage/bmd.stm32-for-vscode/@xpack-dev-to
 343              		.file 3 "C:/Users/thewo/AppData/Roaming/Code/User/globalStorage/bmd.stm32-for-vscode/@xpack-dev-to
 344              		.file 4 "Drivers/CMSIS/Device/ST/STM32H7xx/Include/stm32h725xx.h"
 345              		.file 5 "Drivers/STM32H7xx_HAL_Driver/Inc/stm32h7xx_hal_def.h"
 346              		.file 6 "Drivers/STM32H7xx_HAL_Driver/Inc/stm32h7xx_hal_gpio.h"
 347              		.file 7 "Drivers/STM32H7xx_HAL_Driver/Inc/stm32h7xx_hal_dma.h"
 348              		.file 8 "Drivers/STM32H7xx_HAL_Driver/Inc/stm32h7xx_hal_i2c.h"
 349              		.file 9 "Drivers/STM32H7xx_HAL_Driver/Inc/stm32h7xx_hal_i2c_ex.h"
 350              		.file 10 "Core/Inc/i2c.h"
 351              		.file 11 "Core/Inc/main.h"
ARM GAS  C:\Users\thewo\AppData\Local\Temp\ccKrGfzL.s 			page 11


DEFINED SYMBOLS
                            *ABS*:00000000 i2c.c
C:\Users\thewo\AppData\Local\Temp\ccKrGfzL.s:20     .text.MX_I2C3_Init:00000000 $t
C:\Users\thewo\AppData\Local\Temp\ccKrGfzL.s:26     .text.MX_I2C3_Init:00000000 MX_I2C3_Init
C:\Users\thewo\AppData\Local\Temp\ccKrGfzL.s:114    .text.MX_I2C3_Init:0000004c $d
C:\Users\thewo\AppData\Local\Temp\ccKrGfzL.s:338    .bss.hi2c3:00000000 hi2c3
C:\Users\thewo\AppData\Local\Temp\ccKrGfzL.s:121    .text.HAL_I2C_MspInit:00000000 $t
C:\Users\thewo\AppData\Local\Temp\ccKrGfzL.s:127    .text.HAL_I2C_MspInit:00000000 HAL_I2C_MspInit
C:\Users\thewo\AppData\Local\Temp\ccKrGfzL.s:265    .text.HAL_I2C_MspInit:00000098 $d
C:\Users\thewo\AppData\Local\Temp\ccKrGfzL.s:273    .text.HAL_I2C_MspDeInit:00000000 $t
C:\Users\thewo\AppData\Local\Temp\ccKrGfzL.s:279    .text.HAL_I2C_MspDeInit:00000000 HAL_I2C_MspDeInit
C:\Users\thewo\AppData\Local\Temp\ccKrGfzL.s:326    .text.HAL_I2C_MspDeInit:00000030 $d
C:\Users\thewo\AppData\Local\Temp\ccKrGfzL.s:335    .bss.hi2c3:00000000 $d

UNDEFINED SYMBOLS
HAL_I2C_Init
HAL_I2CEx_ConfigAnalogFilter
HAL_I2CEx_ConfigDigitalFilter
Error_Handler
HAL_GPIO_Init
HAL_GPIO_DeInit
