ARM GAS  C:\Users\thewo\AppData\Local\Temp\cchaCR6T.s 			page 1


   1              		.cpu cortex-m7
   2              		.arch armv7e-m
   3              		.fpu fpv5-d16
   4              		.eabi_attribute 28, 1
   5              		.eabi_attribute 20, 1
   6              		.eabi_attribute 21, 1
   7              		.eabi_attribute 23, 3
   8              		.eabi_attribute 24, 1
   9              		.eabi_attribute 25, 1
  10              		.eabi_attribute 26, 1
  11              		.eabi_attribute 30, 1
  12              		.eabi_attribute 34, 1
  13              		.eabi_attribute 18, 4
  14              		.file	"stm32h7xx_hal_i2c_ex.c"
  15              		.text
  16              	.Ltext0:
  17              		.cfi_sections	.debug_frame
  18              		.file 1 "Drivers/STM32H7xx_HAL_Driver/Src/stm32h7xx_hal_i2c_ex.c"
  19              		.section	.rodata.HAL_I2CEx_ConfigAnalogFilter.str1.4,"aMS",%progbits,1
  20              		.align	2
  21              	.LC0:
  22 0000 44726976 		.ascii	"Drivers/STM32H7xx_HAL_Driver/Src/stm32h7xx_hal_i2c_"
  22      6572732F 
  22      53544D33 
  22      32483778 
  22      785F4841 
  23 0033 65782E63 		.ascii	"ex.c\000"
  23      00
  24              		.section	.text.HAL_I2CEx_ConfigAnalogFilter,"ax",%progbits
  25              		.align	1
  26              		.global	HAL_I2CEx_ConfigAnalogFilter
  27              		.syntax unified
  28              		.thumb
  29              		.thumb_func
  31              	HAL_I2CEx_ConfigAnalogFilter:
  32              	.LVL0:
  33              	.LFB350:
   1:Drivers/STM32H7xx_HAL_Driver/Src/stm32h7xx_hal_i2c_ex.c **** /**
   2:Drivers/STM32H7xx_HAL_Driver/Src/stm32h7xx_hal_i2c_ex.c ****   ******************************************************************************
   3:Drivers/STM32H7xx_HAL_Driver/Src/stm32h7xx_hal_i2c_ex.c ****   * @file    stm32h7xx_hal_i2c_ex.c
   4:Drivers/STM32H7xx_HAL_Driver/Src/stm32h7xx_hal_i2c_ex.c ****   * @author  MCD Application Team
   5:Drivers/STM32H7xx_HAL_Driver/Src/stm32h7xx_hal_i2c_ex.c ****   * @brief   I2C Extended HAL module driver.
   6:Drivers/STM32H7xx_HAL_Driver/Src/stm32h7xx_hal_i2c_ex.c ****   *          This file provides firmware functions to manage the following
   7:Drivers/STM32H7xx_HAL_Driver/Src/stm32h7xx_hal_i2c_ex.c ****   *          functionalities of I2C Extended peripheral:
   8:Drivers/STM32H7xx_HAL_Driver/Src/stm32h7xx_hal_i2c_ex.c ****   *           + Filter Mode Functions
   9:Drivers/STM32H7xx_HAL_Driver/Src/stm32h7xx_hal_i2c_ex.c ****   *           + WakeUp Mode Functions
  10:Drivers/STM32H7xx_HAL_Driver/Src/stm32h7xx_hal_i2c_ex.c ****   *           + FastModePlus Functions
  11:Drivers/STM32H7xx_HAL_Driver/Src/stm32h7xx_hal_i2c_ex.c ****   *
  12:Drivers/STM32H7xx_HAL_Driver/Src/stm32h7xx_hal_i2c_ex.c ****   ******************************************************************************
  13:Drivers/STM32H7xx_HAL_Driver/Src/stm32h7xx_hal_i2c_ex.c ****   * @attention
  14:Drivers/STM32H7xx_HAL_Driver/Src/stm32h7xx_hal_i2c_ex.c ****   *
  15:Drivers/STM32H7xx_HAL_Driver/Src/stm32h7xx_hal_i2c_ex.c ****   * Copyright (c) 2017 STMicroelectronics.
  16:Drivers/STM32H7xx_HAL_Driver/Src/stm32h7xx_hal_i2c_ex.c ****   * All rights reserved.
  17:Drivers/STM32H7xx_HAL_Driver/Src/stm32h7xx_hal_i2c_ex.c ****   *
  18:Drivers/STM32H7xx_HAL_Driver/Src/stm32h7xx_hal_i2c_ex.c ****   * This software is licensed under terms that can be found in the LICENSE file
  19:Drivers/STM32H7xx_HAL_Driver/Src/stm32h7xx_hal_i2c_ex.c ****   * in the root directory of this software component.
  20:Drivers/STM32H7xx_HAL_Driver/Src/stm32h7xx_hal_i2c_ex.c ****   * If no LICENSE file comes with this software, it is provided AS-IS.
ARM GAS  C:\Users\thewo\AppData\Local\Temp\cchaCR6T.s 			page 2


  21:Drivers/STM32H7xx_HAL_Driver/Src/stm32h7xx_hal_i2c_ex.c ****   *
  22:Drivers/STM32H7xx_HAL_Driver/Src/stm32h7xx_hal_i2c_ex.c ****   ******************************************************************************
  23:Drivers/STM32H7xx_HAL_Driver/Src/stm32h7xx_hal_i2c_ex.c ****   @verbatim
  24:Drivers/STM32H7xx_HAL_Driver/Src/stm32h7xx_hal_i2c_ex.c ****   ==============================================================================
  25:Drivers/STM32H7xx_HAL_Driver/Src/stm32h7xx_hal_i2c_ex.c ****                ##### I2C peripheral Extended features  #####
  26:Drivers/STM32H7xx_HAL_Driver/Src/stm32h7xx_hal_i2c_ex.c ****   ==============================================================================
  27:Drivers/STM32H7xx_HAL_Driver/Src/stm32h7xx_hal_i2c_ex.c **** 
  28:Drivers/STM32H7xx_HAL_Driver/Src/stm32h7xx_hal_i2c_ex.c ****   [..] Comparing to other previous devices, the I2C interface for STM32H7xx
  29:Drivers/STM32H7xx_HAL_Driver/Src/stm32h7xx_hal_i2c_ex.c ****        devices contains the following additional features
  30:Drivers/STM32H7xx_HAL_Driver/Src/stm32h7xx_hal_i2c_ex.c **** 
  31:Drivers/STM32H7xx_HAL_Driver/Src/stm32h7xx_hal_i2c_ex.c ****        (+) Possibility to disable or enable Analog Noise Filter
  32:Drivers/STM32H7xx_HAL_Driver/Src/stm32h7xx_hal_i2c_ex.c ****        (+) Use of a configured Digital Noise Filter
  33:Drivers/STM32H7xx_HAL_Driver/Src/stm32h7xx_hal_i2c_ex.c ****        (+) Disable or enable wakeup from Stop mode(s)
  34:Drivers/STM32H7xx_HAL_Driver/Src/stm32h7xx_hal_i2c_ex.c ****        (+) Disable or enable Fast Mode Plus
  35:Drivers/STM32H7xx_HAL_Driver/Src/stm32h7xx_hal_i2c_ex.c **** 
  36:Drivers/STM32H7xx_HAL_Driver/Src/stm32h7xx_hal_i2c_ex.c ****                      ##### How to use this driver #####
  37:Drivers/STM32H7xx_HAL_Driver/Src/stm32h7xx_hal_i2c_ex.c ****   ==============================================================================
  38:Drivers/STM32H7xx_HAL_Driver/Src/stm32h7xx_hal_i2c_ex.c ****   [..] This driver provides functions to configure Noise Filter and Wake Up Feature
  39:Drivers/STM32H7xx_HAL_Driver/Src/stm32h7xx_hal_i2c_ex.c ****     (#) Configure I2C Analog noise filter using the function HAL_I2CEx_ConfigAnalogFilter()
  40:Drivers/STM32H7xx_HAL_Driver/Src/stm32h7xx_hal_i2c_ex.c ****     (#) Configure I2C Digital noise filter using the function HAL_I2CEx_ConfigDigitalFilter()
  41:Drivers/STM32H7xx_HAL_Driver/Src/stm32h7xx_hal_i2c_ex.c ****     (#) Configure the enable or disable of I2C Wake Up Mode using the functions :
  42:Drivers/STM32H7xx_HAL_Driver/Src/stm32h7xx_hal_i2c_ex.c ****           (++) HAL_I2CEx_EnableWakeUp()
  43:Drivers/STM32H7xx_HAL_Driver/Src/stm32h7xx_hal_i2c_ex.c ****           (++) HAL_I2CEx_DisableWakeUp()
  44:Drivers/STM32H7xx_HAL_Driver/Src/stm32h7xx_hal_i2c_ex.c ****     (#) Configure the enable or disable of fast mode plus driving capability using the functions :
  45:Drivers/STM32H7xx_HAL_Driver/Src/stm32h7xx_hal_i2c_ex.c ****           (++) HAL_I2CEx_EnableFastModePlus()
  46:Drivers/STM32H7xx_HAL_Driver/Src/stm32h7xx_hal_i2c_ex.c ****           (++) HAL_I2CEx_DisableFastModePlus()
  47:Drivers/STM32H7xx_HAL_Driver/Src/stm32h7xx_hal_i2c_ex.c ****   @endverbatim
  48:Drivers/STM32H7xx_HAL_Driver/Src/stm32h7xx_hal_i2c_ex.c ****   */
  49:Drivers/STM32H7xx_HAL_Driver/Src/stm32h7xx_hal_i2c_ex.c **** 
  50:Drivers/STM32H7xx_HAL_Driver/Src/stm32h7xx_hal_i2c_ex.c **** /* Includes ------------------------------------------------------------------*/
  51:Drivers/STM32H7xx_HAL_Driver/Src/stm32h7xx_hal_i2c_ex.c **** #include "stm32h7xx_hal.h"
  52:Drivers/STM32H7xx_HAL_Driver/Src/stm32h7xx_hal_i2c_ex.c **** 
  53:Drivers/STM32H7xx_HAL_Driver/Src/stm32h7xx_hal_i2c_ex.c **** /** @addtogroup STM32H7xx_HAL_Driver
  54:Drivers/STM32H7xx_HAL_Driver/Src/stm32h7xx_hal_i2c_ex.c ****   * @{
  55:Drivers/STM32H7xx_HAL_Driver/Src/stm32h7xx_hal_i2c_ex.c ****   */
  56:Drivers/STM32H7xx_HAL_Driver/Src/stm32h7xx_hal_i2c_ex.c **** 
  57:Drivers/STM32H7xx_HAL_Driver/Src/stm32h7xx_hal_i2c_ex.c **** /** @defgroup I2CEx I2CEx
  58:Drivers/STM32H7xx_HAL_Driver/Src/stm32h7xx_hal_i2c_ex.c ****   * @brief I2C Extended HAL module driver
  59:Drivers/STM32H7xx_HAL_Driver/Src/stm32h7xx_hal_i2c_ex.c ****   * @{
  60:Drivers/STM32H7xx_HAL_Driver/Src/stm32h7xx_hal_i2c_ex.c ****   */
  61:Drivers/STM32H7xx_HAL_Driver/Src/stm32h7xx_hal_i2c_ex.c **** 
  62:Drivers/STM32H7xx_HAL_Driver/Src/stm32h7xx_hal_i2c_ex.c **** #ifdef HAL_I2C_MODULE_ENABLED
  63:Drivers/STM32H7xx_HAL_Driver/Src/stm32h7xx_hal_i2c_ex.c **** 
  64:Drivers/STM32H7xx_HAL_Driver/Src/stm32h7xx_hal_i2c_ex.c **** /* Private typedef -----------------------------------------------------------*/
  65:Drivers/STM32H7xx_HAL_Driver/Src/stm32h7xx_hal_i2c_ex.c **** /* Private define ------------------------------------------------------------*/
  66:Drivers/STM32H7xx_HAL_Driver/Src/stm32h7xx_hal_i2c_ex.c **** /* Private macro -------------------------------------------------------------*/
  67:Drivers/STM32H7xx_HAL_Driver/Src/stm32h7xx_hal_i2c_ex.c **** /* Private variables ---------------------------------------------------------*/
  68:Drivers/STM32H7xx_HAL_Driver/Src/stm32h7xx_hal_i2c_ex.c **** /* Private function prototypes -----------------------------------------------*/
  69:Drivers/STM32H7xx_HAL_Driver/Src/stm32h7xx_hal_i2c_ex.c **** /* Private functions ---------------------------------------------------------*/
  70:Drivers/STM32H7xx_HAL_Driver/Src/stm32h7xx_hal_i2c_ex.c **** 
  71:Drivers/STM32H7xx_HAL_Driver/Src/stm32h7xx_hal_i2c_ex.c **** /** @defgroup I2CEx_Exported_Functions I2C Extended Exported Functions
  72:Drivers/STM32H7xx_HAL_Driver/Src/stm32h7xx_hal_i2c_ex.c ****   * @{
  73:Drivers/STM32H7xx_HAL_Driver/Src/stm32h7xx_hal_i2c_ex.c ****   */
  74:Drivers/STM32H7xx_HAL_Driver/Src/stm32h7xx_hal_i2c_ex.c **** 
  75:Drivers/STM32H7xx_HAL_Driver/Src/stm32h7xx_hal_i2c_ex.c **** /** @defgroup I2CEx_Exported_Functions_Group1 Filter Mode Functions
  76:Drivers/STM32H7xx_HAL_Driver/Src/stm32h7xx_hal_i2c_ex.c ****   * @brief    Filter Mode Functions
  77:Drivers/STM32H7xx_HAL_Driver/Src/stm32h7xx_hal_i2c_ex.c ****   *
ARM GAS  C:\Users\thewo\AppData\Local\Temp\cchaCR6T.s 			page 3


  78:Drivers/STM32H7xx_HAL_Driver/Src/stm32h7xx_hal_i2c_ex.c **** @verbatim
  79:Drivers/STM32H7xx_HAL_Driver/Src/stm32h7xx_hal_i2c_ex.c ****  ===============================================================================
  80:Drivers/STM32H7xx_HAL_Driver/Src/stm32h7xx_hal_i2c_ex.c ****                       ##### Filter Mode Functions #####
  81:Drivers/STM32H7xx_HAL_Driver/Src/stm32h7xx_hal_i2c_ex.c ****  ===============================================================================
  82:Drivers/STM32H7xx_HAL_Driver/Src/stm32h7xx_hal_i2c_ex.c ****     [..] This section provides functions allowing to:
  83:Drivers/STM32H7xx_HAL_Driver/Src/stm32h7xx_hal_i2c_ex.c ****       (+) Configure Noise Filters
  84:Drivers/STM32H7xx_HAL_Driver/Src/stm32h7xx_hal_i2c_ex.c **** 
  85:Drivers/STM32H7xx_HAL_Driver/Src/stm32h7xx_hal_i2c_ex.c **** @endverbatim
  86:Drivers/STM32H7xx_HAL_Driver/Src/stm32h7xx_hal_i2c_ex.c ****   * @{
  87:Drivers/STM32H7xx_HAL_Driver/Src/stm32h7xx_hal_i2c_ex.c ****   */
  88:Drivers/STM32H7xx_HAL_Driver/Src/stm32h7xx_hal_i2c_ex.c **** 
  89:Drivers/STM32H7xx_HAL_Driver/Src/stm32h7xx_hal_i2c_ex.c **** /**
  90:Drivers/STM32H7xx_HAL_Driver/Src/stm32h7xx_hal_i2c_ex.c ****   * @brief  Configure I2C Analog noise filter.
  91:Drivers/STM32H7xx_HAL_Driver/Src/stm32h7xx_hal_i2c_ex.c ****   * @param  hi2c Pointer to a I2C_HandleTypeDef structure that contains
  92:Drivers/STM32H7xx_HAL_Driver/Src/stm32h7xx_hal_i2c_ex.c ****   *                the configuration information for the specified I2Cx peripheral.
  93:Drivers/STM32H7xx_HAL_Driver/Src/stm32h7xx_hal_i2c_ex.c ****   * @param  AnalogFilter New state of the Analog filter.
  94:Drivers/STM32H7xx_HAL_Driver/Src/stm32h7xx_hal_i2c_ex.c ****   * @retval HAL status
  95:Drivers/STM32H7xx_HAL_Driver/Src/stm32h7xx_hal_i2c_ex.c ****   */
  96:Drivers/STM32H7xx_HAL_Driver/Src/stm32h7xx_hal_i2c_ex.c **** HAL_StatusTypeDef HAL_I2CEx_ConfigAnalogFilter(I2C_HandleTypeDef *hi2c, uint32_t AnalogFilter)
  97:Drivers/STM32H7xx_HAL_Driver/Src/stm32h7xx_hal_i2c_ex.c **** {
  34              		.loc 1 97 1 view -0
  35              		.cfi_startproc
  36              		@ args = 0, pretend = 0, frame = 0
  37              		@ frame_needed = 0, uses_anonymous_args = 0
  38              		.loc 1 97 1 is_stmt 0 view .LVU1
  39 0000 38B5     		push	{r3, r4, r5, lr}
  40              		.cfi_def_cfa_offset 16
  41              		.cfi_offset 3, -16
  42              		.cfi_offset 4, -12
  43              		.cfi_offset 5, -8
  44              		.cfi_offset 14, -4
  45 0002 0446     		mov	r4, r0
  46 0004 0D46     		mov	r5, r1
  98:Drivers/STM32H7xx_HAL_Driver/Src/stm32h7xx_hal_i2c_ex.c ****   /* Check the parameters */
  99:Drivers/STM32H7xx_HAL_Driver/Src/stm32h7xx_hal_i2c_ex.c ****   assert_param(IS_I2C_ALL_INSTANCE(hi2c->Instance));
  47              		.loc 1 99 3 is_stmt 1 view .LVU2
  48 0006 0368     		ldr	r3, [r0]
  49 0008 2449     		ldr	r1, .L9
  50              	.LVL1:
  51              		.loc 1 99 3 is_stmt 0 view .LVU3
  52 000a 254A     		ldr	r2, .L9+4
  53 000c 8B42     		cmp	r3, r1
  54 000e 18BF     		it	ne
  55 0010 9342     		cmpne	r3, r2
  56 0012 0DD0     		beq	.L2
  57              		.loc 1 99 3 discriminator 1 view .LVU4
  58 0014 02F58062 		add	r2, r2, #1024
  59 0018 9342     		cmp	r3, r2
  60 001a 09D0     		beq	.L2
  61              		.loc 1 99 3 discriminator 2 view .LVU5
  62 001c 214A     		ldr	r2, .L9+8
  63 001e 9342     		cmp	r3, r2
  64 0020 06D0     		beq	.L2
  65              		.loc 1 99 3 discriminator 3 view .LVU6
  66 0022 214A     		ldr	r2, .L9+12
  67 0024 9342     		cmp	r3, r2
  68 0026 03D0     		beq	.L2
ARM GAS  C:\Users\thewo\AppData\Local\Temp\cchaCR6T.s 			page 4


  69              		.loc 1 99 3 discriminator 4 view .LVU7
  70 0028 6321     		movs	r1, #99
  71 002a 2048     		ldr	r0, .L9+16
  72              	.LVL2:
  73              		.loc 1 99 3 discriminator 4 view .LVU8
  74 002c FFF7FEFF 		bl	assert_failed
  75              	.LVL3:
  76              	.L2:
 100:Drivers/STM32H7xx_HAL_Driver/Src/stm32h7xx_hal_i2c_ex.c ****   assert_param(IS_I2C_ANALOG_FILTER(AnalogFilter));
  77              		.loc 1 100 3 is_stmt 1 view .LVU9
  78 0030 002D     		cmp	r5, #0
  79 0032 18BF     		it	ne
  80 0034 B5F5805F 		cmpne	r5, #4096
  81 0038 27D1     		bne	.L8
  82              	.L3:
 101:Drivers/STM32H7xx_HAL_Driver/Src/stm32h7xx_hal_i2c_ex.c **** 
 102:Drivers/STM32H7xx_HAL_Driver/Src/stm32h7xx_hal_i2c_ex.c ****   if (hi2c->State == HAL_I2C_STATE_READY)
  83              		.loc 1 102 3 view .LVU10
  84              		.loc 1 102 11 is_stmt 0 view .LVU11
  85 003a 94F84130 		ldrb	r3, [r4, #65]	@ zero_extendqisi2
  86              		.loc 1 102 6 view .LVU12
  87 003e 202B     		cmp	r3, #32
  88 0040 28D1     		bne	.L5
 103:Drivers/STM32H7xx_HAL_Driver/Src/stm32h7xx_hal_i2c_ex.c ****   {
 104:Drivers/STM32H7xx_HAL_Driver/Src/stm32h7xx_hal_i2c_ex.c ****     /* Process Locked */
 105:Drivers/STM32H7xx_HAL_Driver/Src/stm32h7xx_hal_i2c_ex.c ****     __HAL_LOCK(hi2c);
  89              		.loc 1 105 5 is_stmt 1 view .LVU13
  90              		.loc 1 105 5 view .LVU14
  91 0042 94F84030 		ldrb	r3, [r4, #64]	@ zero_extendqisi2
  92 0046 012B     		cmp	r3, #1
  93 0048 26D0     		beq	.L6
  94              		.loc 1 105 5 discriminator 2 view .LVU15
  95 004a 0123     		movs	r3, #1
  96 004c 84F84030 		strb	r3, [r4, #64]
  97              		.loc 1 105 5 view .LVU16
 106:Drivers/STM32H7xx_HAL_Driver/Src/stm32h7xx_hal_i2c_ex.c **** 
 107:Drivers/STM32H7xx_HAL_Driver/Src/stm32h7xx_hal_i2c_ex.c ****     hi2c->State = HAL_I2C_STATE_BUSY;
  98              		.loc 1 107 5 view .LVU17
  99              		.loc 1 107 17 is_stmt 0 view .LVU18
 100 0050 2423     		movs	r3, #36
 101 0052 84F84130 		strb	r3, [r4, #65]
 108:Drivers/STM32H7xx_HAL_Driver/Src/stm32h7xx_hal_i2c_ex.c **** 
 109:Drivers/STM32H7xx_HAL_Driver/Src/stm32h7xx_hal_i2c_ex.c ****     /* Disable the selected I2C peripheral */
 110:Drivers/STM32H7xx_HAL_Driver/Src/stm32h7xx_hal_i2c_ex.c ****     __HAL_I2C_DISABLE(hi2c);
 102              		.loc 1 110 5 is_stmt 1 view .LVU19
 103 0056 2268     		ldr	r2, [r4]
 104 0058 1368     		ldr	r3, [r2]
 105 005a 23F00103 		bic	r3, r3, #1
 106 005e 1360     		str	r3, [r2]
 111:Drivers/STM32H7xx_HAL_Driver/Src/stm32h7xx_hal_i2c_ex.c **** 
 112:Drivers/STM32H7xx_HAL_Driver/Src/stm32h7xx_hal_i2c_ex.c ****     /* Reset I2Cx ANOFF bit */
 113:Drivers/STM32H7xx_HAL_Driver/Src/stm32h7xx_hal_i2c_ex.c ****     hi2c->Instance->CR1 &= ~(I2C_CR1_ANFOFF);
 107              		.loc 1 113 5 view .LVU20
 108              		.loc 1 113 9 is_stmt 0 view .LVU21
 109 0060 2268     		ldr	r2, [r4]
 110              		.loc 1 113 19 view .LVU22
 111 0062 1368     		ldr	r3, [r2]
ARM GAS  C:\Users\thewo\AppData\Local\Temp\cchaCR6T.s 			page 5


 112              		.loc 1 113 25 view .LVU23
 113 0064 23F48053 		bic	r3, r3, #4096
 114 0068 1360     		str	r3, [r2]
 114:Drivers/STM32H7xx_HAL_Driver/Src/stm32h7xx_hal_i2c_ex.c **** 
 115:Drivers/STM32H7xx_HAL_Driver/Src/stm32h7xx_hal_i2c_ex.c ****     /* Set analog filter bit*/
 116:Drivers/STM32H7xx_HAL_Driver/Src/stm32h7xx_hal_i2c_ex.c ****     hi2c->Instance->CR1 |= AnalogFilter;
 115              		.loc 1 116 5 is_stmt 1 view .LVU24
 116              		.loc 1 116 9 is_stmt 0 view .LVU25
 117 006a 2268     		ldr	r2, [r4]
 118              		.loc 1 116 19 view .LVU26
 119 006c 1368     		ldr	r3, [r2]
 120              		.loc 1 116 25 view .LVU27
 121 006e 2B43     		orrs	r3, r3, r5
 122 0070 1360     		str	r3, [r2]
 117:Drivers/STM32H7xx_HAL_Driver/Src/stm32h7xx_hal_i2c_ex.c **** 
 118:Drivers/STM32H7xx_HAL_Driver/Src/stm32h7xx_hal_i2c_ex.c ****     __HAL_I2C_ENABLE(hi2c);
 123              		.loc 1 118 5 is_stmt 1 view .LVU28
 124 0072 2268     		ldr	r2, [r4]
 125 0074 1368     		ldr	r3, [r2]
 126 0076 43F00103 		orr	r3, r3, #1
 127 007a 1360     		str	r3, [r2]
 119:Drivers/STM32H7xx_HAL_Driver/Src/stm32h7xx_hal_i2c_ex.c **** 
 120:Drivers/STM32H7xx_HAL_Driver/Src/stm32h7xx_hal_i2c_ex.c ****     hi2c->State = HAL_I2C_STATE_READY;
 128              		.loc 1 120 5 view .LVU29
 129              		.loc 1 120 17 is_stmt 0 view .LVU30
 130 007c 2023     		movs	r3, #32
 131 007e 84F84130 		strb	r3, [r4, #65]
 121:Drivers/STM32H7xx_HAL_Driver/Src/stm32h7xx_hal_i2c_ex.c **** 
 122:Drivers/STM32H7xx_HAL_Driver/Src/stm32h7xx_hal_i2c_ex.c ****     /* Process Unlocked */
 123:Drivers/STM32H7xx_HAL_Driver/Src/stm32h7xx_hal_i2c_ex.c ****     __HAL_UNLOCK(hi2c);
 132              		.loc 1 123 5 is_stmt 1 view .LVU31
 133              		.loc 1 123 5 view .LVU32
 134 0082 0020     		movs	r0, #0
 135 0084 84F84000 		strb	r0, [r4, #64]
 136              		.loc 1 123 5 view .LVU33
 124:Drivers/STM32H7xx_HAL_Driver/Src/stm32h7xx_hal_i2c_ex.c **** 
 125:Drivers/STM32H7xx_HAL_Driver/Src/stm32h7xx_hal_i2c_ex.c ****     return HAL_OK;
 137              		.loc 1 125 5 view .LVU34
 138              	.L4:
 126:Drivers/STM32H7xx_HAL_Driver/Src/stm32h7xx_hal_i2c_ex.c ****   }
 127:Drivers/STM32H7xx_HAL_Driver/Src/stm32h7xx_hal_i2c_ex.c ****   else
 128:Drivers/STM32H7xx_HAL_Driver/Src/stm32h7xx_hal_i2c_ex.c ****   {
 129:Drivers/STM32H7xx_HAL_Driver/Src/stm32h7xx_hal_i2c_ex.c ****     return HAL_BUSY;
 130:Drivers/STM32H7xx_HAL_Driver/Src/stm32h7xx_hal_i2c_ex.c ****   }
 131:Drivers/STM32H7xx_HAL_Driver/Src/stm32h7xx_hal_i2c_ex.c **** }
 139              		.loc 1 131 1 is_stmt 0 view .LVU35
 140 0088 38BD     		pop	{r3, r4, r5, pc}
 141              	.LVL4:
 142              	.L8:
 100:Drivers/STM32H7xx_HAL_Driver/Src/stm32h7xx_hal_i2c_ex.c **** 
 143              		.loc 1 100 3 discriminator 1 view .LVU36
 144 008a 6421     		movs	r1, #100
 145 008c 0748     		ldr	r0, .L9+16
 146 008e FFF7FEFF 		bl	assert_failed
 147              	.LVL5:
 148 0092 D2E7     		b	.L3
 149              	.L5:
ARM GAS  C:\Users\thewo\AppData\Local\Temp\cchaCR6T.s 			page 6


 129:Drivers/STM32H7xx_HAL_Driver/Src/stm32h7xx_hal_i2c_ex.c ****   }
 150              		.loc 1 129 12 view .LVU37
 151 0094 0220     		movs	r0, #2
 152 0096 F7E7     		b	.L4
 153              	.L6:
 105:Drivers/STM32H7xx_HAL_Driver/Src/stm32h7xx_hal_i2c_ex.c **** 
 154              		.loc 1 105 5 discriminator 1 view .LVU38
 155 0098 0220     		movs	r0, #2
 156 009a F5E7     		b	.L4
 157              	.L10:
 158              		.align	2
 159              	.L9:
 160 009c 00540040 		.word	1073763328
 161 00a0 00580040 		.word	1073764352
 162 00a4 001C0058 		.word	1476402176
 163 00a8 00640040 		.word	1073767424
 164 00ac 00000000 		.word	.LC0
 165              		.cfi_endproc
 166              	.LFE350:
 168              		.section	.text.HAL_I2CEx_ConfigDigitalFilter,"ax",%progbits
 169              		.align	1
 170              		.global	HAL_I2CEx_ConfigDigitalFilter
 171              		.syntax unified
 172              		.thumb
 173              		.thumb_func
 175              	HAL_I2CEx_ConfigDigitalFilter:
 176              	.LVL6:
 177              	.LFB351:
 132:Drivers/STM32H7xx_HAL_Driver/Src/stm32h7xx_hal_i2c_ex.c **** 
 133:Drivers/STM32H7xx_HAL_Driver/Src/stm32h7xx_hal_i2c_ex.c **** /**
 134:Drivers/STM32H7xx_HAL_Driver/Src/stm32h7xx_hal_i2c_ex.c ****   * @brief  Configure I2C Digital noise filter.
 135:Drivers/STM32H7xx_HAL_Driver/Src/stm32h7xx_hal_i2c_ex.c ****   * @param  hi2c Pointer to a I2C_HandleTypeDef structure that contains
 136:Drivers/STM32H7xx_HAL_Driver/Src/stm32h7xx_hal_i2c_ex.c ****   *                the configuration information for the specified I2Cx peripheral.
 137:Drivers/STM32H7xx_HAL_Driver/Src/stm32h7xx_hal_i2c_ex.c ****   * @param  DigitalFilter Coefficient of digital noise filter between Min_Data=0x00 and Max_Data=0x
 138:Drivers/STM32H7xx_HAL_Driver/Src/stm32h7xx_hal_i2c_ex.c ****   * @retval HAL status
 139:Drivers/STM32H7xx_HAL_Driver/Src/stm32h7xx_hal_i2c_ex.c ****   */
 140:Drivers/STM32H7xx_HAL_Driver/Src/stm32h7xx_hal_i2c_ex.c **** HAL_StatusTypeDef HAL_I2CEx_ConfigDigitalFilter(I2C_HandleTypeDef *hi2c, uint32_t DigitalFilter)
 141:Drivers/STM32H7xx_HAL_Driver/Src/stm32h7xx_hal_i2c_ex.c **** {
 178              		.loc 1 141 1 is_stmt 1 view -0
 179              		.cfi_startproc
 180              		@ args = 0, pretend = 0, frame = 0
 181              		@ frame_needed = 0, uses_anonymous_args = 0
 182              		.loc 1 141 1 is_stmt 0 view .LVU40
 183 0000 38B5     		push	{r3, r4, r5, lr}
 184              		.cfi_def_cfa_offset 16
 185              		.cfi_offset 3, -16
 186              		.cfi_offset 4, -12
 187              		.cfi_offset 5, -8
 188              		.cfi_offset 14, -4
 189 0002 0446     		mov	r4, r0
 190 0004 0D46     		mov	r5, r1
 142:Drivers/STM32H7xx_HAL_Driver/Src/stm32h7xx_hal_i2c_ex.c ****   uint32_t tmpreg;
 191              		.loc 1 142 3 is_stmt 1 view .LVU41
 143:Drivers/STM32H7xx_HAL_Driver/Src/stm32h7xx_hal_i2c_ex.c **** 
 144:Drivers/STM32H7xx_HAL_Driver/Src/stm32h7xx_hal_i2c_ex.c ****   /* Check the parameters */
 145:Drivers/STM32H7xx_HAL_Driver/Src/stm32h7xx_hal_i2c_ex.c ****   assert_param(IS_I2C_ALL_INSTANCE(hi2c->Instance));
 192              		.loc 1 145 3 view .LVU42
ARM GAS  C:\Users\thewo\AppData\Local\Temp\cchaCR6T.s 			page 7


 193 0006 0368     		ldr	r3, [r0]
 194 0008 2249     		ldr	r1, .L19
 195              	.LVL7:
 196              		.loc 1 145 3 is_stmt 0 view .LVU43
 197 000a 234A     		ldr	r2, .L19+4
 198 000c 8B42     		cmp	r3, r1
 199 000e 18BF     		it	ne
 200 0010 9342     		cmpne	r3, r2
 201 0012 0DD0     		beq	.L12
 202              		.loc 1 145 3 discriminator 1 view .LVU44
 203 0014 02F58062 		add	r2, r2, #1024
 204 0018 9342     		cmp	r3, r2
 205 001a 09D0     		beq	.L12
 206              		.loc 1 145 3 discriminator 2 view .LVU45
 207 001c 1F4A     		ldr	r2, .L19+8
 208 001e 9342     		cmp	r3, r2
 209 0020 06D0     		beq	.L12
 210              		.loc 1 145 3 discriminator 3 view .LVU46
 211 0022 1F4A     		ldr	r2, .L19+12
 212 0024 9342     		cmp	r3, r2
 213 0026 03D0     		beq	.L12
 214              		.loc 1 145 3 discriminator 4 view .LVU47
 215 0028 9121     		movs	r1, #145
 216 002a 1E48     		ldr	r0, .L19+16
 217              	.LVL8:
 218              		.loc 1 145 3 discriminator 4 view .LVU48
 219 002c FFF7FEFF 		bl	assert_failed
 220              	.LVL9:
 221              	.L12:
 146:Drivers/STM32H7xx_HAL_Driver/Src/stm32h7xx_hal_i2c_ex.c ****   assert_param(IS_I2C_DIGITAL_FILTER(DigitalFilter));
 222              		.loc 1 146 3 is_stmt 1 view .LVU49
 223 0030 0F2D     		cmp	r5, #15
 224 0032 25D8     		bhi	.L18
 225              	.L13:
 147:Drivers/STM32H7xx_HAL_Driver/Src/stm32h7xx_hal_i2c_ex.c **** 
 148:Drivers/STM32H7xx_HAL_Driver/Src/stm32h7xx_hal_i2c_ex.c ****   if (hi2c->State == HAL_I2C_STATE_READY)
 226              		.loc 1 148 3 view .LVU50
 227              		.loc 1 148 11 is_stmt 0 view .LVU51
 228 0034 94F84130 		ldrb	r3, [r4, #65]	@ zero_extendqisi2
 229              		.loc 1 148 6 view .LVU52
 230 0038 202B     		cmp	r3, #32
 231 003a 26D1     		bne	.L15
 149:Drivers/STM32H7xx_HAL_Driver/Src/stm32h7xx_hal_i2c_ex.c ****   {
 150:Drivers/STM32H7xx_HAL_Driver/Src/stm32h7xx_hal_i2c_ex.c ****     /* Process Locked */
 151:Drivers/STM32H7xx_HAL_Driver/Src/stm32h7xx_hal_i2c_ex.c ****     __HAL_LOCK(hi2c);
 232              		.loc 1 151 5 is_stmt 1 view .LVU53
 233              		.loc 1 151 5 view .LVU54
 234 003c 94F84030 		ldrb	r3, [r4, #64]	@ zero_extendqisi2
 235 0040 012B     		cmp	r3, #1
 236 0042 24D0     		beq	.L16
 237              		.loc 1 151 5 discriminator 2 view .LVU55
 238 0044 0123     		movs	r3, #1
 239 0046 84F84030 		strb	r3, [r4, #64]
 240              		.loc 1 151 5 view .LVU56
 152:Drivers/STM32H7xx_HAL_Driver/Src/stm32h7xx_hal_i2c_ex.c **** 
 153:Drivers/STM32H7xx_HAL_Driver/Src/stm32h7xx_hal_i2c_ex.c ****     hi2c->State = HAL_I2C_STATE_BUSY;
 241              		.loc 1 153 5 view .LVU57
ARM GAS  C:\Users\thewo\AppData\Local\Temp\cchaCR6T.s 			page 8


 242              		.loc 1 153 17 is_stmt 0 view .LVU58
 243 004a 2423     		movs	r3, #36
 244 004c 84F84130 		strb	r3, [r4, #65]
 154:Drivers/STM32H7xx_HAL_Driver/Src/stm32h7xx_hal_i2c_ex.c **** 
 155:Drivers/STM32H7xx_HAL_Driver/Src/stm32h7xx_hal_i2c_ex.c ****     /* Disable the selected I2C peripheral */
 156:Drivers/STM32H7xx_HAL_Driver/Src/stm32h7xx_hal_i2c_ex.c ****     __HAL_I2C_DISABLE(hi2c);
 245              		.loc 1 156 5 is_stmt 1 view .LVU59
 246 0050 2268     		ldr	r2, [r4]
 247 0052 1368     		ldr	r3, [r2]
 248 0054 23F00103 		bic	r3, r3, #1
 249 0058 1360     		str	r3, [r2]
 157:Drivers/STM32H7xx_HAL_Driver/Src/stm32h7xx_hal_i2c_ex.c **** 
 158:Drivers/STM32H7xx_HAL_Driver/Src/stm32h7xx_hal_i2c_ex.c ****     /* Get the old register value */
 159:Drivers/STM32H7xx_HAL_Driver/Src/stm32h7xx_hal_i2c_ex.c ****     tmpreg = hi2c->Instance->CR1;
 250              		.loc 1 159 5 view .LVU60
 251              		.loc 1 159 18 is_stmt 0 view .LVU61
 252 005a 2268     		ldr	r2, [r4]
 253              		.loc 1 159 12 view .LVU62
 254 005c 1368     		ldr	r3, [r2]
 255              	.LVL10:
 160:Drivers/STM32H7xx_HAL_Driver/Src/stm32h7xx_hal_i2c_ex.c **** 
 161:Drivers/STM32H7xx_HAL_Driver/Src/stm32h7xx_hal_i2c_ex.c ****     /* Reset I2Cx DNF bits [11:8] */
 162:Drivers/STM32H7xx_HAL_Driver/Src/stm32h7xx_hal_i2c_ex.c ****     tmpreg &= ~(I2C_CR1_DNF);
 256              		.loc 1 162 5 is_stmt 1 view .LVU63
 257              		.loc 1 162 12 is_stmt 0 view .LVU64
 258 005e 23F47063 		bic	r3, r3, #3840
 259              	.LVL11:
 163:Drivers/STM32H7xx_HAL_Driver/Src/stm32h7xx_hal_i2c_ex.c **** 
 164:Drivers/STM32H7xx_HAL_Driver/Src/stm32h7xx_hal_i2c_ex.c ****     /* Set I2Cx DNF coefficient */
 165:Drivers/STM32H7xx_HAL_Driver/Src/stm32h7xx_hal_i2c_ex.c ****     tmpreg |= DigitalFilter << 8U;
 260              		.loc 1 165 5 is_stmt 1 view .LVU65
 261              		.loc 1 165 12 is_stmt 0 view .LVU66
 262 0062 43EA0523 		orr	r3, r3, r5, lsl #8
 263              	.LVL12:
 166:Drivers/STM32H7xx_HAL_Driver/Src/stm32h7xx_hal_i2c_ex.c **** 
 167:Drivers/STM32H7xx_HAL_Driver/Src/stm32h7xx_hal_i2c_ex.c ****     /* Store the new register value */
 168:Drivers/STM32H7xx_HAL_Driver/Src/stm32h7xx_hal_i2c_ex.c ****     hi2c->Instance->CR1 = tmpreg;
 264              		.loc 1 168 5 is_stmt 1 view .LVU67
 265              		.loc 1 168 25 is_stmt 0 view .LVU68
 266 0066 1360     		str	r3, [r2]
 169:Drivers/STM32H7xx_HAL_Driver/Src/stm32h7xx_hal_i2c_ex.c **** 
 170:Drivers/STM32H7xx_HAL_Driver/Src/stm32h7xx_hal_i2c_ex.c ****     __HAL_I2C_ENABLE(hi2c);
 267              		.loc 1 170 5 is_stmt 1 view .LVU69
 268 0068 2268     		ldr	r2, [r4]
 269 006a 1368     		ldr	r3, [r2]
 270              	.LVL13:
 271              		.loc 1 170 5 is_stmt 0 view .LVU70
 272 006c 43F00103 		orr	r3, r3, #1
 273 0070 1360     		str	r3, [r2]
 171:Drivers/STM32H7xx_HAL_Driver/Src/stm32h7xx_hal_i2c_ex.c **** 
 172:Drivers/STM32H7xx_HAL_Driver/Src/stm32h7xx_hal_i2c_ex.c ****     hi2c->State = HAL_I2C_STATE_READY;
 274              		.loc 1 172 5 is_stmt 1 view .LVU71
 275              		.loc 1 172 17 is_stmt 0 view .LVU72
 276 0072 2023     		movs	r3, #32
 277 0074 84F84130 		strb	r3, [r4, #65]
 173:Drivers/STM32H7xx_HAL_Driver/Src/stm32h7xx_hal_i2c_ex.c **** 
 174:Drivers/STM32H7xx_HAL_Driver/Src/stm32h7xx_hal_i2c_ex.c ****     /* Process Unlocked */
ARM GAS  C:\Users\thewo\AppData\Local\Temp\cchaCR6T.s 			page 9


 175:Drivers/STM32H7xx_HAL_Driver/Src/stm32h7xx_hal_i2c_ex.c ****     __HAL_UNLOCK(hi2c);
 278              		.loc 1 175 5 is_stmt 1 view .LVU73
 279              		.loc 1 175 5 view .LVU74
 280 0078 0020     		movs	r0, #0
 281 007a 84F84000 		strb	r0, [r4, #64]
 282              		.loc 1 175 5 view .LVU75
 176:Drivers/STM32H7xx_HAL_Driver/Src/stm32h7xx_hal_i2c_ex.c **** 
 177:Drivers/STM32H7xx_HAL_Driver/Src/stm32h7xx_hal_i2c_ex.c ****     return HAL_OK;
 283              		.loc 1 177 5 view .LVU76
 284              	.LVL14:
 285              	.L14:
 178:Drivers/STM32H7xx_HAL_Driver/Src/stm32h7xx_hal_i2c_ex.c ****   }
 179:Drivers/STM32H7xx_HAL_Driver/Src/stm32h7xx_hal_i2c_ex.c ****   else
 180:Drivers/STM32H7xx_HAL_Driver/Src/stm32h7xx_hal_i2c_ex.c ****   {
 181:Drivers/STM32H7xx_HAL_Driver/Src/stm32h7xx_hal_i2c_ex.c ****     return HAL_BUSY;
 182:Drivers/STM32H7xx_HAL_Driver/Src/stm32h7xx_hal_i2c_ex.c ****   }
 183:Drivers/STM32H7xx_HAL_Driver/Src/stm32h7xx_hal_i2c_ex.c **** }
 286              		.loc 1 183 1 is_stmt 0 view .LVU77
 287 007e 38BD     		pop	{r3, r4, r5, pc}
 288              	.LVL15:
 289              	.L18:
 146:Drivers/STM32H7xx_HAL_Driver/Src/stm32h7xx_hal_i2c_ex.c **** 
 290              		.loc 1 146 3 discriminator 1 view .LVU78
 291 0080 9221     		movs	r1, #146
 292 0082 0848     		ldr	r0, .L19+16
 293 0084 FFF7FEFF 		bl	assert_failed
 294              	.LVL16:
 295 0088 D4E7     		b	.L13
 296              	.L15:
 181:Drivers/STM32H7xx_HAL_Driver/Src/stm32h7xx_hal_i2c_ex.c ****   }
 297              		.loc 1 181 12 view .LVU79
 298 008a 0220     		movs	r0, #2
 299 008c F7E7     		b	.L14
 300              	.L16:
 151:Drivers/STM32H7xx_HAL_Driver/Src/stm32h7xx_hal_i2c_ex.c **** 
 301              		.loc 1 151 5 discriminator 1 view .LVU80
 302 008e 0220     		movs	r0, #2
 303 0090 F5E7     		b	.L14
 304              	.L20:
 305 0092 00BF     		.align	2
 306              	.L19:
 307 0094 00540040 		.word	1073763328
 308 0098 00580040 		.word	1073764352
 309 009c 001C0058 		.word	1476402176
 310 00a0 00640040 		.word	1073767424
 311 00a4 00000000 		.word	.LC0
 312              		.cfi_endproc
 313              	.LFE351:
 315              		.section	.text.HAL_I2CEx_EnableWakeUp,"ax",%progbits
 316              		.align	1
 317              		.global	HAL_I2CEx_EnableWakeUp
 318              		.syntax unified
 319              		.thumb
 320              		.thumb_func
 322              	HAL_I2CEx_EnableWakeUp:
 323              	.LVL17:
 324              	.LFB352:
ARM GAS  C:\Users\thewo\AppData\Local\Temp\cchaCR6T.s 			page 10


 184:Drivers/STM32H7xx_HAL_Driver/Src/stm32h7xx_hal_i2c_ex.c **** /**
 185:Drivers/STM32H7xx_HAL_Driver/Src/stm32h7xx_hal_i2c_ex.c ****   * @}
 186:Drivers/STM32H7xx_HAL_Driver/Src/stm32h7xx_hal_i2c_ex.c ****   */
 187:Drivers/STM32H7xx_HAL_Driver/Src/stm32h7xx_hal_i2c_ex.c **** 
 188:Drivers/STM32H7xx_HAL_Driver/Src/stm32h7xx_hal_i2c_ex.c **** /** @defgroup I2CEx_Exported_Functions_Group2 WakeUp Mode Functions
 189:Drivers/STM32H7xx_HAL_Driver/Src/stm32h7xx_hal_i2c_ex.c ****   * @brief    WakeUp Mode Functions
 190:Drivers/STM32H7xx_HAL_Driver/Src/stm32h7xx_hal_i2c_ex.c ****   *
 191:Drivers/STM32H7xx_HAL_Driver/Src/stm32h7xx_hal_i2c_ex.c **** @verbatim
 192:Drivers/STM32H7xx_HAL_Driver/Src/stm32h7xx_hal_i2c_ex.c ****  ===============================================================================
 193:Drivers/STM32H7xx_HAL_Driver/Src/stm32h7xx_hal_i2c_ex.c ****                       ##### WakeUp Mode Functions #####
 194:Drivers/STM32H7xx_HAL_Driver/Src/stm32h7xx_hal_i2c_ex.c ****  ===============================================================================
 195:Drivers/STM32H7xx_HAL_Driver/Src/stm32h7xx_hal_i2c_ex.c ****     [..] This section provides functions allowing to:
 196:Drivers/STM32H7xx_HAL_Driver/Src/stm32h7xx_hal_i2c_ex.c ****       (+) Configure Wake Up Feature
 197:Drivers/STM32H7xx_HAL_Driver/Src/stm32h7xx_hal_i2c_ex.c **** 
 198:Drivers/STM32H7xx_HAL_Driver/Src/stm32h7xx_hal_i2c_ex.c **** @endverbatim
 199:Drivers/STM32H7xx_HAL_Driver/Src/stm32h7xx_hal_i2c_ex.c ****   * @{
 200:Drivers/STM32H7xx_HAL_Driver/Src/stm32h7xx_hal_i2c_ex.c ****   */
 201:Drivers/STM32H7xx_HAL_Driver/Src/stm32h7xx_hal_i2c_ex.c **** 
 202:Drivers/STM32H7xx_HAL_Driver/Src/stm32h7xx_hal_i2c_ex.c **** /**
 203:Drivers/STM32H7xx_HAL_Driver/Src/stm32h7xx_hal_i2c_ex.c ****   * @brief  Enable I2C wakeup from Stop mode(s).
 204:Drivers/STM32H7xx_HAL_Driver/Src/stm32h7xx_hal_i2c_ex.c ****   * @param  hi2c Pointer to a I2C_HandleTypeDef structure that contains
 205:Drivers/STM32H7xx_HAL_Driver/Src/stm32h7xx_hal_i2c_ex.c ****   *                the configuration information for the specified I2Cx peripheral.
 206:Drivers/STM32H7xx_HAL_Driver/Src/stm32h7xx_hal_i2c_ex.c ****   * @retval HAL status
 207:Drivers/STM32H7xx_HAL_Driver/Src/stm32h7xx_hal_i2c_ex.c ****   */
 208:Drivers/STM32H7xx_HAL_Driver/Src/stm32h7xx_hal_i2c_ex.c **** HAL_StatusTypeDef HAL_I2CEx_EnableWakeUp(I2C_HandleTypeDef *hi2c)
 209:Drivers/STM32H7xx_HAL_Driver/Src/stm32h7xx_hal_i2c_ex.c **** {
 325              		.loc 1 209 1 is_stmt 1 view -0
 326              		.cfi_startproc
 327              		@ args = 0, pretend = 0, frame = 0
 328              		@ frame_needed = 0, uses_anonymous_args = 0
 329              		.loc 1 209 1 is_stmt 0 view .LVU82
 330 0000 10B5     		push	{r4, lr}
 331              		.cfi_def_cfa_offset 8
 332              		.cfi_offset 4, -8
 333              		.cfi_offset 14, -4
 334 0002 0446     		mov	r4, r0
 210:Drivers/STM32H7xx_HAL_Driver/Src/stm32h7xx_hal_i2c_ex.c ****   /* Check the parameters */
 211:Drivers/STM32H7xx_HAL_Driver/Src/stm32h7xx_hal_i2c_ex.c ****   assert_param(IS_I2C_WAKEUP_FROMSTOP_INSTANCE(hi2c->Instance));
 335              		.loc 1 211 3 is_stmt 1 view .LVU83
 336 0004 0368     		ldr	r3, [r0]
 337 0006 1E49     		ldr	r1, .L27
 338 0008 1E4A     		ldr	r2, .L27+4
 339 000a 8B42     		cmp	r3, r1
 340 000c 18BF     		it	ne
 341 000e 9342     		cmpne	r3, r2
 342 0010 0DD0     		beq	.L22
 343              		.loc 1 211 3 is_stmt 0 discriminator 1 view .LVU84
 344 0012 02F58062 		add	r2, r2, #1024
 345 0016 9342     		cmp	r3, r2
 346 0018 09D0     		beq	.L22
 347              		.loc 1 211 3 discriminator 2 view .LVU85
 348 001a 1B4A     		ldr	r2, .L27+8
 349 001c 9342     		cmp	r3, r2
 350 001e 06D0     		beq	.L22
 351              		.loc 1 211 3 discriminator 3 view .LVU86
 352 0020 1A4A     		ldr	r2, .L27+12
 353 0022 9342     		cmp	r3, r2
ARM GAS  C:\Users\thewo\AppData\Local\Temp\cchaCR6T.s 			page 11


 354 0024 03D0     		beq	.L22
 355              		.loc 1 211 3 discriminator 4 view .LVU87
 356 0026 D321     		movs	r1, #211
 357 0028 1948     		ldr	r0, .L27+16
 358              	.LVL18:
 359              		.loc 1 211 3 discriminator 4 view .LVU88
 360 002a FFF7FEFF 		bl	assert_failed
 361              	.LVL19:
 362              	.L22:
 212:Drivers/STM32H7xx_HAL_Driver/Src/stm32h7xx_hal_i2c_ex.c **** 
 213:Drivers/STM32H7xx_HAL_Driver/Src/stm32h7xx_hal_i2c_ex.c ****   if (hi2c->State == HAL_I2C_STATE_READY)
 363              		.loc 1 213 3 is_stmt 1 view .LVU89
 364              		.loc 1 213 11 is_stmt 0 view .LVU90
 365 002e 94F84130 		ldrb	r3, [r4, #65]	@ zero_extendqisi2
 366              		.loc 1 213 6 view .LVU91
 367 0032 202B     		cmp	r3, #32
 368 0034 1FD1     		bne	.L24
 214:Drivers/STM32H7xx_HAL_Driver/Src/stm32h7xx_hal_i2c_ex.c ****   {
 215:Drivers/STM32H7xx_HAL_Driver/Src/stm32h7xx_hal_i2c_ex.c ****     /* Process Locked */
 216:Drivers/STM32H7xx_HAL_Driver/Src/stm32h7xx_hal_i2c_ex.c ****     __HAL_LOCK(hi2c);
 369              		.loc 1 216 5 is_stmt 1 view .LVU92
 370              		.loc 1 216 5 view .LVU93
 371 0036 94F84030 		ldrb	r3, [r4, #64]	@ zero_extendqisi2
 372 003a 012B     		cmp	r3, #1
 373 003c 1DD0     		beq	.L25
 374              		.loc 1 216 5 discriminator 2 view .LVU94
 375 003e 0123     		movs	r3, #1
 376 0040 84F84030 		strb	r3, [r4, #64]
 377              		.loc 1 216 5 view .LVU95
 217:Drivers/STM32H7xx_HAL_Driver/Src/stm32h7xx_hal_i2c_ex.c **** 
 218:Drivers/STM32H7xx_HAL_Driver/Src/stm32h7xx_hal_i2c_ex.c ****     hi2c->State = HAL_I2C_STATE_BUSY;
 378              		.loc 1 218 5 view .LVU96
 379              		.loc 1 218 17 is_stmt 0 view .LVU97
 380 0044 2423     		movs	r3, #36
 381 0046 84F84130 		strb	r3, [r4, #65]
 219:Drivers/STM32H7xx_HAL_Driver/Src/stm32h7xx_hal_i2c_ex.c **** 
 220:Drivers/STM32H7xx_HAL_Driver/Src/stm32h7xx_hal_i2c_ex.c ****     /* Disable the selected I2C peripheral */
 221:Drivers/STM32H7xx_HAL_Driver/Src/stm32h7xx_hal_i2c_ex.c ****     __HAL_I2C_DISABLE(hi2c);
 382              		.loc 1 221 5 is_stmt 1 view .LVU98
 383 004a 2268     		ldr	r2, [r4]
 384 004c 1368     		ldr	r3, [r2]
 385 004e 23F00103 		bic	r3, r3, #1
 386 0052 1360     		str	r3, [r2]
 222:Drivers/STM32H7xx_HAL_Driver/Src/stm32h7xx_hal_i2c_ex.c **** 
 223:Drivers/STM32H7xx_HAL_Driver/Src/stm32h7xx_hal_i2c_ex.c ****     /* Enable wakeup from stop mode */
 224:Drivers/STM32H7xx_HAL_Driver/Src/stm32h7xx_hal_i2c_ex.c ****     hi2c->Instance->CR1 |= I2C_CR1_WUPEN;
 387              		.loc 1 224 5 view .LVU99
 388              		.loc 1 224 9 is_stmt 0 view .LVU100
 389 0054 2268     		ldr	r2, [r4]
 390              		.loc 1 224 19 view .LVU101
 391 0056 1368     		ldr	r3, [r2]
 392              		.loc 1 224 25 view .LVU102
 393 0058 43F48023 		orr	r3, r3, #262144
 394 005c 1360     		str	r3, [r2]
 225:Drivers/STM32H7xx_HAL_Driver/Src/stm32h7xx_hal_i2c_ex.c **** 
 226:Drivers/STM32H7xx_HAL_Driver/Src/stm32h7xx_hal_i2c_ex.c ****     __HAL_I2C_ENABLE(hi2c);
 395              		.loc 1 226 5 is_stmt 1 view .LVU103
ARM GAS  C:\Users\thewo\AppData\Local\Temp\cchaCR6T.s 			page 12


 396 005e 2268     		ldr	r2, [r4]
 397 0060 1368     		ldr	r3, [r2]
 398 0062 43F00103 		orr	r3, r3, #1
 399 0066 1360     		str	r3, [r2]
 227:Drivers/STM32H7xx_HAL_Driver/Src/stm32h7xx_hal_i2c_ex.c **** 
 228:Drivers/STM32H7xx_HAL_Driver/Src/stm32h7xx_hal_i2c_ex.c ****     hi2c->State = HAL_I2C_STATE_READY;
 400              		.loc 1 228 5 view .LVU104
 401              		.loc 1 228 17 is_stmt 0 view .LVU105
 402 0068 2023     		movs	r3, #32
 403 006a 84F84130 		strb	r3, [r4, #65]
 229:Drivers/STM32H7xx_HAL_Driver/Src/stm32h7xx_hal_i2c_ex.c **** 
 230:Drivers/STM32H7xx_HAL_Driver/Src/stm32h7xx_hal_i2c_ex.c ****     /* Process Unlocked */
 231:Drivers/STM32H7xx_HAL_Driver/Src/stm32h7xx_hal_i2c_ex.c ****     __HAL_UNLOCK(hi2c);
 404              		.loc 1 231 5 is_stmt 1 view .LVU106
 405              		.loc 1 231 5 view .LVU107
 406 006e 0020     		movs	r0, #0
 407 0070 84F84000 		strb	r0, [r4, #64]
 408              		.loc 1 231 5 view .LVU108
 232:Drivers/STM32H7xx_HAL_Driver/Src/stm32h7xx_hal_i2c_ex.c **** 
 233:Drivers/STM32H7xx_HAL_Driver/Src/stm32h7xx_hal_i2c_ex.c ****     return HAL_OK;
 409              		.loc 1 233 5 view .LVU109
 410              	.L23:
 234:Drivers/STM32H7xx_HAL_Driver/Src/stm32h7xx_hal_i2c_ex.c ****   }
 235:Drivers/STM32H7xx_HAL_Driver/Src/stm32h7xx_hal_i2c_ex.c ****   else
 236:Drivers/STM32H7xx_HAL_Driver/Src/stm32h7xx_hal_i2c_ex.c ****   {
 237:Drivers/STM32H7xx_HAL_Driver/Src/stm32h7xx_hal_i2c_ex.c ****     return HAL_BUSY;
 238:Drivers/STM32H7xx_HAL_Driver/Src/stm32h7xx_hal_i2c_ex.c ****   }
 239:Drivers/STM32H7xx_HAL_Driver/Src/stm32h7xx_hal_i2c_ex.c **** }
 411              		.loc 1 239 1 is_stmt 0 view .LVU110
 412 0074 10BD     		pop	{r4, pc}
 413              	.LVL20:
 414              	.L24:
 237:Drivers/STM32H7xx_HAL_Driver/Src/stm32h7xx_hal_i2c_ex.c ****   }
 415              		.loc 1 237 12 view .LVU111
 416 0076 0220     		movs	r0, #2
 417 0078 FCE7     		b	.L23
 418              	.L25:
 216:Drivers/STM32H7xx_HAL_Driver/Src/stm32h7xx_hal_i2c_ex.c **** 
 419              		.loc 1 216 5 discriminator 1 view .LVU112
 420 007a 0220     		movs	r0, #2
 421 007c FAE7     		b	.L23
 422              	.L28:
 423 007e 00BF     		.align	2
 424              	.L27:
 425 0080 00540040 		.word	1073763328
 426 0084 00580040 		.word	1073764352
 427 0088 001C0058 		.word	1476402176
 428 008c 00640040 		.word	1073767424
 429 0090 00000000 		.word	.LC0
 430              		.cfi_endproc
 431              	.LFE352:
 433              		.section	.text.HAL_I2CEx_DisableWakeUp,"ax",%progbits
 434              		.align	1
 435              		.global	HAL_I2CEx_DisableWakeUp
 436              		.syntax unified
 437              		.thumb
 438              		.thumb_func
ARM GAS  C:\Users\thewo\AppData\Local\Temp\cchaCR6T.s 			page 13


 440              	HAL_I2CEx_DisableWakeUp:
 441              	.LVL21:
 442              	.LFB353:
 240:Drivers/STM32H7xx_HAL_Driver/Src/stm32h7xx_hal_i2c_ex.c **** 
 241:Drivers/STM32H7xx_HAL_Driver/Src/stm32h7xx_hal_i2c_ex.c **** /**
 242:Drivers/STM32H7xx_HAL_Driver/Src/stm32h7xx_hal_i2c_ex.c ****   * @brief  Disable I2C wakeup from Stop mode(s).
 243:Drivers/STM32H7xx_HAL_Driver/Src/stm32h7xx_hal_i2c_ex.c ****   * @param  hi2c Pointer to a I2C_HandleTypeDef structure that contains
 244:Drivers/STM32H7xx_HAL_Driver/Src/stm32h7xx_hal_i2c_ex.c ****   *                the configuration information for the specified I2Cx peripheral.
 245:Drivers/STM32H7xx_HAL_Driver/Src/stm32h7xx_hal_i2c_ex.c ****   * @retval HAL status
 246:Drivers/STM32H7xx_HAL_Driver/Src/stm32h7xx_hal_i2c_ex.c ****   */
 247:Drivers/STM32H7xx_HAL_Driver/Src/stm32h7xx_hal_i2c_ex.c **** HAL_StatusTypeDef HAL_I2CEx_DisableWakeUp(I2C_HandleTypeDef *hi2c)
 248:Drivers/STM32H7xx_HAL_Driver/Src/stm32h7xx_hal_i2c_ex.c **** {
 443              		.loc 1 248 1 is_stmt 1 view -0
 444              		.cfi_startproc
 445              		@ args = 0, pretend = 0, frame = 0
 446              		@ frame_needed = 0, uses_anonymous_args = 0
 447              		.loc 1 248 1 is_stmt 0 view .LVU114
 448 0000 10B5     		push	{r4, lr}
 449              		.cfi_def_cfa_offset 8
 450              		.cfi_offset 4, -8
 451              		.cfi_offset 14, -4
 452 0002 0446     		mov	r4, r0
 249:Drivers/STM32H7xx_HAL_Driver/Src/stm32h7xx_hal_i2c_ex.c ****   /* Check the parameters */
 250:Drivers/STM32H7xx_HAL_Driver/Src/stm32h7xx_hal_i2c_ex.c ****   assert_param(IS_I2C_WAKEUP_FROMSTOP_INSTANCE(hi2c->Instance));
 453              		.loc 1 250 3 is_stmt 1 view .LVU115
 454 0004 0368     		ldr	r3, [r0]
 455 0006 1E49     		ldr	r1, .L35
 456 0008 1E4A     		ldr	r2, .L35+4
 457 000a 8B42     		cmp	r3, r1
 458 000c 18BF     		it	ne
 459 000e 9342     		cmpne	r3, r2
 460 0010 0DD0     		beq	.L30
 461              		.loc 1 250 3 is_stmt 0 discriminator 1 view .LVU116
 462 0012 02F58062 		add	r2, r2, #1024
 463 0016 9342     		cmp	r3, r2
 464 0018 09D0     		beq	.L30
 465              		.loc 1 250 3 discriminator 2 view .LVU117
 466 001a 1B4A     		ldr	r2, .L35+8
 467 001c 9342     		cmp	r3, r2
 468 001e 06D0     		beq	.L30
 469              		.loc 1 250 3 discriminator 3 view .LVU118
 470 0020 1A4A     		ldr	r2, .L35+12
 471 0022 9342     		cmp	r3, r2
 472 0024 03D0     		beq	.L30
 473              		.loc 1 250 3 discriminator 4 view .LVU119
 474 0026 FA21     		movs	r1, #250
 475 0028 1948     		ldr	r0, .L35+16
 476              	.LVL22:
 477              		.loc 1 250 3 discriminator 4 view .LVU120
 478 002a FFF7FEFF 		bl	assert_failed
 479              	.LVL23:
 480              	.L30:
 251:Drivers/STM32H7xx_HAL_Driver/Src/stm32h7xx_hal_i2c_ex.c **** 
 252:Drivers/STM32H7xx_HAL_Driver/Src/stm32h7xx_hal_i2c_ex.c ****   if (hi2c->State == HAL_I2C_STATE_READY)
 481              		.loc 1 252 3 is_stmt 1 view .LVU121
 482              		.loc 1 252 11 is_stmt 0 view .LVU122
 483 002e 94F84130 		ldrb	r3, [r4, #65]	@ zero_extendqisi2
ARM GAS  C:\Users\thewo\AppData\Local\Temp\cchaCR6T.s 			page 14


 484              		.loc 1 252 6 view .LVU123
 485 0032 202B     		cmp	r3, #32
 486 0034 1FD1     		bne	.L32
 253:Drivers/STM32H7xx_HAL_Driver/Src/stm32h7xx_hal_i2c_ex.c ****   {
 254:Drivers/STM32H7xx_HAL_Driver/Src/stm32h7xx_hal_i2c_ex.c ****     /* Process Locked */
 255:Drivers/STM32H7xx_HAL_Driver/Src/stm32h7xx_hal_i2c_ex.c ****     __HAL_LOCK(hi2c);
 487              		.loc 1 255 5 is_stmt 1 view .LVU124
 488              		.loc 1 255 5 view .LVU125
 489 0036 94F84030 		ldrb	r3, [r4, #64]	@ zero_extendqisi2
 490 003a 012B     		cmp	r3, #1
 491 003c 1DD0     		beq	.L33
 492              		.loc 1 255 5 discriminator 2 view .LVU126
 493 003e 0123     		movs	r3, #1
 494 0040 84F84030 		strb	r3, [r4, #64]
 495              		.loc 1 255 5 view .LVU127
 256:Drivers/STM32H7xx_HAL_Driver/Src/stm32h7xx_hal_i2c_ex.c **** 
 257:Drivers/STM32H7xx_HAL_Driver/Src/stm32h7xx_hal_i2c_ex.c ****     hi2c->State = HAL_I2C_STATE_BUSY;
 496              		.loc 1 257 5 view .LVU128
 497              		.loc 1 257 17 is_stmt 0 view .LVU129
 498 0044 2423     		movs	r3, #36
 499 0046 84F84130 		strb	r3, [r4, #65]
 258:Drivers/STM32H7xx_HAL_Driver/Src/stm32h7xx_hal_i2c_ex.c **** 
 259:Drivers/STM32H7xx_HAL_Driver/Src/stm32h7xx_hal_i2c_ex.c ****     /* Disable the selected I2C peripheral */
 260:Drivers/STM32H7xx_HAL_Driver/Src/stm32h7xx_hal_i2c_ex.c ****     __HAL_I2C_DISABLE(hi2c);
 500              		.loc 1 260 5 is_stmt 1 view .LVU130
 501 004a 2268     		ldr	r2, [r4]
 502 004c 1368     		ldr	r3, [r2]
 503 004e 23F00103 		bic	r3, r3, #1
 504 0052 1360     		str	r3, [r2]
 261:Drivers/STM32H7xx_HAL_Driver/Src/stm32h7xx_hal_i2c_ex.c **** 
 262:Drivers/STM32H7xx_HAL_Driver/Src/stm32h7xx_hal_i2c_ex.c ****     /* Enable wakeup from stop mode */
 263:Drivers/STM32H7xx_HAL_Driver/Src/stm32h7xx_hal_i2c_ex.c ****     hi2c->Instance->CR1 &= ~(I2C_CR1_WUPEN);
 505              		.loc 1 263 5 view .LVU131
 506              		.loc 1 263 9 is_stmt 0 view .LVU132
 507 0054 2268     		ldr	r2, [r4]
 508              		.loc 1 263 19 view .LVU133
 509 0056 1368     		ldr	r3, [r2]
 510              		.loc 1 263 25 view .LVU134
 511 0058 23F48023 		bic	r3, r3, #262144
 512 005c 1360     		str	r3, [r2]
 264:Drivers/STM32H7xx_HAL_Driver/Src/stm32h7xx_hal_i2c_ex.c **** 
 265:Drivers/STM32H7xx_HAL_Driver/Src/stm32h7xx_hal_i2c_ex.c ****     __HAL_I2C_ENABLE(hi2c);
 513              		.loc 1 265 5 is_stmt 1 view .LVU135
 514 005e 2268     		ldr	r2, [r4]
 515 0060 1368     		ldr	r3, [r2]
 516 0062 43F00103 		orr	r3, r3, #1
 517 0066 1360     		str	r3, [r2]
 266:Drivers/STM32H7xx_HAL_Driver/Src/stm32h7xx_hal_i2c_ex.c **** 
 267:Drivers/STM32H7xx_HAL_Driver/Src/stm32h7xx_hal_i2c_ex.c ****     hi2c->State = HAL_I2C_STATE_READY;
 518              		.loc 1 267 5 view .LVU136
 519              		.loc 1 267 17 is_stmt 0 view .LVU137
 520 0068 2023     		movs	r3, #32
 521 006a 84F84130 		strb	r3, [r4, #65]
 268:Drivers/STM32H7xx_HAL_Driver/Src/stm32h7xx_hal_i2c_ex.c **** 
 269:Drivers/STM32H7xx_HAL_Driver/Src/stm32h7xx_hal_i2c_ex.c ****     /* Process Unlocked */
 270:Drivers/STM32H7xx_HAL_Driver/Src/stm32h7xx_hal_i2c_ex.c ****     __HAL_UNLOCK(hi2c);
 522              		.loc 1 270 5 is_stmt 1 view .LVU138
ARM GAS  C:\Users\thewo\AppData\Local\Temp\cchaCR6T.s 			page 15


 523              		.loc 1 270 5 view .LVU139
 524 006e 0020     		movs	r0, #0
 525 0070 84F84000 		strb	r0, [r4, #64]
 526              		.loc 1 270 5 view .LVU140
 271:Drivers/STM32H7xx_HAL_Driver/Src/stm32h7xx_hal_i2c_ex.c **** 
 272:Drivers/STM32H7xx_HAL_Driver/Src/stm32h7xx_hal_i2c_ex.c ****     return HAL_OK;
 527              		.loc 1 272 5 view .LVU141
 528              	.L31:
 273:Drivers/STM32H7xx_HAL_Driver/Src/stm32h7xx_hal_i2c_ex.c ****   }
 274:Drivers/STM32H7xx_HAL_Driver/Src/stm32h7xx_hal_i2c_ex.c ****   else
 275:Drivers/STM32H7xx_HAL_Driver/Src/stm32h7xx_hal_i2c_ex.c ****   {
 276:Drivers/STM32H7xx_HAL_Driver/Src/stm32h7xx_hal_i2c_ex.c ****     return HAL_BUSY;
 277:Drivers/STM32H7xx_HAL_Driver/Src/stm32h7xx_hal_i2c_ex.c ****   }
 278:Drivers/STM32H7xx_HAL_Driver/Src/stm32h7xx_hal_i2c_ex.c **** }
 529              		.loc 1 278 1 is_stmt 0 view .LVU142
 530 0074 10BD     		pop	{r4, pc}
 531              	.LVL24:
 532              	.L32:
 276:Drivers/STM32H7xx_HAL_Driver/Src/stm32h7xx_hal_i2c_ex.c ****   }
 533              		.loc 1 276 12 view .LVU143
 534 0076 0220     		movs	r0, #2
 535 0078 FCE7     		b	.L31
 536              	.L33:
 255:Drivers/STM32H7xx_HAL_Driver/Src/stm32h7xx_hal_i2c_ex.c **** 
 537              		.loc 1 255 5 discriminator 1 view .LVU144
 538 007a 0220     		movs	r0, #2
 539 007c FAE7     		b	.L31
 540              	.L36:
 541 007e 00BF     		.align	2
 542              	.L35:
 543 0080 00540040 		.word	1073763328
 544 0084 00580040 		.word	1073764352
 545 0088 001C0058 		.word	1476402176
 546 008c 00640040 		.word	1073767424
 547 0090 00000000 		.word	.LC0
 548              		.cfi_endproc
 549              	.LFE353:
 551              		.section	.text.HAL_I2CEx_EnableFastModePlus,"ax",%progbits
 552              		.align	1
 553              		.global	HAL_I2CEx_EnableFastModePlus
 554              		.syntax unified
 555              		.thumb
 556              		.thumb_func
 558              	HAL_I2CEx_EnableFastModePlus:
 559              	.LVL25:
 560              	.LFB354:
 279:Drivers/STM32H7xx_HAL_Driver/Src/stm32h7xx_hal_i2c_ex.c **** /**
 280:Drivers/STM32H7xx_HAL_Driver/Src/stm32h7xx_hal_i2c_ex.c ****   * @}
 281:Drivers/STM32H7xx_HAL_Driver/Src/stm32h7xx_hal_i2c_ex.c ****   */
 282:Drivers/STM32H7xx_HAL_Driver/Src/stm32h7xx_hal_i2c_ex.c **** 
 283:Drivers/STM32H7xx_HAL_Driver/Src/stm32h7xx_hal_i2c_ex.c **** /** @defgroup I2CEx_Exported_Functions_Group3 Fast Mode Plus Functions
 284:Drivers/STM32H7xx_HAL_Driver/Src/stm32h7xx_hal_i2c_ex.c ****   * @brief    Fast Mode Plus Functions
 285:Drivers/STM32H7xx_HAL_Driver/Src/stm32h7xx_hal_i2c_ex.c ****   *
 286:Drivers/STM32H7xx_HAL_Driver/Src/stm32h7xx_hal_i2c_ex.c **** @verbatim
 287:Drivers/STM32H7xx_HAL_Driver/Src/stm32h7xx_hal_i2c_ex.c ****  ===============================================================================
 288:Drivers/STM32H7xx_HAL_Driver/Src/stm32h7xx_hal_i2c_ex.c ****                       ##### Fast Mode Plus Functions #####
 289:Drivers/STM32H7xx_HAL_Driver/Src/stm32h7xx_hal_i2c_ex.c ****  ===============================================================================
ARM GAS  C:\Users\thewo\AppData\Local\Temp\cchaCR6T.s 			page 16


 290:Drivers/STM32H7xx_HAL_Driver/Src/stm32h7xx_hal_i2c_ex.c ****     [..] This section provides functions allowing to:
 291:Drivers/STM32H7xx_HAL_Driver/Src/stm32h7xx_hal_i2c_ex.c ****       (+) Configure Fast Mode Plus
 292:Drivers/STM32H7xx_HAL_Driver/Src/stm32h7xx_hal_i2c_ex.c **** 
 293:Drivers/STM32H7xx_HAL_Driver/Src/stm32h7xx_hal_i2c_ex.c **** @endverbatim
 294:Drivers/STM32H7xx_HAL_Driver/Src/stm32h7xx_hal_i2c_ex.c ****   * @{
 295:Drivers/STM32H7xx_HAL_Driver/Src/stm32h7xx_hal_i2c_ex.c ****   */
 296:Drivers/STM32H7xx_HAL_Driver/Src/stm32h7xx_hal_i2c_ex.c **** 
 297:Drivers/STM32H7xx_HAL_Driver/Src/stm32h7xx_hal_i2c_ex.c **** /**
 298:Drivers/STM32H7xx_HAL_Driver/Src/stm32h7xx_hal_i2c_ex.c ****   * @brief Enable the I2C fast mode plus driving capability.
 299:Drivers/STM32H7xx_HAL_Driver/Src/stm32h7xx_hal_i2c_ex.c ****   * @param ConfigFastModePlus Selects the pin.
 300:Drivers/STM32H7xx_HAL_Driver/Src/stm32h7xx_hal_i2c_ex.c ****   *   This parameter can be one of the @ref I2CEx_FastModePlus values
 301:Drivers/STM32H7xx_HAL_Driver/Src/stm32h7xx_hal_i2c_ex.c ****   * @note  For I2C1, fast mode plus driving capability can be enabled on all selected
 302:Drivers/STM32H7xx_HAL_Driver/Src/stm32h7xx_hal_i2c_ex.c ****   *        I2C1 pins using I2C_FASTMODEPLUS_I2C1 parameter or independently
 303:Drivers/STM32H7xx_HAL_Driver/Src/stm32h7xx_hal_i2c_ex.c ****   *        on each one of the following pins PB6, PB7, PB8 and PB9.
 304:Drivers/STM32H7xx_HAL_Driver/Src/stm32h7xx_hal_i2c_ex.c ****   * @note  For remaining I2C1 pins (PA14, PA15...) fast mode plus driving capability
 305:Drivers/STM32H7xx_HAL_Driver/Src/stm32h7xx_hal_i2c_ex.c ****   *        can be enabled only by using I2C_FASTMODEPLUS_I2C1 parameter.
 306:Drivers/STM32H7xx_HAL_Driver/Src/stm32h7xx_hal_i2c_ex.c ****   * @note  For all I2C2 pins fast mode plus driving capability can be enabled
 307:Drivers/STM32H7xx_HAL_Driver/Src/stm32h7xx_hal_i2c_ex.c ****   *        only by using I2C_FASTMODEPLUS_I2C2 parameter.
 308:Drivers/STM32H7xx_HAL_Driver/Src/stm32h7xx_hal_i2c_ex.c ****   * @note  For all I2C3 pins fast mode plus driving capability can be enabled
 309:Drivers/STM32H7xx_HAL_Driver/Src/stm32h7xx_hal_i2c_ex.c ****   *        only by using I2C_FASTMODEPLUS_I2C3 parameter.
 310:Drivers/STM32H7xx_HAL_Driver/Src/stm32h7xx_hal_i2c_ex.c ****   * @note  For all I2C4 pins fast mode plus driving capability can be enabled
 311:Drivers/STM32H7xx_HAL_Driver/Src/stm32h7xx_hal_i2c_ex.c ****   *        only by using I2C_FASTMODEPLUS_I2C4 parameter.
 312:Drivers/STM32H7xx_HAL_Driver/Src/stm32h7xx_hal_i2c_ex.c ****   * @note  For all I2C5 pins fast mode plus driving capability can be enabled
 313:Drivers/STM32H7xx_HAL_Driver/Src/stm32h7xx_hal_i2c_ex.c ****   *        only by using I2C_FASTMODEPLUS_I2C5 parameter.
 314:Drivers/STM32H7xx_HAL_Driver/Src/stm32h7xx_hal_i2c_ex.c ****   * @retval None
 315:Drivers/STM32H7xx_HAL_Driver/Src/stm32h7xx_hal_i2c_ex.c ****   */
 316:Drivers/STM32H7xx_HAL_Driver/Src/stm32h7xx_hal_i2c_ex.c **** void HAL_I2CEx_EnableFastModePlus(uint32_t ConfigFastModePlus)
 317:Drivers/STM32H7xx_HAL_Driver/Src/stm32h7xx_hal_i2c_ex.c **** {
 561              		.loc 1 317 1 is_stmt 1 view -0
 562              		.cfi_startproc
 563              		@ args = 0, pretend = 0, frame = 8
 564              		@ frame_needed = 0, uses_anonymous_args = 0
 565              		.loc 1 317 1 is_stmt 0 view .LVU146
 566 0000 10B5     		push	{r4, lr}
 567              		.cfi_def_cfa_offset 8
 568              		.cfi_offset 4, -8
 569              		.cfi_offset 14, -4
 570 0002 82B0     		sub	sp, sp, #8
 571              		.cfi_def_cfa_offset 16
 572 0004 0446     		mov	r4, r0
 318:Drivers/STM32H7xx_HAL_Driver/Src/stm32h7xx_hal_i2c_ex.c ****   /* Check the parameter */
 319:Drivers/STM32H7xx_HAL_Driver/Src/stm32h7xx_hal_i2c_ex.c ****   assert_param(IS_I2C_FASTMODEPLUS(ConfigFastModePlus));
 573              		.loc 1 319 3 is_stmt 1 view .LVU147
 574 0006 10F0FF0F 		tst	r0, #255
 575 000a 12D0     		beq	.L40
 576              	.LVL26:
 577              	.L38:
 320:Drivers/STM32H7xx_HAL_Driver/Src/stm32h7xx_hal_i2c_ex.c **** 
 321:Drivers/STM32H7xx_HAL_Driver/Src/stm32h7xx_hal_i2c_ex.c ****   /* Enable SYSCFG clock */
 322:Drivers/STM32H7xx_HAL_Driver/Src/stm32h7xx_hal_i2c_ex.c ****   __HAL_RCC_SYSCFG_CLK_ENABLE();
 578              		.loc 1 322 3 view .LVU148
 579              	.LBB2:
 580              		.loc 1 322 3 view .LVU149
 581              		.loc 1 322 3 view .LVU150
 582 000c 0C4B     		ldr	r3, .L41
 583 000e D3F8F420 		ldr	r2, [r3, #244]
 584 0012 42F00202 		orr	r2, r2, #2
ARM GAS  C:\Users\thewo\AppData\Local\Temp\cchaCR6T.s 			page 17


 585 0016 C3F8F420 		str	r2, [r3, #244]
 586              		.loc 1 322 3 view .LVU151
 587 001a D3F8F430 		ldr	r3, [r3, #244]
 588 001e 03F00203 		and	r3, r3, #2
 589 0022 0193     		str	r3, [sp, #4]
 590              		.loc 1 322 3 view .LVU152
 591 0024 019B     		ldr	r3, [sp, #4]
 592              	.LBE2:
 593              		.loc 1 322 3 view .LVU153
 323:Drivers/STM32H7xx_HAL_Driver/Src/stm32h7xx_hal_i2c_ex.c **** 
 324:Drivers/STM32H7xx_HAL_Driver/Src/stm32h7xx_hal_i2c_ex.c ****   /* Enable fast mode plus driving capability for selected pin */
 325:Drivers/STM32H7xx_HAL_Driver/Src/stm32h7xx_hal_i2c_ex.c ****   SET_BIT(SYSCFG->PMCR, (uint32_t)ConfigFastModePlus);
 594              		.loc 1 325 3 view .LVU154
 595 0026 074A     		ldr	r2, .L41+4
 596 0028 5368     		ldr	r3, [r2, #4]
 597 002a 2343     		orrs	r3, r3, r4
 598 002c 5360     		str	r3, [r2, #4]
 326:Drivers/STM32H7xx_HAL_Driver/Src/stm32h7xx_hal_i2c_ex.c **** }
 599              		.loc 1 326 1 is_stmt 0 view .LVU155
 600 002e 02B0     		add	sp, sp, #8
 601              		.cfi_remember_state
 602              		.cfi_def_cfa_offset 8
 603              		@ sp needed
 604 0030 10BD     		pop	{r4, pc}
 605              	.LVL27:
 606              	.L40:
 607              		.cfi_restore_state
 319:Drivers/STM32H7xx_HAL_Driver/Src/stm32h7xx_hal_i2c_ex.c **** 
 608              		.loc 1 319 3 discriminator 1 view .LVU156
 609 0032 40F23F11 		movw	r1, #319
 610 0036 0448     		ldr	r0, .L41+8
 611              	.LVL28:
 319:Drivers/STM32H7xx_HAL_Driver/Src/stm32h7xx_hal_i2c_ex.c **** 
 612              		.loc 1 319 3 discriminator 1 view .LVU157
 613 0038 FFF7FEFF 		bl	assert_failed
 614              	.LVL29:
 615 003c E6E7     		b	.L38
 616              	.L42:
 617 003e 00BF     		.align	2
 618              	.L41:
 619 0040 00440258 		.word	1476543488
 620 0044 00040058 		.word	1476396032
 621 0048 00000000 		.word	.LC0
 622              		.cfi_endproc
 623              	.LFE354:
 625              		.section	.text.HAL_I2CEx_DisableFastModePlus,"ax",%progbits
 626              		.align	1
 627              		.global	HAL_I2CEx_DisableFastModePlus
 628              		.syntax unified
 629              		.thumb
 630              		.thumb_func
 632              	HAL_I2CEx_DisableFastModePlus:
 633              	.LVL30:
 634              	.LFB355:
 327:Drivers/STM32H7xx_HAL_Driver/Src/stm32h7xx_hal_i2c_ex.c **** 
 328:Drivers/STM32H7xx_HAL_Driver/Src/stm32h7xx_hal_i2c_ex.c **** /**
 329:Drivers/STM32H7xx_HAL_Driver/Src/stm32h7xx_hal_i2c_ex.c ****   * @brief Disable the I2C fast mode plus driving capability.
ARM GAS  C:\Users\thewo\AppData\Local\Temp\cchaCR6T.s 			page 18


 330:Drivers/STM32H7xx_HAL_Driver/Src/stm32h7xx_hal_i2c_ex.c ****   * @param ConfigFastModePlus Selects the pin.
 331:Drivers/STM32H7xx_HAL_Driver/Src/stm32h7xx_hal_i2c_ex.c ****   *   This parameter can be one of the @ref I2CEx_FastModePlus values
 332:Drivers/STM32H7xx_HAL_Driver/Src/stm32h7xx_hal_i2c_ex.c ****   * @note  For I2C1, fast mode plus driving capability can be disabled on all selected
 333:Drivers/STM32H7xx_HAL_Driver/Src/stm32h7xx_hal_i2c_ex.c ****   *        I2C1 pins using I2C_FASTMODEPLUS_I2C1 parameter or independently
 334:Drivers/STM32H7xx_HAL_Driver/Src/stm32h7xx_hal_i2c_ex.c ****   *        on each one of the following pins PB6, PB7, PB8 and PB9.
 335:Drivers/STM32H7xx_HAL_Driver/Src/stm32h7xx_hal_i2c_ex.c ****   * @note  For remaining I2C1 pins (PA14, PA15...) fast mode plus driving capability
 336:Drivers/STM32H7xx_HAL_Driver/Src/stm32h7xx_hal_i2c_ex.c ****   *        can be disabled only by using I2C_FASTMODEPLUS_I2C1 parameter.
 337:Drivers/STM32H7xx_HAL_Driver/Src/stm32h7xx_hal_i2c_ex.c ****   * @note  For all I2C2 pins fast mode plus driving capability can be disabled
 338:Drivers/STM32H7xx_HAL_Driver/Src/stm32h7xx_hal_i2c_ex.c ****   *        only by using I2C_FASTMODEPLUS_I2C2 parameter.
 339:Drivers/STM32H7xx_HAL_Driver/Src/stm32h7xx_hal_i2c_ex.c ****   * @note  For all I2C3 pins fast mode plus driving capability can be disabled
 340:Drivers/STM32H7xx_HAL_Driver/Src/stm32h7xx_hal_i2c_ex.c ****   *        only by using I2C_FASTMODEPLUS_I2C3 parameter.
 341:Drivers/STM32H7xx_HAL_Driver/Src/stm32h7xx_hal_i2c_ex.c ****   * @note  For all I2C4 pins fast mode plus driving capability can be disabled
 342:Drivers/STM32H7xx_HAL_Driver/Src/stm32h7xx_hal_i2c_ex.c ****   *        only by using I2C_FASTMODEPLUS_I2C4 parameter.
 343:Drivers/STM32H7xx_HAL_Driver/Src/stm32h7xx_hal_i2c_ex.c ****   * @note  For all I2C5 pins fast mode plus driving capability can be disabled
 344:Drivers/STM32H7xx_HAL_Driver/Src/stm32h7xx_hal_i2c_ex.c ****   *        only by using I2C_FASTMODEPLUS_I2C5 parameter.
 345:Drivers/STM32H7xx_HAL_Driver/Src/stm32h7xx_hal_i2c_ex.c ****   * @retval None
 346:Drivers/STM32H7xx_HAL_Driver/Src/stm32h7xx_hal_i2c_ex.c ****   */
 347:Drivers/STM32H7xx_HAL_Driver/Src/stm32h7xx_hal_i2c_ex.c **** void HAL_I2CEx_DisableFastModePlus(uint32_t ConfigFastModePlus)
 348:Drivers/STM32H7xx_HAL_Driver/Src/stm32h7xx_hal_i2c_ex.c **** {
 635              		.loc 1 348 1 is_stmt 1 view -0
 636              		.cfi_startproc
 637              		@ args = 0, pretend = 0, frame = 8
 638              		@ frame_needed = 0, uses_anonymous_args = 0
 639              		.loc 1 348 1 is_stmt 0 view .LVU159
 640 0000 10B5     		push	{r4, lr}
 641              		.cfi_def_cfa_offset 8
 642              		.cfi_offset 4, -8
 643              		.cfi_offset 14, -4
 644 0002 82B0     		sub	sp, sp, #8
 645              		.cfi_def_cfa_offset 16
 646 0004 0446     		mov	r4, r0
 349:Drivers/STM32H7xx_HAL_Driver/Src/stm32h7xx_hal_i2c_ex.c ****   /* Check the parameter */
 350:Drivers/STM32H7xx_HAL_Driver/Src/stm32h7xx_hal_i2c_ex.c ****   assert_param(IS_I2C_FASTMODEPLUS(ConfigFastModePlus));
 647              		.loc 1 350 3 is_stmt 1 view .LVU160
 648 0006 10F0FF0F 		tst	r0, #255
 649 000a 13D0     		beq	.L46
 650              	.LVL31:
 651              	.L44:
 351:Drivers/STM32H7xx_HAL_Driver/Src/stm32h7xx_hal_i2c_ex.c **** 
 352:Drivers/STM32H7xx_HAL_Driver/Src/stm32h7xx_hal_i2c_ex.c ****   /* Enable SYSCFG clock */
 353:Drivers/STM32H7xx_HAL_Driver/Src/stm32h7xx_hal_i2c_ex.c ****   __HAL_RCC_SYSCFG_CLK_ENABLE();
 652              		.loc 1 353 3 view .LVU161
 653              	.LBB3:
 654              		.loc 1 353 3 view .LVU162
 655              		.loc 1 353 3 view .LVU163
 656 000c 0C4B     		ldr	r3, .L47
 657 000e D3F8F420 		ldr	r2, [r3, #244]
 658 0012 42F00202 		orr	r2, r2, #2
 659 0016 C3F8F420 		str	r2, [r3, #244]
 660              		.loc 1 353 3 view .LVU164
 661 001a D3F8F430 		ldr	r3, [r3, #244]
 662 001e 03F00203 		and	r3, r3, #2
 663 0022 0193     		str	r3, [sp, #4]
 664              		.loc 1 353 3 view .LVU165
 665 0024 019B     		ldr	r3, [sp, #4]
 666              	.LBE3:
 667              		.loc 1 353 3 view .LVU166
ARM GAS  C:\Users\thewo\AppData\Local\Temp\cchaCR6T.s 			page 19


 354:Drivers/STM32H7xx_HAL_Driver/Src/stm32h7xx_hal_i2c_ex.c **** 
 355:Drivers/STM32H7xx_HAL_Driver/Src/stm32h7xx_hal_i2c_ex.c ****   /* Disable fast mode plus driving capability for selected pin */
 356:Drivers/STM32H7xx_HAL_Driver/Src/stm32h7xx_hal_i2c_ex.c ****   CLEAR_BIT(SYSCFG->PMCR, (uint32_t)ConfigFastModePlus);
 668              		.loc 1 356 3 view .LVU167
 669 0026 074A     		ldr	r2, .L47+4
 670 0028 5368     		ldr	r3, [r2, #4]
 671 002a 23EA0403 		bic	r3, r3, r4
 672 002e 5360     		str	r3, [r2, #4]
 357:Drivers/STM32H7xx_HAL_Driver/Src/stm32h7xx_hal_i2c_ex.c **** }
 673              		.loc 1 357 1 is_stmt 0 view .LVU168
 674 0030 02B0     		add	sp, sp, #8
 675              		.cfi_remember_state
 676              		.cfi_def_cfa_offset 8
 677              		@ sp needed
 678 0032 10BD     		pop	{r4, pc}
 679              	.LVL32:
 680              	.L46:
 681              		.cfi_restore_state
 350:Drivers/STM32H7xx_HAL_Driver/Src/stm32h7xx_hal_i2c_ex.c **** 
 682              		.loc 1 350 3 discriminator 1 view .LVU169
 683 0034 4FF4AF71 		mov	r1, #350
 684 0038 0348     		ldr	r0, .L47+8
 685              	.LVL33:
 350:Drivers/STM32H7xx_HAL_Driver/Src/stm32h7xx_hal_i2c_ex.c **** 
 686              		.loc 1 350 3 discriminator 1 view .LVU170
 687 003a FFF7FEFF 		bl	assert_failed
 688              	.LVL34:
 689 003e E5E7     		b	.L44
 690              	.L48:
 691              		.align	2
 692              	.L47:
 693 0040 00440258 		.word	1476543488
 694 0044 00040058 		.word	1476396032
 695 0048 00000000 		.word	.LC0
 696              		.cfi_endproc
 697              	.LFE355:
 699              		.text
 700              	.Letext0:
 701              		.file 2 "C:/Users/thewo/AppData/Roaming/Code/User/globalStorage/bmd.stm32-for-vscode/@xpack-dev-to
 702              		.file 3 "C:/Users/thewo/AppData/Roaming/Code/User/globalStorage/bmd.stm32-for-vscode/@xpack-dev-to
 703              		.file 4 "Drivers/CMSIS/Device/ST/STM32H7xx/Include/stm32h725xx.h"
 704              		.file 5 "Drivers/STM32H7xx_HAL_Driver/Inc/stm32h7xx_hal_def.h"
 705              		.file 6 "Drivers/STM32H7xx_HAL_Driver/Inc/stm32h7xx_hal_dma.h"
 706              		.file 7 "Drivers/STM32H7xx_HAL_Driver/Inc/stm32h7xx_hal_i2c.h"
 707              		.file 8 "Core/Inc/stm32h7xx_hal_conf.h"
ARM GAS  C:\Users\thewo\AppData\Local\Temp\cchaCR6T.s 			page 20


DEFINED SYMBOLS
                            *ABS*:00000000 stm32h7xx_hal_i2c_ex.c
C:\Users\thewo\AppData\Local\Temp\cchaCR6T.s:20     .rodata.HAL_I2CEx_ConfigAnalogFilter.str1.4:00000000 $d
C:\Users\thewo\AppData\Local\Temp\cchaCR6T.s:25     .text.HAL_I2CEx_ConfigAnalogFilter:00000000 $t
C:\Users\thewo\AppData\Local\Temp\cchaCR6T.s:31     .text.HAL_I2CEx_ConfigAnalogFilter:00000000 HAL_I2CEx_ConfigAnalogFilter
C:\Users\thewo\AppData\Local\Temp\cchaCR6T.s:160    .text.HAL_I2CEx_ConfigAnalogFilter:0000009c $d
C:\Users\thewo\AppData\Local\Temp\cchaCR6T.s:169    .text.HAL_I2CEx_ConfigDigitalFilter:00000000 $t
C:\Users\thewo\AppData\Local\Temp\cchaCR6T.s:175    .text.HAL_I2CEx_ConfigDigitalFilter:00000000 HAL_I2CEx_ConfigDigitalFilter
C:\Users\thewo\AppData\Local\Temp\cchaCR6T.s:307    .text.HAL_I2CEx_ConfigDigitalFilter:00000094 $d
C:\Users\thewo\AppData\Local\Temp\cchaCR6T.s:316    .text.HAL_I2CEx_EnableWakeUp:00000000 $t
C:\Users\thewo\AppData\Local\Temp\cchaCR6T.s:322    .text.HAL_I2CEx_EnableWakeUp:00000000 HAL_I2CEx_EnableWakeUp
C:\Users\thewo\AppData\Local\Temp\cchaCR6T.s:425    .text.HAL_I2CEx_EnableWakeUp:00000080 $d
C:\Users\thewo\AppData\Local\Temp\cchaCR6T.s:434    .text.HAL_I2CEx_DisableWakeUp:00000000 $t
C:\Users\thewo\AppData\Local\Temp\cchaCR6T.s:440    .text.HAL_I2CEx_DisableWakeUp:00000000 HAL_I2CEx_DisableWakeUp
C:\Users\thewo\AppData\Local\Temp\cchaCR6T.s:543    .text.HAL_I2CEx_DisableWakeUp:00000080 $d
C:\Users\thewo\AppData\Local\Temp\cchaCR6T.s:552    .text.HAL_I2CEx_EnableFastModePlus:00000000 $t
C:\Users\thewo\AppData\Local\Temp\cchaCR6T.s:558    .text.HAL_I2CEx_EnableFastModePlus:00000000 HAL_I2CEx_EnableFastModePlus
C:\Users\thewo\AppData\Local\Temp\cchaCR6T.s:619    .text.HAL_I2CEx_EnableFastModePlus:00000040 $d
C:\Users\thewo\AppData\Local\Temp\cchaCR6T.s:626    .text.HAL_I2CEx_DisableFastModePlus:00000000 $t
C:\Users\thewo\AppData\Local\Temp\cchaCR6T.s:632    .text.HAL_I2CEx_DisableFastModePlus:00000000 HAL_I2CEx_DisableFastModePlus
C:\Users\thewo\AppData\Local\Temp\cchaCR6T.s:693    .text.HAL_I2CEx_DisableFastModePlus:00000040 $d

UNDEFINED SYMBOLS
assert_failed
