ARM GAS  C:\Users\thewo\AppData\Local\Temp\ccFQC4oN.s 			page 1


   1              		.cpu cortex-m7
   2              		.arch armv7e-m
   3              		.fpu fpv5-d16
   4              		.eabi_attribute 28, 1
   5              		.eabi_attribute 20, 1
   6              		.eabi_attribute 21, 1
   7              		.eabi_attribute 23, 3
   8              		.eabi_attribute 24, 1
   9              		.eabi_attribute 25, 1
  10              		.eabi_attribute 26, 1
  11              		.eabi_attribute 30, 1
  12              		.eabi_attribute 34, 1
  13              		.eabi_attribute 18, 4
  14              		.file	"stm32h7xx_hal_hsem.c"
  15              		.text
  16              	.Ltext0:
  17              		.cfi_sections	.debug_frame
  18              		.file 1 "Drivers/STM32H7xx_HAL_Driver/Src/stm32h7xx_hal_hsem.c"
  19              		.section	.rodata.HAL_HSEM_Take.str1.4,"aMS",%progbits,1
  20              		.align	2
  21              	.LC0:
  22 0000 44726976 		.ascii	"Drivers/STM32H7xx_HAL_Driver/Src/stm32h7xx_hal_hsem"
  22      6572732F 
  22      53544D33 
  22      32483778 
  22      785F4841 
  23 0033 2E6300   		.ascii	".c\000"
  24              		.section	.text.HAL_HSEM_Take,"ax",%progbits
  25              		.align	1
  26              		.global	HAL_HSEM_Take
  27              		.syntax unified
  28              		.thumb
  29              		.thumb_func
  31              	HAL_HSEM_Take:
  32              	.LVL0:
  33              	.LFB350:
   1:Drivers/STM32H7xx_HAL_Driver/Src/stm32h7xx_hal_hsem.c **** /**
   2:Drivers/STM32H7xx_HAL_Driver/Src/stm32h7xx_hal_hsem.c ****   ******************************************************************************
   3:Drivers/STM32H7xx_HAL_Driver/Src/stm32h7xx_hal_hsem.c ****   * @file    stm32h7xx_hal_hsem.c
   4:Drivers/STM32H7xx_HAL_Driver/Src/stm32h7xx_hal_hsem.c ****   * @author  MCD Application Team
   5:Drivers/STM32H7xx_HAL_Driver/Src/stm32h7xx_hal_hsem.c ****   * @brief   HSEM HAL module driver.
   6:Drivers/STM32H7xx_HAL_Driver/Src/stm32h7xx_hal_hsem.c ****   *          This file provides firmware functions to manage the following
   7:Drivers/STM32H7xx_HAL_Driver/Src/stm32h7xx_hal_hsem.c ****   *          functionalities of the semaphore peripheral:
   8:Drivers/STM32H7xx_HAL_Driver/Src/stm32h7xx_hal_hsem.c ****   *           + Semaphore Take function (2-Step Procedure) , non blocking
   9:Drivers/STM32H7xx_HAL_Driver/Src/stm32h7xx_hal_hsem.c ****   *           + Semaphore FastTake function (1-Step Procedure) , non blocking
  10:Drivers/STM32H7xx_HAL_Driver/Src/stm32h7xx_hal_hsem.c ****   *           + Semaphore Status check
  11:Drivers/STM32H7xx_HAL_Driver/Src/stm32h7xx_hal_hsem.c ****   *           + Semaphore Clear Key Set and Get
  12:Drivers/STM32H7xx_HAL_Driver/Src/stm32h7xx_hal_hsem.c ****   *           + Release and release all functions
  13:Drivers/STM32H7xx_HAL_Driver/Src/stm32h7xx_hal_hsem.c ****   *           + Semaphore notification enabling and disabling and callnack functions
  14:Drivers/STM32H7xx_HAL_Driver/Src/stm32h7xx_hal_hsem.c ****   *           + IRQ handler management
  15:Drivers/STM32H7xx_HAL_Driver/Src/stm32h7xx_hal_hsem.c ****   *
  16:Drivers/STM32H7xx_HAL_Driver/Src/stm32h7xx_hal_hsem.c ****   *
  17:Drivers/STM32H7xx_HAL_Driver/Src/stm32h7xx_hal_hsem.c ****   ******************************************************************************
  18:Drivers/STM32H7xx_HAL_Driver/Src/stm32h7xx_hal_hsem.c ****   * @attention
  19:Drivers/STM32H7xx_HAL_Driver/Src/stm32h7xx_hal_hsem.c ****   *
  20:Drivers/STM32H7xx_HAL_Driver/Src/stm32h7xx_hal_hsem.c ****   * Copyright (c) 2017 STMicroelectronics.
  21:Drivers/STM32H7xx_HAL_Driver/Src/stm32h7xx_hal_hsem.c ****   * All rights reserved.
ARM GAS  C:\Users\thewo\AppData\Local\Temp\ccFQC4oN.s 			page 2


  22:Drivers/STM32H7xx_HAL_Driver/Src/stm32h7xx_hal_hsem.c ****   *
  23:Drivers/STM32H7xx_HAL_Driver/Src/stm32h7xx_hal_hsem.c ****   * This software is licensed under terms that can be found in the LICENSE file
  24:Drivers/STM32H7xx_HAL_Driver/Src/stm32h7xx_hal_hsem.c ****   * in the root directory of this software component.
  25:Drivers/STM32H7xx_HAL_Driver/Src/stm32h7xx_hal_hsem.c ****   * If no LICENSE file comes with this software, it is provided AS-IS.
  26:Drivers/STM32H7xx_HAL_Driver/Src/stm32h7xx_hal_hsem.c ****   *
  27:Drivers/STM32H7xx_HAL_Driver/Src/stm32h7xx_hal_hsem.c ****   ******************************************************************************
  28:Drivers/STM32H7xx_HAL_Driver/Src/stm32h7xx_hal_hsem.c ****   @verbatim
  29:Drivers/STM32H7xx_HAL_Driver/Src/stm32h7xx_hal_hsem.c ****   ==============================================================================
  30:Drivers/STM32H7xx_HAL_Driver/Src/stm32h7xx_hal_hsem.c ****                      ##### How to use this driver #####
  31:Drivers/STM32H7xx_HAL_Driver/Src/stm32h7xx_hal_hsem.c ****   ==============================================================================
  32:Drivers/STM32H7xx_HAL_Driver/Src/stm32h7xx_hal_hsem.c ****   [..]
  33:Drivers/STM32H7xx_HAL_Driver/Src/stm32h7xx_hal_hsem.c ****       (#)Take a semaphore In 2-Step mode Using function HAL_HSEM_Take. This function takes as param
  34:Drivers/STM32H7xx_HAL_Driver/Src/stm32h7xx_hal_hsem.c ****            (++) the semaphore ID from 0 to 31
  35:Drivers/STM32H7xx_HAL_Driver/Src/stm32h7xx_hal_hsem.c ****            (++) the process ID from 0 to 255
  36:Drivers/STM32H7xx_HAL_Driver/Src/stm32h7xx_hal_hsem.c ****       (#) Fast Take semaphore In 1-Step mode Using function HAL_HSEM_FastTake. This function takes 
  37:Drivers/STM32H7xx_HAL_Driver/Src/stm32h7xx_hal_hsem.c ****            (++) the semaphore ID from 0_ID to 31. Note that the process ID value is implicitly assu
  38:Drivers/STM32H7xx_HAL_Driver/Src/stm32h7xx_hal_hsem.c ****       (#) Check if a semaphore is Taken using function HAL_HSEM_IsSemTaken. This function takes as 
  39:Drivers/STM32H7xx_HAL_Driver/Src/stm32h7xx_hal_hsem.c ****           (++) the semaphore ID from 0_ID to 31
  40:Drivers/STM32H7xx_HAL_Driver/Src/stm32h7xx_hal_hsem.c ****           (++) It returns 1 if the given semaphore is taken otherwise (Free) zero
  41:Drivers/STM32H7xx_HAL_Driver/Src/stm32h7xx_hal_hsem.c ****       (#)Release a semaphore using function with HAL_HSEM_Release. This function takes as parameter
  42:Drivers/STM32H7xx_HAL_Driver/Src/stm32h7xx_hal_hsem.c ****            (++) the semaphore ID from 0 to 31
  43:Drivers/STM32H7xx_HAL_Driver/Src/stm32h7xx_hal_hsem.c ****            (++) the process ID from 0 to 255:
  44:Drivers/STM32H7xx_HAL_Driver/Src/stm32h7xx_hal_hsem.c ****            (++) Note: If ProcessID and MasterID match, semaphore is freed, and an interrupt
  45:Drivers/STM32H7xx_HAL_Driver/Src/stm32h7xx_hal_hsem.c ****          may be generated when enabled (notification activated). If ProcessID or MasterID does not 
  46:Drivers/STM32H7xx_HAL_Driver/Src/stm32h7xx_hal_hsem.c ****          semaphore remains taken (locked)
  47:Drivers/STM32H7xx_HAL_Driver/Src/stm32h7xx_hal_hsem.c **** 
  48:Drivers/STM32H7xx_HAL_Driver/Src/stm32h7xx_hal_hsem.c ****       (#)Release all semaphores at once taken by a given Master using function HAL_HSEM_Release_All
  49:Drivers/STM32H7xx_HAL_Driver/Src/stm32h7xx_hal_hsem.c ****           This function takes as parameters :
  50:Drivers/STM32H7xx_HAL_Driver/Src/stm32h7xx_hal_hsem.c ****            (++) the Release Key (value from 0 to 0xFFFF) can be Set or Get respectively by
  51:Drivers/STM32H7xx_HAL_Driver/Src/stm32h7xx_hal_hsem.c ****               HAL_HSEM_SetClearKey() or HAL_HSEM_GetClearKey functions
  52:Drivers/STM32H7xx_HAL_Driver/Src/stm32h7xx_hal_hsem.c ****            (++) the Master ID:
  53:Drivers/STM32H7xx_HAL_Driver/Src/stm32h7xx_hal_hsem.c ****            (++) Note: If the Key and MasterID match, all semaphores taken by the given CPU that cor
  54:Drivers/STM32H7xx_HAL_Driver/Src/stm32h7xx_hal_hsem.c ****            to MasterID  will be freed, and an interrupt may be generated when enabled (notification
  55:Drivers/STM32H7xx_HAL_Driver/Src/stm32h7xx_hal_hsem.c ****            Key or the MasterID doesn't match, semaphores remains taken (locked)
  56:Drivers/STM32H7xx_HAL_Driver/Src/stm32h7xx_hal_hsem.c **** 
  57:Drivers/STM32H7xx_HAL_Driver/Src/stm32h7xx_hal_hsem.c ****       (#)Semaphores Release all key functions:
  58:Drivers/STM32H7xx_HAL_Driver/Src/stm32h7xx_hal_hsem.c ****          (++)  HAL_HSEM_SetClearKey() to set semaphore release all Key
  59:Drivers/STM32H7xx_HAL_Driver/Src/stm32h7xx_hal_hsem.c ****          (++)  HAL_HSEM_GetClearKey() to get release all Key
  60:Drivers/STM32H7xx_HAL_Driver/Src/stm32h7xx_hal_hsem.c ****       (#)Semaphores notification functions :
  61:Drivers/STM32H7xx_HAL_Driver/Src/stm32h7xx_hal_hsem.c ****          (++)  HAL_HSEM_ActivateNotification to activate a notification callback on
  62:Drivers/STM32H7xx_HAL_Driver/Src/stm32h7xx_hal_hsem.c ****                a given semaphores Mask (bitfield). When one or more semaphores defined by the mask 
  63:Drivers/STM32H7xx_HAL_Driver/Src/stm32h7xx_hal_hsem.c ****                the callback HAL_HSEM_FreeCallback will be asserted giving as parameters a mask of t
  64:Drivers/STM32H7xx_HAL_Driver/Src/stm32h7xx_hal_hsem.c ****                semaphores (bitfield).
  65:Drivers/STM32H7xx_HAL_Driver/Src/stm32h7xx_hal_hsem.c **** 
  66:Drivers/STM32H7xx_HAL_Driver/Src/stm32h7xx_hal_hsem.c ****          (++)  HAL_HSEM_DeactivateNotification to deactivate the notification of a given semaphores
  67:Drivers/STM32H7xx_HAL_Driver/Src/stm32h7xx_hal_hsem.c ****          (++) See the description of the macro __HAL_HSEM_SEMID_TO_MASK to check how to calculate a
  68:Drivers/STM32H7xx_HAL_Driver/Src/stm32h7xx_hal_hsem.c ****                 Used by the notification functions
  69:Drivers/STM32H7xx_HAL_Driver/Src/stm32h7xx_hal_hsem.c ****      *** HSEM HAL driver macros list ***
  70:Drivers/STM32H7xx_HAL_Driver/Src/stm32h7xx_hal_hsem.c ****      =============================================
  71:Drivers/STM32H7xx_HAL_Driver/Src/stm32h7xx_hal_hsem.c ****      [..] Below the list of most used macros in HSEM HAL driver.
  72:Drivers/STM32H7xx_HAL_Driver/Src/stm32h7xx_hal_hsem.c **** 
  73:Drivers/STM32H7xx_HAL_Driver/Src/stm32h7xx_hal_hsem.c ****       (+) __HAL_HSEM_SEMID_TO_MASK: Helper macro to convert a Semaphore ID to a Mask.
  74:Drivers/STM32H7xx_HAL_Driver/Src/stm32h7xx_hal_hsem.c ****       [..] Example of use :
  75:Drivers/STM32H7xx_HAL_Driver/Src/stm32h7xx_hal_hsem.c ****       [..] mask = __HAL_HSEM_SEMID_TO_MASK(8)  |  __HAL_HSEM_SEMID_TO_MASK(21) | __HAL_HSEM_SEMID_T
  76:Drivers/STM32H7xx_HAL_Driver/Src/stm32h7xx_hal_hsem.c ****       [..] All next macros take as parameter a semaphore Mask (bitfiled) that can be constructed us
  77:Drivers/STM32H7xx_HAL_Driver/Src/stm32h7xx_hal_hsem.c ****       (+) __HAL_HSEM_ENABLE_IT: Enable the specified semaphores Mask interrupts.
  78:Drivers/STM32H7xx_HAL_Driver/Src/stm32h7xx_hal_hsem.c ****       (+) __HAL_HSEM_DISABLE_IT: Disable the specified semaphores Mask interrupts.
ARM GAS  C:\Users\thewo\AppData\Local\Temp\ccFQC4oN.s 			page 3


  79:Drivers/STM32H7xx_HAL_Driver/Src/stm32h7xx_hal_hsem.c ****       (+) __HAL_HSEM_GET_IT: Checks whether the specified semaphore interrupt has occurred or not.
  80:Drivers/STM32H7xx_HAL_Driver/Src/stm32h7xx_hal_hsem.c ****       (+) __HAL_HSEM_GET_FLAG: Get the semaphores status release flags.
  81:Drivers/STM32H7xx_HAL_Driver/Src/stm32h7xx_hal_hsem.c ****       (+) __HAL_HSEM_CLEAR_FLAG: Clear the semaphores status release flags.
  82:Drivers/STM32H7xx_HAL_Driver/Src/stm32h7xx_hal_hsem.c **** 
  83:Drivers/STM32H7xx_HAL_Driver/Src/stm32h7xx_hal_hsem.c ****   @endverbatim
  84:Drivers/STM32H7xx_HAL_Driver/Src/stm32h7xx_hal_hsem.c ****   ******************************************************************************
  85:Drivers/STM32H7xx_HAL_Driver/Src/stm32h7xx_hal_hsem.c ****   */
  86:Drivers/STM32H7xx_HAL_Driver/Src/stm32h7xx_hal_hsem.c **** 
  87:Drivers/STM32H7xx_HAL_Driver/Src/stm32h7xx_hal_hsem.c **** /* Includes ------------------------------------------------------------------*/
  88:Drivers/STM32H7xx_HAL_Driver/Src/stm32h7xx_hal_hsem.c **** #include "stm32h7xx_hal.h"
  89:Drivers/STM32H7xx_HAL_Driver/Src/stm32h7xx_hal_hsem.c **** 
  90:Drivers/STM32H7xx_HAL_Driver/Src/stm32h7xx_hal_hsem.c **** /** @addtogroup STM32H7xx_HAL_Driver
  91:Drivers/STM32H7xx_HAL_Driver/Src/stm32h7xx_hal_hsem.c ****   * @{
  92:Drivers/STM32H7xx_HAL_Driver/Src/stm32h7xx_hal_hsem.c ****   */
  93:Drivers/STM32H7xx_HAL_Driver/Src/stm32h7xx_hal_hsem.c **** 
  94:Drivers/STM32H7xx_HAL_Driver/Src/stm32h7xx_hal_hsem.c **** /** @defgroup HSEM HSEM
  95:Drivers/STM32H7xx_HAL_Driver/Src/stm32h7xx_hal_hsem.c ****   * @brief HSEM HAL module driver
  96:Drivers/STM32H7xx_HAL_Driver/Src/stm32h7xx_hal_hsem.c ****   * @{
  97:Drivers/STM32H7xx_HAL_Driver/Src/stm32h7xx_hal_hsem.c ****   */
  98:Drivers/STM32H7xx_HAL_Driver/Src/stm32h7xx_hal_hsem.c **** 
  99:Drivers/STM32H7xx_HAL_Driver/Src/stm32h7xx_hal_hsem.c **** #ifdef HAL_HSEM_MODULE_ENABLED
 100:Drivers/STM32H7xx_HAL_Driver/Src/stm32h7xx_hal_hsem.c **** 
 101:Drivers/STM32H7xx_HAL_Driver/Src/stm32h7xx_hal_hsem.c **** /* Private typedef -----------------------------------------------------------*/
 102:Drivers/STM32H7xx_HAL_Driver/Src/stm32h7xx_hal_hsem.c **** /* Private define ------------------------------------------------------------*/
 103:Drivers/STM32H7xx_HAL_Driver/Src/stm32h7xx_hal_hsem.c **** #if defined(DUAL_CORE)
 104:Drivers/STM32H7xx_HAL_Driver/Src/stm32h7xx_hal_hsem.c **** /** @defgroup HSEM_Private_Constants  HSEM Private Constants
 105:Drivers/STM32H7xx_HAL_Driver/Src/stm32h7xx_hal_hsem.c ****   * @{
 106:Drivers/STM32H7xx_HAL_Driver/Src/stm32h7xx_hal_hsem.c ****   */
 107:Drivers/STM32H7xx_HAL_Driver/Src/stm32h7xx_hal_hsem.c **** 
 108:Drivers/STM32H7xx_HAL_Driver/Src/stm32h7xx_hal_hsem.c **** #ifndef HSEM_R_MASTERID
 109:Drivers/STM32H7xx_HAL_Driver/Src/stm32h7xx_hal_hsem.c **** #define HSEM_R_MASTERID HSEM_R_COREID
 110:Drivers/STM32H7xx_HAL_Driver/Src/stm32h7xx_hal_hsem.c **** #endif
 111:Drivers/STM32H7xx_HAL_Driver/Src/stm32h7xx_hal_hsem.c **** 
 112:Drivers/STM32H7xx_HAL_Driver/Src/stm32h7xx_hal_hsem.c **** #ifndef HSEM_RLR_MASTERID
 113:Drivers/STM32H7xx_HAL_Driver/Src/stm32h7xx_hal_hsem.c **** #define HSEM_RLR_MASTERID HSEM_RLR_COREID
 114:Drivers/STM32H7xx_HAL_Driver/Src/stm32h7xx_hal_hsem.c **** #endif
 115:Drivers/STM32H7xx_HAL_Driver/Src/stm32h7xx_hal_hsem.c **** 
 116:Drivers/STM32H7xx_HAL_Driver/Src/stm32h7xx_hal_hsem.c **** #ifndef HSEM_CR_MASTERID
 117:Drivers/STM32H7xx_HAL_Driver/Src/stm32h7xx_hal_hsem.c **** #define HSEM_CR_MASTERID HSEM_CR_COREID
 118:Drivers/STM32H7xx_HAL_Driver/Src/stm32h7xx_hal_hsem.c **** #endif
 119:Drivers/STM32H7xx_HAL_Driver/Src/stm32h7xx_hal_hsem.c **** 
 120:Drivers/STM32H7xx_HAL_Driver/Src/stm32h7xx_hal_hsem.c **** /**
 121:Drivers/STM32H7xx_HAL_Driver/Src/stm32h7xx_hal_hsem.c ****   * @}
 122:Drivers/STM32H7xx_HAL_Driver/Src/stm32h7xx_hal_hsem.c ****   */
 123:Drivers/STM32H7xx_HAL_Driver/Src/stm32h7xx_hal_hsem.c **** #endif /* DUAL_CORE */
 124:Drivers/STM32H7xx_HAL_Driver/Src/stm32h7xx_hal_hsem.c **** /* Private macro -------------------------------------------------------------*/
 125:Drivers/STM32H7xx_HAL_Driver/Src/stm32h7xx_hal_hsem.c **** /* Private variables ---------------------------------------------------------*/
 126:Drivers/STM32H7xx_HAL_Driver/Src/stm32h7xx_hal_hsem.c **** /* Private function prototypes -----------------------------------------------*/
 127:Drivers/STM32H7xx_HAL_Driver/Src/stm32h7xx_hal_hsem.c **** /* Private functions ---------------------------------------------------------*/
 128:Drivers/STM32H7xx_HAL_Driver/Src/stm32h7xx_hal_hsem.c **** /* Exported functions --------------------------------------------------------*/
 129:Drivers/STM32H7xx_HAL_Driver/Src/stm32h7xx_hal_hsem.c **** 
 130:Drivers/STM32H7xx_HAL_Driver/Src/stm32h7xx_hal_hsem.c **** /** @defgroup HSEM_Exported_Functions  HSEM Exported Functions
 131:Drivers/STM32H7xx_HAL_Driver/Src/stm32h7xx_hal_hsem.c ****   * @{
 132:Drivers/STM32H7xx_HAL_Driver/Src/stm32h7xx_hal_hsem.c ****   */
 133:Drivers/STM32H7xx_HAL_Driver/Src/stm32h7xx_hal_hsem.c **** 
 134:Drivers/STM32H7xx_HAL_Driver/Src/stm32h7xx_hal_hsem.c **** /** @defgroup HSEM_Exported_Functions_Group1 Take and Release functions
 135:Drivers/STM32H7xx_HAL_Driver/Src/stm32h7xx_hal_hsem.c ****   *  @brief    HSEM Take and Release functions
ARM GAS  C:\Users\thewo\AppData\Local\Temp\ccFQC4oN.s 			page 4


 136:Drivers/STM32H7xx_HAL_Driver/Src/stm32h7xx_hal_hsem.c ****   *
 137:Drivers/STM32H7xx_HAL_Driver/Src/stm32h7xx_hal_hsem.c **** @verbatim
 138:Drivers/STM32H7xx_HAL_Driver/Src/stm32h7xx_hal_hsem.c ****  ==============================================================================
 139:Drivers/STM32H7xx_HAL_Driver/Src/stm32h7xx_hal_hsem.c ****               ##### HSEM Take and Release functions #####
 140:Drivers/STM32H7xx_HAL_Driver/Src/stm32h7xx_hal_hsem.c ****  ==============================================================================
 141:Drivers/STM32H7xx_HAL_Driver/Src/stm32h7xx_hal_hsem.c **** [..] This section provides functions allowing to:
 142:Drivers/STM32H7xx_HAL_Driver/Src/stm32h7xx_hal_hsem.c ****       (+) Take a semaphore with 2 Step method
 143:Drivers/STM32H7xx_HAL_Driver/Src/stm32h7xx_hal_hsem.c ****       (+) Fast Take a semaphore with 1 Step method
 144:Drivers/STM32H7xx_HAL_Driver/Src/stm32h7xx_hal_hsem.c ****       (+) Check semaphore state Taken or not
 145:Drivers/STM32H7xx_HAL_Driver/Src/stm32h7xx_hal_hsem.c ****       (+) Release a semaphore
 146:Drivers/STM32H7xx_HAL_Driver/Src/stm32h7xx_hal_hsem.c ****       (+) Release all semaphore at once
 147:Drivers/STM32H7xx_HAL_Driver/Src/stm32h7xx_hal_hsem.c **** 
 148:Drivers/STM32H7xx_HAL_Driver/Src/stm32h7xx_hal_hsem.c **** @endverbatim
 149:Drivers/STM32H7xx_HAL_Driver/Src/stm32h7xx_hal_hsem.c ****   * @{
 150:Drivers/STM32H7xx_HAL_Driver/Src/stm32h7xx_hal_hsem.c ****   */
 151:Drivers/STM32H7xx_HAL_Driver/Src/stm32h7xx_hal_hsem.c **** 
 152:Drivers/STM32H7xx_HAL_Driver/Src/stm32h7xx_hal_hsem.c **** 
 153:Drivers/STM32H7xx_HAL_Driver/Src/stm32h7xx_hal_hsem.c **** /**
 154:Drivers/STM32H7xx_HAL_Driver/Src/stm32h7xx_hal_hsem.c ****   * @brief  Take a semaphore in 2 Step mode.
 155:Drivers/STM32H7xx_HAL_Driver/Src/stm32h7xx_hal_hsem.c ****   * @param  SemID: semaphore ID from 0 to 31
 156:Drivers/STM32H7xx_HAL_Driver/Src/stm32h7xx_hal_hsem.c ****   * @param  ProcessID: Process ID from 0 to 255
 157:Drivers/STM32H7xx_HAL_Driver/Src/stm32h7xx_hal_hsem.c ****   * @retval HAL status
 158:Drivers/STM32H7xx_HAL_Driver/Src/stm32h7xx_hal_hsem.c ****   */
 159:Drivers/STM32H7xx_HAL_Driver/Src/stm32h7xx_hal_hsem.c **** HAL_StatusTypeDef  HAL_HSEM_Take(uint32_t SemID, uint32_t ProcessID)
 160:Drivers/STM32H7xx_HAL_Driver/Src/stm32h7xx_hal_hsem.c **** {
  34              		.loc 1 160 1 view -0
  35              		.cfi_startproc
  36              		@ args = 0, pretend = 0, frame = 0
  37              		@ frame_needed = 0, uses_anonymous_args = 0
  38              		.loc 1 160 1 is_stmt 0 view .LVU1
  39 0000 38B5     		push	{r3, r4, r5, lr}
  40              		.cfi_def_cfa_offset 16
  41              		.cfi_offset 3, -16
  42              		.cfi_offset 4, -12
  43              		.cfi_offset 5, -8
  44              		.cfi_offset 14, -4
  45 0002 0446     		mov	r4, r0
  46 0004 0D46     		mov	r5, r1
 161:Drivers/STM32H7xx_HAL_Driver/Src/stm32h7xx_hal_hsem.c ****   /* Check the parameters */
 162:Drivers/STM32H7xx_HAL_Driver/Src/stm32h7xx_hal_hsem.c ****   assert_param(IS_HSEM_SEMID(SemID));
  47              		.loc 1 162 3 is_stmt 1 view .LVU2
  48 0006 1F28     		cmp	r0, #31
  49 0008 0CD8     		bhi	.L7
  50              	.LVL1:
  51              	.L2:
 163:Drivers/STM32H7xx_HAL_Driver/Src/stm32h7xx_hal_hsem.c ****   assert_param(IS_HSEM_PROCESSID(ProcessID));
  52              		.loc 1 163 3 view .LVU3
  53 000a FF2D     		cmp	r5, #255
  54 000c 0FD8     		bhi	.L8
  55              	.L3:
 164:Drivers/STM32H7xx_HAL_Driver/Src/stm32h7xx_hal_hsem.c **** 
 165:Drivers/STM32H7xx_HAL_Driver/Src/stm32h7xx_hal_hsem.c **** #if  USE_MULTI_CORE_SHARED_CODE != 0U
 166:Drivers/STM32H7xx_HAL_Driver/Src/stm32h7xx_hal_hsem.c ****   /* First step  write R register with MasterID, processID and take bit=1*/
 167:Drivers/STM32H7xx_HAL_Driver/Src/stm32h7xx_hal_hsem.c ****   HSEM->R[SemID] = ((ProcessID & HSEM_R_PROCID) | ((HAL_GetCurrentCPUID() << POSITION_VAL(HSEM_R_MA
 168:Drivers/STM32H7xx_HAL_Driver/Src/stm32h7xx_hal_hsem.c **** 
 169:Drivers/STM32H7xx_HAL_Driver/Src/stm32h7xx_hal_hsem.c ****   /* second step : read the R register . Take achieved if MasterID and processID match and take bit
 170:Drivers/STM32H7xx_HAL_Driver/Src/stm32h7xx_hal_hsem.c ****   if (HSEM->R[SemID] == ((ProcessID & HSEM_R_PROCID) | ((HAL_GetCurrentCPUID() << POSITION_VAL(HSEM
ARM GAS  C:\Users\thewo\AppData\Local\Temp\ccFQC4oN.s 			page 5


 171:Drivers/STM32H7xx_HAL_Driver/Src/stm32h7xx_hal_hsem.c ****   {
 172:Drivers/STM32H7xx_HAL_Driver/Src/stm32h7xx_hal_hsem.c ****     /*take success when MasterID and ProcessID match and take bit set*/
 173:Drivers/STM32H7xx_HAL_Driver/Src/stm32h7xx_hal_hsem.c ****     return HAL_OK;
 174:Drivers/STM32H7xx_HAL_Driver/Src/stm32h7xx_hal_hsem.c ****   }
 175:Drivers/STM32H7xx_HAL_Driver/Src/stm32h7xx_hal_hsem.c **** #else
 176:Drivers/STM32H7xx_HAL_Driver/Src/stm32h7xx_hal_hsem.c ****   /* First step  write R register with MasterID, processID and take bit=1*/
 177:Drivers/STM32H7xx_HAL_Driver/Src/stm32h7xx_hal_hsem.c ****   HSEM->R[SemID] = (ProcessID | HSEM_CR_COREID_CURRENT | HSEM_R_LOCK);
  56              		.loc 1 177 3 view .LVU4
  57              		.loc 1 177 56 is_stmt 0 view .LVU5
  58 000e 0B4B     		ldr	r3, .L9
  59 0010 2B43     		orrs	r3, r3, r5
  60              		.loc 1 177 18 view .LVU6
  61 0012 0B4A     		ldr	r2, .L9+4
  62 0014 42F82430 		str	r3, [r2, r4, lsl #2]
 178:Drivers/STM32H7xx_HAL_Driver/Src/stm32h7xx_hal_hsem.c **** 
 179:Drivers/STM32H7xx_HAL_Driver/Src/stm32h7xx_hal_hsem.c ****   /* second step : read the R register . Take achieved if MasterID and processID match and take bit
 180:Drivers/STM32H7xx_HAL_Driver/Src/stm32h7xx_hal_hsem.c ****   if (HSEM->R[SemID] == (ProcessID | HSEM_CR_COREID_CURRENT | HSEM_R_LOCK))
  63              		.loc 1 180 3 is_stmt 1 view .LVU7
  64              		.loc 1 180 14 is_stmt 0 view .LVU8
  65 0018 52F82420 		ldr	r2, [r2, r4, lsl #2]
  66              		.loc 1 180 6 view .LVU9
  67 001c 9342     		cmp	r3, r2
  68 001e 0BD0     		beq	.L5
 181:Drivers/STM32H7xx_HAL_Driver/Src/stm32h7xx_hal_hsem.c ****   {
 182:Drivers/STM32H7xx_HAL_Driver/Src/stm32h7xx_hal_hsem.c ****     /*take success when MasterID and ProcessID match and take bit set*/
 183:Drivers/STM32H7xx_HAL_Driver/Src/stm32h7xx_hal_hsem.c ****     return HAL_OK;
 184:Drivers/STM32H7xx_HAL_Driver/Src/stm32h7xx_hal_hsem.c ****   }
 185:Drivers/STM32H7xx_HAL_Driver/Src/stm32h7xx_hal_hsem.c **** #endif
 186:Drivers/STM32H7xx_HAL_Driver/Src/stm32h7xx_hal_hsem.c **** 
 187:Drivers/STM32H7xx_HAL_Driver/Src/stm32h7xx_hal_hsem.c ****   /* Semaphore take fails*/
 188:Drivers/STM32H7xx_HAL_Driver/Src/stm32h7xx_hal_hsem.c ****   return HAL_ERROR;
  69              		.loc 1 188 10 view .LVU10
  70 0020 0120     		movs	r0, #1
  71              	.L4:
 189:Drivers/STM32H7xx_HAL_Driver/Src/stm32h7xx_hal_hsem.c **** }
  72              		.loc 1 189 1 view .LVU11
  73 0022 38BD     		pop	{r3, r4, r5, pc}
  74              	.LVL2:
  75              	.L7:
 162:Drivers/STM32H7xx_HAL_Driver/Src/stm32h7xx_hal_hsem.c ****   assert_param(IS_HSEM_PROCESSID(ProcessID));
  76              		.loc 1 162 3 discriminator 1 view .LVU12
  77 0024 A221     		movs	r1, #162
  78              	.LVL3:
 162:Drivers/STM32H7xx_HAL_Driver/Src/stm32h7xx_hal_hsem.c ****   assert_param(IS_HSEM_PROCESSID(ProcessID));
  79              		.loc 1 162 3 discriminator 1 view .LVU13
  80 0026 0748     		ldr	r0, .L9+8
  81              	.LVL4:
 162:Drivers/STM32H7xx_HAL_Driver/Src/stm32h7xx_hal_hsem.c ****   assert_param(IS_HSEM_PROCESSID(ProcessID));
  82              		.loc 1 162 3 discriminator 1 view .LVU14
  83 0028 FFF7FEFF 		bl	assert_failed
  84              	.LVL5:
  85 002c EDE7     		b	.L2
  86              	.L8:
 163:Drivers/STM32H7xx_HAL_Driver/Src/stm32h7xx_hal_hsem.c **** 
  87              		.loc 1 163 3 discriminator 1 view .LVU15
  88 002e A321     		movs	r1, #163
  89 0030 0448     		ldr	r0, .L9+8
ARM GAS  C:\Users\thewo\AppData\Local\Temp\ccFQC4oN.s 			page 6


  90 0032 FFF7FEFF 		bl	assert_failed
  91              	.LVL6:
  92 0036 EAE7     		b	.L3
  93              	.L5:
 183:Drivers/STM32H7xx_HAL_Driver/Src/stm32h7xx_hal_hsem.c ****   }
  94              		.loc 1 183 12 view .LVU16
  95 0038 0020     		movs	r0, #0
  96 003a F2E7     		b	.L4
  97              	.L10:
  98              		.align	2
  99              	.L9:
 100 003c 00030080 		.word	-2147482880
 101 0040 00640258 		.word	1476551680
 102 0044 00000000 		.word	.LC0
 103              		.cfi_endproc
 104              	.LFE350:
 106              		.section	.text.HAL_HSEM_FastTake,"ax",%progbits
 107              		.align	1
 108              		.global	HAL_HSEM_FastTake
 109              		.syntax unified
 110              		.thumb
 111              		.thumb_func
 113              	HAL_HSEM_FastTake:
 114              	.LVL7:
 115              	.LFB351:
 190:Drivers/STM32H7xx_HAL_Driver/Src/stm32h7xx_hal_hsem.c **** 
 191:Drivers/STM32H7xx_HAL_Driver/Src/stm32h7xx_hal_hsem.c **** /**
 192:Drivers/STM32H7xx_HAL_Driver/Src/stm32h7xx_hal_hsem.c ****   * @brief  Fast Take a semaphore with 1 Step mode.
 193:Drivers/STM32H7xx_HAL_Driver/Src/stm32h7xx_hal_hsem.c ****   * @param  SemID: semaphore ID from 0 to 31
 194:Drivers/STM32H7xx_HAL_Driver/Src/stm32h7xx_hal_hsem.c ****   * @retval HAL status
 195:Drivers/STM32H7xx_HAL_Driver/Src/stm32h7xx_hal_hsem.c ****   */
 196:Drivers/STM32H7xx_HAL_Driver/Src/stm32h7xx_hal_hsem.c **** HAL_StatusTypeDef HAL_HSEM_FastTake(uint32_t SemID)
 197:Drivers/STM32H7xx_HAL_Driver/Src/stm32h7xx_hal_hsem.c **** {
 116              		.loc 1 197 1 is_stmt 1 view -0
 117              		.cfi_startproc
 118              		@ args = 0, pretend = 0, frame = 0
 119              		@ frame_needed = 0, uses_anonymous_args = 0
 120              		.loc 1 197 1 is_stmt 0 view .LVU18
 121 0000 10B5     		push	{r4, lr}
 122              		.cfi_def_cfa_offset 8
 123              		.cfi_offset 4, -8
 124              		.cfi_offset 14, -4
 125 0002 0446     		mov	r4, r0
 198:Drivers/STM32H7xx_HAL_Driver/Src/stm32h7xx_hal_hsem.c ****   /* Check the parameters */
 199:Drivers/STM32H7xx_HAL_Driver/Src/stm32h7xx_hal_hsem.c ****   assert_param(IS_HSEM_SEMID(SemID));
 126              		.loc 1 199 3 is_stmt 1 view .LVU19
 127 0004 1F28     		cmp	r0, #31
 128 0006 08D8     		bhi	.L16
 129              	.LVL8:
 130              	.L12:
 200:Drivers/STM32H7xx_HAL_Driver/Src/stm32h7xx_hal_hsem.c **** 
 201:Drivers/STM32H7xx_HAL_Driver/Src/stm32h7xx_hal_hsem.c **** #if  USE_MULTI_CORE_SHARED_CODE != 0U
 202:Drivers/STM32H7xx_HAL_Driver/Src/stm32h7xx_hal_hsem.c ****   /* Read the RLR register to take the semaphore */
 203:Drivers/STM32H7xx_HAL_Driver/Src/stm32h7xx_hal_hsem.c ****   if (HSEM->RLR[SemID] == (((HAL_GetCurrentCPUID() << POSITION_VAL(HSEM_R_MASTERID)) & HSEM_RLR_MAS
 204:Drivers/STM32H7xx_HAL_Driver/Src/stm32h7xx_hal_hsem.c ****   {
 205:Drivers/STM32H7xx_HAL_Driver/Src/stm32h7xx_hal_hsem.c ****     /*take success when MasterID match and take bit set*/
 206:Drivers/STM32H7xx_HAL_Driver/Src/stm32h7xx_hal_hsem.c ****     return HAL_OK;
ARM GAS  C:\Users\thewo\AppData\Local\Temp\ccFQC4oN.s 			page 7


 207:Drivers/STM32H7xx_HAL_Driver/Src/stm32h7xx_hal_hsem.c ****   }
 208:Drivers/STM32H7xx_HAL_Driver/Src/stm32h7xx_hal_hsem.c **** #else
 209:Drivers/STM32H7xx_HAL_Driver/Src/stm32h7xx_hal_hsem.c ****   /* Read the RLR register to take the semaphore */
 210:Drivers/STM32H7xx_HAL_Driver/Src/stm32h7xx_hal_hsem.c ****   if (HSEM->RLR[SemID] == (HSEM_CR_COREID_CURRENT | HSEM_RLR_LOCK))
 131              		.loc 1 210 3 view .LVU20
 132              		.loc 1 210 16 is_stmt 0 view .LVU21
 133 0008 2034     		adds	r4, r4, #32
 134              	.LVL9:
 135              		.loc 1 210 16 view .LVU22
 136 000a 074B     		ldr	r3, .L17
 137 000c 53F82420 		ldr	r2, [r3, r4, lsl #2]
 138              		.loc 1 210 6 view .LVU23
 139 0010 064B     		ldr	r3, .L17+4
 140 0012 9A42     		cmp	r2, r3
 141 0014 06D0     		beq	.L14
 211:Drivers/STM32H7xx_HAL_Driver/Src/stm32h7xx_hal_hsem.c ****   {
 212:Drivers/STM32H7xx_HAL_Driver/Src/stm32h7xx_hal_hsem.c ****     /*take success when MasterID match and take bit set*/
 213:Drivers/STM32H7xx_HAL_Driver/Src/stm32h7xx_hal_hsem.c ****     return HAL_OK;
 214:Drivers/STM32H7xx_HAL_Driver/Src/stm32h7xx_hal_hsem.c ****   }
 215:Drivers/STM32H7xx_HAL_Driver/Src/stm32h7xx_hal_hsem.c **** #endif
 216:Drivers/STM32H7xx_HAL_Driver/Src/stm32h7xx_hal_hsem.c **** 
 217:Drivers/STM32H7xx_HAL_Driver/Src/stm32h7xx_hal_hsem.c ****   /* Semaphore take fails */
 218:Drivers/STM32H7xx_HAL_Driver/Src/stm32h7xx_hal_hsem.c ****   return HAL_ERROR;
 142              		.loc 1 218 10 view .LVU24
 143 0016 0120     		movs	r0, #1
 144              	.L13:
 219:Drivers/STM32H7xx_HAL_Driver/Src/stm32h7xx_hal_hsem.c **** }
 145              		.loc 1 219 1 view .LVU25
 146 0018 10BD     		pop	{r4, pc}
 147              	.LVL10:
 148              	.L16:
 199:Drivers/STM32H7xx_HAL_Driver/Src/stm32h7xx_hal_hsem.c **** 
 149              		.loc 1 199 3 discriminator 1 view .LVU26
 150 001a C721     		movs	r1, #199
 151 001c 0448     		ldr	r0, .L17+8
 152              	.LVL11:
 199:Drivers/STM32H7xx_HAL_Driver/Src/stm32h7xx_hal_hsem.c **** 
 153              		.loc 1 199 3 discriminator 1 view .LVU27
 154 001e FFF7FEFF 		bl	assert_failed
 155              	.LVL12:
 156 0022 F1E7     		b	.L12
 157              	.LVL13:
 158              	.L14:
 213:Drivers/STM32H7xx_HAL_Driver/Src/stm32h7xx_hal_hsem.c ****   }
 159              		.loc 1 213 12 view .LVU28
 160 0024 0020     		movs	r0, #0
 161 0026 F7E7     		b	.L13
 162              	.L18:
 163              		.align	2
 164              	.L17:
 165 0028 00640258 		.word	1476551680
 166 002c 00030080 		.word	-2147482880
 167 0030 00000000 		.word	.LC0
 168              		.cfi_endproc
 169              	.LFE351:
 171              		.section	.text.HAL_HSEM_IsSemTaken,"ax",%progbits
 172              		.align	1
ARM GAS  C:\Users\thewo\AppData\Local\Temp\ccFQC4oN.s 			page 8


 173              		.global	HAL_HSEM_IsSemTaken
 174              		.syntax unified
 175              		.thumb
 176              		.thumb_func
 178              	HAL_HSEM_IsSemTaken:
 179              	.LVL14:
 180              	.LFB352:
 220:Drivers/STM32H7xx_HAL_Driver/Src/stm32h7xx_hal_hsem.c **** /**
 221:Drivers/STM32H7xx_HAL_Driver/Src/stm32h7xx_hal_hsem.c ****   * @brief  Check semaphore state Taken or not.
 222:Drivers/STM32H7xx_HAL_Driver/Src/stm32h7xx_hal_hsem.c ****   * @param  SemID: semaphore ID
 223:Drivers/STM32H7xx_HAL_Driver/Src/stm32h7xx_hal_hsem.c ****   * @retval HAL HSEM state
 224:Drivers/STM32H7xx_HAL_Driver/Src/stm32h7xx_hal_hsem.c ****   */
 225:Drivers/STM32H7xx_HAL_Driver/Src/stm32h7xx_hal_hsem.c **** uint32_t HAL_HSEM_IsSemTaken(uint32_t SemID)
 226:Drivers/STM32H7xx_HAL_Driver/Src/stm32h7xx_hal_hsem.c **** {
 181              		.loc 1 226 1 is_stmt 1 view -0
 182              		.cfi_startproc
 183              		@ args = 0, pretend = 0, frame = 0
 184              		@ frame_needed = 0, uses_anonymous_args = 0
 185              		@ link register save eliminated.
 227:Drivers/STM32H7xx_HAL_Driver/Src/stm32h7xx_hal_hsem.c ****   return (((HSEM->R[SemID] & HSEM_R_LOCK) != 0U) ? 1UL : 0UL);
 186              		.loc 1 227 3 view .LVU30
 187              		.loc 1 227 20 is_stmt 0 view .LVU31
 188 0000 044B     		ldr	r3, .L23
 189 0002 53F82030 		ldr	r3, [r3, r0, lsl #2]
 190              		.loc 1 227 56 view .LVU32
 191 0006 002B     		cmp	r3, #0
 192 0008 01DB     		blt	.L22
 193              		.loc 1 227 56 discriminator 2 view .LVU33
 194 000a 0020     		movs	r0, #0
 195              	.LVL15:
 228:Drivers/STM32H7xx_HAL_Driver/Src/stm32h7xx_hal_hsem.c **** }
 196              		.loc 1 228 1 view .LVU34
 197 000c 7047     		bx	lr
 198              	.LVL16:
 199              	.L22:
 227:Drivers/STM32H7xx_HAL_Driver/Src/stm32h7xx_hal_hsem.c ****   return (((HSEM->R[SemID] & HSEM_R_LOCK) != 0U) ? 1UL : 0UL);
 200              		.loc 1 227 56 discriminator 1 view .LVU35
 201 000e 0120     		movs	r0, #1
 202              	.LVL17:
 227:Drivers/STM32H7xx_HAL_Driver/Src/stm32h7xx_hal_hsem.c ****   return (((HSEM->R[SemID] & HSEM_R_LOCK) != 0U) ? 1UL : 0UL);
 203              		.loc 1 227 56 discriminator 1 view .LVU36
 204 0010 7047     		bx	lr
 205              	.L24:
 206 0012 00BF     		.align	2
 207              	.L23:
 208 0014 00640258 		.word	1476551680
 209              		.cfi_endproc
 210              	.LFE352:
 212              		.section	.text.HAL_HSEM_Release,"ax",%progbits
 213              		.align	1
 214              		.global	HAL_HSEM_Release
 215              		.syntax unified
 216              		.thumb
 217              		.thumb_func
 219              	HAL_HSEM_Release:
 220              	.LVL18:
 221              	.LFB353:
ARM GAS  C:\Users\thewo\AppData\Local\Temp\ccFQC4oN.s 			page 9


 229:Drivers/STM32H7xx_HAL_Driver/Src/stm32h7xx_hal_hsem.c **** 
 230:Drivers/STM32H7xx_HAL_Driver/Src/stm32h7xx_hal_hsem.c **** 
 231:Drivers/STM32H7xx_HAL_Driver/Src/stm32h7xx_hal_hsem.c **** /**
 232:Drivers/STM32H7xx_HAL_Driver/Src/stm32h7xx_hal_hsem.c ****   * @brief  Release a semaphore.
 233:Drivers/STM32H7xx_HAL_Driver/Src/stm32h7xx_hal_hsem.c ****   * @param  SemID: semaphore ID from 0 to 31
 234:Drivers/STM32H7xx_HAL_Driver/Src/stm32h7xx_hal_hsem.c ****   * @param  ProcessID: Process ID from 0 to 255
 235:Drivers/STM32H7xx_HAL_Driver/Src/stm32h7xx_hal_hsem.c ****   * @retval None
 236:Drivers/STM32H7xx_HAL_Driver/Src/stm32h7xx_hal_hsem.c ****   */
 237:Drivers/STM32H7xx_HAL_Driver/Src/stm32h7xx_hal_hsem.c **** void  HAL_HSEM_Release(uint32_t SemID, uint32_t ProcessID)
 238:Drivers/STM32H7xx_HAL_Driver/Src/stm32h7xx_hal_hsem.c **** {
 222              		.loc 1 238 1 is_stmt 1 view -0
 223              		.cfi_startproc
 224              		@ args = 0, pretend = 0, frame = 0
 225              		@ frame_needed = 0, uses_anonymous_args = 0
 226              		.loc 1 238 1 is_stmt 0 view .LVU38
 227 0000 38B5     		push	{r3, r4, r5, lr}
 228              		.cfi_def_cfa_offset 16
 229              		.cfi_offset 3, -16
 230              		.cfi_offset 4, -12
 231              		.cfi_offset 5, -8
 232              		.cfi_offset 14, -4
 233 0002 0546     		mov	r5, r0
 234 0004 0C46     		mov	r4, r1
 239:Drivers/STM32H7xx_HAL_Driver/Src/stm32h7xx_hal_hsem.c ****   /* Check the parameters */
 240:Drivers/STM32H7xx_HAL_Driver/Src/stm32h7xx_hal_hsem.c ****   assert_param(IS_HSEM_SEMID(SemID));
 235              		.loc 1 240 3 is_stmt 1 view .LVU39
 236 0006 1F28     		cmp	r0, #31
 237 0008 07D8     		bhi	.L29
 238              	.LVL19:
 239              	.L26:
 241:Drivers/STM32H7xx_HAL_Driver/Src/stm32h7xx_hal_hsem.c ****   assert_param(IS_HSEM_PROCESSID(ProcessID));
 240              		.loc 1 241 3 view .LVU40
 241 000a FF2C     		cmp	r4, #255
 242 000c 0AD8     		bhi	.L30
 243              	.L27:
 242:Drivers/STM32H7xx_HAL_Driver/Src/stm32h7xx_hal_hsem.c **** 
 243:Drivers/STM32H7xx_HAL_Driver/Src/stm32h7xx_hal_hsem.c ****   /* Clear the semaphore by writing to the R register : the MasterID , the processID and take bit =
 244:Drivers/STM32H7xx_HAL_Driver/Src/stm32h7xx_hal_hsem.c **** #if  USE_MULTI_CORE_SHARED_CODE != 0U
 245:Drivers/STM32H7xx_HAL_Driver/Src/stm32h7xx_hal_hsem.c ****   HSEM->R[SemID] = (ProcessID | ((HAL_GetCurrentCPUID() << POSITION_VAL(HSEM_R_MASTERID)) & HSEM_R_
 246:Drivers/STM32H7xx_HAL_Driver/Src/stm32h7xx_hal_hsem.c **** #else
 247:Drivers/STM32H7xx_HAL_Driver/Src/stm32h7xx_hal_hsem.c ****   HSEM->R[SemID] = (ProcessID | HSEM_CR_COREID_CURRENT);
 244              		.loc 1 247 3 view .LVU41
 245              		.loc 1 247 31 is_stmt 0 view .LVU42
 246 000e 44F44074 		orr	r4, r4, #768
 247              	.LVL20:
 248              		.loc 1 247 18 view .LVU43
 249 0012 074B     		ldr	r3, .L31
 250 0014 43F82540 		str	r4, [r3, r5, lsl #2]
 248:Drivers/STM32H7xx_HAL_Driver/Src/stm32h7xx_hal_hsem.c **** #endif
 249:Drivers/STM32H7xx_HAL_Driver/Src/stm32h7xx_hal_hsem.c **** 
 250:Drivers/STM32H7xx_HAL_Driver/Src/stm32h7xx_hal_hsem.c **** }
 251              		.loc 1 250 1 view .LVU44
 252 0018 38BD     		pop	{r3, r4, r5, pc}
 253              	.LVL21:
 254              	.L29:
 240:Drivers/STM32H7xx_HAL_Driver/Src/stm32h7xx_hal_hsem.c ****   assert_param(IS_HSEM_PROCESSID(ProcessID));
 255              		.loc 1 240 3 discriminator 1 view .LVU45
ARM GAS  C:\Users\thewo\AppData\Local\Temp\ccFQC4oN.s 			page 10


 256 001a F021     		movs	r1, #240
 257              	.LVL22:
 240:Drivers/STM32H7xx_HAL_Driver/Src/stm32h7xx_hal_hsem.c ****   assert_param(IS_HSEM_PROCESSID(ProcessID));
 258              		.loc 1 240 3 discriminator 1 view .LVU46
 259 001c 0548     		ldr	r0, .L31+4
 260              	.LVL23:
 240:Drivers/STM32H7xx_HAL_Driver/Src/stm32h7xx_hal_hsem.c ****   assert_param(IS_HSEM_PROCESSID(ProcessID));
 261              		.loc 1 240 3 discriminator 1 view .LVU47
 262 001e FFF7FEFF 		bl	assert_failed
 263              	.LVL24:
 264 0022 F2E7     		b	.L26
 265              	.L30:
 241:Drivers/STM32H7xx_HAL_Driver/Src/stm32h7xx_hal_hsem.c **** 
 266              		.loc 1 241 3 discriminator 1 view .LVU48
 267 0024 F121     		movs	r1, #241
 268 0026 0348     		ldr	r0, .L31+4
 269 0028 FFF7FEFF 		bl	assert_failed
 270              	.LVL25:
 271 002c EFE7     		b	.L27
 272              	.L32:
 273 002e 00BF     		.align	2
 274              	.L31:
 275 0030 00640258 		.word	1476551680
 276 0034 00000000 		.word	.LC0
 277              		.cfi_endproc
 278              	.LFE353:
 280              		.section	.text.HAL_HSEM_ReleaseAll,"ax",%progbits
 281              		.align	1
 282              		.global	HAL_HSEM_ReleaseAll
 283              		.syntax unified
 284              		.thumb
 285              		.thumb_func
 287              	HAL_HSEM_ReleaseAll:
 288              	.LVL26:
 289              	.LFB354:
 251:Drivers/STM32H7xx_HAL_Driver/Src/stm32h7xx_hal_hsem.c **** 
 252:Drivers/STM32H7xx_HAL_Driver/Src/stm32h7xx_hal_hsem.c **** /**
 253:Drivers/STM32H7xx_HAL_Driver/Src/stm32h7xx_hal_hsem.c ****   * @brief  Release All semaphore used by a given Master .
 254:Drivers/STM32H7xx_HAL_Driver/Src/stm32h7xx_hal_hsem.c ****   * @param  Key: Semaphore Key , value from 0 to 0xFFFF
 255:Drivers/STM32H7xx_HAL_Driver/Src/stm32h7xx_hal_hsem.c ****   * @param  CoreID: CoreID of the CPU that is using semaphores to be released
 256:Drivers/STM32H7xx_HAL_Driver/Src/stm32h7xx_hal_hsem.c ****   * @retval None
 257:Drivers/STM32H7xx_HAL_Driver/Src/stm32h7xx_hal_hsem.c ****   */
 258:Drivers/STM32H7xx_HAL_Driver/Src/stm32h7xx_hal_hsem.c **** void HAL_HSEM_ReleaseAll(uint32_t Key, uint32_t CoreID)
 259:Drivers/STM32H7xx_HAL_Driver/Src/stm32h7xx_hal_hsem.c **** {
 290              		.loc 1 259 1 is_stmt 1 view -0
 291              		.cfi_startproc
 292              		@ args = 0, pretend = 0, frame = 0
 293              		@ frame_needed = 0, uses_anonymous_args = 0
 294              		.loc 1 259 1 is_stmt 0 view .LVU50
 295 0000 38B5     		push	{r3, r4, r5, lr}
 296              		.cfi_def_cfa_offset 16
 297              		.cfi_offset 3, -16
 298              		.cfi_offset 4, -12
 299              		.cfi_offset 5, -8
 300              		.cfi_offset 14, -4
 301 0002 0546     		mov	r5, r0
 302 0004 0C46     		mov	r4, r1
ARM GAS  C:\Users\thewo\AppData\Local\Temp\ccFQC4oN.s 			page 11


 260:Drivers/STM32H7xx_HAL_Driver/Src/stm32h7xx_hal_hsem.c ****   assert_param(IS_HSEM_KEY(Key));
 303              		.loc 1 260 3 is_stmt 1 view .LVU51
 304 0006 B0F5803F 		cmp	r0, #65536
 305 000a 08D2     		bcs	.L37
 306              	.LVL27:
 307              	.L34:
 261:Drivers/STM32H7xx_HAL_Driver/Src/stm32h7xx_hal_hsem.c ****   assert_param(IS_HSEM_COREID(CoreID));
 308              		.loc 1 261 3 view .LVU52
 309 000c 032C     		cmp	r4, #3
 310 000e 0CD1     		bne	.L38
 311              	.L35:
 262:Drivers/STM32H7xx_HAL_Driver/Src/stm32h7xx_hal_hsem.c **** 
 263:Drivers/STM32H7xx_HAL_Driver/Src/stm32h7xx_hal_hsem.c ****   HSEM->CR = ((Key << HSEM_CR_KEY_Pos) | (CoreID << HSEM_CR_COREID_Pos));
 312              		.loc 1 263 3 view .LVU53
 313              		.loc 1 263 50 is_stmt 0 view .LVU54
 314 0010 2402     		lsls	r4, r4, #8
 315              	.LVL28:
 316              		.loc 1 263 40 view .LVU55
 317 0012 44EA0544 		orr	r4, r4, r5, lsl #16
 318              		.loc 1 263 12 view .LVU56
 319 0016 084B     		ldr	r3, .L39
 320 0018 C3F84041 		str	r4, [r3, #320]
 264:Drivers/STM32H7xx_HAL_Driver/Src/stm32h7xx_hal_hsem.c **** }
 321              		.loc 1 264 1 view .LVU57
 322 001c 38BD     		pop	{r3, r4, r5, pc}
 323              	.LVL29:
 324              	.L37:
 260:Drivers/STM32H7xx_HAL_Driver/Src/stm32h7xx_hal_hsem.c ****   assert_param(IS_HSEM_COREID(CoreID));
 325              		.loc 1 260 3 discriminator 1 view .LVU58
 326 001e 4FF48271 		mov	r1, #260
 327              	.LVL30:
 260:Drivers/STM32H7xx_HAL_Driver/Src/stm32h7xx_hal_hsem.c ****   assert_param(IS_HSEM_COREID(CoreID));
 328              		.loc 1 260 3 discriminator 1 view .LVU59
 329 0022 0648     		ldr	r0, .L39+4
 330              	.LVL31:
 260:Drivers/STM32H7xx_HAL_Driver/Src/stm32h7xx_hal_hsem.c ****   assert_param(IS_HSEM_COREID(CoreID));
 331              		.loc 1 260 3 discriminator 1 view .LVU60
 332 0024 FFF7FEFF 		bl	assert_failed
 333              	.LVL32:
 334 0028 F0E7     		b	.L34
 335              	.L38:
 261:Drivers/STM32H7xx_HAL_Driver/Src/stm32h7xx_hal_hsem.c **** 
 336              		.loc 1 261 3 discriminator 1 view .LVU61
 337 002a 40F20511 		movw	r1, #261
 338 002e 0348     		ldr	r0, .L39+4
 339 0030 FFF7FEFF 		bl	assert_failed
 340              	.LVL33:
 341 0034 ECE7     		b	.L35
 342              	.L40:
 343 0036 00BF     		.align	2
 344              	.L39:
 345 0038 00640258 		.word	1476551680
 346 003c 00000000 		.word	.LC0
 347              		.cfi_endproc
 348              	.LFE354:
 350              		.section	.text.HAL_HSEM_SetClearKey,"ax",%progbits
 351              		.align	1
ARM GAS  C:\Users\thewo\AppData\Local\Temp\ccFQC4oN.s 			page 12


 352              		.global	HAL_HSEM_SetClearKey
 353              		.syntax unified
 354              		.thumb
 355              		.thumb_func
 357              	HAL_HSEM_SetClearKey:
 358              	.LVL34:
 359              	.LFB355:
 265:Drivers/STM32H7xx_HAL_Driver/Src/stm32h7xx_hal_hsem.c **** 
 266:Drivers/STM32H7xx_HAL_Driver/Src/stm32h7xx_hal_hsem.c **** /**
 267:Drivers/STM32H7xx_HAL_Driver/Src/stm32h7xx_hal_hsem.c ****   * @}
 268:Drivers/STM32H7xx_HAL_Driver/Src/stm32h7xx_hal_hsem.c ****   */
 269:Drivers/STM32H7xx_HAL_Driver/Src/stm32h7xx_hal_hsem.c **** 
 270:Drivers/STM32H7xx_HAL_Driver/Src/stm32h7xx_hal_hsem.c **** /** @defgroup HSEM_Exported_Functions_Group2 HSEM Set and Get Key functions
 271:Drivers/STM32H7xx_HAL_Driver/Src/stm32h7xx_hal_hsem.c ****   *  @brief    HSEM Set and Get Key functions.
 272:Drivers/STM32H7xx_HAL_Driver/Src/stm32h7xx_hal_hsem.c ****   *
 273:Drivers/STM32H7xx_HAL_Driver/Src/stm32h7xx_hal_hsem.c **** @verbatim
 274:Drivers/STM32H7xx_HAL_Driver/Src/stm32h7xx_hal_hsem.c ****   ==============================================================================
 275:Drivers/STM32H7xx_HAL_Driver/Src/stm32h7xx_hal_hsem.c ****               ##### HSEM Set and Get Key functions #####
 276:Drivers/STM32H7xx_HAL_Driver/Src/stm32h7xx_hal_hsem.c ****   ==============================================================================
 277:Drivers/STM32H7xx_HAL_Driver/Src/stm32h7xx_hal_hsem.c ****     [..]  This section provides functions allowing to:
 278:Drivers/STM32H7xx_HAL_Driver/Src/stm32h7xx_hal_hsem.c ****       (+) Set semaphore Key
 279:Drivers/STM32H7xx_HAL_Driver/Src/stm32h7xx_hal_hsem.c ****       (+) Get semaphore Key
 280:Drivers/STM32H7xx_HAL_Driver/Src/stm32h7xx_hal_hsem.c **** @endverbatim
 281:Drivers/STM32H7xx_HAL_Driver/Src/stm32h7xx_hal_hsem.c **** 
 282:Drivers/STM32H7xx_HAL_Driver/Src/stm32h7xx_hal_hsem.c ****   * @{
 283:Drivers/STM32H7xx_HAL_Driver/Src/stm32h7xx_hal_hsem.c ****   */
 284:Drivers/STM32H7xx_HAL_Driver/Src/stm32h7xx_hal_hsem.c **** 
 285:Drivers/STM32H7xx_HAL_Driver/Src/stm32h7xx_hal_hsem.c **** /**
 286:Drivers/STM32H7xx_HAL_Driver/Src/stm32h7xx_hal_hsem.c ****   * @brief  Set semaphore Key .
 287:Drivers/STM32H7xx_HAL_Driver/Src/stm32h7xx_hal_hsem.c ****   * @param  Key: Semaphore Key , value from 0 to 0xFFFF
 288:Drivers/STM32H7xx_HAL_Driver/Src/stm32h7xx_hal_hsem.c ****   * @retval None
 289:Drivers/STM32H7xx_HAL_Driver/Src/stm32h7xx_hal_hsem.c ****   */
 290:Drivers/STM32H7xx_HAL_Driver/Src/stm32h7xx_hal_hsem.c **** void  HAL_HSEM_SetClearKey(uint32_t Key)
 291:Drivers/STM32H7xx_HAL_Driver/Src/stm32h7xx_hal_hsem.c **** {
 360              		.loc 1 291 1 is_stmt 1 view -0
 361              		.cfi_startproc
 362              		@ args = 0, pretend = 0, frame = 0
 363              		@ frame_needed = 0, uses_anonymous_args = 0
 364              		.loc 1 291 1 is_stmt 0 view .LVU63
 365 0000 10B5     		push	{r4, lr}
 366              		.cfi_def_cfa_offset 8
 367              		.cfi_offset 4, -8
 368              		.cfi_offset 14, -4
 369 0002 0446     		mov	r4, r0
 292:Drivers/STM32H7xx_HAL_Driver/Src/stm32h7xx_hal_hsem.c ****   assert_param(IS_HSEM_KEY(Key));
 370              		.loc 1 292 3 is_stmt 1 view .LVU64
 371 0004 B0F5803F 		cmp	r0, #65536
 372 0008 08D2     		bcs	.L44
 373              	.LVL35:
 374              	.L42:
 293:Drivers/STM32H7xx_HAL_Driver/Src/stm32h7xx_hal_hsem.c **** 
 294:Drivers/STM32H7xx_HAL_Driver/Src/stm32h7xx_hal_hsem.c ****   MODIFY_REG(HSEM->KEYR, HSEM_KEYR_KEY, (Key << HSEM_KEYR_KEY_Pos));
 375              		.loc 1 294 3 view .LVU65
 376 000a 074A     		ldr	r2, .L45
 377 000c D2F84431 		ldr	r3, [r2, #324]
 378 0010 9BB2     		uxth	r3, r3
 379 0012 43EA0443 		orr	r3, r3, r4, lsl #16
ARM GAS  C:\Users\thewo\AppData\Local\Temp\ccFQC4oN.s 			page 13


 380 0016 C2F84431 		str	r3, [r2, #324]
 295:Drivers/STM32H7xx_HAL_Driver/Src/stm32h7xx_hal_hsem.c **** 
 296:Drivers/STM32H7xx_HAL_Driver/Src/stm32h7xx_hal_hsem.c **** }
 381              		.loc 1 296 1 is_stmt 0 view .LVU66
 382 001a 10BD     		pop	{r4, pc}
 383              	.LVL36:
 384              	.L44:
 292:Drivers/STM32H7xx_HAL_Driver/Src/stm32h7xx_hal_hsem.c **** 
 385              		.loc 1 292 3 discriminator 1 view .LVU67
 386 001c 4FF49271 		mov	r1, #292
 387 0020 0248     		ldr	r0, .L45+4
 388              	.LVL37:
 292:Drivers/STM32H7xx_HAL_Driver/Src/stm32h7xx_hal_hsem.c **** 
 389              		.loc 1 292 3 discriminator 1 view .LVU68
 390 0022 FFF7FEFF 		bl	assert_failed
 391              	.LVL38:
 392 0026 F0E7     		b	.L42
 393              	.L46:
 394              		.align	2
 395              	.L45:
 396 0028 00640258 		.word	1476551680
 397 002c 00000000 		.word	.LC0
 398              		.cfi_endproc
 399              	.LFE355:
 401              		.section	.text.HAL_HSEM_GetClearKey,"ax",%progbits
 402              		.align	1
 403              		.global	HAL_HSEM_GetClearKey
 404              		.syntax unified
 405              		.thumb
 406              		.thumb_func
 408              	HAL_HSEM_GetClearKey:
 409              	.LFB356:
 297:Drivers/STM32H7xx_HAL_Driver/Src/stm32h7xx_hal_hsem.c **** 
 298:Drivers/STM32H7xx_HAL_Driver/Src/stm32h7xx_hal_hsem.c **** /**
 299:Drivers/STM32H7xx_HAL_Driver/Src/stm32h7xx_hal_hsem.c ****   * @brief  Get semaphore Key .
 300:Drivers/STM32H7xx_HAL_Driver/Src/stm32h7xx_hal_hsem.c ****   * @retval Semaphore Key , value from 0 to 0xFFFF
 301:Drivers/STM32H7xx_HAL_Driver/Src/stm32h7xx_hal_hsem.c ****   */
 302:Drivers/STM32H7xx_HAL_Driver/Src/stm32h7xx_hal_hsem.c **** uint32_t HAL_HSEM_GetClearKey(void)
 303:Drivers/STM32H7xx_HAL_Driver/Src/stm32h7xx_hal_hsem.c **** {
 410              		.loc 1 303 1 is_stmt 1 view -0
 411              		.cfi_startproc
 412              		@ args = 0, pretend = 0, frame = 0
 413              		@ frame_needed = 0, uses_anonymous_args = 0
 414              		@ link register save eliminated.
 304:Drivers/STM32H7xx_HAL_Driver/Src/stm32h7xx_hal_hsem.c ****   return (HSEM->KEYR >> HSEM_KEYR_KEY_Pos);
 415              		.loc 1 304 3 view .LVU70
 416              		.loc 1 304 15 is_stmt 0 view .LVU71
 417 0000 024B     		ldr	r3, .L48
 418 0002 D3F84401 		ldr	r0, [r3, #324]
 305:Drivers/STM32H7xx_HAL_Driver/Src/stm32h7xx_hal_hsem.c **** }
 419              		.loc 1 305 1 view .LVU72
 420 0006 000C     		lsrs	r0, r0, #16
 421 0008 7047     		bx	lr
 422              	.L49:
 423 000a 00BF     		.align	2
 424              	.L48:
 425 000c 00640258 		.word	1476551680
ARM GAS  C:\Users\thewo\AppData\Local\Temp\ccFQC4oN.s 			page 14


 426              		.cfi_endproc
 427              	.LFE356:
 429              		.section	.text.HAL_HSEM_ActivateNotification,"ax",%progbits
 430              		.align	1
 431              		.global	HAL_HSEM_ActivateNotification
 432              		.syntax unified
 433              		.thumb
 434              		.thumb_func
 436              	HAL_HSEM_ActivateNotification:
 437              	.LVL39:
 438              	.LFB357:
 306:Drivers/STM32H7xx_HAL_Driver/Src/stm32h7xx_hal_hsem.c **** 
 307:Drivers/STM32H7xx_HAL_Driver/Src/stm32h7xx_hal_hsem.c **** /**
 308:Drivers/STM32H7xx_HAL_Driver/Src/stm32h7xx_hal_hsem.c ****   * @}
 309:Drivers/STM32H7xx_HAL_Driver/Src/stm32h7xx_hal_hsem.c ****   */
 310:Drivers/STM32H7xx_HAL_Driver/Src/stm32h7xx_hal_hsem.c **** 
 311:Drivers/STM32H7xx_HAL_Driver/Src/stm32h7xx_hal_hsem.c **** /** @defgroup HSEM_Exported_Functions_Group3 HSEM IRQ handler management
 312:Drivers/STM32H7xx_HAL_Driver/Src/stm32h7xx_hal_hsem.c ****   *  @brief    HSEM Notification functions.
 313:Drivers/STM32H7xx_HAL_Driver/Src/stm32h7xx_hal_hsem.c ****   *
 314:Drivers/STM32H7xx_HAL_Driver/Src/stm32h7xx_hal_hsem.c **** @verbatim
 315:Drivers/STM32H7xx_HAL_Driver/Src/stm32h7xx_hal_hsem.c ****   ==============================================================================
 316:Drivers/STM32H7xx_HAL_Driver/Src/stm32h7xx_hal_hsem.c ****       ##### HSEM IRQ handler management and Notification functions #####
 317:Drivers/STM32H7xx_HAL_Driver/Src/stm32h7xx_hal_hsem.c ****   ==============================================================================
 318:Drivers/STM32H7xx_HAL_Driver/Src/stm32h7xx_hal_hsem.c **** [..]  This section provides HSEM IRQ handler and Notification function.
 319:Drivers/STM32H7xx_HAL_Driver/Src/stm32h7xx_hal_hsem.c **** 
 320:Drivers/STM32H7xx_HAL_Driver/Src/stm32h7xx_hal_hsem.c **** @endverbatim
 321:Drivers/STM32H7xx_HAL_Driver/Src/stm32h7xx_hal_hsem.c ****   * @{
 322:Drivers/STM32H7xx_HAL_Driver/Src/stm32h7xx_hal_hsem.c ****   */
 323:Drivers/STM32H7xx_HAL_Driver/Src/stm32h7xx_hal_hsem.c **** 
 324:Drivers/STM32H7xx_HAL_Driver/Src/stm32h7xx_hal_hsem.c **** /**
 325:Drivers/STM32H7xx_HAL_Driver/Src/stm32h7xx_hal_hsem.c ****   * @brief  Activate Semaphore release Notification for a given Semaphores Mask .
 326:Drivers/STM32H7xx_HAL_Driver/Src/stm32h7xx_hal_hsem.c ****   * @param  SemMask: Mask of Released semaphores
 327:Drivers/STM32H7xx_HAL_Driver/Src/stm32h7xx_hal_hsem.c ****   * @retval Semaphore Key
 328:Drivers/STM32H7xx_HAL_Driver/Src/stm32h7xx_hal_hsem.c ****   */
 329:Drivers/STM32H7xx_HAL_Driver/Src/stm32h7xx_hal_hsem.c **** void HAL_HSEM_ActivateNotification(uint32_t SemMask)
 330:Drivers/STM32H7xx_HAL_Driver/Src/stm32h7xx_hal_hsem.c **** {
 439              		.loc 1 330 1 is_stmt 1 view -0
 440              		.cfi_startproc
 441              		@ args = 0, pretend = 0, frame = 0
 442              		@ frame_needed = 0, uses_anonymous_args = 0
 443              		@ link register save eliminated.
 331:Drivers/STM32H7xx_HAL_Driver/Src/stm32h7xx_hal_hsem.c **** #if  USE_MULTI_CORE_SHARED_CODE != 0U
 332:Drivers/STM32H7xx_HAL_Driver/Src/stm32h7xx_hal_hsem.c ****   /*enable the semaphore mask interrupts */
 333:Drivers/STM32H7xx_HAL_Driver/Src/stm32h7xx_hal_hsem.c ****   if (HAL_GetCurrentCPUID() == HSEM_CPU1_COREID)
 334:Drivers/STM32H7xx_HAL_Driver/Src/stm32h7xx_hal_hsem.c ****   {
 335:Drivers/STM32H7xx_HAL_Driver/Src/stm32h7xx_hal_hsem.c ****     /*Use interrupt line 0 for CPU1 Master */
 336:Drivers/STM32H7xx_HAL_Driver/Src/stm32h7xx_hal_hsem.c ****     HSEM->C1IER |= SemMask;
 337:Drivers/STM32H7xx_HAL_Driver/Src/stm32h7xx_hal_hsem.c ****   }
 338:Drivers/STM32H7xx_HAL_Driver/Src/stm32h7xx_hal_hsem.c ****   else /* HSEM_CPU2_COREID */
 339:Drivers/STM32H7xx_HAL_Driver/Src/stm32h7xx_hal_hsem.c ****   {
 340:Drivers/STM32H7xx_HAL_Driver/Src/stm32h7xx_hal_hsem.c ****     /*Use interrupt line 1 for CPU2 Master*/
 341:Drivers/STM32H7xx_HAL_Driver/Src/stm32h7xx_hal_hsem.c ****     HSEM->C2IER |= SemMask;
 342:Drivers/STM32H7xx_HAL_Driver/Src/stm32h7xx_hal_hsem.c ****   }
 343:Drivers/STM32H7xx_HAL_Driver/Src/stm32h7xx_hal_hsem.c **** #else
 344:Drivers/STM32H7xx_HAL_Driver/Src/stm32h7xx_hal_hsem.c ****   HSEM_COMMON->IER |= SemMask;
 444              		.loc 1 344 3 view .LVU74
 445              		.loc 1 344 14 is_stmt 0 view .LVU75
ARM GAS  C:\Users\thewo\AppData\Local\Temp\ccFQC4oN.s 			page 15


 446 0000 024A     		ldr	r2, .L51
 447 0002 1368     		ldr	r3, [r2]
 448              		.loc 1 344 20 view .LVU76
 449 0004 0343     		orrs	r3, r3, r0
 450 0006 1360     		str	r3, [r2]
 345:Drivers/STM32H7xx_HAL_Driver/Src/stm32h7xx_hal_hsem.c **** #endif
 346:Drivers/STM32H7xx_HAL_Driver/Src/stm32h7xx_hal_hsem.c **** }
 451              		.loc 1 346 1 view .LVU77
 452 0008 7047     		bx	lr
 453              	.L52:
 454 000a 00BF     		.align	2
 455              	.L51:
 456 000c 00650258 		.word	1476551936
 457              		.cfi_endproc
 458              	.LFE357:
 460              		.section	.text.HAL_HSEM_DeactivateNotification,"ax",%progbits
 461              		.align	1
 462              		.global	HAL_HSEM_DeactivateNotification
 463              		.syntax unified
 464              		.thumb
 465              		.thumb_func
 467              	HAL_HSEM_DeactivateNotification:
 468              	.LVL40:
 469              	.LFB358:
 347:Drivers/STM32H7xx_HAL_Driver/Src/stm32h7xx_hal_hsem.c **** 
 348:Drivers/STM32H7xx_HAL_Driver/Src/stm32h7xx_hal_hsem.c **** /**
 349:Drivers/STM32H7xx_HAL_Driver/Src/stm32h7xx_hal_hsem.c ****   * @brief  Deactivate Semaphore release Notification for a given Semaphores Mask .
 350:Drivers/STM32H7xx_HAL_Driver/Src/stm32h7xx_hal_hsem.c ****   * @param  SemMask: Mask of Released semaphores
 351:Drivers/STM32H7xx_HAL_Driver/Src/stm32h7xx_hal_hsem.c ****   * @retval Semaphore Key
 352:Drivers/STM32H7xx_HAL_Driver/Src/stm32h7xx_hal_hsem.c ****   */
 353:Drivers/STM32H7xx_HAL_Driver/Src/stm32h7xx_hal_hsem.c **** void HAL_HSEM_DeactivateNotification(uint32_t SemMask)
 354:Drivers/STM32H7xx_HAL_Driver/Src/stm32h7xx_hal_hsem.c **** {
 470              		.loc 1 354 1 is_stmt 1 view -0
 471              		.cfi_startproc
 472              		@ args = 0, pretend = 0, frame = 0
 473              		@ frame_needed = 0, uses_anonymous_args = 0
 474              		@ link register save eliminated.
 355:Drivers/STM32H7xx_HAL_Driver/Src/stm32h7xx_hal_hsem.c **** #if  USE_MULTI_CORE_SHARED_CODE != 0U
 356:Drivers/STM32H7xx_HAL_Driver/Src/stm32h7xx_hal_hsem.c ****   /*enable the semaphore mask interrupts */
 357:Drivers/STM32H7xx_HAL_Driver/Src/stm32h7xx_hal_hsem.c ****   if (HAL_GetCurrentCPUID() == HSEM_CPU1_COREID)
 358:Drivers/STM32H7xx_HAL_Driver/Src/stm32h7xx_hal_hsem.c ****   {
 359:Drivers/STM32H7xx_HAL_Driver/Src/stm32h7xx_hal_hsem.c ****     /*Use interrupt line 0 for CPU1 Master */
 360:Drivers/STM32H7xx_HAL_Driver/Src/stm32h7xx_hal_hsem.c ****     HSEM->C1IER &= ~SemMask;
 361:Drivers/STM32H7xx_HAL_Driver/Src/stm32h7xx_hal_hsem.c ****   }
 362:Drivers/STM32H7xx_HAL_Driver/Src/stm32h7xx_hal_hsem.c ****   else /* HSEM_CPU2_COREID */
 363:Drivers/STM32H7xx_HAL_Driver/Src/stm32h7xx_hal_hsem.c ****   {
 364:Drivers/STM32H7xx_HAL_Driver/Src/stm32h7xx_hal_hsem.c ****     /*Use interrupt line 1 for CPU2 Master*/
 365:Drivers/STM32H7xx_HAL_Driver/Src/stm32h7xx_hal_hsem.c ****     HSEM->C2IER &= ~SemMask;
 366:Drivers/STM32H7xx_HAL_Driver/Src/stm32h7xx_hal_hsem.c ****   }
 367:Drivers/STM32H7xx_HAL_Driver/Src/stm32h7xx_hal_hsem.c **** #else
 368:Drivers/STM32H7xx_HAL_Driver/Src/stm32h7xx_hal_hsem.c ****   HSEM_COMMON->IER &= ~SemMask;
 475              		.loc 1 368 3 view .LVU79
 476              		.loc 1 368 14 is_stmt 0 view .LVU80
 477 0000 024A     		ldr	r2, .L54
 478 0002 1368     		ldr	r3, [r2]
 479              		.loc 1 368 20 view .LVU81
 480 0004 23EA0003 		bic	r3, r3, r0
ARM GAS  C:\Users\thewo\AppData\Local\Temp\ccFQC4oN.s 			page 16


 481 0008 1360     		str	r3, [r2]
 369:Drivers/STM32H7xx_HAL_Driver/Src/stm32h7xx_hal_hsem.c **** #endif
 370:Drivers/STM32H7xx_HAL_Driver/Src/stm32h7xx_hal_hsem.c **** }
 482              		.loc 1 370 1 view .LVU82
 483 000a 7047     		bx	lr
 484              	.L55:
 485              		.align	2
 486              	.L54:
 487 000c 00650258 		.word	1476551936
 488              		.cfi_endproc
 489              	.LFE358:
 491              		.section	.text.HAL_HSEM_FreeCallback,"ax",%progbits
 492              		.align	1
 493              		.weak	HAL_HSEM_FreeCallback
 494              		.syntax unified
 495              		.thumb
 496              		.thumb_func
 498              	HAL_HSEM_FreeCallback:
 499              	.LVL41:
 500              	.LFB360:
 371:Drivers/STM32H7xx_HAL_Driver/Src/stm32h7xx_hal_hsem.c **** 
 372:Drivers/STM32H7xx_HAL_Driver/Src/stm32h7xx_hal_hsem.c **** /**
 373:Drivers/STM32H7xx_HAL_Driver/Src/stm32h7xx_hal_hsem.c ****   * @brief  This function handles HSEM interrupt request
 374:Drivers/STM32H7xx_HAL_Driver/Src/stm32h7xx_hal_hsem.c ****   * @retval None
 375:Drivers/STM32H7xx_HAL_Driver/Src/stm32h7xx_hal_hsem.c ****   */
 376:Drivers/STM32H7xx_HAL_Driver/Src/stm32h7xx_hal_hsem.c **** void HAL_HSEM_IRQHandler(void)
 377:Drivers/STM32H7xx_HAL_Driver/Src/stm32h7xx_hal_hsem.c **** {
 378:Drivers/STM32H7xx_HAL_Driver/Src/stm32h7xx_hal_hsem.c ****   uint32_t statusreg;
 379:Drivers/STM32H7xx_HAL_Driver/Src/stm32h7xx_hal_hsem.c **** #if  USE_MULTI_CORE_SHARED_CODE != 0U
 380:Drivers/STM32H7xx_HAL_Driver/Src/stm32h7xx_hal_hsem.c ****   if (HAL_GetCurrentCPUID() == HSEM_CPU1_COREID)
 381:Drivers/STM32H7xx_HAL_Driver/Src/stm32h7xx_hal_hsem.c ****   {
 382:Drivers/STM32H7xx_HAL_Driver/Src/stm32h7xx_hal_hsem.c ****     /* Get the list of masked freed semaphores*/
 383:Drivers/STM32H7xx_HAL_Driver/Src/stm32h7xx_hal_hsem.c ****     statusreg = HSEM->C1MISR; /*Use interrupt line 0 for CPU1 Master*/
 384:Drivers/STM32H7xx_HAL_Driver/Src/stm32h7xx_hal_hsem.c **** 
 385:Drivers/STM32H7xx_HAL_Driver/Src/stm32h7xx_hal_hsem.c ****     /*Disable Interrupts*/
 386:Drivers/STM32H7xx_HAL_Driver/Src/stm32h7xx_hal_hsem.c ****     HSEM->C1IER &= ~((uint32_t)statusreg);
 387:Drivers/STM32H7xx_HAL_Driver/Src/stm32h7xx_hal_hsem.c **** 
 388:Drivers/STM32H7xx_HAL_Driver/Src/stm32h7xx_hal_hsem.c ****     /*Clear Flags*/
 389:Drivers/STM32H7xx_HAL_Driver/Src/stm32h7xx_hal_hsem.c ****     HSEM->C1ICR = ((uint32_t)statusreg);
 390:Drivers/STM32H7xx_HAL_Driver/Src/stm32h7xx_hal_hsem.c ****   }
 391:Drivers/STM32H7xx_HAL_Driver/Src/stm32h7xx_hal_hsem.c ****   else /* HSEM_CPU2_COREID */
 392:Drivers/STM32H7xx_HAL_Driver/Src/stm32h7xx_hal_hsem.c ****   {
 393:Drivers/STM32H7xx_HAL_Driver/Src/stm32h7xx_hal_hsem.c ****     /* Get the list of masked freed semaphores*/
 394:Drivers/STM32H7xx_HAL_Driver/Src/stm32h7xx_hal_hsem.c ****     statusreg = HSEM->C2MISR;/*Use interrupt line 1 for CPU2 Master*/
 395:Drivers/STM32H7xx_HAL_Driver/Src/stm32h7xx_hal_hsem.c **** 
 396:Drivers/STM32H7xx_HAL_Driver/Src/stm32h7xx_hal_hsem.c ****     /*Disable Interrupts*/
 397:Drivers/STM32H7xx_HAL_Driver/Src/stm32h7xx_hal_hsem.c ****     HSEM->C2IER &= ~((uint32_t)statusreg);
 398:Drivers/STM32H7xx_HAL_Driver/Src/stm32h7xx_hal_hsem.c **** 
 399:Drivers/STM32H7xx_HAL_Driver/Src/stm32h7xx_hal_hsem.c ****     /*Clear Flags*/
 400:Drivers/STM32H7xx_HAL_Driver/Src/stm32h7xx_hal_hsem.c ****     HSEM->C2ICR = ((uint32_t)statusreg);
 401:Drivers/STM32H7xx_HAL_Driver/Src/stm32h7xx_hal_hsem.c ****   }
 402:Drivers/STM32H7xx_HAL_Driver/Src/stm32h7xx_hal_hsem.c **** #else
 403:Drivers/STM32H7xx_HAL_Driver/Src/stm32h7xx_hal_hsem.c ****   /* Get the list of masked freed semaphores*/
 404:Drivers/STM32H7xx_HAL_Driver/Src/stm32h7xx_hal_hsem.c ****   statusreg = HSEM_COMMON->MISR;
 405:Drivers/STM32H7xx_HAL_Driver/Src/stm32h7xx_hal_hsem.c **** 
 406:Drivers/STM32H7xx_HAL_Driver/Src/stm32h7xx_hal_hsem.c ****   /*Disable Interrupts*/
 407:Drivers/STM32H7xx_HAL_Driver/Src/stm32h7xx_hal_hsem.c ****   HSEM_COMMON->IER &= ~((uint32_t)statusreg);
ARM GAS  C:\Users\thewo\AppData\Local\Temp\ccFQC4oN.s 			page 17


 408:Drivers/STM32H7xx_HAL_Driver/Src/stm32h7xx_hal_hsem.c **** 
 409:Drivers/STM32H7xx_HAL_Driver/Src/stm32h7xx_hal_hsem.c ****   /*Clear Flags*/
 410:Drivers/STM32H7xx_HAL_Driver/Src/stm32h7xx_hal_hsem.c ****   HSEM_COMMON->ICR = ((uint32_t)statusreg);
 411:Drivers/STM32H7xx_HAL_Driver/Src/stm32h7xx_hal_hsem.c **** 
 412:Drivers/STM32H7xx_HAL_Driver/Src/stm32h7xx_hal_hsem.c **** #endif
 413:Drivers/STM32H7xx_HAL_Driver/Src/stm32h7xx_hal_hsem.c ****   /* Call FreeCallback */
 414:Drivers/STM32H7xx_HAL_Driver/Src/stm32h7xx_hal_hsem.c ****   HAL_HSEM_FreeCallback(statusreg);
 415:Drivers/STM32H7xx_HAL_Driver/Src/stm32h7xx_hal_hsem.c **** }
 416:Drivers/STM32H7xx_HAL_Driver/Src/stm32h7xx_hal_hsem.c **** 
 417:Drivers/STM32H7xx_HAL_Driver/Src/stm32h7xx_hal_hsem.c **** /**
 418:Drivers/STM32H7xx_HAL_Driver/Src/stm32h7xx_hal_hsem.c ****   * @brief Semaphore Released Callback.
 419:Drivers/STM32H7xx_HAL_Driver/Src/stm32h7xx_hal_hsem.c ****   * @param SemMask: Mask of Released semaphores
 420:Drivers/STM32H7xx_HAL_Driver/Src/stm32h7xx_hal_hsem.c ****   * @retval None
 421:Drivers/STM32H7xx_HAL_Driver/Src/stm32h7xx_hal_hsem.c ****   */
 422:Drivers/STM32H7xx_HAL_Driver/Src/stm32h7xx_hal_hsem.c **** __weak void HAL_HSEM_FreeCallback(uint32_t SemMask)
 423:Drivers/STM32H7xx_HAL_Driver/Src/stm32h7xx_hal_hsem.c **** {
 501              		.loc 1 423 1 is_stmt 1 view -0
 502              		.cfi_startproc
 503              		@ args = 0, pretend = 0, frame = 0
 504              		@ frame_needed = 0, uses_anonymous_args = 0
 505              		@ link register save eliminated.
 424:Drivers/STM32H7xx_HAL_Driver/Src/stm32h7xx_hal_hsem.c ****   /* Prevent unused argument(s) compilation warning */
 425:Drivers/STM32H7xx_HAL_Driver/Src/stm32h7xx_hal_hsem.c ****   UNUSED(SemMask);
 506              		.loc 1 425 3 view .LVU84
 426:Drivers/STM32H7xx_HAL_Driver/Src/stm32h7xx_hal_hsem.c **** 
 427:Drivers/STM32H7xx_HAL_Driver/Src/stm32h7xx_hal_hsem.c ****   /* NOTE : This function should not be modified, when the callback is needed,
 428:Drivers/STM32H7xx_HAL_Driver/Src/stm32h7xx_hal_hsem.c ****   the HAL_HSEM_FreeCallback can be implemented in the user file
 429:Drivers/STM32H7xx_HAL_Driver/Src/stm32h7xx_hal_hsem.c ****     */
 430:Drivers/STM32H7xx_HAL_Driver/Src/stm32h7xx_hal_hsem.c **** }
 507              		.loc 1 430 1 is_stmt 0 view .LVU85
 508 0000 7047     		bx	lr
 509              		.cfi_endproc
 510              	.LFE360:
 512              		.section	.text.HAL_HSEM_IRQHandler,"ax",%progbits
 513              		.align	1
 514              		.global	HAL_HSEM_IRQHandler
 515              		.syntax unified
 516              		.thumb
 517              		.thumb_func
 519              	HAL_HSEM_IRQHandler:
 520              	.LFB359:
 377:Drivers/STM32H7xx_HAL_Driver/Src/stm32h7xx_hal_hsem.c ****   uint32_t statusreg;
 521              		.loc 1 377 1 is_stmt 1 view -0
 522              		.cfi_startproc
 523              		@ args = 0, pretend = 0, frame = 0
 524              		@ frame_needed = 0, uses_anonymous_args = 0
 525 0000 08B5     		push	{r3, lr}
 526              		.cfi_def_cfa_offset 8
 527              		.cfi_offset 3, -8
 528              		.cfi_offset 14, -4
 378:Drivers/STM32H7xx_HAL_Driver/Src/stm32h7xx_hal_hsem.c **** #if  USE_MULTI_CORE_SHARED_CODE != 0U
 529              		.loc 1 378 3 view .LVU87
 404:Drivers/STM32H7xx_HAL_Driver/Src/stm32h7xx_hal_hsem.c **** 
 530              		.loc 1 404 3 view .LVU88
 404:Drivers/STM32H7xx_HAL_Driver/Src/stm32h7xx_hal_hsem.c **** 
 531              		.loc 1 404 13 is_stmt 0 view .LVU89
 532 0002 054B     		ldr	r3, .L59
ARM GAS  C:\Users\thewo\AppData\Local\Temp\ccFQC4oN.s 			page 18


 533 0004 D868     		ldr	r0, [r3, #12]
 534              	.LVL42:
 407:Drivers/STM32H7xx_HAL_Driver/Src/stm32h7xx_hal_hsem.c **** 
 535              		.loc 1 407 3 is_stmt 1 view .LVU90
 407:Drivers/STM32H7xx_HAL_Driver/Src/stm32h7xx_hal_hsem.c **** 
 536              		.loc 1 407 14 is_stmt 0 view .LVU91
 537 0006 1A68     		ldr	r2, [r3]
 407:Drivers/STM32H7xx_HAL_Driver/Src/stm32h7xx_hal_hsem.c **** 
 538              		.loc 1 407 20 view .LVU92
 539 0008 22EA0002 		bic	r2, r2, r0
 540 000c 1A60     		str	r2, [r3]
 410:Drivers/STM32H7xx_HAL_Driver/Src/stm32h7xx_hal_hsem.c **** 
 541              		.loc 1 410 3 is_stmt 1 view .LVU93
 410:Drivers/STM32H7xx_HAL_Driver/Src/stm32h7xx_hal_hsem.c **** 
 542              		.loc 1 410 20 is_stmt 0 view .LVU94
 543 000e 5860     		str	r0, [r3, #4]
 414:Drivers/STM32H7xx_HAL_Driver/Src/stm32h7xx_hal_hsem.c **** }
 544              		.loc 1 414 3 is_stmt 1 view .LVU95
 545 0010 FFF7FEFF 		bl	HAL_HSEM_FreeCallback
 546              	.LVL43:
 415:Drivers/STM32H7xx_HAL_Driver/Src/stm32h7xx_hal_hsem.c **** 
 547              		.loc 1 415 1 is_stmt 0 view .LVU96
 548 0014 08BD     		pop	{r3, pc}
 549              	.L60:
 550 0016 00BF     		.align	2
 551              	.L59:
 552 0018 00650258 		.word	1476551936
 553              		.cfi_endproc
 554              	.LFE359:
 556              		.text
 557              	.Letext0:
 558              		.file 2 "C:/Users/thewo/AppData/Roaming/Code/User/globalStorage/bmd.stm32-for-vscode/@xpack-dev-to
 559              		.file 3 "C:/Users/thewo/AppData/Roaming/Code/User/globalStorage/bmd.stm32-for-vscode/@xpack-dev-to
 560              		.file 4 "Drivers/CMSIS/Device/ST/STM32H7xx/Include/stm32h725xx.h"
 561              		.file 5 "Drivers/STM32H7xx_HAL_Driver/Inc/stm32h7xx_hal_def.h"
 562              		.file 6 "Core/Inc/stm32h7xx_hal_conf.h"
ARM GAS  C:\Users\thewo\AppData\Local\Temp\ccFQC4oN.s 			page 19


DEFINED SYMBOLS
                            *ABS*:00000000 stm32h7xx_hal_hsem.c
C:\Users\thewo\AppData\Local\Temp\ccFQC4oN.s:20     .rodata.HAL_HSEM_Take.str1.4:00000000 $d
C:\Users\thewo\AppData\Local\Temp\ccFQC4oN.s:25     .text.HAL_HSEM_Take:00000000 $t
C:\Users\thewo\AppData\Local\Temp\ccFQC4oN.s:31     .text.HAL_HSEM_Take:00000000 HAL_HSEM_Take
C:\Users\thewo\AppData\Local\Temp\ccFQC4oN.s:100    .text.HAL_HSEM_Take:0000003c $d
C:\Users\thewo\AppData\Local\Temp\ccFQC4oN.s:107    .text.HAL_HSEM_FastTake:00000000 $t
C:\Users\thewo\AppData\Local\Temp\ccFQC4oN.s:113    .text.HAL_HSEM_FastTake:00000000 HAL_HSEM_FastTake
C:\Users\thewo\AppData\Local\Temp\ccFQC4oN.s:165    .text.HAL_HSEM_FastTake:00000028 $d
C:\Users\thewo\AppData\Local\Temp\ccFQC4oN.s:172    .text.HAL_HSEM_IsSemTaken:00000000 $t
C:\Users\thewo\AppData\Local\Temp\ccFQC4oN.s:178    .text.HAL_HSEM_IsSemTaken:00000000 HAL_HSEM_IsSemTaken
C:\Users\thewo\AppData\Local\Temp\ccFQC4oN.s:208    .text.HAL_HSEM_IsSemTaken:00000014 $d
C:\Users\thewo\AppData\Local\Temp\ccFQC4oN.s:213    .text.HAL_HSEM_Release:00000000 $t
C:\Users\thewo\AppData\Local\Temp\ccFQC4oN.s:219    .text.HAL_HSEM_Release:00000000 HAL_HSEM_Release
C:\Users\thewo\AppData\Local\Temp\ccFQC4oN.s:275    .text.HAL_HSEM_Release:00000030 $d
C:\Users\thewo\AppData\Local\Temp\ccFQC4oN.s:281    .text.HAL_HSEM_ReleaseAll:00000000 $t
C:\Users\thewo\AppData\Local\Temp\ccFQC4oN.s:287    .text.HAL_HSEM_ReleaseAll:00000000 HAL_HSEM_ReleaseAll
C:\Users\thewo\AppData\Local\Temp\ccFQC4oN.s:345    .text.HAL_HSEM_ReleaseAll:00000038 $d
C:\Users\thewo\AppData\Local\Temp\ccFQC4oN.s:351    .text.HAL_HSEM_SetClearKey:00000000 $t
C:\Users\thewo\AppData\Local\Temp\ccFQC4oN.s:357    .text.HAL_HSEM_SetClearKey:00000000 HAL_HSEM_SetClearKey
C:\Users\thewo\AppData\Local\Temp\ccFQC4oN.s:396    .text.HAL_HSEM_SetClearKey:00000028 $d
C:\Users\thewo\AppData\Local\Temp\ccFQC4oN.s:402    .text.HAL_HSEM_GetClearKey:00000000 $t
C:\Users\thewo\AppData\Local\Temp\ccFQC4oN.s:408    .text.HAL_HSEM_GetClearKey:00000000 HAL_HSEM_GetClearKey
C:\Users\thewo\AppData\Local\Temp\ccFQC4oN.s:425    .text.HAL_HSEM_GetClearKey:0000000c $d
C:\Users\thewo\AppData\Local\Temp\ccFQC4oN.s:430    .text.HAL_HSEM_ActivateNotification:00000000 $t
C:\Users\thewo\AppData\Local\Temp\ccFQC4oN.s:436    .text.HAL_HSEM_ActivateNotification:00000000 HAL_HSEM_ActivateNotification
C:\Users\thewo\AppData\Local\Temp\ccFQC4oN.s:456    .text.HAL_HSEM_ActivateNotification:0000000c $d
C:\Users\thewo\AppData\Local\Temp\ccFQC4oN.s:461    .text.HAL_HSEM_DeactivateNotification:00000000 $t
C:\Users\thewo\AppData\Local\Temp\ccFQC4oN.s:467    .text.HAL_HSEM_DeactivateNotification:00000000 HAL_HSEM_DeactivateNotification
C:\Users\thewo\AppData\Local\Temp\ccFQC4oN.s:487    .text.HAL_HSEM_DeactivateNotification:0000000c $d
C:\Users\thewo\AppData\Local\Temp\ccFQC4oN.s:492    .text.HAL_HSEM_FreeCallback:00000000 $t
C:\Users\thewo\AppData\Local\Temp\ccFQC4oN.s:498    .text.HAL_HSEM_FreeCallback:00000000 HAL_HSEM_FreeCallback
C:\Users\thewo\AppData\Local\Temp\ccFQC4oN.s:513    .text.HAL_HSEM_IRQHandler:00000000 $t
C:\Users\thewo\AppData\Local\Temp\ccFQC4oN.s:519    .text.HAL_HSEM_IRQHandler:00000000 HAL_HSEM_IRQHandler
C:\Users\thewo\AppData\Local\Temp\ccFQC4oN.s:552    .text.HAL_HSEM_IRQHandler:00000018 $d

UNDEFINED SYMBOLS
assert_failed
