ARM GAS  C:\Users\thewo\AppData\Local\Temp\ccDbujSQ.s 			page 1


   1              		.cpu cortex-m7
   2              		.arch armv7e-m
   3              		.fpu fpv5-d16
   4              		.eabi_attribute 28, 1
   5              		.eabi_attribute 20, 1
   6              		.eabi_attribute 21, 1
   7              		.eabi_attribute 23, 3
   8              		.eabi_attribute 24, 1
   9              		.eabi_attribute 25, 1
  10              		.eabi_attribute 26, 1
  11              		.eabi_attribute 30, 1
  12              		.eabi_attribute 34, 1
  13              		.eabi_attribute 18, 4
  14              		.file	"gpio.c"
  15              		.text
  16              		.section	.text.MX_GPIO_Init,"ax",%progbits
  17              		.align	1
  18              		.global	MX_GPIO_Init
  19              		.syntax unified
  20              		.thumb
  21              		.thumb_func
  23              	MX_GPIO_Init:
  24              		@ args = 0, pretend = 0, frame = 40
  25              		@ frame_needed = 0, uses_anonymous_args = 0
  26 0000 2DE9F04F 		push	{r4, r5, r6, r7, r8, r9, r10, fp, lr}
  27 0004 8BB0     		sub	sp, sp, #44
  28 0006 05AD     		add	r5, sp, #20
  29 0008 0024     		movs	r4, #0
  30 000a 0594     		str	r4, [sp, #20]
  31 000c 0694     		str	r4, [sp, #24]
  32 000e 0794     		str	r4, [sp, #28]
  33 0010 0894     		str	r4, [sp, #32]
  34 0012 0994     		str	r4, [sp, #36]
  35 0014 614B     		ldr	r3, .L3
  36 0016 D3F8E020 		ldr	r2, [r3, #224]
  37 001a 42F00402 		orr	r2, r2, #4
  38 001e C3F8E020 		str	r2, [r3, #224]
  39 0022 D3F8E020 		ldr	r2, [r3, #224]
  40 0026 02F00402 		and	r2, r2, #4
  41 002a 0092     		str	r2, [sp]
  42 002c 009A     		ldr	r2, [sp]
  43 002e D3F8E020 		ldr	r2, [r3, #224]
  44 0032 42F08002 		orr	r2, r2, #128
  45 0036 C3F8E020 		str	r2, [r3, #224]
  46 003a D3F8E020 		ldr	r2, [r3, #224]
  47 003e 02F08002 		and	r2, r2, #128
  48 0042 0192     		str	r2, [sp, #4]
  49 0044 019A     		ldr	r2, [sp, #4]
  50 0046 D3F8E020 		ldr	r2, [r3, #224]
  51 004a 42F00102 		orr	r2, r2, #1
  52 004e C3F8E020 		str	r2, [r3, #224]
  53 0052 D3F8E020 		ldr	r2, [r3, #224]
  54 0056 02F00102 		and	r2, r2, #1
  55 005a 0292     		str	r2, [sp, #8]
  56 005c 029A     		ldr	r2, [sp, #8]
  57 005e D3F8E020 		ldr	r2, [r3, #224]
  58 0062 42F00202 		orr	r2, r2, #2
ARM GAS  C:\Users\thewo\AppData\Local\Temp\ccDbujSQ.s 			page 2


  59 0066 C3F8E020 		str	r2, [r3, #224]
  60 006a D3F8E020 		ldr	r2, [r3, #224]
  61 006e 02F00202 		and	r2, r2, #2
  62 0072 0392     		str	r2, [sp, #12]
  63 0074 039A     		ldr	r2, [sp, #12]
  64 0076 D3F8E020 		ldr	r2, [r3, #224]
  65 007a 42F00802 		orr	r2, r2, #8
  66 007e C3F8E020 		str	r2, [r3, #224]
  67 0082 D3F8E030 		ldr	r3, [r3, #224]
  68 0086 03F00803 		and	r3, r3, #8
  69 008a 0493     		str	r3, [sp, #16]
  70 008c 049B     		ldr	r3, [sp, #16]
  71 008e DFF818A1 		ldr	r10, .L3+12
  72 0092 2246     		mov	r2, r4
  73 0094 40F26641 		movw	r1, #1126
  74 0098 5046     		mov	r0, r10
  75 009a FFF7FEFF 		bl	HAL_GPIO_WritePin
  76 009e 404F     		ldr	r7, .L3+4
  77 00a0 2246     		mov	r2, r4
  78 00a2 E021     		movs	r1, #224
  79 00a4 3846     		mov	r0, r7
  80 00a6 FFF7FEFF 		bl	HAL_GPIO_WritePin
  81 00aa DFF80091 		ldr	r9, .L3+16
  82 00ae 2246     		mov	r2, r4
  83 00b0 0121     		movs	r1, #1
  84 00b2 4846     		mov	r0, r9
  85 00b4 FFF7FEFF 		bl	HAL_GPIO_WritePin
  86 00b8 DFF8F4B0 		ldr	fp, .L3+20
  87 00bc 2246     		mov	r2, r4
  88 00be 0421     		movs	r1, #4
  89 00c0 5846     		mov	r0, fp
  90 00c2 FFF7FEFF 		bl	HAL_GPIO_WritePin
  91 00c6 4CF20203 		movw	r3, #49154
  92 00ca 0593     		str	r3, [sp, #20]
  93 00cc 4FF00308 		mov	r8, #3
  94 00d0 CDF81880 		str	r8, [sp, #24]
  95 00d4 0794     		str	r4, [sp, #28]
  96 00d6 2946     		mov	r1, r5
  97 00d8 3846     		mov	r0, r7
  98 00da FFF7FEFF 		bl	HAL_GPIO_Init
  99 00de 0223     		movs	r3, #2
 100 00e0 0593     		str	r3, [sp, #20]
 101 00e2 CDF81880 		str	r8, [sp, #24]
 102 00e6 0794     		str	r4, [sp, #28]
 103 00e8 2946     		mov	r1, r5
 104 00ea 2E48     		ldr	r0, .L3+8
 105 00ec FFF7FEFF 		bl	HAL_GPIO_Init
 106 00f0 40F26643 		movw	r3, #1126
 107 00f4 0593     		str	r3, [sp, #20]
 108 00f6 0126     		movs	r6, #1
 109 00f8 0696     		str	r6, [sp, #24]
 110 00fa 0794     		str	r4, [sp, #28]
 111 00fc 0894     		str	r4, [sp, #32]
 112 00fe 2946     		mov	r1, r5
 113 0100 5046     		mov	r0, r10
 114 0102 FFF7FEFF 		bl	HAL_GPIO_Init
 115 0106 E023     		movs	r3, #224
ARM GAS  C:\Users\thewo\AppData\Local\Temp\ccDbujSQ.s 			page 3


 116 0108 0593     		str	r3, [sp, #20]
 117 010a 0696     		str	r6, [sp, #24]
 118 010c 0794     		str	r4, [sp, #28]
 119 010e 0894     		str	r4, [sp, #32]
 120 0110 2946     		mov	r1, r5
 121 0112 3846     		mov	r0, r7
 122 0114 FFF7FEFF 		bl	HAL_GPIO_Init
 123 0118 0596     		str	r6, [sp, #20]
 124 011a 0696     		str	r6, [sp, #24]
 125 011c 0794     		str	r4, [sp, #28]
 126 011e 0894     		str	r4, [sp, #32]
 127 0120 2946     		mov	r1, r5
 128 0122 4846     		mov	r0, r9
 129 0124 FFF7FEFF 		bl	HAL_GPIO_Init
 130 0128 41F20403 		movw	r3, #4100
 131 012c 0593     		str	r3, [sp, #20]
 132 012e CDF81880 		str	r8, [sp, #24]
 133 0132 0794     		str	r4, [sp, #28]
 134 0134 2946     		mov	r1, r5
 135 0136 4846     		mov	r0, r9
 136 0138 FFF7FEFF 		bl	HAL_GPIO_Init
 137 013c 4FF48063 		mov	r3, #1024
 138 0140 0593     		str	r3, [sp, #20]
 139 0142 0694     		str	r4, [sp, #24]
 140 0144 0794     		str	r4, [sp, #28]
 141 0146 2946     		mov	r1, r5
 142 0148 4846     		mov	r0, r9
 143 014a FFF7FEFF 		bl	HAL_GPIO_Init
 144 014e 4FF40073 		mov	r3, #512
 145 0152 0593     		str	r3, [sp, #20]
 146 0154 CDF81880 		str	r8, [sp, #24]
 147 0158 0794     		str	r4, [sp, #28]
 148 015a 2946     		mov	r1, r5
 149 015c 5046     		mov	r0, r10
 150 015e FFF7FEFF 		bl	HAL_GPIO_Init
 151 0162 4FF4E053 		mov	r3, #7168
 152 0166 0593     		str	r3, [sp, #20]
 153 0168 4FF48813 		mov	r3, #1114112
 154 016c 0693     		str	r3, [sp, #24]
 155 016e 0794     		str	r4, [sp, #28]
 156 0170 2946     		mov	r1, r5
 157 0172 3846     		mov	r0, r7
 158 0174 FFF7FEFF 		bl	HAL_GPIO_Init
 159 0178 0423     		movs	r3, #4
 160 017a 0593     		str	r3, [sp, #20]
 161 017c 0696     		str	r6, [sp, #24]
 162 017e 0794     		str	r4, [sp, #28]
 163 0180 0894     		str	r4, [sp, #32]
 164 0182 2946     		mov	r1, r5
 165 0184 5846     		mov	r0, fp
 166 0186 FFF7FEFF 		bl	HAL_GPIO_Init
 167 018a 2146     		mov	r1, r4
 168 018c 4FF00070 		mov	r0, #33554432
 169 0190 FFF7FEFF 		bl	HAL_SYSCFG_AnalogSwitchConfig
 170 0194 0BB0     		add	sp, sp, #44
 171              		@ sp needed
 172 0196 BDE8F08F 		pop	{r4, r5, r6, r7, r8, r9, r10, fp, pc}
ARM GAS  C:\Users\thewo\AppData\Local\Temp\ccDbujSQ.s 			page 4


 173              	.L4:
 174 019a 00BF     		.align	2
 175              	.L3:
 176 019c 00440258 		.word	1476543488
 177 01a0 00080258 		.word	1476528128
 178 01a4 001C0258 		.word	1476533248
 179 01a8 00000258 		.word	1476526080
 180 01ac 00040258 		.word	1476527104
 181 01b0 000C0258 		.word	1476529152
 183              		.ident	"GCC: (xPack GNU Arm Embedded GCC x86_64) 14.2.1 20241119"
ARM GAS  C:\Users\thewo\AppData\Local\Temp\ccDbujSQ.s 			page 5


DEFINED SYMBOLS
                            *ABS*:00000000 gpio.c
C:\Users\thewo\AppData\Local\Temp\ccDbujSQ.s:17     .text.MX_GPIO_Init:00000000 $t
C:\Users\thewo\AppData\Local\Temp\ccDbujSQ.s:23     .text.MX_GPIO_Init:00000000 MX_GPIO_Init
C:\Users\thewo\AppData\Local\Temp\ccDbujSQ.s:176    .text.MX_GPIO_Init:0000019c $d

UNDEFINED SYMBOLS
HAL_GPIO_WritePin
HAL_GPIO_Init
HAL_SYSCFG_AnalogSwitchConfig
