ARM GAS  C:\Users\thewo\AppData\Local\Temp\ccmcT33Q.s 			page 1


   1              		.cpu cortex-m7
   2              		.arch armv7e-m
   3              		.fpu fpv5-d16
   4              		.eabi_attribute 28, 1
   5              		.eabi_attribute 20, 1
   6              		.eabi_attribute 21, 1
   7              		.eabi_attribute 23, 3
   8              		.eabi_attribute 24, 1
   9              		.eabi_attribute 25, 1
  10              		.eabi_attribute 26, 1
  11              		.eabi_attribute 30, 1
  12              		.eabi_attribute 34, 1
  13              		.eabi_attribute 18, 4
  14              		.file	"stm32h7xx_hal_i2c_ex.c"
  15              		.text
  16              		.section	.rodata.HAL_I2CEx_ConfigAnalogFilter.str1.4,"aMS",%progbits,1
  17              		.align	2
  18              	.LC0:
  19 0000 44726976 		.ascii	"Drivers/STM32H7xx_HAL_Driver/Src/stm32h7xx_hal_i2c_"
  19      6572732F 
  19      53544D33 
  19      32483778 
  19      785F4841 
  20 0033 65782E63 		.ascii	"ex.c\000"
  20      00
  21              		.section	.text.HAL_I2CEx_ConfigAnalogFilter,"ax",%progbits
  22              		.align	1
  23              		.global	HAL_I2CEx_ConfigAnalogFilter
  24              		.syntax unified
  25              		.thumb
  26              		.thumb_func
  28              	HAL_I2CEx_ConfigAnalogFilter:
  29              		@ args = 0, pretend = 0, frame = 0
  30              		@ frame_needed = 0, uses_anonymous_args = 0
  31 0000 38B5     		push	{r3, r4, r5, lr}
  32 0002 0446     		mov	r4, r0
  33 0004 0D46     		mov	r5, r1
  34 0006 0368     		ldr	r3, [r0]
  35 0008 2449     		ldr	r1, .L9
  36 000a 254A     		ldr	r2, .L9+4
  37 000c 8B42     		cmp	r3, r1
  38 000e 18BF     		it	ne
  39 0010 9342     		cmpne	r3, r2
  40 0012 0DD0     		beq	.L2
  41 0014 02F58062 		add	r2, r2, #1024
  42 0018 9342     		cmp	r3, r2
  43 001a 09D0     		beq	.L2
  44 001c 214A     		ldr	r2, .L9+8
  45 001e 9342     		cmp	r3, r2
  46 0020 06D0     		beq	.L2
  47 0022 214A     		ldr	r2, .L9+12
  48 0024 9342     		cmp	r3, r2
  49 0026 03D0     		beq	.L2
  50 0028 6321     		movs	r1, #99
  51 002a 2048     		ldr	r0, .L9+16
  52 002c FFF7FEFF 		bl	assert_failed
  53              	.L2:
ARM GAS  C:\Users\thewo\AppData\Local\Temp\ccmcT33Q.s 			page 2


  54 0030 002D     		cmp	r5, #0
  55 0032 18BF     		it	ne
  56 0034 B5F5805F 		cmpne	r5, #4096
  57 0038 27D1     		bne	.L8
  58              	.L3:
  59 003a 94F84130 		ldrb	r3, [r4, #65]	@ zero_extendqisi2
  60 003e 202B     		cmp	r3, #32
  61 0040 28D1     		bne	.L5
  62 0042 94F84030 		ldrb	r3, [r4, #64]	@ zero_extendqisi2
  63 0046 012B     		cmp	r3, #1
  64 0048 26D0     		beq	.L6
  65 004a 0123     		movs	r3, #1
  66 004c 84F84030 		strb	r3, [r4, #64]
  67 0050 2423     		movs	r3, #36
  68 0052 84F84130 		strb	r3, [r4, #65]
  69 0056 2268     		ldr	r2, [r4]
  70 0058 1368     		ldr	r3, [r2]
  71 005a 23F00103 		bic	r3, r3, #1
  72 005e 1360     		str	r3, [r2]
  73 0060 2268     		ldr	r2, [r4]
  74 0062 1368     		ldr	r3, [r2]
  75 0064 23F48053 		bic	r3, r3, #4096
  76 0068 1360     		str	r3, [r2]
  77 006a 2268     		ldr	r2, [r4]
  78 006c 1368     		ldr	r3, [r2]
  79 006e 2B43     		orrs	r3, r3, r5
  80 0070 1360     		str	r3, [r2]
  81 0072 2268     		ldr	r2, [r4]
  82 0074 1368     		ldr	r3, [r2]
  83 0076 43F00103 		orr	r3, r3, #1
  84 007a 1360     		str	r3, [r2]
  85 007c 2023     		movs	r3, #32
  86 007e 84F84130 		strb	r3, [r4, #65]
  87 0082 0020     		movs	r0, #0
  88 0084 84F84000 		strb	r0, [r4, #64]
  89              	.L4:
  90 0088 38BD     		pop	{r3, r4, r5, pc}
  91              	.L8:
  92 008a 6421     		movs	r1, #100
  93 008c 0748     		ldr	r0, .L9+16
  94 008e FFF7FEFF 		bl	assert_failed
  95 0092 D2E7     		b	.L3
  96              	.L5:
  97 0094 0220     		movs	r0, #2
  98 0096 F7E7     		b	.L4
  99              	.L6:
 100 0098 0220     		movs	r0, #2
 101 009a F5E7     		b	.L4
 102              	.L10:
 103              		.align	2
 104              	.L9:
 105 009c 00540040 		.word	1073763328
 106 00a0 00580040 		.word	1073764352
 107 00a4 001C0058 		.word	1476402176
 108 00a8 00640040 		.word	1073767424
 109 00ac 00000000 		.word	.LC0
 111              		.section	.text.HAL_I2CEx_ConfigDigitalFilter,"ax",%progbits
ARM GAS  C:\Users\thewo\AppData\Local\Temp\ccmcT33Q.s 			page 3


 112              		.align	1
 113              		.global	HAL_I2CEx_ConfigDigitalFilter
 114              		.syntax unified
 115              		.thumb
 116              		.thumb_func
 118              	HAL_I2CEx_ConfigDigitalFilter:
 119              		@ args = 0, pretend = 0, frame = 0
 120              		@ frame_needed = 0, uses_anonymous_args = 0
 121 0000 38B5     		push	{r3, r4, r5, lr}
 122 0002 0446     		mov	r4, r0
 123 0004 0D46     		mov	r5, r1
 124 0006 0368     		ldr	r3, [r0]
 125 0008 2249     		ldr	r1, .L19
 126 000a 234A     		ldr	r2, .L19+4
 127 000c 8B42     		cmp	r3, r1
 128 000e 18BF     		it	ne
 129 0010 9342     		cmpne	r3, r2
 130 0012 0DD0     		beq	.L12
 131 0014 02F58062 		add	r2, r2, #1024
 132 0018 9342     		cmp	r3, r2
 133 001a 09D0     		beq	.L12
 134 001c 1F4A     		ldr	r2, .L19+8
 135 001e 9342     		cmp	r3, r2
 136 0020 06D0     		beq	.L12
 137 0022 1F4A     		ldr	r2, .L19+12
 138 0024 9342     		cmp	r3, r2
 139 0026 03D0     		beq	.L12
 140 0028 9121     		movs	r1, #145
 141 002a 1E48     		ldr	r0, .L19+16
 142 002c FFF7FEFF 		bl	assert_failed
 143              	.L12:
 144 0030 0F2D     		cmp	r5, #15
 145 0032 25D8     		bhi	.L18
 146              	.L13:
 147 0034 94F84130 		ldrb	r3, [r4, #65]	@ zero_extendqisi2
 148 0038 202B     		cmp	r3, #32
 149 003a 26D1     		bne	.L15
 150 003c 94F84030 		ldrb	r3, [r4, #64]	@ zero_extendqisi2
 151 0040 012B     		cmp	r3, #1
 152 0042 24D0     		beq	.L16
 153 0044 0123     		movs	r3, #1
 154 0046 84F84030 		strb	r3, [r4, #64]
 155 004a 2423     		movs	r3, #36
 156 004c 84F84130 		strb	r3, [r4, #65]
 157 0050 2268     		ldr	r2, [r4]
 158 0052 1368     		ldr	r3, [r2]
 159 0054 23F00103 		bic	r3, r3, #1
 160 0058 1360     		str	r3, [r2]
 161 005a 2268     		ldr	r2, [r4]
 162 005c 1368     		ldr	r3, [r2]
 163 005e 23F47063 		bic	r3, r3, #3840
 164 0062 43EA0523 		orr	r3, r3, r5, lsl #8
 165 0066 1360     		str	r3, [r2]
 166 0068 2268     		ldr	r2, [r4]
 167 006a 1368     		ldr	r3, [r2]
 168 006c 43F00103 		orr	r3, r3, #1
 169 0070 1360     		str	r3, [r2]
ARM GAS  C:\Users\thewo\AppData\Local\Temp\ccmcT33Q.s 			page 4


 170 0072 2023     		movs	r3, #32
 171 0074 84F84130 		strb	r3, [r4, #65]
 172 0078 0020     		movs	r0, #0
 173 007a 84F84000 		strb	r0, [r4, #64]
 174              	.L14:
 175 007e 38BD     		pop	{r3, r4, r5, pc}
 176              	.L18:
 177 0080 9221     		movs	r1, #146
 178 0082 0848     		ldr	r0, .L19+16
 179 0084 FFF7FEFF 		bl	assert_failed
 180 0088 D4E7     		b	.L13
 181              	.L15:
 182 008a 0220     		movs	r0, #2
 183 008c F7E7     		b	.L14
 184              	.L16:
 185 008e 0220     		movs	r0, #2
 186 0090 F5E7     		b	.L14
 187              	.L20:
 188 0092 00BF     		.align	2
 189              	.L19:
 190 0094 00540040 		.word	1073763328
 191 0098 00580040 		.word	1073764352
 192 009c 001C0058 		.word	1476402176
 193 00a0 00640040 		.word	1073767424
 194 00a4 00000000 		.word	.LC0
 196              		.section	.text.HAL_I2CEx_EnableWakeUp,"ax",%progbits
 197              		.align	1
 198              		.global	HAL_I2CEx_EnableWakeUp
 199              		.syntax unified
 200              		.thumb
 201              		.thumb_func
 203              	HAL_I2CEx_EnableWakeUp:
 204              		@ args = 0, pretend = 0, frame = 0
 205              		@ frame_needed = 0, uses_anonymous_args = 0
 206 0000 10B5     		push	{r4, lr}
 207 0002 0446     		mov	r4, r0
 208 0004 0368     		ldr	r3, [r0]
 209 0006 1E49     		ldr	r1, .L27
 210 0008 1E4A     		ldr	r2, .L27+4
 211 000a 8B42     		cmp	r3, r1
 212 000c 18BF     		it	ne
 213 000e 9342     		cmpne	r3, r2
 214 0010 0DD0     		beq	.L22
 215 0012 02F58062 		add	r2, r2, #1024
 216 0016 9342     		cmp	r3, r2
 217 0018 09D0     		beq	.L22
 218 001a 1B4A     		ldr	r2, .L27+8
 219 001c 9342     		cmp	r3, r2
 220 001e 06D0     		beq	.L22
 221 0020 1A4A     		ldr	r2, .L27+12
 222 0022 9342     		cmp	r3, r2
 223 0024 03D0     		beq	.L22
 224 0026 D321     		movs	r1, #211
 225 0028 1948     		ldr	r0, .L27+16
 226 002a FFF7FEFF 		bl	assert_failed
 227              	.L22:
 228 002e 94F84130 		ldrb	r3, [r4, #65]	@ zero_extendqisi2
ARM GAS  C:\Users\thewo\AppData\Local\Temp\ccmcT33Q.s 			page 5


 229 0032 202B     		cmp	r3, #32
 230 0034 1FD1     		bne	.L24
 231 0036 94F84030 		ldrb	r3, [r4, #64]	@ zero_extendqisi2
 232 003a 012B     		cmp	r3, #1
 233 003c 1DD0     		beq	.L25
 234 003e 0123     		movs	r3, #1
 235 0040 84F84030 		strb	r3, [r4, #64]
 236 0044 2423     		movs	r3, #36
 237 0046 84F84130 		strb	r3, [r4, #65]
 238 004a 2268     		ldr	r2, [r4]
 239 004c 1368     		ldr	r3, [r2]
 240 004e 23F00103 		bic	r3, r3, #1
 241 0052 1360     		str	r3, [r2]
 242 0054 2268     		ldr	r2, [r4]
 243 0056 1368     		ldr	r3, [r2]
 244 0058 43F48023 		orr	r3, r3, #262144
 245 005c 1360     		str	r3, [r2]
 246 005e 2268     		ldr	r2, [r4]
 247 0060 1368     		ldr	r3, [r2]
 248 0062 43F00103 		orr	r3, r3, #1
 249 0066 1360     		str	r3, [r2]
 250 0068 2023     		movs	r3, #32
 251 006a 84F84130 		strb	r3, [r4, #65]
 252 006e 0020     		movs	r0, #0
 253 0070 84F84000 		strb	r0, [r4, #64]
 254              	.L23:
 255 0074 10BD     		pop	{r4, pc}
 256              	.L24:
 257 0076 0220     		movs	r0, #2
 258 0078 FCE7     		b	.L23
 259              	.L25:
 260 007a 0220     		movs	r0, #2
 261 007c FAE7     		b	.L23
 262              	.L28:
 263 007e 00BF     		.align	2
 264              	.L27:
 265 0080 00540040 		.word	1073763328
 266 0084 00580040 		.word	1073764352
 267 0088 001C0058 		.word	1476402176
 268 008c 00640040 		.word	1073767424
 269 0090 00000000 		.word	.LC0
 271              		.section	.text.HAL_I2CEx_DisableWakeUp,"ax",%progbits
 272              		.align	1
 273              		.global	HAL_I2CEx_DisableWakeUp
 274              		.syntax unified
 275              		.thumb
 276              		.thumb_func
 278              	HAL_I2CEx_DisableWakeUp:
 279              		@ args = 0, pretend = 0, frame = 0
 280              		@ frame_needed = 0, uses_anonymous_args = 0
 281 0000 10B5     		push	{r4, lr}
 282 0002 0446     		mov	r4, r0
 283 0004 0368     		ldr	r3, [r0]
 284 0006 1E49     		ldr	r1, .L35
 285 0008 1E4A     		ldr	r2, .L35+4
 286 000a 8B42     		cmp	r3, r1
 287 000c 18BF     		it	ne
ARM GAS  C:\Users\thewo\AppData\Local\Temp\ccmcT33Q.s 			page 6


 288 000e 9342     		cmpne	r3, r2
 289 0010 0DD0     		beq	.L30
 290 0012 02F58062 		add	r2, r2, #1024
 291 0016 9342     		cmp	r3, r2
 292 0018 09D0     		beq	.L30
 293 001a 1B4A     		ldr	r2, .L35+8
 294 001c 9342     		cmp	r3, r2
 295 001e 06D0     		beq	.L30
 296 0020 1A4A     		ldr	r2, .L35+12
 297 0022 9342     		cmp	r3, r2
 298 0024 03D0     		beq	.L30
 299 0026 FA21     		movs	r1, #250
 300 0028 1948     		ldr	r0, .L35+16
 301 002a FFF7FEFF 		bl	assert_failed
 302              	.L30:
 303 002e 94F84130 		ldrb	r3, [r4, #65]	@ zero_extendqisi2
 304 0032 202B     		cmp	r3, #32
 305 0034 1FD1     		bne	.L32
 306 0036 94F84030 		ldrb	r3, [r4, #64]	@ zero_extendqisi2
 307 003a 012B     		cmp	r3, #1
 308 003c 1DD0     		beq	.L33
 309 003e 0123     		movs	r3, #1
 310 0040 84F84030 		strb	r3, [r4, #64]
 311 0044 2423     		movs	r3, #36
 312 0046 84F84130 		strb	r3, [r4, #65]
 313 004a 2268     		ldr	r2, [r4]
 314 004c 1368     		ldr	r3, [r2]
 315 004e 23F00103 		bic	r3, r3, #1
 316 0052 1360     		str	r3, [r2]
 317 0054 2268     		ldr	r2, [r4]
 318 0056 1368     		ldr	r3, [r2]
 319 0058 23F48023 		bic	r3, r3, #262144
 320 005c 1360     		str	r3, [r2]
 321 005e 2268     		ldr	r2, [r4]
 322 0060 1368     		ldr	r3, [r2]
 323 0062 43F00103 		orr	r3, r3, #1
 324 0066 1360     		str	r3, [r2]
 325 0068 2023     		movs	r3, #32
 326 006a 84F84130 		strb	r3, [r4, #65]
 327 006e 0020     		movs	r0, #0
 328 0070 84F84000 		strb	r0, [r4, #64]
 329              	.L31:
 330 0074 10BD     		pop	{r4, pc}
 331              	.L32:
 332 0076 0220     		movs	r0, #2
 333 0078 FCE7     		b	.L31
 334              	.L33:
 335 007a 0220     		movs	r0, #2
 336 007c FAE7     		b	.L31
 337              	.L36:
 338 007e 00BF     		.align	2
 339              	.L35:
 340 0080 00540040 		.word	1073763328
 341 0084 00580040 		.word	1073764352
 342 0088 001C0058 		.word	1476402176
 343 008c 00640040 		.word	1073767424
 344 0090 00000000 		.word	.LC0
ARM GAS  C:\Users\thewo\AppData\Local\Temp\ccmcT33Q.s 			page 7


 346              		.section	.text.HAL_I2CEx_EnableFastModePlus,"ax",%progbits
 347              		.align	1
 348              		.global	HAL_I2CEx_EnableFastModePlus
 349              		.syntax unified
 350              		.thumb
 351              		.thumb_func
 353              	HAL_I2CEx_EnableFastModePlus:
 354              		@ args = 0, pretend = 0, frame = 8
 355              		@ frame_needed = 0, uses_anonymous_args = 0
 356 0000 10B5     		push	{r4, lr}
 357 0002 82B0     		sub	sp, sp, #8
 358 0004 0446     		mov	r4, r0
 359 0006 10F0FF0F 		tst	r0, #255
 360 000a 12D0     		beq	.L40
 361              	.L38:
 362 000c 0C4B     		ldr	r3, .L41
 363 000e D3F8F420 		ldr	r2, [r3, #244]
 364 0012 42F00202 		orr	r2, r2, #2
 365 0016 C3F8F420 		str	r2, [r3, #244]
 366 001a D3F8F430 		ldr	r3, [r3, #244]
 367 001e 03F00203 		and	r3, r3, #2
 368 0022 0193     		str	r3, [sp, #4]
 369 0024 019B     		ldr	r3, [sp, #4]
 370 0026 074A     		ldr	r2, .L41+4
 371 0028 5368     		ldr	r3, [r2, #4]
 372 002a 2343     		orrs	r3, r3, r4
 373 002c 5360     		str	r3, [r2, #4]
 374 002e 02B0     		add	sp, sp, #8
 375              		@ sp needed
 376 0030 10BD     		pop	{r4, pc}
 377              	.L40:
 378 0032 40F23F11 		movw	r1, #319
 379 0036 0448     		ldr	r0, .L41+8
 380 0038 FFF7FEFF 		bl	assert_failed
 381 003c E6E7     		b	.L38
 382              	.L42:
 383 003e 00BF     		.align	2
 384              	.L41:
 385 0040 00440258 		.word	1476543488
 386 0044 00040058 		.word	1476396032
 387 0048 00000000 		.word	.LC0
 389              		.section	.text.HAL_I2CEx_DisableFastModePlus,"ax",%progbits
 390              		.align	1
 391              		.global	HAL_I2CEx_DisableFastModePlus
 392              		.syntax unified
 393              		.thumb
 394              		.thumb_func
 396              	HAL_I2CEx_DisableFastModePlus:
 397              		@ args = 0, pretend = 0, frame = 8
 398              		@ frame_needed = 0, uses_anonymous_args = 0
 399 0000 10B5     		push	{r4, lr}
 400 0002 82B0     		sub	sp, sp, #8
 401 0004 0446     		mov	r4, r0
 402 0006 10F0FF0F 		tst	r0, #255
 403 000a 13D0     		beq	.L46
 404              	.L44:
 405 000c 0C4B     		ldr	r3, .L47
ARM GAS  C:\Users\thewo\AppData\Local\Temp\ccmcT33Q.s 			page 8


 406 000e D3F8F420 		ldr	r2, [r3, #244]
 407 0012 42F00202 		orr	r2, r2, #2
 408 0016 C3F8F420 		str	r2, [r3, #244]
 409 001a D3F8F430 		ldr	r3, [r3, #244]
 410 001e 03F00203 		and	r3, r3, #2
 411 0022 0193     		str	r3, [sp, #4]
 412 0024 019B     		ldr	r3, [sp, #4]
 413 0026 074A     		ldr	r2, .L47+4
 414 0028 5368     		ldr	r3, [r2, #4]
 415 002a 23EA0403 		bic	r3, r3, r4
 416 002e 5360     		str	r3, [r2, #4]
 417 0030 02B0     		add	sp, sp, #8
 418              		@ sp needed
 419 0032 10BD     		pop	{r4, pc}
 420              	.L46:
 421 0034 4FF4AF71 		mov	r1, #350
 422 0038 0348     		ldr	r0, .L47+8
 423 003a FFF7FEFF 		bl	assert_failed
 424 003e E5E7     		b	.L44
 425              	.L48:
 426              		.align	2
 427              	.L47:
 428 0040 00440258 		.word	1476543488
 429 0044 00040058 		.word	1476396032
 430 0048 00000000 		.word	.LC0
 432              		.ident	"GCC: (xPack GNU Arm Embedded GCC x86_64) 14.2.1 20241119"
ARM GAS  C:\Users\thewo\AppData\Local\Temp\ccmcT33Q.s 			page 9


DEFINED SYMBOLS
                            *ABS*:00000000 stm32h7xx_hal_i2c_ex.c
C:\Users\thewo\AppData\Local\Temp\ccmcT33Q.s:17     .rodata.HAL_I2CEx_ConfigAnalogFilter.str1.4:00000000 $d
C:\Users\thewo\AppData\Local\Temp\ccmcT33Q.s:22     .text.HAL_I2CEx_ConfigAnalogFilter:00000000 $t
C:\Users\thewo\AppData\Local\Temp\ccmcT33Q.s:28     .text.HAL_I2CEx_ConfigAnalogFilter:00000000 HAL_I2CEx_ConfigAnalogFilter
C:\Users\thewo\AppData\Local\Temp\ccmcT33Q.s:105    .text.HAL_I2CEx_ConfigAnalogFilter:0000009c $d
C:\Users\thewo\AppData\Local\Temp\ccmcT33Q.s:112    .text.HAL_I2CEx_ConfigDigitalFilter:00000000 $t
C:\Users\thewo\AppData\Local\Temp\ccmcT33Q.s:118    .text.HAL_I2CEx_ConfigDigitalFilter:00000000 HAL_I2CEx_ConfigDigitalFilter
C:\Users\thewo\AppData\Local\Temp\ccmcT33Q.s:190    .text.HAL_I2CEx_ConfigDigitalFilter:00000094 $d
C:\Users\thewo\AppData\Local\Temp\ccmcT33Q.s:197    .text.HAL_I2CEx_EnableWakeUp:00000000 $t
C:\Users\thewo\AppData\Local\Temp\ccmcT33Q.s:203    .text.HAL_I2CEx_EnableWakeUp:00000000 HAL_I2CEx_EnableWakeUp
C:\Users\thewo\AppData\Local\Temp\ccmcT33Q.s:265    .text.HAL_I2CEx_EnableWakeUp:00000080 $d
C:\Users\thewo\AppData\Local\Temp\ccmcT33Q.s:272    .text.HAL_I2CEx_DisableWakeUp:00000000 $t
C:\Users\thewo\AppData\Local\Temp\ccmcT33Q.s:278    .text.HAL_I2CEx_DisableWakeUp:00000000 HAL_I2CEx_DisableWakeUp
C:\Users\thewo\AppData\Local\Temp\ccmcT33Q.s:340    .text.HAL_I2CEx_DisableWakeUp:00000080 $d
C:\Users\thewo\AppData\Local\Temp\ccmcT33Q.s:347    .text.HAL_I2CEx_EnableFastModePlus:00000000 $t
C:\Users\thewo\AppData\Local\Temp\ccmcT33Q.s:353    .text.HAL_I2CEx_EnableFastModePlus:00000000 HAL_I2CEx_EnableFastModePlus
C:\Users\thewo\AppData\Local\Temp\ccmcT33Q.s:385    .text.HAL_I2CEx_EnableFastModePlus:00000040 $d
C:\Users\thewo\AppData\Local\Temp\ccmcT33Q.s:390    .text.HAL_I2CEx_DisableFastModePlus:00000000 $t
C:\Users\thewo\AppData\Local\Temp\ccmcT33Q.s:396    .text.HAL_I2CEx_DisableFastModePlus:00000000 HAL_I2CEx_DisableFastModePlus
C:\Users\thewo\AppData\Local\Temp\ccmcT33Q.s:428    .text.HAL_I2CEx_DisableFastModePlus:00000040 $d

UNDEFINED SYMBOLS
assert_failed
