ARM GAS  C:\Users\thewo\AppData\Local\Temp\cc2zJjD2.s 			page 1


   1              		.cpu cortex-m7
   2              		.arch armv7e-m
   3              		.fpu fpv5-d16
   4              		.eabi_attribute 28, 1
   5              		.eabi_attribute 20, 1
   6              		.eabi_attribute 21, 1
   7              		.eabi_attribute 23, 3
   8              		.eabi_attribute 24, 1
   9              		.eabi_attribute 25, 1
  10              		.eabi_attribute 26, 1
  11              		.eabi_attribute 30, 1
  12              		.eabi_attribute 34, 1
  13              		.eabi_attribute 18, 4
  14              		.file	"stm32h7xx_hal_pwr.c"
  15              		.text
  16              		.section	.text.HAL_PWR_DeInit,"ax",%progbits
  17              		.align	1
  18              		.global	HAL_PWR_DeInit
  19              		.syntax unified
  20              		.thumb
  21              		.thumb_func
  23              	HAL_PWR_DeInit:
  24              		@ args = 0, pretend = 0, frame = 0
  25              		@ frame_needed = 0, uses_anonymous_args = 0
  26              		@ link register save eliminated.
  27 0000 7047     		bx	lr
  29              		.section	.text.HAL_PWR_EnableBkUpAccess,"ax",%progbits
  30              		.align	1
  31              		.global	HAL_PWR_EnableBkUpAccess
  32              		.syntax unified
  33              		.thumb
  34              		.thumb_func
  36              	HAL_PWR_EnableBkUpAccess:
  37              		@ args = 0, pretend = 0, frame = 0
  38              		@ frame_needed = 0, uses_anonymous_args = 0
  39              		@ link register save eliminated.
  40 0000 024A     		ldr	r2, .L3
  41 0002 1368     		ldr	r3, [r2]
  42 0004 43F48073 		orr	r3, r3, #256
  43 0008 1360     		str	r3, [r2]
  44 000a 7047     		bx	lr
  45              	.L4:
  46              		.align	2
  47              	.L3:
  48 000c 00480258 		.word	1476544512
  50              		.section	.text.HAL_PWR_DisableBkUpAccess,"ax",%progbits
  51              		.align	1
  52              		.global	HAL_PWR_DisableBkUpAccess
  53              		.syntax unified
  54              		.thumb
  55              		.thumb_func
  57              	HAL_PWR_DisableBkUpAccess:
  58              		@ args = 0, pretend = 0, frame = 0
  59              		@ frame_needed = 0, uses_anonymous_args = 0
  60              		@ link register save eliminated.
  61 0000 024A     		ldr	r2, .L6
  62 0002 1368     		ldr	r3, [r2]
ARM GAS  C:\Users\thewo\AppData\Local\Temp\cc2zJjD2.s 			page 2


  63 0004 23F48073 		bic	r3, r3, #256
  64 0008 1360     		str	r3, [r2]
  65 000a 7047     		bx	lr
  66              	.L7:
  67              		.align	2
  68              	.L6:
  69 000c 00480258 		.word	1476544512
  71              		.section	.rodata.HAL_PWR_ConfigPVD.str1.4,"aMS",%progbits,1
  72              		.align	2
  73              	.LC0:
  74 0000 44726976 		.ascii	"Drivers/STM32H7xx_HAL_Driver/Src/stm32h7xx_hal_pwr."
  74      6572732F 
  74      53544D33 
  74      32483778 
  74      785F4841 
  75 0033 6300     		.ascii	"c\000"
  76              		.section	.text.HAL_PWR_ConfigPVD,"ax",%progbits
  77              		.align	1
  78              		.global	HAL_PWR_ConfigPVD
  79              		.syntax unified
  80              		.thumb
  81              		.thumb_func
  83              	HAL_PWR_ConfigPVD:
  84              		@ args = 0, pretend = 0, frame = 0
  85              		@ frame_needed = 0, uses_anonymous_args = 0
  86 0000 0028     		cmp	r0, #0
  87 0002 78D0     		beq	.L16
  88 0004 10B5     		push	{r4, lr}
  89 0006 0446     		mov	r4, r0
  90 0008 0368     		ldr	r3, [r0]
  91 000a 002B     		cmp	r3, #0
  92 000c 18BF     		it	ne
  93 000e 202B     		cmpne	r3, #32
  94 0010 0BD0     		beq	.L10
  95 0012 402B     		cmp	r3, #64
  96 0014 09D0     		beq	.L10
  97 0016 602B     		cmp	r3, #96
  98 0018 07D0     		beq	.L10
  99 001a 802B     		cmp	r3, #128
 100 001c 05D0     		beq	.L10
 101 001e A02B     		cmp	r3, #160
 102 0020 03D0     		beq	.L10
 103 0022 C02B     		cmp	r3, #192
 104 0024 01D0     		beq	.L10
 105 0026 E02B     		cmp	r3, #224
 106 0028 59D1     		bne	.L19
 107              	.L10:
 108 002a 6368     		ldr	r3, [r4, #4]
 109 002c A3F10111 		sub	r1, r3, #65537
 110 0030 314A     		ldr	r2, .L21
 111 0032 9342     		cmp	r3, r2
 112 0034 18BF     		it	ne
 113 0036 0229     		cmpne	r1, #2
 114 0038 07D9     		bls	.L11
 115 003a B3F1021F 		cmp	r3, #131074
 116 003e 04D0     		beq	.L11
 117 0040 0232     		adds	r2, r2, #2
ARM GAS  C:\Users\thewo\AppData\Local\Temp\cc2zJjD2.s 			page 3


 118 0042 9342     		cmp	r3, r2
 119 0044 01D0     		beq	.L11
 120 0046 002B     		cmp	r3, #0
 121 0048 4FD1     		bne	.L20
 122              	.L11:
 123 004a 2C4A     		ldr	r2, .L21+4
 124 004c 1368     		ldr	r3, [r2]
 125 004e 23F0E003 		bic	r3, r3, #224
 126 0052 2168     		ldr	r1, [r4]
 127 0054 0B43     		orrs	r3, r3, r1
 128 0056 1360     		str	r3, [r2]
 129 0058 4FF0B043 		mov	r3, #1476395008
 130 005c D3F88420 		ldr	r2, [r3, #132]
 131 0060 22F48032 		bic	r2, r2, #65536
 132 0064 C3F88420 		str	r2, [r3, #132]
 133 0068 D3F88020 		ldr	r2, [r3, #128]
 134 006c 22F48032 		bic	r2, r2, #65536
 135 0070 C3F88020 		str	r2, [r3, #128]
 136 0074 1A68     		ldr	r2, [r3]
 137 0076 22F48032 		bic	r2, r2, #65536
 138 007a 1A60     		str	r2, [r3]
 139 007c 5A68     		ldr	r2, [r3, #4]
 140 007e 22F48032 		bic	r2, r2, #65536
 141 0082 5A60     		str	r2, [r3, #4]
 142 0084 6368     		ldr	r3, [r4, #4]
 143 0086 13F4803F 		tst	r3, #65536
 144 008a 07D0     		beq	.L12
 145 008c 4FF0B042 		mov	r2, #1476395008
 146 0090 D2F88030 		ldr	r3, [r2, #128]
 147 0094 43F48033 		orr	r3, r3, #65536
 148 0098 C2F88030 		str	r3, [r2, #128]
 149              	.L12:
 150 009c 6368     		ldr	r3, [r4, #4]
 151 009e 13F4003F 		tst	r3, #131072
 152 00a2 07D0     		beq	.L13
 153 00a4 4FF0B042 		mov	r2, #1476395008
 154 00a8 D2F88430 		ldr	r3, [r2, #132]
 155 00ac 43F48033 		orr	r3, r3, #65536
 156 00b0 C2F88430 		str	r3, [r2, #132]
 157              	.L13:
 158 00b4 6368     		ldr	r3, [r4, #4]
 159 00b6 13F0010F 		tst	r3, #1
 160 00ba 05D0     		beq	.L14
 161 00bc 4FF0B042 		mov	r2, #1476395008
 162 00c0 1368     		ldr	r3, [r2]
 163 00c2 43F48033 		orr	r3, r3, #65536
 164 00c6 1360     		str	r3, [r2]
 165              	.L14:
 166 00c8 6368     		ldr	r3, [r4, #4]
 167 00ca 13F0020F 		tst	r3, #2
 168 00ce 05D0     		beq	.L8
 169 00d0 4FF0B042 		mov	r2, #1476395008
 170 00d4 5368     		ldr	r3, [r2, #4]
 171 00d6 43F48033 		orr	r3, r3, #65536
 172 00da 5360     		str	r3, [r2, #4]
 173              	.L8:
 174 00dc 10BD     		pop	{r4, pc}
ARM GAS  C:\Users\thewo\AppData\Local\Temp\cc2zJjD2.s 			page 4


 175              	.L19:
 176 00de 4FF4D471 		mov	r1, #424
 177 00e2 0748     		ldr	r0, .L21+8
 178 00e4 FFF7FEFF 		bl	assert_failed
 179 00e8 9FE7     		b	.L10
 180              	.L20:
 181 00ea 40F2A911 		movw	r1, #425
 182 00ee 0448     		ldr	r0, .L21+8
 183 00f0 FFF7FEFF 		bl	assert_failed
 184 00f4 A9E7     		b	.L11
 185              	.L16:
 186 00f6 7047     		bx	lr
 187              	.L22:
 188              		.align	2
 189              	.L21:
 190 00f8 01000200 		.word	131073
 191 00fc 00480258 		.word	1476544512
 192 0100 00000000 		.word	.LC0
 194              		.section	.text.HAL_PWR_EnablePVD,"ax",%progbits
 195              		.align	1
 196              		.global	HAL_PWR_EnablePVD
 197              		.syntax unified
 198              		.thumb
 199              		.thumb_func
 201              	HAL_PWR_EnablePVD:
 202              		@ args = 0, pretend = 0, frame = 0
 203              		@ frame_needed = 0, uses_anonymous_args = 0
 204              		@ link register save eliminated.
 205 0000 024A     		ldr	r2, .L24
 206 0002 1368     		ldr	r3, [r2]
 207 0004 43F01003 		orr	r3, r3, #16
 208 0008 1360     		str	r3, [r2]
 209 000a 7047     		bx	lr
 210              	.L25:
 211              		.align	2
 212              	.L24:
 213 000c 00480258 		.word	1476544512
 215              		.section	.text.HAL_PWR_DisablePVD,"ax",%progbits
 216              		.align	1
 217              		.global	HAL_PWR_DisablePVD
 218              		.syntax unified
 219              		.thumb
 220              		.thumb_func
 222              	HAL_PWR_DisablePVD:
 223              		@ args = 0, pretend = 0, frame = 0
 224              		@ frame_needed = 0, uses_anonymous_args = 0
 225              		@ link register save eliminated.
 226 0000 024A     		ldr	r2, .L27
 227 0002 1368     		ldr	r3, [r2]
 228 0004 23F01003 		bic	r3, r3, #16
 229 0008 1360     		str	r3, [r2]
 230 000a 7047     		bx	lr
 231              	.L28:
 232              		.align	2
 233              	.L27:
 234 000c 00480258 		.word	1476544512
 236              		.section	.text.HAL_PWR_EnableWakeUpPin,"ax",%progbits
ARM GAS  C:\Users\thewo\AppData\Local\Temp\cc2zJjD2.s 			page 5


 237              		.align	1
 238              		.global	HAL_PWR_EnableWakeUpPin
 239              		.syntax unified
 240              		.thumb
 241              		.thumb_func
 243              	HAL_PWR_EnableWakeUpPin:
 244              		@ args = 0, pretend = 0, frame = 0
 245              		@ frame_needed = 0, uses_anonymous_args = 0
 246 0000 10B5     		push	{r4, lr}
 247 0002 0446     		mov	r4, r0
 248 0004 411E     		subs	r1, r0, #1
 249 0006 B0F10803 		subs	r3, r0, #8
 250 000a 18BF     		it	ne
 251 000c 0123     		movne	r3, #1
 252 000e 0129     		cmp	r1, #1
 253 0010 94BF     		ite	ls
 254 0012 0022     		movls	r2, #0
 255 0014 03F00102 		andhi	r2, r3, #1
 256 0018 12B3     		cbz	r2, .L30
 257 001a B0F12002 		subs	r2, r0, #32
 258 001e 18BF     		it	ne
 259 0020 0122     		movne	r2, #1
 260 0022 411E     		subs	r1, r0, #1
 261 0024 18BF     		it	ne
 262 0026 0121     		movne	r1, #1
 263 0028 D2B1     		cbz	r2, .L30
 264 002a C9B1     		cbz	r1, .L30
 265 002c 811E     		subs	r1, r0, #2
 266 002e 18BF     		it	ne
 267 0030 0121     		movne	r1, #1
 268 0032 ABB1     		cbz	r3, .L30
 269 0034 A1B1     		cbz	r1, .L30
 270 0036 40F20113 		movw	r3, #257
 271 003a C31A     		subs	r3, r0, r3
 272 003c 18BF     		it	ne
 273 003e 0123     		movne	r3, #1
 274 0040 72B1     		cbz	r2, .L30
 275 0042 6BB1     		cbz	r3, .L30
 276 0044 40F60803 		movw	r3, #2056
 277 0048 C31A     		subs	r3, r0, r3
 278 004a 18BF     		it	ne
 279 004c 0123     		movne	r3, #1
 280 004e 40F20222 		movw	r2, #514
 281 0052 9042     		cmp	r0, r2
 282 0054 04D0     		beq	.L30
 283 0056 1BB1     		cbz	r3, .L30
 284 0058 42F22003 		movw	r3, #8224
 285 005c 9842     		cmp	r0, r3
 286 005e 06D1     		bne	.L32
 287              	.L30:
 288 0060 064A     		ldr	r2, .L33
 289 0062 916A     		ldr	r1, [r2, #40]
 290 0064 064B     		ldr	r3, .L33+4
 291 0066 0B40     		ands	r3, r3, r1
 292 0068 2343     		orrs	r3, r3, r4
 293 006a 9362     		str	r3, [r2, #40]
 294 006c 10BD     		pop	{r4, pc}
ARM GAS  C:\Users\thewo\AppData\Local\Temp\cc2zJjD2.s 			page 6


 295              	.L32:
 296 006e 4FF4FF71 		mov	r1, #510
 297 0072 0448     		ldr	r0, .L33+8
 298 0074 FFF7FEFF 		bl	assert_failed
 299 0078 F2E7     		b	.L30
 300              	.L34:
 301 007a 00BF     		.align	2
 302              	.L33:
 303 007c 00480258 		.word	1476544512
 304 0080 C0C000F0 		.word	-268386112
 305 0084 00000000 		.word	.LC0
 307              		.section	.text.HAL_PWR_DisableWakeUpPin,"ax",%progbits
 308              		.align	1
 309              		.global	HAL_PWR_DisableWakeUpPin
 310              		.syntax unified
 311              		.thumb
 312              		.thumb_func
 314              	HAL_PWR_DisableWakeUpPin:
 315              		@ args = 0, pretend = 0, frame = 0
 316              		@ frame_needed = 0, uses_anonymous_args = 0
 317 0000 10B5     		push	{r4, lr}
 318 0002 0446     		mov	r4, r0
 319 0004 411E     		subs	r1, r0, #1
 320 0006 B0F10803 		subs	r3, r0, #8
 321 000a 18BF     		it	ne
 322 000c 0123     		movne	r3, #1
 323 000e 0129     		cmp	r1, #1
 324 0010 94BF     		ite	ls
 325 0012 0022     		movls	r2, #0
 326 0014 03F00102 		andhi	r2, r3, #1
 327 0018 12B3     		cbz	r2, .L36
 328 001a B0F12002 		subs	r2, r0, #32
 329 001e 18BF     		it	ne
 330 0020 0122     		movne	r2, #1
 331 0022 411E     		subs	r1, r0, #1
 332 0024 18BF     		it	ne
 333 0026 0121     		movne	r1, #1
 334 0028 D2B1     		cbz	r2, .L36
 335 002a C9B1     		cbz	r1, .L36
 336 002c 811E     		subs	r1, r0, #2
 337 002e 18BF     		it	ne
 338 0030 0121     		movne	r1, #1
 339 0032 ABB1     		cbz	r3, .L36
 340 0034 A1B1     		cbz	r1, .L36
 341 0036 40F20113 		movw	r3, #257
 342 003a C31A     		subs	r3, r0, r3
 343 003c 18BF     		it	ne
 344 003e 0123     		movne	r3, #1
 345 0040 72B1     		cbz	r2, .L36
 346 0042 6BB1     		cbz	r3, .L36
 347 0044 40F60803 		movw	r3, #2056
 348 0048 C31A     		subs	r3, r0, r3
 349 004a 18BF     		it	ne
 350 004c 0123     		movne	r3, #1
 351 004e 40F20222 		movw	r2, #514
 352 0052 9042     		cmp	r0, r2
 353 0054 04D0     		beq	.L36
ARM GAS  C:\Users\thewo\AppData\Local\Temp\cc2zJjD2.s 			page 7


 354 0056 1BB1     		cbz	r3, .L36
 355 0058 42F22003 		movw	r3, #8224
 356 005c 9842     		cmp	r0, r3
 357 005e 07D1     		bne	.L38
 358              	.L36:
 359 0060 064A     		ldr	r2, .L39
 360 0062 936A     		ldr	r3, [r2, #40]
 361 0064 04F03F04 		and	r4, r4, #63
 362 0068 23EA0403 		bic	r3, r3, r4
 363 006c 9362     		str	r3, [r2, #40]
 364 006e 10BD     		pop	{r4, pc}
 365              	.L38:
 366 0070 40F21B21 		movw	r1, #539
 367 0074 0248     		ldr	r0, .L39+4
 368 0076 FFF7FEFF 		bl	assert_failed
 369 007a F1E7     		b	.L36
 370              	.L40:
 371              		.align	2
 372              	.L39:
 373 007c 00480258 		.word	1476544512
 374 0080 00000000 		.word	.LC0
 376              		.section	.text.HAL_PWR_EnterSLEEPMode,"ax",%progbits
 377              		.align	1
 378              		.global	HAL_PWR_EnterSLEEPMode
 379              		.syntax unified
 380              		.thumb
 381              		.thumb_func
 383              	HAL_PWR_EnterSLEEPMode:
 384              		@ args = 0, pretend = 0, frame = 0
 385              		@ frame_needed = 0, uses_anonymous_args = 0
 386 0000 10B5     		push	{r4, lr}
 387 0002 0C46     		mov	r4, r1
 388 0004 0128     		cmp	r0, #1
 389 0006 0CD8     		bhi	.L47
 390              	.L42:
 391 0008 631E     		subs	r3, r4, #1
 392 000a DBB2     		uxtb	r3, r3
 393 000c 012B     		cmp	r3, #1
 394 000e 0ED8     		bhi	.L48
 395              	.L43:
 396 0010 0B4A     		ldr	r2, .L50
 397 0012 1369     		ldr	r3, [r2, #16]
 398 0014 23F00403 		bic	r3, r3, #4
 399 0018 1361     		str	r3, [r2, #16]
 400 001a 012C     		cmp	r4, #1
 401 001c 0DD0     		beq	.L49
 402              		.syntax unified
 403              	@ 585 "Drivers/STM32H7xx_HAL_Driver/Src/stm32h7xx_hal_pwr.c" 1
 404 001e 20BF     		wfe
 405              	@ 0 "" 2
 406              		.thumb
 407              		.syntax unified
 408              	.L41:
 409 0020 10BD     		pop	{r4, pc}
 410              	.L47:
 411 0022 40F23721 		movw	r1, #567
 412 0026 0748     		ldr	r0, .L50+4
ARM GAS  C:\Users\thewo\AppData\Local\Temp\cc2zJjD2.s 			page 8


 413 0028 FFF7FEFF 		bl	assert_failed
 414 002c ECE7     		b	.L42
 415              	.L48:
 416 002e 4FF40E71 		mov	r1, #568
 417 0032 0448     		ldr	r0, .L50+4
 418 0034 FFF7FEFF 		bl	assert_failed
 419 0038 EAE7     		b	.L43
 420              	.L49:
 421              		.syntax unified
 422              	@ 580 "Drivers/STM32H7xx_HAL_Driver/Src/stm32h7xx_hal_pwr.c" 1
 423 003a 30BF     		wfi
 424              	@ 0 "" 2
 425              		.thumb
 426              		.syntax unified
 427 003c F0E7     		b	.L41
 428              	.L51:
 429 003e 00BF     		.align	2
 430              	.L50:
 431 0040 00ED00E0 		.word	-536810240
 432 0044 00000000 		.word	.LC0
 434              		.section	.text.HAL_PWR_EnterSTOPMode,"ax",%progbits
 435              		.align	1
 436              		.global	HAL_PWR_EnterSTOPMode
 437              		.syntax unified
 438              		.thumb
 439              		.thumb_func
 441              	HAL_PWR_EnterSTOPMode:
 442              		@ args = 0, pretend = 0, frame = 0
 443              		@ frame_needed = 0, uses_anonymous_args = 0
 444 0000 38B5     		push	{r3, r4, r5, lr}
 445 0002 0546     		mov	r5, r0
 446 0004 0C46     		mov	r4, r1
 447 0006 0128     		cmp	r0, #1
 448 0008 23D8     		bhi	.L58
 449              	.L53:
 450 000a 631E     		subs	r3, r4, #1
 451 000c DBB2     		uxtb	r3, r3
 452 000e 012B     		cmp	r3, #1
 453 0010 25D8     		bhi	.L59
 454              	.L54:
 455 0012 174B     		ldr	r3, .L61
 456 0014 1A68     		ldr	r2, [r3]
 457 0016 22F00102 		bic	r2, r2, #1
 458 001a 2A43     		orrs	r2, r2, r5
 459 001c 1A60     		str	r2, [r3]
 460 001e 1A69     		ldr	r2, [r3, #16]
 461 0020 22F00502 		bic	r2, r2, #5
 462 0024 1A61     		str	r2, [r3, #16]
 463 0026 1A69     		ldr	r2, [r3, #16]
 464 0028 22F00202 		bic	r2, r2, #2
 465 002c 1A61     		str	r2, [r3, #16]
 466 002e 114A     		ldr	r2, .L61+4
 467 0030 1369     		ldr	r3, [r2, #16]
 468 0032 43F00403 		orr	r3, r3, #4
 469 0036 1361     		str	r3, [r2, #16]
 470              		.syntax unified
 471              	@ 946 "Drivers/CMSIS/Include/cmsis_gcc.h" 1
ARM GAS  C:\Users\thewo\AppData\Local\Temp\cc2zJjD2.s 			page 9


 472 0038 BFF34F8F 		dsb 0xF
 473              	@ 0 "" 2
 474              	@ 935 "Drivers/CMSIS/Include/cmsis_gcc.h" 1
 475 003c BFF36F8F 		isb 0xF
 476              	@ 0 "" 2
 477              		.thumb
 478              		.syntax unified
 479 0040 012C     		cmp	r4, #1
 480 0042 12D0     		beq	.L60
 481              		.syntax unified
 482              	@ 666 "Drivers/STM32H7xx_HAL_Driver/Src/stm32h7xx_hal_pwr.c" 1
 483 0044 20BF     		wfe
 484              	@ 0 "" 2
 485              		.thumb
 486              		.syntax unified
 487              	.L56:
 488 0046 0B4A     		ldr	r2, .L61+4
 489 0048 1369     		ldr	r3, [r2, #16]
 490 004a 23F00403 		bic	r3, r3, #4
 491 004e 1361     		str	r3, [r2, #16]
 492 0050 38BD     		pop	{r3, r4, r5, pc}
 493              	.L58:
 494 0052 40F26D21 		movw	r1, #621
 495 0056 0848     		ldr	r0, .L61+8
 496 0058 FFF7FEFF 		bl	assert_failed
 497 005c D5E7     		b	.L53
 498              	.L59:
 499 005e 40F26E21 		movw	r1, #622
 500 0062 0548     		ldr	r0, .L61+8
 501 0064 FFF7FEFF 		bl	assert_failed
 502 0068 D3E7     		b	.L54
 503              	.L60:
 504              		.syntax unified
 505              	@ 661 "Drivers/STM32H7xx_HAL_Driver/Src/stm32h7xx_hal_pwr.c" 1
 506 006a 30BF     		wfi
 507              	@ 0 "" 2
 508              		.thumb
 509              		.syntax unified
 510 006c EBE7     		b	.L56
 511              	.L62:
 512 006e 00BF     		.align	2
 513              	.L61:
 514 0070 00480258 		.word	1476544512
 515 0074 00ED00E0 		.word	-536810240
 516 0078 00000000 		.word	.LC0
 518              		.section	.text.HAL_PWR_EnterSTANDBYMode,"ax",%progbits
 519              		.align	1
 520              		.global	HAL_PWR_EnterSTANDBYMode
 521              		.syntax unified
 522              		.thumb
 523              		.thumb_func
 525              	HAL_PWR_EnterSTANDBYMode:
 526              		@ args = 0, pretend = 0, frame = 0
 527              		@ frame_needed = 0, uses_anonymous_args = 0
 528              		@ link register save eliminated.
 529 0000 094B     		ldr	r3, .L64
 530 0002 1A69     		ldr	r2, [r3, #16]
ARM GAS  C:\Users\thewo\AppData\Local\Temp\cc2zJjD2.s 			page 10


 531 0004 42F00502 		orr	r2, r2, #5
 532 0008 1A61     		str	r2, [r3, #16]
 533 000a 1A69     		ldr	r2, [r3, #16]
 534 000c 42F00202 		orr	r2, r2, #2
 535 0010 1A61     		str	r2, [r3, #16]
 536 0012 064A     		ldr	r2, .L64+4
 537 0014 1369     		ldr	r3, [r2, #16]
 538 0016 43F00403 		orr	r3, r3, #4
 539 001a 1361     		str	r3, [r2, #16]
 540              		.syntax unified
 541              	@ 946 "Drivers/CMSIS/Include/cmsis_gcc.h" 1
 542 001c BFF34F8F 		dsb 0xF
 543              	@ 0 "" 2
 544              	@ 935 "Drivers/CMSIS/Include/cmsis_gcc.h" 1
 545 0020 BFF36F8F 		isb 0xF
 546              	@ 0 "" 2
 547              	@ 729 "Drivers/STM32H7xx_HAL_Driver/Src/stm32h7xx_hal_pwr.c" 1
 548 0024 30BF     		wfi
 549              	@ 0 "" 2
 550              		.thumb
 551              		.syntax unified
 552 0026 7047     		bx	lr
 553              	.L65:
 554              		.align	2
 555              	.L64:
 556 0028 00480258 		.word	1476544512
 557 002c 00ED00E0 		.word	-536810240
 559              		.section	.text.HAL_PWR_EnableSleepOnExit,"ax",%progbits
 560              		.align	1
 561              		.global	HAL_PWR_EnableSleepOnExit
 562              		.syntax unified
 563              		.thumb
 564              		.thumb_func
 566              	HAL_PWR_EnableSleepOnExit:
 567              		@ args = 0, pretend = 0, frame = 0
 568              		@ frame_needed = 0, uses_anonymous_args = 0
 569              		@ link register save eliminated.
 570 0000 024A     		ldr	r2, .L67
 571 0002 1369     		ldr	r3, [r2, #16]
 572 0004 43F00203 		orr	r3, r3, #2
 573 0008 1361     		str	r3, [r2, #16]
 574 000a 7047     		bx	lr
 575              	.L68:
 576              		.align	2
 577              	.L67:
 578 000c 00ED00E0 		.word	-536810240
 580              		.section	.text.HAL_PWR_DisableSleepOnExit,"ax",%progbits
 581              		.align	1
 582              		.global	HAL_PWR_DisableSleepOnExit
 583              		.syntax unified
 584              		.thumb
 585              		.thumb_func
 587              	HAL_PWR_DisableSleepOnExit:
 588              		@ args = 0, pretend = 0, frame = 0
 589              		@ frame_needed = 0, uses_anonymous_args = 0
 590              		@ link register save eliminated.
 591 0000 024A     		ldr	r2, .L70
ARM GAS  C:\Users\thewo\AppData\Local\Temp\cc2zJjD2.s 			page 11


 592 0002 1369     		ldr	r3, [r2, #16]
 593 0004 23F00203 		bic	r3, r3, #2
 594 0008 1361     		str	r3, [r2, #16]
 595 000a 7047     		bx	lr
 596              	.L71:
 597              		.align	2
 598              	.L70:
 599 000c 00ED00E0 		.word	-536810240
 601              		.section	.text.HAL_PWR_EnableSEVOnPend,"ax",%progbits
 602              		.align	1
 603              		.global	HAL_PWR_EnableSEVOnPend
 604              		.syntax unified
 605              		.thumb
 606              		.thumb_func
 608              	HAL_PWR_EnableSEVOnPend:
 609              		@ args = 0, pretend = 0, frame = 0
 610              		@ frame_needed = 0, uses_anonymous_args = 0
 611              		@ link register save eliminated.
 612 0000 024A     		ldr	r2, .L73
 613 0002 1369     		ldr	r3, [r2, #16]
 614 0004 43F01003 		orr	r3, r3, #16
 615 0008 1361     		str	r3, [r2, #16]
 616 000a 7047     		bx	lr
 617              	.L74:
 618              		.align	2
 619              	.L73:
 620 000c 00ED00E0 		.word	-536810240
 622              		.section	.text.HAL_PWR_DisableSEVOnPend,"ax",%progbits
 623              		.align	1
 624              		.global	HAL_PWR_DisableSEVOnPend
 625              		.syntax unified
 626              		.thumb
 627              		.thumb_func
 629              	HAL_PWR_DisableSEVOnPend:
 630              		@ args = 0, pretend = 0, frame = 0
 631              		@ frame_needed = 0, uses_anonymous_args = 0
 632              		@ link register save eliminated.
 633 0000 024A     		ldr	r2, .L76
 634 0002 1369     		ldr	r3, [r2, #16]
 635 0004 23F01003 		bic	r3, r3, #16
 636 0008 1361     		str	r3, [r2, #16]
 637 000a 7047     		bx	lr
 638              	.L77:
 639              		.align	2
 640              	.L76:
 641 000c 00ED00E0 		.word	-536810240
 643              		.section	.text.HAL_PWR_PVDCallback,"ax",%progbits
 644              		.align	1
 645              		.weak	HAL_PWR_PVDCallback
 646              		.syntax unified
 647              		.thumb
 648              		.thumb_func
 650              	HAL_PWR_PVDCallback:
 651              		@ args = 0, pretend = 0, frame = 0
 652              		@ frame_needed = 0, uses_anonymous_args = 0
 653              		@ link register save eliminated.
 654 0000 7047     		bx	lr
ARM GAS  C:\Users\thewo\AppData\Local\Temp\cc2zJjD2.s 			page 12


 656              		.section	.text.HAL_PWR_PVD_IRQHandler,"ax",%progbits
 657              		.align	1
 658              		.global	HAL_PWR_PVD_IRQHandler
 659              		.syntax unified
 660              		.thumb
 661              		.thumb_func
 663              	HAL_PWR_PVD_IRQHandler:
 664              		@ args = 0, pretend = 0, frame = 0
 665              		@ frame_needed = 0, uses_anonymous_args = 0
 666 0000 08B5     		push	{r3, lr}
 667 0002 4FF0B043 		mov	r3, #1476395008
 668 0006 D3F88830 		ldr	r3, [r3, #136]
 669 000a 13F4803F 		tst	r3, #65536
 670 000e 00D1     		bne	.L82
 671              	.L79:
 672 0010 08BD     		pop	{r3, pc}
 673              	.L82:
 674 0012 4FF0B042 		mov	r2, #1476395008
 675 0016 D2F88830 		ldr	r3, [r2, #136]
 676 001a 43F48033 		orr	r3, r3, #65536
 677 001e C2F88830 		str	r3, [r2, #136]
 678 0022 FFF7FEFF 		bl	HAL_PWR_PVDCallback
 679 0026 F3E7     		b	.L79
 681              		.ident	"GCC: (xPack GNU Arm Embedded GCC x86_64) 14.2.1 20241119"
ARM GAS  C:\Users\thewo\AppData\Local\Temp\cc2zJjD2.s 			page 13


DEFINED SYMBOLS
                            *ABS*:00000000 stm32h7xx_hal_pwr.c
C:\Users\thewo\AppData\Local\Temp\cc2zJjD2.s:17     .text.HAL_PWR_DeInit:00000000 $t
C:\Users\thewo\AppData\Local\Temp\cc2zJjD2.s:23     .text.HAL_PWR_DeInit:00000000 HAL_PWR_DeInit
C:\Users\thewo\AppData\Local\Temp\cc2zJjD2.s:30     .text.HAL_PWR_EnableBkUpAccess:00000000 $t
C:\Users\thewo\AppData\Local\Temp\cc2zJjD2.s:36     .text.HAL_PWR_EnableBkUpAccess:00000000 HAL_PWR_EnableBkUpAccess
C:\Users\thewo\AppData\Local\Temp\cc2zJjD2.s:48     .text.HAL_PWR_EnableBkUpAccess:0000000c $d
C:\Users\thewo\AppData\Local\Temp\cc2zJjD2.s:51     .text.HAL_PWR_DisableBkUpAccess:00000000 $t
C:\Users\thewo\AppData\Local\Temp\cc2zJjD2.s:57     .text.HAL_PWR_DisableBkUpAccess:00000000 HAL_PWR_DisableBkUpAccess
C:\Users\thewo\AppData\Local\Temp\cc2zJjD2.s:69     .text.HAL_PWR_DisableBkUpAccess:0000000c $d
C:\Users\thewo\AppData\Local\Temp\cc2zJjD2.s:72     .rodata.HAL_PWR_ConfigPVD.str1.4:00000000 $d
C:\Users\thewo\AppData\Local\Temp\cc2zJjD2.s:77     .text.HAL_PWR_ConfigPVD:00000000 $t
C:\Users\thewo\AppData\Local\Temp\cc2zJjD2.s:83     .text.HAL_PWR_ConfigPVD:00000000 HAL_PWR_ConfigPVD
C:\Users\thewo\AppData\Local\Temp\cc2zJjD2.s:190    .text.HAL_PWR_ConfigPVD:000000f8 $d
C:\Users\thewo\AppData\Local\Temp\cc2zJjD2.s:195    .text.HAL_PWR_EnablePVD:00000000 $t
C:\Users\thewo\AppData\Local\Temp\cc2zJjD2.s:201    .text.HAL_PWR_EnablePVD:00000000 HAL_PWR_EnablePVD
C:\Users\thewo\AppData\Local\Temp\cc2zJjD2.s:213    .text.HAL_PWR_EnablePVD:0000000c $d
C:\Users\thewo\AppData\Local\Temp\cc2zJjD2.s:216    .text.HAL_PWR_DisablePVD:00000000 $t
C:\Users\thewo\AppData\Local\Temp\cc2zJjD2.s:222    .text.HAL_PWR_DisablePVD:00000000 HAL_PWR_DisablePVD
C:\Users\thewo\AppData\Local\Temp\cc2zJjD2.s:234    .text.HAL_PWR_DisablePVD:0000000c $d
C:\Users\thewo\AppData\Local\Temp\cc2zJjD2.s:237    .text.HAL_PWR_EnableWakeUpPin:00000000 $t
C:\Users\thewo\AppData\Local\Temp\cc2zJjD2.s:243    .text.HAL_PWR_EnableWakeUpPin:00000000 HAL_PWR_EnableWakeUpPin
C:\Users\thewo\AppData\Local\Temp\cc2zJjD2.s:303    .text.HAL_PWR_EnableWakeUpPin:0000007c $d
C:\Users\thewo\AppData\Local\Temp\cc2zJjD2.s:308    .text.HAL_PWR_DisableWakeUpPin:00000000 $t
C:\Users\thewo\AppData\Local\Temp\cc2zJjD2.s:314    .text.HAL_PWR_DisableWakeUpPin:00000000 HAL_PWR_DisableWakeUpPin
C:\Users\thewo\AppData\Local\Temp\cc2zJjD2.s:373    .text.HAL_PWR_DisableWakeUpPin:0000007c $d
C:\Users\thewo\AppData\Local\Temp\cc2zJjD2.s:377    .text.HAL_PWR_EnterSLEEPMode:00000000 $t
C:\Users\thewo\AppData\Local\Temp\cc2zJjD2.s:383    .text.HAL_PWR_EnterSLEEPMode:00000000 HAL_PWR_EnterSLEEPMode
C:\Users\thewo\AppData\Local\Temp\cc2zJjD2.s:431    .text.HAL_PWR_EnterSLEEPMode:00000040 $d
C:\Users\thewo\AppData\Local\Temp\cc2zJjD2.s:435    .text.HAL_PWR_EnterSTOPMode:00000000 $t
C:\Users\thewo\AppData\Local\Temp\cc2zJjD2.s:441    .text.HAL_PWR_EnterSTOPMode:00000000 HAL_PWR_EnterSTOPMode
C:\Users\thewo\AppData\Local\Temp\cc2zJjD2.s:514    .text.HAL_PWR_EnterSTOPMode:00000070 $d
C:\Users\thewo\AppData\Local\Temp\cc2zJjD2.s:519    .text.HAL_PWR_EnterSTANDBYMode:00000000 $t
C:\Users\thewo\AppData\Local\Temp\cc2zJjD2.s:525    .text.HAL_PWR_EnterSTANDBYMode:00000000 HAL_PWR_EnterSTANDBYMode
C:\Users\thewo\AppData\Local\Temp\cc2zJjD2.s:556    .text.HAL_PWR_EnterSTANDBYMode:00000028 $d
C:\Users\thewo\AppData\Local\Temp\cc2zJjD2.s:560    .text.HAL_PWR_EnableSleepOnExit:00000000 $t
C:\Users\thewo\AppData\Local\Temp\cc2zJjD2.s:566    .text.HAL_PWR_EnableSleepOnExit:00000000 HAL_PWR_EnableSleepOnExit
C:\Users\thewo\AppData\Local\Temp\cc2zJjD2.s:578    .text.HAL_PWR_EnableSleepOnExit:0000000c $d
C:\Users\thewo\AppData\Local\Temp\cc2zJjD2.s:581    .text.HAL_PWR_DisableSleepOnExit:00000000 $t
C:\Users\thewo\AppData\Local\Temp\cc2zJjD2.s:587    .text.HAL_PWR_DisableSleepOnExit:00000000 HAL_PWR_DisableSleepOnExit
C:\Users\thewo\AppData\Local\Temp\cc2zJjD2.s:599    .text.HAL_PWR_DisableSleepOnExit:0000000c $d
C:\Users\thewo\AppData\Local\Temp\cc2zJjD2.s:602    .text.HAL_PWR_EnableSEVOnPend:00000000 $t
C:\Users\thewo\AppData\Local\Temp\cc2zJjD2.s:608    .text.HAL_PWR_EnableSEVOnPend:00000000 HAL_PWR_EnableSEVOnPend
C:\Users\thewo\AppData\Local\Temp\cc2zJjD2.s:620    .text.HAL_PWR_EnableSEVOnPend:0000000c $d
C:\Users\thewo\AppData\Local\Temp\cc2zJjD2.s:623    .text.HAL_PWR_DisableSEVOnPend:00000000 $t
C:\Users\thewo\AppData\Local\Temp\cc2zJjD2.s:629    .text.HAL_PWR_DisableSEVOnPend:00000000 HAL_PWR_DisableSEVOnPend
C:\Users\thewo\AppData\Local\Temp\cc2zJjD2.s:641    .text.HAL_PWR_DisableSEVOnPend:0000000c $d
C:\Users\thewo\AppData\Local\Temp\cc2zJjD2.s:644    .text.HAL_PWR_PVDCallback:00000000 $t
C:\Users\thewo\AppData\Local\Temp\cc2zJjD2.s:650    .text.HAL_PWR_PVDCallback:00000000 HAL_PWR_PVDCallback
C:\Users\thewo\AppData\Local\Temp\cc2zJjD2.s:657    .text.HAL_PWR_PVD_IRQHandler:00000000 $t
C:\Users\thewo\AppData\Local\Temp\cc2zJjD2.s:663    .text.HAL_PWR_PVD_IRQHandler:00000000 HAL_PWR_PVD_IRQHandler

UNDEFINED SYMBOLS
assert_failed
