ARM GAS  C:\Users\thewo\AppData\Local\Temp\ccF53C1i.s 			page 1


   1              		.cpu cortex-m7
   2              		.arch armv7e-m
   3              		.fpu fpv5-d16
   4              		.eabi_attribute 28, 1
   5              		.eabi_attribute 20, 1
   6              		.eabi_attribute 21, 1
   7              		.eabi_attribute 23, 3
   8              		.eabi_attribute 24, 1
   9              		.eabi_attribute 25, 1
  10              		.eabi_attribute 26, 1
  11              		.eabi_attribute 30, 1
  12              		.eabi_attribute 34, 1
  13              		.eabi_attribute 18, 4
  14              		.file	"stm32h7xx_hal_spi_ex.c"
  15              		.text
  16              		.section	.text.HAL_SPIEx_FlushRxFifo,"ax",%progbits
  17              		.align	1
  18              		.global	HAL_SPIEx_FlushRxFifo
  19              		.syntax unified
  20              		.thumb
  21              		.thumb_func
  23              	HAL_SPIEx_FlushRxFifo:
  24              		@ args = 0, pretend = 0, frame = 8
  25              		@ frame_needed = 0, uses_anonymous_args = 0
  26              		@ link register save eliminated.
  27 0000 10B4     		push	{r4}
  28 0002 83B0     		sub	sp, sp, #12
  29 0004 0268     		ldr	r2, [r0]
  30 0006 5469     		ldr	r4, [r2, #20]
  31 0008 0023     		movs	r3, #0
  32 000a 01E0     		b	.L2
  33              	.L3:
  34 000c 102B     		cmp	r3, #16
  35 000e 1BD8     		bhi	.L10
  36              	.L2:
  37 0010 5169     		ldr	r1, [r2, #20]
  38 0012 11F4C04F 		tst	r1, #24576
  39 0016 02D1     		bne	.L6
  40 0018 14F4004F 		tst	r4, #32768
  41 001c 12D0     		beq	.L11
  42              	.L6:
  43 001e 0433     		adds	r3, r3, #4
  44 0020 DBB2     		uxtb	r3, r3
  45 0022 116B     		ldr	r1, [r2, #48]
  46 0024 0191     		str	r1, [sp, #4]
  47 0026 0199     		ldr	r1, [sp, #4]
  48 0028 0A48     		ldr	r0, .L12
  49 002a 0B49     		ldr	r1, .L12+4
  50 002c 8A42     		cmp	r2, r1
  51 002e 18BF     		it	ne
  52 0030 8242     		cmpne	r2, r0
  53 0032 EBD0     		beq	.L3
  54 0034 01F58061 		add	r1, r1, #1024
  55 0038 8A42     		cmp	r2, r1
  56 003a E7D0     		beq	.L3
  57 003c 082B     		cmp	r3, #8
  58 003e E7D9     		bls	.L2
ARM GAS  C:\Users\thewo\AppData\Local\Temp\ccF53C1i.s 			page 2


  59 0040 0320     		movs	r0, #3
  60 0042 02E0     		b	.L5
  61              	.L11:
  62 0044 0020     		movs	r0, #0
  63 0046 00E0     		b	.L5
  64              	.L10:
  65 0048 0320     		movs	r0, #3
  66              	.L5:
  67 004a 03B0     		add	sp, sp, #12
  68              		@ sp needed
  69 004c 5DF8044B 		ldr	r4, [sp], #4
  70 0050 7047     		bx	lr
  71              	.L13:
  72 0052 00BF     		.align	2
  73              	.L12:
  74 0054 00300140 		.word	1073819648
  75 0058 00380040 		.word	1073756160
  77              		.section	.text.HAL_SPIEx_EnableLockConfiguration,"ax",%progbits
  78              		.align	1
  79              		.global	HAL_SPIEx_EnableLockConfiguration
  80              		.syntax unified
  81              		.thumb
  82              		.thumb_func
  84              	HAL_SPIEx_EnableLockConfiguration:
  85              		@ args = 0, pretend = 0, frame = 0
  86              		@ frame_needed = 0, uses_anonymous_args = 0
  87              		@ link register save eliminated.
  88 0000 0346     		mov	r3, r0
  89 0002 90F88020 		ldrb	r2, [r0, #128]	@ zero_extendqisi2
  90 0006 012A     		cmp	r2, #1
  91 0008 2DD0     		beq	.L19
  92 000a 0122     		movs	r2, #1
  93 000c 80F88020 		strb	r2, [r0, #128]
  94 0010 90F88120 		ldrb	r2, [r0, #129]	@ zero_extendqisi2
  95 0014 012A     		cmp	r2, #1
  96 0016 0FD1     		bne	.L20
  97 0018 0268     		ldr	r2, [r0]
  98 001a 1168     		ldr	r1, [r2]
  99 001c 11F0010F 		tst	r1, #1
 100 0020 12D1     		bne	.L17
 101 0022 1168     		ldr	r1, [r2]
 102 0024 41F48031 		orr	r1, r1, #65536
 103 0028 1160     		str	r1, [r2]
 104              	.L18:
 105 002a 0122     		movs	r2, #1
 106 002c 83F88120 		strb	r2, [r3, #129]
 107 0030 0020     		movs	r0, #0
 108 0032 83F88000 		strb	r0, [r3, #128]
 109 0036 7047     		bx	lr
 110              	.L20:
 111 0038 0122     		movs	r2, #1
 112 003a 80F88120 		strb	r2, [r0, #129]
 113 003e 0022     		movs	r2, #0
 114 0040 80F88020 		strb	r2, [r0, #128]
 115 0044 0220     		movs	r0, #2
 116 0046 7047     		bx	lr
 117              	.L17:
ARM GAS  C:\Users\thewo\AppData\Local\Temp\ccF53C1i.s 			page 3


 118 0048 1168     		ldr	r1, [r2]
 119 004a 21F00101 		bic	r1, r1, #1
 120 004e 1160     		str	r1, [r2]
 121 0050 0168     		ldr	r1, [r0]
 122 0052 0A68     		ldr	r2, [r1]
 123 0054 42F48032 		orr	r2, r2, #65536
 124 0058 0A60     		str	r2, [r1]
 125 005a 0168     		ldr	r1, [r0]
 126 005c 0A68     		ldr	r2, [r1]
 127 005e 42F00102 		orr	r2, r2, #1
 128 0062 0A60     		str	r2, [r1]
 129 0064 E1E7     		b	.L18
 130              	.L19:
 131 0066 0220     		movs	r0, #2
 132 0068 7047     		bx	lr
 134              		.section	.rodata.HAL_SPIEx_ConfigureUnderrun.str1.4,"aMS",%progbits,1
 135              		.align	2
 136              	.LC0:
 137 0000 44726976 		.ascii	"Drivers/STM32H7xx_HAL_Driver/Src/stm32h7xx_hal_spi_"
 137      6572732F 
 137      53544D33 
 137      32483778 
 137      785F4841 
 138 0033 65782E63 		.ascii	"ex.c\000"
 138      00
 139              		.section	.text.HAL_SPIEx_ConfigureUnderrun,"ax",%progbits
 140              		.align	1
 141              		.global	HAL_SPIEx_ConfigureUnderrun
 142              		.syntax unified
 143              		.thumb
 144              		.thumb_func
 146              	HAL_SPIEx_ConfigureUnderrun:
 147              		@ args = 0, pretend = 0, frame = 0
 148              		@ frame_needed = 0, uses_anonymous_args = 0
 149 0000 90F88030 		ldrb	r3, [r0, #128]	@ zero_extendqisi2
 150 0004 012B     		cmp	r3, #1
 151 0006 5BD0     		beq	.L29
 152 0008 70B5     		push	{r4, r5, r6, lr}
 153 000a 0446     		mov	r4, r0
 154 000c 0E46     		mov	r6, r1
 155 000e 1546     		mov	r5, r2
 156 0010 0123     		movs	r3, #1
 157 0012 80F88030 		strb	r3, [r0, #128]
 158 0016 90F88130 		ldrb	r3, [r0, #129]	@ zero_extendqisi2
 159 001a 012B     		cmp	r3, #1
 160 001c 28D1     		bne	.L23
 161 001e 4368     		ldr	r3, [r0, #4]
 162 0020 33BB     		cbnz	r3, .L23
 163 0022 0029     		cmp	r1, #0
 164 0024 18BF     		it	ne
 165 0026 B1F5006F 		cmpne	r1, #2048
 166 002a 02D0     		beq	.L25
 167 002c B1F5805F 		cmp	r1, #4096
 168 0030 26D1     		bne	.L34
 169              	.L25:
 170 0032 002D     		cmp	r5, #0
 171 0034 18BF     		it	ne
ARM GAS  C:\Users\thewo\AppData\Local\Temp\ccF53C1i.s 			page 4


 172 0036 B5F5007F 		cmpne	r5, #512
 173 003a 02D0     		beq	.L26
 174 003c B5F5806F 		cmp	r5, #1024
 175 0040 23D1     		bne	.L35
 176              	.L26:
 177 0042 2368     		ldr	r3, [r4]
 178 0044 1A68     		ldr	r2, [r3]
 179 0046 12F0010F 		tst	r2, #1
 180 004a 23D1     		bne	.L27
 181 004c 9A68     		ldr	r2, [r3, #8]
 182 004e 22F4C052 		bic	r2, r2, #6144
 183 0052 3243     		orrs	r2, r2, r6
 184 0054 9A60     		str	r2, [r3, #8]
 185 0056 2268     		ldr	r2, [r4]
 186 0058 9368     		ldr	r3, [r2, #8]
 187 005a 23F4C063 		bic	r3, r3, #1536
 188 005e 2B43     		orrs	r3, r3, r5
 189 0060 9360     		str	r3, [r2, #8]
 190              	.L28:
 191 0062 0123     		movs	r3, #1
 192 0064 84F88130 		strb	r3, [r4, #129]
 193 0068 0020     		movs	r0, #0
 194 006a 84F88000 		strb	r0, [r4, #128]
 195              	.L22:
 196 006e 70BD     		pop	{r4, r5, r6, pc}
 197              	.L23:
 198 0070 0123     		movs	r3, #1
 199 0072 84F88130 		strb	r3, [r4, #129]
 200 0076 0023     		movs	r3, #0
 201 0078 84F88030 		strb	r3, [r4, #128]
 202 007c 0220     		movs	r0, #2
 203 007e F6E7     		b	.L22
 204              	.L34:
 205 0080 B421     		movs	r1, #180
 206 0082 1048     		ldr	r0, .L36
 207 0084 FFF7FEFF 		bl	assert_failed
 208 0088 D3E7     		b	.L25
 209              	.L35:
 210 008a B521     		movs	r1, #181
 211 008c 0D48     		ldr	r0, .L36
 212 008e FFF7FEFF 		bl	assert_failed
 213 0092 D6E7     		b	.L26
 214              	.L27:
 215 0094 1A68     		ldr	r2, [r3]
 216 0096 22F00102 		bic	r2, r2, #1
 217 009a 1A60     		str	r2, [r3]
 218 009c 2268     		ldr	r2, [r4]
 219 009e 9368     		ldr	r3, [r2, #8]
 220 00a0 23F4C053 		bic	r3, r3, #6144
 221 00a4 3343     		orrs	r3, r3, r6
 222 00a6 9360     		str	r3, [r2, #8]
 223 00a8 2268     		ldr	r2, [r4]
 224 00aa 9368     		ldr	r3, [r2, #8]
 225 00ac 23F4C063 		bic	r3, r3, #1536
 226 00b0 2B43     		orrs	r3, r3, r5
 227 00b2 9360     		str	r3, [r2, #8]
 228 00b4 2268     		ldr	r2, [r4]
ARM GAS  C:\Users\thewo\AppData\Local\Temp\ccF53C1i.s 			page 5


 229 00b6 1368     		ldr	r3, [r2]
 230 00b8 43F00103 		orr	r3, r3, #1
 231 00bc 1360     		str	r3, [r2]
 232 00be D0E7     		b	.L28
 233              	.L29:
 234 00c0 0220     		movs	r0, #2
 235 00c2 7047     		bx	lr
 236              	.L37:
 237              		.align	2
 238              	.L36:
 239 00c4 00000000 		.word	.LC0
 241              		.ident	"GCC: (xPack GNU Arm Embedded GCC x86_64) 14.2.1 20241119"
ARM GAS  C:\Users\thewo\AppData\Local\Temp\ccF53C1i.s 			page 6


DEFINED SYMBOLS
                            *ABS*:00000000 stm32h7xx_hal_spi_ex.c
C:\Users\thewo\AppData\Local\Temp\ccF53C1i.s:17     .text.HAL_SPIEx_FlushRxFifo:00000000 $t
C:\Users\thewo\AppData\Local\Temp\ccF53C1i.s:23     .text.HAL_SPIEx_FlushRxFifo:00000000 HAL_SPIEx_FlushRxFifo
C:\Users\thewo\AppData\Local\Temp\ccF53C1i.s:74     .text.HAL_SPIEx_FlushRxFifo:00000054 $d
C:\Users\thewo\AppData\Local\Temp\ccF53C1i.s:78     .text.HAL_SPIEx_EnableLockConfiguration:00000000 $t
C:\Users\thewo\AppData\Local\Temp\ccF53C1i.s:84     .text.HAL_SPIEx_EnableLockConfiguration:00000000 HAL_SPIEx_EnableLockConfiguration
C:\Users\thewo\AppData\Local\Temp\ccF53C1i.s:135    .rodata.HAL_SPIEx_ConfigureUnderrun.str1.4:00000000 $d
C:\Users\thewo\AppData\Local\Temp\ccF53C1i.s:140    .text.HAL_SPIEx_ConfigureUnderrun:00000000 $t
C:\Users\thewo\AppData\Local\Temp\ccF53C1i.s:146    .text.HAL_SPIEx_ConfigureUnderrun:00000000 HAL_SPIEx_ConfigureUnderrun
C:\Users\thewo\AppData\Local\Temp\ccF53C1i.s:239    .text.HAL_SPIEx_ConfigureUnderrun:000000c4 $d

UNDEFINED SYMBOLS
assert_failed
