ARM GAS  C:\Users\thewo\AppData\Local\Temp\ccMz7pzX.s 			page 1


   1              		.cpu cortex-m7
   2              		.arch armv7e-m
   3              		.fpu fpv5-d16
   4              		.eabi_attribute 28, 1
   5              		.eabi_attribute 20, 1
   6              		.eabi_attribute 21, 1
   7              		.eabi_attribute 23, 3
   8              		.eabi_attribute 24, 1
   9              		.eabi_attribute 25, 1
  10              		.eabi_attribute 26, 1
  11              		.eabi_attribute 30, 1
  12              		.eabi_attribute 34, 1
  13              		.eabi_attribute 18, 4
  14              		.file	"stm32h7xx_hal_pcd.c"
  15              		.text
  16              		.section	.text.PCD_WriteEmptyTxFifo,"ax",%progbits
  17              		.align	1
  18              		.syntax unified
  19              		.thumb
  20              		.thumb_func
  22              	PCD_WriteEmptyTxFifo:
  23              		@ args = 0, pretend = 0, frame = 0
  24              		@ frame_needed = 0, uses_anonymous_args = 0
  25 0000 2DE9F043 		push	{r4, r5, r6, r7, r8, r9, lr}
  26 0004 83B0     		sub	sp, sp, #12
  27 0006 D0F80080 		ldr	r8, [r0]
  28 000a 01EBC103 		add	r3, r1, r1, lsl #3
  29 000e 00EB8303 		add	r3, r0, r3, lsl #2
  30 0012 9A6A     		ldr	r2, [r3, #40]
  31 0014 5B6A     		ldr	r3, [r3, #36]
  32 0016 9A42     		cmp	r2, r3
  33 0018 54D8     		bhi	.L8
  34 001a 0746     		mov	r7, r0
  35 001c 0C46     		mov	r4, r1
  36 001e 9B1A     		subs	r3, r3, r2
  37 0020 01EBC102 		add	r2, r1, r1, lsl #3
  38 0024 00EB8202 		add	r2, r0, r2, lsl #2
  39 0028 D269     		ldr	r2, [r2, #28]
  40 002a 9A42     		cmp	r2, r3
  41 002c 00D3     		bcc	.L3
  42 002e 1A46     		mov	r2, r3
  43              	.L3:
  44 0030 02F10309 		add	r9, r2, #3
  45 0034 4FEA9909 		lsr	r9, r9, #2
  46 0038 15E0     		b	.L4
  47              	.L5:
  48 003a 06F10309 		add	r9, r6, #3
  49 003e 4FEA9909 		lsr	r9, r9, #2
  50 0042 BB79     		ldrb	r3, [r7, #6]	@ zero_extendqisi2
  51 0044 04EBC405 		add	r5, r4, r4, lsl #3
  52 0048 07EB8505 		add	r5, r7, r5, lsl #2
  53 004c 296A     		ldr	r1, [r5, #32]
  54 004e 0093     		str	r3, [sp]
  55 0050 B3B2     		uxth	r3, r6
  56 0052 E2B2     		uxtb	r2, r4
  57 0054 4046     		mov	r0, r8
  58 0056 FFF7FEFF 		bl	USB_WritePacket
ARM GAS  C:\Users\thewo\AppData\Local\Temp\ccMz7pzX.s 			page 2


  59 005a 2B6A     		ldr	r3, [r5, #32]
  60 005c 3344     		add	r3, r3, r6
  61 005e 2B62     		str	r3, [r5, #32]
  62 0060 AB6A     		ldr	r3, [r5, #40]
  63 0062 3344     		add	r3, r3, r6
  64 0064 AB62     		str	r3, [r5, #40]
  65              	.L4:
  66 0066 08EB4413 		add	r3, r8, r4, lsl #5
  67 006a 03F51063 		add	r3, r3, #2304
  68 006e 9B69     		ldr	r3, [r3, #24]
  69 0070 9BB2     		uxth	r3, r3
  70 0072 4B45     		cmp	r3, r9
  71 0074 12D3     		bcc	.L6
  72 0076 04EBC403 		add	r3, r4, r4, lsl #3
  73 007a 07EB8303 		add	r3, r7, r3, lsl #2
  74 007e 9A6A     		ldr	r2, [r3, #40]
  75 0080 5B6A     		ldr	r3, [r3, #36]
  76 0082 9A42     		cmp	r2, r3
  77 0084 0AD2     		bcs	.L6
  78 0086 4BB1     		cbz	r3, .L6
  79 0088 9B1A     		subs	r3, r3, r2
  80 008a 04EBC402 		add	r2, r4, r4, lsl #3
  81 008e 07EB8202 		add	r2, r7, r2, lsl #2
  82 0092 D669     		ldr	r6, [r2, #28]
  83 0094 9E42     		cmp	r6, r3
  84 0096 D0D3     		bcc	.L5
  85 0098 1E46     		mov	r6, r3
  86 009a CEE7     		b	.L5
  87              	.L6:
  88 009c 04EBC403 		add	r3, r4, r4, lsl #3
  89 00a0 07EB8307 		add	r7, r7, r3, lsl #2
  90 00a4 7A6A     		ldr	r2, [r7, #36]
  91 00a6 BB6A     		ldr	r3, [r7, #40]
  92 00a8 9A42     		cmp	r2, r3
  93 00aa 0FD8     		bhi	.L9
  94 00ac 04F00F04 		and	r4, r4, #15
  95 00b0 0122     		movs	r2, #1
  96 00b2 A240     		lsls	r2, r2, r4
  97 00b4 D8F83438 		ldr	r3, [r8, #2100]
  98 00b8 23EA0203 		bic	r3, r3, r2
  99 00bc C8F83438 		str	r3, [r8, #2100]
 100 00c0 0020     		movs	r0, #0
 101 00c2 00E0     		b	.L2
 102              	.L8:
 103 00c4 0120     		movs	r0, #1
 104              	.L2:
 105 00c6 03B0     		add	sp, sp, #12
 106              		@ sp needed
 107 00c8 BDE8F083 		pop	{r4, r5, r6, r7, r8, r9, pc}
 108              	.L9:
 109 00cc 0020     		movs	r0, #0
 110 00ce FAE7     		b	.L2
 112              		.section	.text.HAL_PCD_MspInit,"ax",%progbits
 113              		.align	1
 114              		.weak	HAL_PCD_MspInit
 115              		.syntax unified
 116              		.thumb
ARM GAS  C:\Users\thewo\AppData\Local\Temp\ccMz7pzX.s 			page 3


 117              		.thumb_func
 119              	HAL_PCD_MspInit:
 120              		@ args = 0, pretend = 0, frame = 0
 121              		@ frame_needed = 0, uses_anonymous_args = 0
 122              		@ link register save eliminated.
 123 0000 7047     		bx	lr
 125              		.section	.rodata.HAL_PCD_Init.str1.4,"aMS",%progbits,1
 126              		.align	2
 127              	.LC0:
 128 0000 44726976 		.ascii	"Drivers/STM32H7xx_HAL_Driver/Src/stm32h7xx_hal_pcd."
 128      6572732F 
 128      53544D33 
 128      32483778 
 128      785F4841 
 129 0033 6300     		.ascii	"c\000"
 130              		.section	.text.HAL_PCD_Init,"ax",%progbits
 131              		.align	1
 132              		.global	HAL_PCD_Init
 133              		.syntax unified
 134              		.thumb
 135              		.thumb_func
 137              	HAL_PCD_Init:
 138              		@ args = 0, pretend = 0, frame = 0
 139              		@ frame_needed = 0, uses_anonymous_args = 0
 140 0000 30B5     		push	{r4, r5, lr}
 141 0002 83B0     		sub	sp, sp, #12
 142 0004 0028     		cmp	r0, #0
 143 0006 00F08480 		beq	.L23
 144 000a 0446     		mov	r4, r0
 145 000c 0268     		ldr	r2, [r0]
 146 000e 424B     		ldr	r3, .L31
 147 0010 9A42     		cmp	r2, r3
 148 0012 03D0     		beq	.L14
 149 0014 8621     		movs	r1, #134
 150 0016 4148     		ldr	r0, .L31+4
 151 0018 FFF7FEFF 		bl	assert_failed
 152              	.L14:
 153 001c 94F89534 		ldrb	r3, [r4, #1173]	@ zero_extendqisi2
 154 0020 ABB1     		cbz	r3, .L26
 155              	.L15:
 156 0022 0323     		movs	r3, #3
 157 0024 84F89534 		strb	r3, [r4, #1173]
 158 0028 2068     		ldr	r0, [r4]
 159 002a FFF7FEFF 		bl	USB_DisableGlobalInt
 160 002e 237C     		ldrb	r3, [r4, #16]	@ zero_extendqisi2
 161 0030 8DF80030 		strb	r3, [sp]
 162 0034 231D     		adds	r3, r4, #4
 163 0036 0ECB     		ldm	r3, {r1, r2, r3}
 164 0038 2068     		ldr	r0, [r4]
 165 003a FFF7FEFF 		bl	USB_CoreInit
 166 003e 60B1     		cbz	r0, .L16
 167 0040 0223     		movs	r3, #2
 168 0042 84F89534 		strb	r3, [r4, #1173]
 169 0046 0125     		movs	r5, #1
 170              	.L13:
 171 0048 2846     		mov	r0, r5
 172 004a 03B0     		add	sp, sp, #12
ARM GAS  C:\Users\thewo\AppData\Local\Temp\ccMz7pzX.s 			page 4


 173              		@ sp needed
 174 004c 30BD     		pop	{r4, r5, pc}
 175              	.L26:
 176 004e 84F89434 		strb	r3, [r4, #1172]
 177 0052 2046     		mov	r0, r4
 178 0054 FFF7FEFF 		bl	HAL_PCD_MspInit
 179 0058 E3E7     		b	.L15
 180              	.L16:
 181 005a 0021     		movs	r1, #0
 182 005c 2068     		ldr	r0, [r4]
 183 005e FFF7FEFF 		bl	USB_SetCurrentMode
 184 0062 0246     		mov	r2, r0
 185 0064 B8B9     		cbnz	r0, .L27
 186 0066 0346     		mov	r3, r0
 187              	.L17:
 188 0068 2079     		ldrb	r0, [r4, #4]	@ zero_extendqisi2
 189 006a 9842     		cmp	r0, r3
 190 006c 18D9     		bls	.L19
 191 006e 03EBC301 		add	r1, r3, r3, lsl #3
 192 0072 04EB8101 		add	r1, r4, r1, lsl #2
 193 0076 0120     		movs	r0, #1
 194 0078 4875     		strb	r0, [r1, #21]
 195 007a 0B75     		strb	r3, [r1, #20]
 196 007c CB85     		strh	r3, [r1, #46]	@ movhi
 197 007e 0020     		movs	r0, #0
 198 0080 0876     		strb	r0, [r1, #24]
 199 0082 C861     		str	r0, [r1, #28]
 200 0084 0862     		str	r0, [r1, #32]
 201 0086 03EBC301 		add	r1, r3, r3, lsl #3
 202 008a 04EB8101 		add	r1, r4, r1, lsl #2
 203 008e 4862     		str	r0, [r1, #36]
 204 0090 0133     		adds	r3, r3, #1
 205 0092 DBB2     		uxtb	r3, r3
 206 0094 E8E7     		b	.L17
 207              	.L27:
 208 0096 0223     		movs	r3, #2
 209 0098 84F89534 		strb	r3, [r4, #1173]
 210 009c 0125     		movs	r5, #1
 211 009e D3E7     		b	.L13
 212              	.L19:
 213 00a0 9042     		cmp	r0, r2
 214 00a2 17D9     		bls	.L28
 215 00a4 02EBC203 		add	r3, r2, r2, lsl #3
 216 00a8 04EB8303 		add	r3, r4, r3, lsl #2
 217 00ac 0021     		movs	r1, #0
 218 00ae 83F85512 		strb	r1, [r3, #597]
 219 00b2 83F85422 		strb	r2, [r3, #596]
 220 00b6 83F85812 		strb	r1, [r3, #600]
 221 00ba C3F85C12 		str	r1, [r3, #604]
 222 00be C3F86012 		str	r1, [r3, #608]
 223 00c2 02EBC203 		add	r3, r2, r2, lsl #3
 224 00c6 04EB8303 		add	r3, r4, r3, lsl #2
 225 00ca C3F86412 		str	r1, [r3, #612]
 226 00ce 0132     		adds	r2, r2, #1
 227 00d0 D2B2     		uxtb	r2, r2
 228 00d2 E5E7     		b	.L19
 229              	.L28:
ARM GAS  C:\Users\thewo\AppData\Local\Temp\ccMz7pzX.s 			page 5


 230 00d4 237C     		ldrb	r3, [r4, #16]	@ zero_extendqisi2
 231 00d6 8DF80030 		strb	r3, [sp]
 232 00da 231D     		adds	r3, r4, #4
 233 00dc 0ECB     		ldm	r3, {r1, r2, r3}
 234 00de 2068     		ldr	r0, [r4]
 235 00e0 FFF7FEFF 		bl	USB_DevInit
 236 00e4 0546     		mov	r5, r0
 237 00e6 58B9     		cbnz	r0, .L29
 238 00e8 0023     		movs	r3, #0
 239 00ea 6374     		strb	r3, [r4, #17]
 240 00ec 0123     		movs	r3, #1
 241 00ee 84F89534 		strb	r3, [r4, #1173]
 242 00f2 237B     		ldrb	r3, [r4, #12]	@ zero_extendqisi2
 243 00f4 012B     		cmp	r3, #1
 244 00f6 08D0     		beq	.L30
 245              	.L22:
 246 00f8 2068     		ldr	r0, [r4]
 247 00fa FFF7FEFF 		bl	USB_DevDisconnect
 248 00fe A3E7     		b	.L13
 249              	.L29:
 250 0100 0223     		movs	r3, #2
 251 0102 84F89534 		strb	r3, [r4, #1173]
 252 0106 0125     		movs	r5, #1
 253 0108 9EE7     		b	.L13
 254              	.L30:
 255 010a 2046     		mov	r0, r4
 256 010c FFF7FEFF 		bl	HAL_PCDEx_ActivateLPM
 257 0110 F2E7     		b	.L22
 258              	.L23:
 259 0112 0125     		movs	r5, #1
 260 0114 98E7     		b	.L13
 261              	.L32:
 262 0116 00BF     		.align	2
 263              	.L31:
 264 0118 00000440 		.word	1074003968
 265 011c 00000000 		.word	.LC0
 267              		.section	.text.HAL_PCD_MspDeInit,"ax",%progbits
 268              		.align	1
 269              		.weak	HAL_PCD_MspDeInit
 270              		.syntax unified
 271              		.thumb
 272              		.thumb_func
 274              	HAL_PCD_MspDeInit:
 275              		@ args = 0, pretend = 0, frame = 0
 276              		@ frame_needed = 0, uses_anonymous_args = 0
 277              		@ link register save eliminated.
 278 0000 7047     		bx	lr
 280              		.section	.text.HAL_PCD_DeInit,"ax",%progbits
 281              		.align	1
 282              		.global	HAL_PCD_DeInit
 283              		.syntax unified
 284              		.thumb
 285              		.thumb_func
 287              	HAL_PCD_DeInit:
 288              		@ args = 0, pretend = 0, frame = 0
 289              		@ frame_needed = 0, uses_anonymous_args = 0
 290 0000 38B5     		push	{r3, r4, r5, lr}
ARM GAS  C:\Users\thewo\AppData\Local\Temp\ccMz7pzX.s 			page 6


 291 0002 90B1     		cbz	r0, .L36
 292 0004 0446     		mov	r4, r0
 293 0006 0323     		movs	r3, #3
 294 0008 80F89534 		strb	r3, [r0, #1173]
 295 000c 0068     		ldr	r0, [r0]
 296 000e FFF7FEFF 		bl	USB_StopDevice
 297 0012 0546     		mov	r5, r0
 298 0014 10B1     		cbz	r0, .L39
 299 0016 0125     		movs	r5, #1
 300              	.L35:
 301 0018 2846     		mov	r0, r5
 302 001a 38BD     		pop	{r3, r4, r5, pc}
 303              	.L39:
 304 001c 2046     		mov	r0, r4
 305 001e FFF7FEFF 		bl	HAL_PCD_MspDeInit
 306 0022 0023     		movs	r3, #0
 307 0024 84F89534 		strb	r3, [r4, #1173]
 308 0028 F6E7     		b	.L35
 309              	.L36:
 310 002a 0125     		movs	r5, #1
 311 002c F4E7     		b	.L35
 313              		.section	.text.HAL_PCD_Start,"ax",%progbits
 314              		.align	1
 315              		.global	HAL_PCD_Start
 316              		.syntax unified
 317              		.thumb
 318              		.thumb_func
 320              	HAL_PCD_Start:
 321              		@ args = 0, pretend = 0, frame = 0
 322              		@ frame_needed = 0, uses_anonymous_args = 0
 323 0000 0368     		ldr	r3, [r0]
 324 0002 90F89424 		ldrb	r2, [r0, #1172]	@ zero_extendqisi2
 325 0006 012A     		cmp	r2, #1
 326 0008 1AD0     		beq	.L43
 327 000a 10B5     		push	{r4, lr}
 328 000c 0446     		mov	r4, r0
 329 000e 0122     		movs	r2, #1
 330 0010 80F89424 		strb	r2, [r0, #1172]
 331 0014 DA68     		ldr	r2, [r3, #12]
 332 0016 12F0400F 		tst	r2, #64
 333 001a 02D0     		beq	.L42
 334 001c 427B     		ldrb	r2, [r0, #13]	@ zero_extendqisi2
 335 001e 012A     		cmp	r2, #1
 336 0020 09D0     		beq	.L48
 337              	.L42:
 338 0022 2068     		ldr	r0, [r4]
 339 0024 FFF7FEFF 		bl	USB_EnableGlobalInt
 340 0028 2068     		ldr	r0, [r4]
 341 002a FFF7FEFF 		bl	USB_DevConnect
 342 002e 0020     		movs	r0, #0
 343 0030 84F89404 		strb	r0, [r4, #1172]
 344 0034 10BD     		pop	{r4, pc}
 345              	.L48:
 346 0036 9A6B     		ldr	r2, [r3, #56]
 347 0038 42F48032 		orr	r2, r2, #65536
 348 003c 9A63     		str	r2, [r3, #56]
 349 003e F0E7     		b	.L42
ARM GAS  C:\Users\thewo\AppData\Local\Temp\ccMz7pzX.s 			page 7


 350              	.L43:
 351 0040 0220     		movs	r0, #2
 352 0042 7047     		bx	lr
 354              		.section	.text.HAL_PCD_Stop,"ax",%progbits
 355              		.align	1
 356              		.global	HAL_PCD_Stop
 357              		.syntax unified
 358              		.thumb
 359              		.thumb_func
 361              	HAL_PCD_Stop:
 362              		@ args = 0, pretend = 0, frame = 0
 363              		@ frame_needed = 0, uses_anonymous_args = 0
 364 0000 38B5     		push	{r3, r4, r5, lr}
 365 0002 0568     		ldr	r5, [r0]
 366 0004 90F89434 		ldrb	r3, [r0, #1172]	@ zero_extendqisi2
 367 0008 012B     		cmp	r3, #1
 368 000a 1DD0     		beq	.L52
 369 000c 0446     		mov	r4, r0
 370 000e 0123     		movs	r3, #1
 371 0010 80F89434 		strb	r3, [r0, #1172]
 372 0014 2846     		mov	r0, r5
 373 0016 FFF7FEFF 		bl	USB_DisableGlobalInt
 374 001a 2068     		ldr	r0, [r4]
 375 001c FFF7FEFF 		bl	USB_DevDisconnect
 376 0020 1021     		movs	r1, #16
 377 0022 2068     		ldr	r0, [r4]
 378 0024 FFF7FEFF 		bl	USB_FlushTxFifo
 379 0028 EB68     		ldr	r3, [r5, #12]
 380 002a 13F0400F 		tst	r3, #64
 381 002e 02D0     		beq	.L51
 382 0030 637B     		ldrb	r3, [r4, #13]	@ zero_extendqisi2
 383 0032 012B     		cmp	r3, #1
 384 0034 03D0     		beq	.L54
 385              	.L51:
 386 0036 0020     		movs	r0, #0
 387 0038 84F89404 		strb	r0, [r4, #1172]
 388              	.L50:
 389 003c 38BD     		pop	{r3, r4, r5, pc}
 390              	.L54:
 391 003e AB6B     		ldr	r3, [r5, #56]
 392 0040 23F48033 		bic	r3, r3, #65536
 393 0044 AB63     		str	r3, [r5, #56]
 394 0046 F6E7     		b	.L51
 395              	.L52:
 396 0048 0220     		movs	r0, #2
 397 004a F7E7     		b	.L50
 399              		.section	.text.HAL_PCD_DataOutStageCallback,"ax",%progbits
 400              		.align	1
 401              		.weak	HAL_PCD_DataOutStageCallback
 402              		.syntax unified
 403              		.thumb
 404              		.thumb_func
 406              	HAL_PCD_DataOutStageCallback:
 407              		@ args = 0, pretend = 0, frame = 0
 408              		@ frame_needed = 0, uses_anonymous_args = 0
 409              		@ link register save eliminated.
 410 0000 7047     		bx	lr
ARM GAS  C:\Users\thewo\AppData\Local\Temp\ccMz7pzX.s 			page 8


 412              		.section	.text.PCD_EP_OutXfrComplete_int,"ax",%progbits
 413              		.align	1
 414              		.syntax unified
 415              		.thumb
 416              		.thumb_func
 418              	PCD_EP_OutXfrComplete_int:
 419              		@ args = 0, pretend = 0, frame = 0
 420              		@ frame_needed = 0, uses_anonymous_args = 0
 421 0000 70B5     		push	{r4, r5, r6, lr}
 422 0002 0446     		mov	r4, r0
 423 0004 0D46     		mov	r5, r1
 424 0006 0068     		ldr	r0, [r0]
 425 0008 066C     		ldr	r6, [r0, #64]
 426 000a 00EB4113 		add	r3, r0, r1, lsl #5
 427 000e 03F53063 		add	r3, r3, #2816
 428 0012 9A68     		ldr	r2, [r3, #8]
 429 0014 A179     		ldrb	r1, [r4, #6]	@ zero_extendqisi2
 430 0016 0129     		cmp	r1, #1
 431 0018 11D0     		beq	.L69
 432 001a 3849     		ldr	r1, .L73
 433 001c 8E42     		cmp	r6, r1
 434 001e 56D0     		beq	.L70
 435 0020 3DB9     		cbnz	r5, .L67
 436 0022 05EBC503 		add	r3, r5, r5, lsl #3
 437 0026 04EB8303 		add	r3, r4, r3, lsl #2
 438 002a D3F86432 		ldr	r3, [r3, #612]
 439 002e 002B     		cmp	r3, #0
 440 0030 5ED0     		beq	.L71
 441              	.L67:
 442 0032 E9B2     		uxtb	r1, r5
 443 0034 2046     		mov	r0, r4
 444 0036 FFF7FEFF 		bl	HAL_PCD_DataOutStageCallback
 445              	.L59:
 446 003a 0020     		movs	r0, #0
 447 003c 70BD     		pop	{r4, r5, r6, pc}
 448              	.L69:
 449 003e 12F0080F 		tst	r2, #8
 450 0042 09D0     		beq	.L58
 451 0044 2E49     		ldr	r1, .L73+4
 452 0046 8E42     		cmp	r6, r1
 453 0048 F7D9     		bls	.L59
 454 004a 12F4004F 		tst	r2, #32768
 455 004e F4D0     		beq	.L59
 456 0050 4FF40042 		mov	r2, #32768
 457 0054 9A60     		str	r2, [r3, #8]
 458 0056 F0E7     		b	.L59
 459              	.L58:
 460 0058 12F0200F 		tst	r2, #32
 461 005c 02D0     		beq	.L60
 462 005e 2022     		movs	r2, #32
 463 0060 9A60     		str	r2, [r3, #8]
 464 0062 EAE7     		b	.L59
 465              	.L60:
 466 0064 12F0280F 		tst	r2, #40
 467 0068 E7D1     		bne	.L59
 468 006a 2549     		ldr	r1, .L73+4
 469 006c 8E42     		cmp	r6, r1
ARM GAS  C:\Users\thewo\AppData\Local\Temp\ccMz7pzX.s 			page 9


 470 006e 06D9     		bls	.L61
 471 0070 12F4004F 		tst	r2, #32768
 472 0074 03D0     		beq	.L61
 473 0076 4FF40042 		mov	r2, #32768
 474 007a 9A60     		str	r2, [r3, #8]
 475 007c DDE7     		b	.L59
 476              	.L61:
 477 007e 05EBC502 		add	r2, r5, r5, lsl #3
 478 0082 04EB8202 		add	r2, r4, r2, lsl #2
 479 0086 D2F87412 		ldr	r1, [r2, #628]
 480 008a 1B69     		ldr	r3, [r3, #16]
 481 008c C3F31203 		ubfx	r3, r3, #0, #19
 482 0090 CB1A     		subs	r3, r1, r3
 483 0092 C2F86832 		str	r3, [r2, #616]
 484 0096 7DB9     		cbnz	r5, .L62
 485 0098 05EBC502 		add	r2, r5, r5, lsl #3
 486 009c 04EB8202 		add	r2, r4, r2, lsl #2
 487 00a0 D2F86422 		ldr	r2, [r2, #612]
 488 00a4 6AB1     		cbz	r2, .L72
 489 00a6 05EBC502 		add	r2, r5, r5, lsl #3
 490 00aa 04EB8202 		add	r2, r4, r2, lsl #2
 491 00ae D2F86012 		ldr	r1, [r2, #608]
 492 00b2 1944     		add	r1, r1, r3
 493 00b4 C2F86012 		str	r1, [r2, #608]
 494              	.L62:
 495 00b8 E9B2     		uxtb	r1, r5
 496 00ba 2046     		mov	r0, r4
 497 00bc FFF7FEFF 		bl	HAL_PCD_DataOutStageCallback
 498 00c0 BBE7     		b	.L59
 499              	.L72:
 500 00c2 04F29C42 		addw	r2, r4, #1180
 501 00c6 0121     		movs	r1, #1
 502 00c8 FFF7FEFF 		bl	USB_EP0_OutStart
 503 00cc F4E7     		b	.L62
 504              	.L70:
 505 00ce 12F4004F 		tst	r2, #32768
 506 00d2 03D0     		beq	.L65
 507 00d4 4FF40042 		mov	r2, #32768
 508 00d8 9A60     		str	r2, [r3, #8]
 509 00da AEE7     		b	.L59
 510              	.L65:
 511 00dc 12F0200F 		tst	r2, #32
 512 00e0 01D0     		beq	.L66
 513 00e2 2022     		movs	r2, #32
 514 00e4 9A60     		str	r2, [r3, #8]
 515              	.L66:
 516 00e6 E9B2     		uxtb	r1, r5
 517 00e8 2046     		mov	r0, r4
 518 00ea FFF7FEFF 		bl	HAL_PCD_DataOutStageCallback
 519 00ee A4E7     		b	.L59
 520              	.L71:
 521 00f0 04F29C42 		addw	r2, r4, #1180
 522 00f4 0021     		movs	r1, #0
 523 00f6 FFF7FEFF 		bl	USB_EP0_OutStart
 524 00fa 9AE7     		b	.L67
 525              	.L74:
 526              		.align	2
ARM GAS  C:\Users\thewo\AppData\Local\Temp\ccMz7pzX.s 			page 10


 527              	.L73:
 528 00fc 0A31544F 		.word	1330917642
 529 0100 0A30544F 		.word	1330917386
 531              		.section	.text.HAL_PCD_DataInStageCallback,"ax",%progbits
 532              		.align	1
 533              		.weak	HAL_PCD_DataInStageCallback
 534              		.syntax unified
 535              		.thumb
 536              		.thumb_func
 538              	HAL_PCD_DataInStageCallback:
 539              		@ args = 0, pretend = 0, frame = 0
 540              		@ frame_needed = 0, uses_anonymous_args = 0
 541              		@ link register save eliminated.
 542 0000 7047     		bx	lr
 544              		.section	.text.HAL_PCD_SetupStageCallback,"ax",%progbits
 545              		.align	1
 546              		.weak	HAL_PCD_SetupStageCallback
 547              		.syntax unified
 548              		.thumb
 549              		.thumb_func
 551              	HAL_PCD_SetupStageCallback:
 552              		@ args = 0, pretend = 0, frame = 0
 553              		@ frame_needed = 0, uses_anonymous_args = 0
 554              		@ link register save eliminated.
 555 0000 7047     		bx	lr
 557              		.section	.text.PCD_EP_OutSetupPacket_int,"ax",%progbits
 558              		.align	1
 559              		.syntax unified
 560              		.thumb
 561              		.thumb_func
 563              	PCD_EP_OutSetupPacket_int:
 564              		@ args = 0, pretend = 0, frame = 0
 565              		@ frame_needed = 0, uses_anonymous_args = 0
 566 0000 38B5     		push	{r3, r4, r5, lr}
 567 0002 0446     		mov	r4, r0
 568 0004 0368     		ldr	r3, [r0]
 569 0006 1D6C     		ldr	r5, [r3, #64]
 570 0008 03EB4113 		add	r3, r3, r1, lsl #5
 571 000c D3F8081B 		ldr	r1, [r3, #2824]
 572 0010 0E4A     		ldr	r2, .L82
 573 0012 9542     		cmp	r5, r2
 574 0014 07D9     		bls	.L78
 575 0016 03F53063 		add	r3, r3, #2816
 576 001a 11F4004F 		tst	r1, #32768
 577 001e 02D0     		beq	.L78
 578 0020 4FF40042 		mov	r2, #32768
 579 0024 9A60     		str	r2, [r3, #8]
 580              	.L78:
 581 0026 2046     		mov	r0, r4
 582 0028 FFF7FEFF 		bl	HAL_PCD_SetupStageCallback
 583 002c 074B     		ldr	r3, .L82
 584 002e 9D42     		cmp	r5, r3
 585 0030 02D9     		bls	.L79
 586 0032 A379     		ldrb	r3, [r4, #6]	@ zero_extendqisi2
 587 0034 012B     		cmp	r3, #1
 588 0036 01D0     		beq	.L81
 589              	.L79:
ARM GAS  C:\Users\thewo\AppData\Local\Temp\ccMz7pzX.s 			page 11


 590 0038 0020     		movs	r0, #0
 591 003a 38BD     		pop	{r3, r4, r5, pc}
 592              	.L81:
 593 003c 04F29C42 		addw	r2, r4, #1180
 594 0040 0121     		movs	r1, #1
 595 0042 2068     		ldr	r0, [r4]
 596 0044 FFF7FEFF 		bl	USB_EP0_OutStart
 597 0048 F6E7     		b	.L79
 598              	.L83:
 599 004a 00BF     		.align	2
 600              	.L82:
 601 004c 0A30544F 		.word	1330917386
 603              		.section	.text.HAL_PCD_SOFCallback,"ax",%progbits
 604              		.align	1
 605              		.weak	HAL_PCD_SOFCallback
 606              		.syntax unified
 607              		.thumb
 608              		.thumb_func
 610              	HAL_PCD_SOFCallback:
 611              		@ args = 0, pretend = 0, frame = 0
 612              		@ frame_needed = 0, uses_anonymous_args = 0
 613              		@ link register save eliminated.
 614 0000 7047     		bx	lr
 616              		.section	.text.HAL_PCD_ResetCallback,"ax",%progbits
 617              		.align	1
 618              		.weak	HAL_PCD_ResetCallback
 619              		.syntax unified
 620              		.thumb
 621              		.thumb_func
 623              	HAL_PCD_ResetCallback:
 624              		@ args = 0, pretend = 0, frame = 0
 625              		@ frame_needed = 0, uses_anonymous_args = 0
 626              		@ link register save eliminated.
 627 0000 7047     		bx	lr
 629              		.section	.text.HAL_PCD_SuspendCallback,"ax",%progbits
 630              		.align	1
 631              		.weak	HAL_PCD_SuspendCallback
 632              		.syntax unified
 633              		.thumb
 634              		.thumb_func
 636              	HAL_PCD_SuspendCallback:
 637              		@ args = 0, pretend = 0, frame = 0
 638              		@ frame_needed = 0, uses_anonymous_args = 0
 639              		@ link register save eliminated.
 640 0000 7047     		bx	lr
 642              		.section	.text.HAL_PCD_ResumeCallback,"ax",%progbits
 643              		.align	1
 644              		.weak	HAL_PCD_ResumeCallback
 645              		.syntax unified
 646              		.thumb
 647              		.thumb_func
 649              	HAL_PCD_ResumeCallback:
 650              		@ args = 0, pretend = 0, frame = 0
 651              		@ frame_needed = 0, uses_anonymous_args = 0
 652              		@ link register save eliminated.
 653 0000 7047     		bx	lr
 655              		.section	.text.HAL_PCD_ISOOUTIncompleteCallback,"ax",%progbits
ARM GAS  C:\Users\thewo\AppData\Local\Temp\ccMz7pzX.s 			page 12


 656              		.align	1
 657              		.weak	HAL_PCD_ISOOUTIncompleteCallback
 658              		.syntax unified
 659              		.thumb
 660              		.thumb_func
 662              	HAL_PCD_ISOOUTIncompleteCallback:
 663              		@ args = 0, pretend = 0, frame = 0
 664              		@ frame_needed = 0, uses_anonymous_args = 0
 665              		@ link register save eliminated.
 666 0000 7047     		bx	lr
 668              		.section	.text.HAL_PCD_ISOINIncompleteCallback,"ax",%progbits
 669              		.align	1
 670              		.weak	HAL_PCD_ISOINIncompleteCallback
 671              		.syntax unified
 672              		.thumb
 673              		.thumb_func
 675              	HAL_PCD_ISOINIncompleteCallback:
 676              		@ args = 0, pretend = 0, frame = 0
 677              		@ frame_needed = 0, uses_anonymous_args = 0
 678              		@ link register save eliminated.
 679 0000 7047     		bx	lr
 681              		.section	.text.HAL_PCD_ConnectCallback,"ax",%progbits
 682              		.align	1
 683              		.weak	HAL_PCD_ConnectCallback
 684              		.syntax unified
 685              		.thumb
 686              		.thumb_func
 688              	HAL_PCD_ConnectCallback:
 689              		@ args = 0, pretend = 0, frame = 0
 690              		@ frame_needed = 0, uses_anonymous_args = 0
 691              		@ link register save eliminated.
 692 0000 7047     		bx	lr
 694              		.section	.text.HAL_PCD_DisconnectCallback,"ax",%progbits
 695              		.align	1
 696              		.weak	HAL_PCD_DisconnectCallback
 697              		.syntax unified
 698              		.thumb
 699              		.thumb_func
 701              	HAL_PCD_DisconnectCallback:
 702              		@ args = 0, pretend = 0, frame = 0
 703              		@ frame_needed = 0, uses_anonymous_args = 0
 704              		@ link register save eliminated.
 705 0000 7047     		bx	lr
 707              		.section	.text.HAL_PCD_DevConnect,"ax",%progbits
 708              		.align	1
 709              		.global	HAL_PCD_DevConnect
 710              		.syntax unified
 711              		.thumb
 712              		.thumb_func
 714              	HAL_PCD_DevConnect:
 715              		@ args = 0, pretend = 0, frame = 0
 716              		@ frame_needed = 0, uses_anonymous_args = 0
 717 0000 0368     		ldr	r3, [r0]
 718 0002 90F89424 		ldrb	r2, [r0, #1172]	@ zero_extendqisi2
 719 0006 012A     		cmp	r2, #1
 720 0008 17D0     		beq	.L95
 721 000a 10B5     		push	{r4, lr}
ARM GAS  C:\Users\thewo\AppData\Local\Temp\ccMz7pzX.s 			page 13


 722 000c 0446     		mov	r4, r0
 723 000e 0122     		movs	r2, #1
 724 0010 80F89424 		strb	r2, [r0, #1172]
 725 0014 DA68     		ldr	r2, [r3, #12]
 726 0016 12F0400F 		tst	r2, #64
 727 001a 02D0     		beq	.L94
 728 001c 427B     		ldrb	r2, [r0, #13]	@ zero_extendqisi2
 729 001e 012A     		cmp	r2, #1
 730 0020 06D0     		beq	.L100
 731              	.L94:
 732 0022 2068     		ldr	r0, [r4]
 733 0024 FFF7FEFF 		bl	USB_DevConnect
 734 0028 0020     		movs	r0, #0
 735 002a 84F89404 		strb	r0, [r4, #1172]
 736 002e 10BD     		pop	{r4, pc}
 737              	.L100:
 738 0030 9A6B     		ldr	r2, [r3, #56]
 739 0032 42F48032 		orr	r2, r2, #65536
 740 0036 9A63     		str	r2, [r3, #56]
 741 0038 F3E7     		b	.L94
 742              	.L95:
 743 003a 0220     		movs	r0, #2
 744 003c 7047     		bx	lr
 746              		.section	.text.HAL_PCD_DevDisconnect,"ax",%progbits
 747              		.align	1
 748              		.global	HAL_PCD_DevDisconnect
 749              		.syntax unified
 750              		.thumb
 751              		.thumb_func
 753              	HAL_PCD_DevDisconnect:
 754              		@ args = 0, pretend = 0, frame = 0
 755              		@ frame_needed = 0, uses_anonymous_args = 0
 756 0000 38B5     		push	{r3, r4, r5, lr}
 757 0002 0568     		ldr	r5, [r0]
 758 0004 90F89434 		ldrb	r3, [r0, #1172]	@ zero_extendqisi2
 759 0008 012B     		cmp	r3, #1
 760 000a 16D0     		beq	.L104
 761 000c 0446     		mov	r4, r0
 762 000e 0123     		movs	r3, #1
 763 0010 80F89434 		strb	r3, [r0, #1172]
 764 0014 2846     		mov	r0, r5
 765 0016 FFF7FEFF 		bl	USB_DevDisconnect
 766 001a EB68     		ldr	r3, [r5, #12]
 767 001c 13F0400F 		tst	r3, #64
 768 0020 02D0     		beq	.L103
 769 0022 637B     		ldrb	r3, [r4, #13]	@ zero_extendqisi2
 770 0024 012B     		cmp	r3, #1
 771 0026 03D0     		beq	.L106
 772              	.L103:
 773 0028 0020     		movs	r0, #0
 774 002a 84F89404 		strb	r0, [r4, #1172]
 775              	.L102:
 776 002e 38BD     		pop	{r3, r4, r5, pc}
 777              	.L106:
 778 0030 AB6B     		ldr	r3, [r5, #56]
 779 0032 23F48033 		bic	r3, r3, #65536
 780 0036 AB63     		str	r3, [r5, #56]
ARM GAS  C:\Users\thewo\AppData\Local\Temp\ccMz7pzX.s 			page 14


 781 0038 F6E7     		b	.L103
 782              	.L104:
 783 003a 0220     		movs	r0, #2
 784 003c F7E7     		b	.L102
 786              		.section	.text.HAL_PCD_SetAddress,"ax",%progbits
 787              		.align	1
 788              		.global	HAL_PCD_SetAddress
 789              		.syntax unified
 790              		.thumb
 791              		.thumb_func
 793              	HAL_PCD_SetAddress:
 794              		@ args = 0, pretend = 0, frame = 0
 795              		@ frame_needed = 0, uses_anonymous_args = 0
 796 0000 90F89434 		ldrb	r3, [r0, #1172]	@ zero_extendqisi2
 797 0004 012B     		cmp	r3, #1
 798 0006 0CD0     		beq	.L109
 799 0008 10B5     		push	{r4, lr}
 800 000a 0446     		mov	r4, r0
 801 000c 0123     		movs	r3, #1
 802 000e 80F89434 		strb	r3, [r0, #1172]
 803 0012 4174     		strb	r1, [r0, #17]
 804 0014 0068     		ldr	r0, [r0]
 805 0016 FFF7FEFF 		bl	USB_SetDevAddress
 806 001a 0020     		movs	r0, #0
 807 001c 84F89404 		strb	r0, [r4, #1172]
 808 0020 10BD     		pop	{r4, pc}
 809              	.L109:
 810 0022 0220     		movs	r0, #2
 811 0024 7047     		bx	lr
 813              		.section	.text.HAL_PCD_EP_Open,"ax",%progbits
 814              		.align	1
 815              		.global	HAL_PCD_EP_Open
 816              		.syntax unified
 817              		.thumb
 818              		.thumb_func
 820              	HAL_PCD_EP_Open:
 821              		@ args = 0, pretend = 0, frame = 0
 822              		@ frame_needed = 0, uses_anonymous_args = 0
 823 0000 38B5     		push	{r3, r4, r5, lr}
 824 0002 0546     		mov	r5, r0
 825 0004 8C46     		mov	ip, r1
 826 0006 11F0800F 		tst	r1, #128
 827 000a 2BD1     		bne	.L122
 828 000c 01F00F0E 		and	lr, r1, #15
 829 0010 0EEBCE04 		add	r4, lr, lr, lsl #3
 830 0014 A400     		lsls	r4, r4, #2
 831 0016 04F51474 		add	r4, r4, #592
 832 001a 0444     		add	r4, r4, r0
 833 001c 211D     		adds	r1, r4, #4
 834 001e 0EEBCE0E 		add	lr, lr, lr, lsl #3
 835 0022 00EB8E0E 		add	lr, r0, lr, lsl #2
 836 0026 0020     		movs	r0, #0
 837 0028 8EF85502 		strb	r0, [lr, #597]
 838              	.L116:
 839 002c 0CF00F0C 		and	ip, ip, #15
 840 0030 81F800C0 		strb	ip, [r1]
 841 0034 C2F30A02 		ubfx	r2, r2, #0, #11
ARM GAS  C:\Users\thewo\AppData\Local\Temp\ccMz7pzX.s 			page 15


 842 0038 8A60     		str	r2, [r1, #8]
 843 003a 0B71     		strb	r3, [r1, #4]
 844 003c 4A78     		ldrb	r2, [r1, #1]	@ zero_extendqisi2
 845 003e 0AB1     		cbz	r2, .L117
 846 0040 A1F81AC0 		strh	ip, [r1, #26]	@ movhi
 847              	.L117:
 848 0044 022B     		cmp	r3, #2
 849 0046 1CD0     		beq	.L123
 850              	.L118:
 851 0048 95F89434 		ldrb	r3, [r5, #1172]	@ zero_extendqisi2
 852 004c 012B     		cmp	r3, #1
 853 004e 1BD0     		beq	.L120
 854 0050 0123     		movs	r3, #1
 855 0052 85F89434 		strb	r3, [r5, #1172]
 856 0056 2868     		ldr	r0, [r5]
 857 0058 FFF7FEFF 		bl	USB_ActivateEndpoint
 858 005c 0020     		movs	r0, #0
 859 005e 85F89404 		strb	r0, [r5, #1172]
 860              	.L119:
 861 0062 38BD     		pop	{r3, r4, r5, pc}
 862              	.L122:
 863 0064 01F00F00 		and	r0, r1, #15
 864 0068 00EBC001 		add	r1, r0, r0, lsl #3
 865 006c 8900     		lsls	r1, r1, #2
 866 006e 1031     		adds	r1, r1, #16
 867 0070 2944     		add	r1, r1, r5
 868 0072 0431     		adds	r1, r1, #4
 869 0074 00EBC000 		add	r0, r0, r0, lsl #3
 870 0078 05EB8000 		add	r0, r5, r0, lsl #2
 871 007c 0124     		movs	r4, #1
 872 007e 4475     		strb	r4, [r0, #21]
 873 0080 D4E7     		b	.L116
 874              	.L123:
 875 0082 0023     		movs	r3, #0
 876 0084 4B71     		strb	r3, [r1, #5]
 877 0086 DFE7     		b	.L118
 878              	.L120:
 879 0088 0220     		movs	r0, #2
 880 008a EAE7     		b	.L119
 882              		.section	.text.HAL_PCD_EP_Close,"ax",%progbits
 883              		.align	1
 884              		.global	HAL_PCD_EP_Close
 885              		.syntax unified
 886              		.thumb
 887              		.thumb_func
 889              	HAL_PCD_EP_Close:
 890              		@ args = 0, pretend = 0, frame = 0
 891              		@ frame_needed = 0, uses_anonymous_args = 0
 892 0000 10B5     		push	{r4, lr}
 893 0002 0446     		mov	r4, r0
 894 0004 0A46     		mov	r2, r1
 895 0006 11F0800F 		tst	r1, #128
 896 000a 20D1     		bne	.L130
 897 000c 01F00F00 		and	r0, r1, #15
 898 0010 00EBC003 		add	r3, r0, r0, lsl #3
 899 0014 9B00     		lsls	r3, r3, #2
 900 0016 03F51473 		add	r3, r3, #592
ARM GAS  C:\Users\thewo\AppData\Local\Temp\ccMz7pzX.s 			page 16


 901 001a 2344     		add	r3, r3, r4
 902 001c 191D     		adds	r1, r3, #4
 903 001e 00EBC000 		add	r0, r0, r0, lsl #3
 904 0022 04EB8000 		add	r0, r4, r0, lsl #2
 905 0026 0023     		movs	r3, #0
 906 0028 80F85532 		strb	r3, [r0, #597]
 907              	.L126:
 908 002c 02F00F02 		and	r2, r2, #15
 909 0030 0A70     		strb	r2, [r1]
 910 0032 94F89434 		ldrb	r3, [r4, #1172]	@ zero_extendqisi2
 911 0036 012B     		cmp	r3, #1
 912 0038 18D0     		beq	.L128
 913 003a 0123     		movs	r3, #1
 914 003c 84F89434 		strb	r3, [r4, #1172]
 915 0040 2068     		ldr	r0, [r4]
 916 0042 FFF7FEFF 		bl	USB_DeactivateEndpoint
 917 0046 0020     		movs	r0, #0
 918 0048 84F89404 		strb	r0, [r4, #1172]
 919              	.L127:
 920 004c 10BD     		pop	{r4, pc}
 921              	.L130:
 922 004e 01F00F00 		and	r0, r1, #15
 923 0052 00EBC003 		add	r3, r0, r0, lsl #3
 924 0056 9B00     		lsls	r3, r3, #2
 925 0058 1033     		adds	r3, r3, #16
 926 005a 2344     		add	r3, r3, r4
 927 005c 191D     		adds	r1, r3, #4
 928 005e 00EBC000 		add	r0, r0, r0, lsl #3
 929 0062 04EB8000 		add	r0, r4, r0, lsl #2
 930 0066 0123     		movs	r3, #1
 931 0068 4375     		strb	r3, [r0, #21]
 932 006a DFE7     		b	.L126
 933              	.L128:
 934 006c 0220     		movs	r0, #2
 935 006e EDE7     		b	.L127
 937              		.section	.text.HAL_PCD_EP_Receive,"ax",%progbits
 938              		.align	1
 939              		.global	HAL_PCD_EP_Receive
 940              		.syntax unified
 941              		.thumb
 942              		.thumb_func
 944              	HAL_PCD_EP_Receive:
 945              		@ args = 0, pretend = 0, frame = 0
 946              		@ frame_needed = 0, uses_anonymous_args = 0
 947 0000 10B5     		push	{r4, lr}
 948 0002 1446     		mov	r4, r2
 949 0004 01F00F0C 		and	ip, r1, #15
 950 0008 0CEBCC01 		add	r1, ip, ip, lsl #3
 951 000c 8900     		lsls	r1, r1, #2
 952 000e 01F51471 		add	r1, r1, #592
 953 0012 0144     		add	r1, r1, r0
 954 0014 0431     		adds	r1, r1, #4
 955 0016 0CEBCC0E 		add	lr, ip, ip, lsl #3
 956 001a 00EB8E0E 		add	lr, r0, lr, lsl #2
 957 001e CEF86022 		str	r2, [lr, #608]
 958 0022 CEF86432 		str	r3, [lr, #612]
 959 0026 0023     		movs	r3, #0
ARM GAS  C:\Users\thewo\AppData\Local\Temp\ccMz7pzX.s 			page 17


 960 0028 CEF86832 		str	r3, [lr, #616]
 961 002c 8EF85532 		strb	r3, [lr, #597]
 962 0030 8EF854C2 		strb	ip, [lr, #596]
 963 0034 8279     		ldrb	r2, [r0, #6]	@ zero_extendqisi2
 964 0036 012A     		cmp	r2, #1
 965 0038 04D0     		beq	.L134
 966              	.L132:
 967 003a 0068     		ldr	r0, [r0]
 968 003c FFF7FEFF 		bl	USB_EPStartXfer
 969 0040 0020     		movs	r0, #0
 970 0042 10BD     		pop	{r4, pc}
 971              	.L134:
 972 0044 CEF87042 		str	r4, [lr, #624]
 973 0048 F7E7     		b	.L132
 975              		.section	.text.HAL_PCD_EP_GetRxCount,"ax",%progbits
 976              		.align	1
 977              		.global	HAL_PCD_EP_GetRxCount
 978              		.syntax unified
 979              		.thumb
 980              		.thumb_func
 982              	HAL_PCD_EP_GetRxCount:
 983              		@ args = 0, pretend = 0, frame = 0
 984              		@ frame_needed = 0, uses_anonymous_args = 0
 985              		@ link register save eliminated.
 986 0000 01F00F01 		and	r1, r1, #15
 987 0004 01EBC101 		add	r1, r1, r1, lsl #3
 988 0008 00EB8100 		add	r0, r0, r1, lsl #2
 989 000c D0F86802 		ldr	r0, [r0, #616]
 990 0010 7047     		bx	lr
 992              		.section	.text.HAL_PCD_EP_Transmit,"ax",%progbits
 993              		.align	1
 994              		.global	HAL_PCD_EP_Transmit
 995              		.syntax unified
 996              		.thumb
 997              		.thumb_func
 999              	HAL_PCD_EP_Transmit:
 1000              		@ args = 0, pretend = 0, frame = 0
 1001              		@ frame_needed = 0, uses_anonymous_args = 0
 1002 0000 10B5     		push	{r4, lr}
 1003 0002 1446     		mov	r4, r2
 1004 0004 01F00F0C 		and	ip, r1, #15
 1005 0008 0CEBCC01 		add	r1, ip, ip, lsl #3
 1006 000c 8900     		lsls	r1, r1, #2
 1007 000e 1031     		adds	r1, r1, #16
 1008 0010 0144     		add	r1, r1, r0
 1009 0012 0431     		adds	r1, r1, #4
 1010 0014 0CEBCC0E 		add	lr, ip, ip, lsl #3
 1011 0018 00EB8E0E 		add	lr, r0, lr, lsl #2
 1012 001c CEF82020 		str	r2, [lr, #32]
 1013 0020 CEF82430 		str	r3, [lr, #36]
 1014 0024 0023     		movs	r3, #0
 1015 0026 CEF82830 		str	r3, [lr, #40]
 1016 002a 0123     		movs	r3, #1
 1017 002c 8EF81530 		strb	r3, [lr, #21]
 1018 0030 8EF814C0 		strb	ip, [lr, #20]
 1019 0034 8279     		ldrb	r2, [r0, #6]	@ zero_extendqisi2
 1020 0036 9A42     		cmp	r2, r3
ARM GAS  C:\Users\thewo\AppData\Local\Temp\ccMz7pzX.s 			page 18


 1021 0038 04D0     		beq	.L139
 1022              	.L137:
 1023 003a 0068     		ldr	r0, [r0]
 1024 003c FFF7FEFF 		bl	USB_EPStartXfer
 1025 0040 0020     		movs	r0, #0
 1026 0042 10BD     		pop	{r4, pc}
 1027              	.L139:
 1028 0044 CEF83040 		str	r4, [lr, #48]
 1029 0048 F7E7     		b	.L137
 1031              		.section	.text.HAL_PCD_EP_SetStall,"ax",%progbits
 1032              		.align	1
 1033              		.global	HAL_PCD_EP_SetStall
 1034              		.syntax unified
 1035              		.thumb
 1036              		.thumb_func
 1038              	HAL_PCD_EP_SetStall:
 1039              		@ args = 0, pretend = 0, frame = 0
 1040              		@ frame_needed = 0, uses_anonymous_args = 0
 1041 0000 38B5     		push	{r3, r4, r5, lr}
 1042 0002 01F00F05 		and	r5, r1, #15
 1043 0006 0279     		ldrb	r2, [r0, #4]	@ zero_extendqisi2
 1044 0008 AA42     		cmp	r2, r5
 1045 000a 38D3     		bcc	.L145
 1046 000c 0446     		mov	r4, r0
 1047 000e 0B46     		mov	r3, r1
 1048 0010 11F0800F 		tst	r1, #128
 1049 0014 1FD1     		bne	.L148
 1050 0016 01EBC101 		add	r1, r1, r1, lsl #3
 1051 001a 8900     		lsls	r1, r1, #2
 1052 001c 01F51471 		add	r1, r1, #592
 1053 0020 0144     		add	r1, r1, r0
 1054 0022 0431     		adds	r1, r1, #4
 1055 0024 03EBC303 		add	r3, r3, r3, lsl #3
 1056 0028 00EB8303 		add	r3, r0, r3, lsl #2
 1057 002c 0022     		movs	r2, #0
 1058 002e 83F85522 		strb	r2, [r3, #597]
 1059              	.L143:
 1060 0032 0123     		movs	r3, #1
 1061 0034 8B70     		strb	r3, [r1, #2]
 1062 0036 0D70     		strb	r5, [r1]
 1063 0038 94F89434 		ldrb	r3, [r4, #1172]	@ zero_extendqisi2
 1064 003c 012B     		cmp	r3, #1
 1065 003e 20D0     		beq	.L146
 1066 0040 0123     		movs	r3, #1
 1067 0042 84F89434 		strb	r3, [r4, #1172]
 1068 0046 2068     		ldr	r0, [r4]
 1069 0048 FFF7FEFF 		bl	USB_EPSetStall
 1070 004c 85B1     		cbz	r5, .L149
 1071              	.L144:
 1072 004e 0020     		movs	r0, #0
 1073 0050 84F89404 		strb	r0, [r4, #1172]
 1074              	.L141:
 1075 0054 38BD     		pop	{r3, r4, r5, pc}
 1076              	.L148:
 1077 0056 05EBC501 		add	r1, r5, r5, lsl #3
 1078 005a 8900     		lsls	r1, r1, #2
 1079 005c 1031     		adds	r1, r1, #16
ARM GAS  C:\Users\thewo\AppData\Local\Temp\ccMz7pzX.s 			page 19


 1080 005e 0144     		add	r1, r1, r0
 1081 0060 0431     		adds	r1, r1, #4
 1082 0062 05EBC503 		add	r3, r5, r5, lsl #3
 1083 0066 00EB8303 		add	r3, r0, r3, lsl #2
 1084 006a 0122     		movs	r2, #1
 1085 006c 5A75     		strb	r2, [r3, #21]
 1086 006e E0E7     		b	.L143
 1087              	.L149:
 1088 0070 04F29C42 		addw	r2, r4, #1180
 1089 0074 A179     		ldrb	r1, [r4, #6]	@ zero_extendqisi2
 1090 0076 2068     		ldr	r0, [r4]
 1091 0078 FFF7FEFF 		bl	USB_EP0_OutStart
 1092 007c E7E7     		b	.L144
 1093              	.L145:
 1094 007e 0120     		movs	r0, #1
 1095 0080 E8E7     		b	.L141
 1096              	.L146:
 1097 0082 0220     		movs	r0, #2
 1098 0084 E6E7     		b	.L141
 1100              		.section	.text.HAL_PCD_EP_ClrStall,"ax",%progbits
 1101              		.align	1
 1102              		.global	HAL_PCD_EP_ClrStall
 1103              		.syntax unified
 1104              		.thumb
 1105              		.thumb_func
 1107              	HAL_PCD_EP_ClrStall:
 1108              		@ args = 0, pretend = 0, frame = 0
 1109              		@ frame_needed = 0, uses_anonymous_args = 0
 1110 0000 01F00F03 		and	r3, r1, #15
 1111 0004 0279     		ldrb	r2, [r0, #4]	@ zero_extendqisi2
 1112 0006 9A42     		cmp	r2, r3
 1113 0008 30D3     		bcc	.L154
 1114 000a 10B5     		push	{r4, lr}
 1115 000c 0446     		mov	r4, r0
 1116 000e 11F0800F 		tst	r1, #128
 1117 0012 1ED1     		bne	.L160
 1118 0014 03EBC301 		add	r1, r3, r3, lsl #3
 1119 0018 8900     		lsls	r1, r1, #2
 1120 001a 01F51471 		add	r1, r1, #592
 1121 001e 0144     		add	r1, r1, r0
 1122 0020 0431     		adds	r1, r1, #4
 1123 0022 03EBC302 		add	r2, r3, r3, lsl #3
 1124 0026 00EB8202 		add	r2, r0, r2, lsl #2
 1125 002a 0020     		movs	r0, #0
 1126 002c 82F85502 		strb	r0, [r2, #597]
 1127              	.L153:
 1128 0030 0022     		movs	r2, #0
 1129 0032 8A70     		strb	r2, [r1, #2]
 1130 0034 0B70     		strb	r3, [r1]
 1131 0036 94F89434 		ldrb	r3, [r4, #1172]	@ zero_extendqisi2
 1132 003a 012B     		cmp	r3, #1
 1133 003c 18D0     		beq	.L155
 1134 003e 0123     		movs	r3, #1
 1135 0040 84F89434 		strb	r3, [r4, #1172]
 1136 0044 2068     		ldr	r0, [r4]
 1137 0046 FFF7FEFF 		bl	USB_EPClearStall
 1138 004a 0020     		movs	r0, #0
ARM GAS  C:\Users\thewo\AppData\Local\Temp\ccMz7pzX.s 			page 20


 1139 004c 84F89404 		strb	r0, [r4, #1172]
 1140              	.L151:
 1141 0050 10BD     		pop	{r4, pc}
 1142              	.L160:
 1143 0052 03EBC301 		add	r1, r3, r3, lsl #3
 1144 0056 8900     		lsls	r1, r1, #2
 1145 0058 1031     		adds	r1, r1, #16
 1146 005a 0144     		add	r1, r1, r0
 1147 005c 0431     		adds	r1, r1, #4
 1148 005e 03EBC302 		add	r2, r3, r3, lsl #3
 1149 0062 00EB8202 		add	r2, r0, r2, lsl #2
 1150 0066 0120     		movs	r0, #1
 1151 0068 5075     		strb	r0, [r2, #21]
 1152 006a E1E7     		b	.L153
 1153              	.L154:
 1154 006c 0120     		movs	r0, #1
 1155 006e 7047     		bx	lr
 1156              	.L155:
 1157 0070 0220     		movs	r0, #2
 1158 0072 EDE7     		b	.L151
 1160              		.section	.text.HAL_PCD_EP_Abort,"ax",%progbits
 1161              		.align	1
 1162              		.global	HAL_PCD_EP_Abort
 1163              		.syntax unified
 1164              		.thumb
 1165              		.thumb_func
 1167              	HAL_PCD_EP_Abort:
 1168              		@ args = 0, pretend = 0, frame = 0
 1169              		@ frame_needed = 0, uses_anonymous_args = 0
 1170 0000 08B5     		push	{r3, lr}
 1171 0002 11F0800F 		tst	r1, #128
 1172 0006 0CD1     		bne	.L165
 1173 0008 01F00F01 		and	r1, r1, #15
 1174 000c 01EBC101 		add	r1, r1, r1, lsl #3
 1175 0010 8900     		lsls	r1, r1, #2
 1176 0012 01F51471 		add	r1, r1, #592
 1177 0016 0144     		add	r1, r1, r0
 1178 0018 0431     		adds	r1, r1, #4
 1179              	.L163:
 1180 001a 0068     		ldr	r0, [r0]
 1181 001c FFF7FEFF 		bl	USB_EPStopXfer
 1182 0020 08BD     		pop	{r3, pc}
 1183              	.L165:
 1184 0022 01F00F01 		and	r1, r1, #15
 1185 0026 01EBC101 		add	r1, r1, r1, lsl #3
 1186 002a 8900     		lsls	r1, r1, #2
 1187 002c 1031     		adds	r1, r1, #16
 1188 002e 0144     		add	r1, r1, r0
 1189 0030 0431     		adds	r1, r1, #4
 1190 0032 F2E7     		b	.L163
 1192              		.section	.text.HAL_PCD_IRQHandler,"ax",%progbits
 1193              		.align	1
 1194              		.global	HAL_PCD_IRQHandler
 1195              		.syntax unified
 1196              		.thumb
 1197              		.thumb_func
 1199              	HAL_PCD_IRQHandler:
ARM GAS  C:\Users\thewo\AppData\Local\Temp\ccMz7pzX.s 			page 21


 1200              		@ args = 0, pretend = 0, frame = 8
 1201              		@ frame_needed = 0, uses_anonymous_args = 0
 1202 0000 2DE9F04F 		push	{r4, r5, r6, r7, r8, r9, r10, fp, lr}
 1203 0004 83B0     		sub	sp, sp, #12
 1204 0006 0446     		mov	r4, r0
 1205 0008 0568     		ldr	r5, [r0]
 1206 000a 2846     		mov	r0, r5
 1207 000c FFF7FEFF 		bl	USB_GetMode
 1208 0010 10B1     		cbz	r0, .L226
 1209              	.L166:
 1210 0012 03B0     		add	sp, sp, #12
 1211              		@ sp needed
 1212 0014 BDE8F08F 		pop	{r4, r5, r6, r7, r8, r9, r10, fp, pc}
 1213              	.L226:
 1214 0018 0646     		mov	r6, r0
 1215 001a 2068     		ldr	r0, [r4]
 1216 001c FFF7FEFF 		bl	USB_ReadInterrupts
 1217 0020 0028     		cmp	r0, #0
 1218 0022 F6D0     		beq	.L166
 1219 0024 05F50067 		add	r7, r5, #2048
 1220 0028 BB68     		ldr	r3, [r7, #8]
 1221 002a C3F30D23 		ubfx	r3, r3, #8, #14
 1222 002e C4F8D434 		str	r3, [r4, #1236]
 1223 0032 2068     		ldr	r0, [r4]
 1224 0034 FFF7FEFF 		bl	USB_ReadInterrupts
 1225 0038 10F0020F 		tst	r0, #2
 1226 003c 04D0     		beq	.L168
 1227 003e 2268     		ldr	r2, [r4]
 1228 0040 5369     		ldr	r3, [r2, #20]
 1229 0042 03F00203 		and	r3, r3, #2
 1230 0046 5361     		str	r3, [r2, #20]
 1231              	.L168:
 1232 0048 2068     		ldr	r0, [r4]
 1233 004a FFF7FEFF 		bl	USB_ReadInterrupts
 1234 004e 10F0100F 		tst	r0, #16
 1235 0052 16D0     		beq	.L169
 1236 0054 2268     		ldr	r2, [r4]
 1237 0056 9369     		ldr	r3, [r2, #24]
 1238 0058 23F01003 		bic	r3, r3, #16
 1239 005c 9361     		str	r3, [r2, #24]
 1240 005e D5F82080 		ldr	r8, [r5, #32]
 1241 0062 08F00F09 		and	r9, r8, #15
 1242 0066 08F4F013 		and	r3, r8, #1966080
 1243 006a B3F5802F 		cmp	r3, #262144
 1244 006e 6AD0     		beq	.L227
 1245 0070 B3F5402F 		cmp	r3, #786432
 1246 0074 00F08D80 		beq	.L228
 1247              	.L171:
 1248 0078 2268     		ldr	r2, [r4]
 1249 007a 9369     		ldr	r3, [r2, #24]
 1250 007c 43F01003 		orr	r3, r3, #16
 1251 0080 9361     		str	r3, [r2, #24]
 1252              	.L169:
 1253 0082 2068     		ldr	r0, [r4]
 1254 0084 FFF7FEFF 		bl	USB_ReadInterrupts
 1255 0088 10F4002F 		tst	r0, #524288
 1256 008c 40F09380 		bne	.L229
ARM GAS  C:\Users\thewo\AppData\Local\Temp\ccMz7pzX.s 			page 22


 1257              	.L172:
 1258 0090 2068     		ldr	r0, [r4]
 1259 0092 FFF7FEFF 		bl	USB_ReadInterrupts
 1260 0096 10F4802F 		tst	r0, #262144
 1261 009a 40F0FC80 		bne	.L230
 1262              	.L183:
 1263 009e 2068     		ldr	r0, [r4]
 1264 00a0 FFF7FEFF 		bl	USB_ReadInterrupts
 1265 00a4 0028     		cmp	r0, #0
 1266 00a6 C0F27D81 		blt	.L231
 1267              	.L194:
 1268 00aa 2068     		ldr	r0, [r4]
 1269 00ac FFF7FEFF 		bl	USB_ReadInterrupts
 1270 00b0 10F4006F 		tst	r0, #2048
 1271 00b4 09D0     		beq	.L197
 1272 00b6 BB68     		ldr	r3, [r7, #8]
 1273 00b8 13F0010F 		tst	r3, #1
 1274 00bc 40F08A81 		bne	.L232
 1275              	.L198:
 1276 00c0 2268     		ldr	r2, [r4]
 1277 00c2 5369     		ldr	r3, [r2, #20]
 1278 00c4 03F40063 		and	r3, r3, #2048
 1279 00c8 5361     		str	r3, [r2, #20]
 1280              	.L197:
 1281 00ca 2068     		ldr	r0, [r4]
 1282 00cc FFF7FEFF 		bl	USB_ReadInterrupts
 1283 00d0 10F0006F 		tst	r0, #134217728
 1284 00d4 15D0     		beq	.L199
 1285 00d6 2268     		ldr	r2, [r4]
 1286 00d8 5369     		ldr	r3, [r2, #20]
 1287 00da 03F00063 		and	r3, r3, #134217728
 1288 00de 5361     		str	r3, [r2, #20]
 1289 00e0 94F8CC34 		ldrb	r3, [r4, #1228]	@ zero_extendqisi2
 1290 00e4 002B     		cmp	r3, #0
 1291 00e6 40F07981 		bne	.L200
 1292 00ea 0121     		movs	r1, #1
 1293 00ec 84F8CC14 		strb	r1, [r4, #1228]
 1294 00f0 2368     		ldr	r3, [r4]
 1295 00f2 5B6D     		ldr	r3, [r3, #84]
 1296 00f4 C3F38303 		ubfx	r3, r3, #2, #4
 1297 00f8 C4F8D034 		str	r3, [r4, #1232]
 1298 00fc 2046     		mov	r0, r4
 1299 00fe FFF7FEFF 		bl	HAL_PCDEx_LPM_Callback
 1300              	.L199:
 1301 0102 2068     		ldr	r0, [r4]
 1302 0104 FFF7FEFF 		bl	USB_ReadInterrupts
 1303 0108 10F4805F 		tst	r0, #4096
 1304 010c 40F06A81 		bne	.L233
 1305              	.L201:
 1306 0110 2068     		ldr	r0, [r4]
 1307 0112 FFF7FEFF 		bl	USB_ReadInterrupts
 1308 0116 10F4005F 		tst	r0, #8192
 1309 011a 40F0B681 		bne	.L234
 1310              	.L206:
 1311 011e 2068     		ldr	r0, [r4]
 1312 0120 FFF7FEFF 		bl	USB_ReadInterrupts
 1313 0124 10F0080F 		tst	r0, #8
ARM GAS  C:\Users\thewo\AppData\Local\Temp\ccMz7pzX.s 			page 23


 1314 0128 40F0C781 		bne	.L235
 1315              	.L207:
 1316 012c 2068     		ldr	r0, [r4]
 1317 012e FFF7FEFF 		bl	USB_ReadInterrupts
 1318 0132 10F0800F 		tst	r0, #128
 1319 0136 00F0DA81 		beq	.L208
 1320 013a AB69     		ldr	r3, [r5, #24]
 1321 013c 23F08003 		bic	r3, r3, #128
 1322 0140 AB61     		str	r3, [r5, #24]
 1323 0142 0126     		movs	r6, #1
 1324 0144 C3E1     		b	.L209
 1325              	.L227:
 1326 0146 47F6F073 		movw	r3, #32752
 1327 014a 18EA030F 		tst	r8, r3
 1328 014e 93D0     		beq	.L171
 1329 0150 4FEA181A 		lsr	r10, r8, #4
 1330 0154 4FEAC903 		lsl	r3, r9, #3
 1331 0158 0193     		str	r3, [sp, #4]
 1332 015a 09EBC90B 		add	fp, r9, r9, lsl #3
 1333 015e 04EB8B0B 		add	fp, r4, fp, lsl #2
 1334 0162 C8F30A12 		ubfx	r2, r8, #4, #11
 1335 0166 DBF86012 		ldr	r1, [fp, #608]
 1336 016a 2846     		mov	r0, r5
 1337 016c FFF7FEFF 		bl	USB_ReadPacket
 1338 0170 DBF86032 		ldr	r3, [fp, #608]
 1339 0174 CAF30A0A 		ubfx	r10, r10, #0, #11
 1340 0178 5344     		add	r3, r3, r10
 1341 017a CBF86032 		str	r3, [fp, #608]
 1342 017e DBF86832 		ldr	r3, [fp, #616]
 1343 0182 019A     		ldr	r2, [sp, #4]
 1344 0184 4A44     		add	r2, r2, r9
 1345 0186 04EB8202 		add	r2, r4, r2, lsl #2
 1346 018a 5344     		add	r3, r3, r10
 1347 018c C2F86832 		str	r3, [r2, #616]
 1348 0190 72E7     		b	.L171
 1349              	.L228:
 1350 0192 0822     		movs	r2, #8
 1351 0194 04F29C41 		addw	r1, r4, #1180
 1352 0198 2846     		mov	r0, r5
 1353 019a FFF7FEFF 		bl	USB_ReadPacket
 1354 019e 09EBC903 		add	r3, r9, r9, lsl #3
 1355 01a2 04EB8303 		add	r3, r4, r3, lsl #2
 1356 01a6 D3F86822 		ldr	r2, [r3, #616]
 1357 01aa C8F30A18 		ubfx	r8, r8, #4, #11
 1358 01ae 4244     		add	r2, r2, r8
 1359 01b0 C3F86822 		str	r2, [r3, #616]
 1360 01b4 60E7     		b	.L171
 1361              	.L229:
 1362 01b6 2068     		ldr	r0, [r4]
 1363 01b8 FFF7FEFF 		bl	USB_ReadDevAllOutEpInterrupt
 1364 01bc 8046     		mov	r8, r0
 1365 01be B146     		mov	r9, r6
 1366 01c0 35E0     		b	.L173
 1367              	.L237:
 1368 01c2 05EB4913 		add	r3, r5, r9, lsl #5
 1369 01c6 0122     		movs	r2, #1
 1370 01c8 C3F8082B 		str	r2, [r3, #2824]
ARM GAS  C:\Users\thewo\AppData\Local\Temp\ccMz7pzX.s 			page 24


 1371 01cc 4946     		mov	r1, r9
 1372 01ce 2046     		mov	r0, r4
 1373 01d0 FFF7FEFF 		bl	PCD_EP_OutXfrComplete_int
 1374 01d4 3CE0     		b	.L175
 1375              	.L238:
 1376 01d6 05EB4913 		add	r3, r5, r9, lsl #5
 1377 01da 0822     		movs	r2, #8
 1378 01dc C3F8082B 		str	r2, [r3, #2824]
 1379 01e0 4946     		mov	r1, r9
 1380 01e2 2046     		mov	r0, r4
 1381 01e4 FFF7FEFF 		bl	PCD_EP_OutSetupPacket_int
 1382 01e8 35E0     		b	.L176
 1383              	.L179:
 1384 01ea 09EBC903 		add	r3, r9, r9, lsl #3
 1385 01ee 04EB8303 		add	r3, r4, r3, lsl #2
 1386 01f2 93F85732 		ldrb	r3, [r3, #599]	@ zero_extendqisi2
 1387 01f6 012B     		cmp	r3, #1
 1388 01f8 41D0     		beq	.L236
 1389              	.L180:
 1390 01fa 05EB4913 		add	r3, r5, r9, lsl #5
 1391 01fe 0222     		movs	r2, #2
 1392 0200 C3F8082B 		str	r2, [r3, #2824]
 1393              	.L178:
 1394 0204 1AF0200F 		tst	r10, #32
 1395 0208 04D0     		beq	.L181
 1396 020a 05EB4913 		add	r3, r5, r9, lsl #5
 1397 020e 2022     		movs	r2, #32
 1398 0210 C3F8082B 		str	r2, [r3, #2824]
 1399              	.L181:
 1400 0214 1AF4005F 		tst	r10, #8192
 1401 0218 05D0     		beq	.L174
 1402 021a 05EB4913 		add	r3, r5, r9, lsl #5
 1403 021e 4FF40052 		mov	r2, #8192
 1404 0222 C3F8082B 		str	r2, [r3, #2824]
 1405              	.L174:
 1406 0226 09F10109 		add	r9, r9, #1
 1407 022a 4FEA5808 		lsr	r8, r8, #1
 1408              	.L173:
 1409 022e B8F1000F 		cmp	r8, #0
 1410 0232 3FF42DAF 		beq	.L172
 1411 0236 18F0010F 		tst	r8, #1
 1412 023a F4D0     		beq	.L174
 1413 023c 5FFA89FB 		uxtb	fp, r9
 1414 0240 5946     		mov	r1, fp
 1415 0242 2068     		ldr	r0, [r4]
 1416 0244 FFF7FEFF 		bl	USB_ReadDevOutEPInterrupt
 1417 0248 8246     		mov	r10, r0
 1418 024a 10F0010F 		tst	r0, #1
 1419 024e B8D1     		bne	.L237
 1420              	.L175:
 1421 0250 1AF0080F 		tst	r10, #8
 1422 0254 BFD1     		bne	.L238
 1423              	.L176:
 1424 0256 1AF0100F 		tst	r10, #16
 1425 025a 04D0     		beq	.L177
 1426 025c 05EB4913 		add	r3, r5, r9, lsl #5
 1427 0260 1022     		movs	r2, #16
ARM GAS  C:\Users\thewo\AppData\Local\Temp\ccMz7pzX.s 			page 25


 1428 0262 C3F8082B 		str	r2, [r3, #2824]
 1429              	.L177:
 1430 0266 1AF0020F 		tst	r10, #2
 1431 026a CBD0     		beq	.L178
 1432 026c 6B69     		ldr	r3, [r5, #20]
 1433 026e 13F0800F 		tst	r3, #128
 1434 0272 BAD0     		beq	.L179
 1435 0274 7B68     		ldr	r3, [r7, #4]
 1436 0276 43F48063 		orr	r3, r3, #1024
 1437 027a 7B60     		str	r3, [r7, #4]
 1438 027c B5E7     		b	.L179
 1439              	.L236:
 1440 027e 09EBC903 		add	r3, r9, r9, lsl #3
 1441 0282 04EB8303 		add	r3, r4, r3, lsl #2
 1442 0286 0022     		movs	r2, #0
 1443 0288 83F85722 		strb	r2, [r3, #599]
 1444 028c 5946     		mov	r1, fp
 1445 028e 2046     		mov	r0, r4
 1446 0290 FFF7FEFF 		bl	HAL_PCD_ISOOUTIncompleteCallback
 1447 0294 B1E7     		b	.L180
 1448              	.L230:
 1449 0296 2068     		ldr	r0, [r4]
 1450 0298 FFF7FEFF 		bl	USB_ReadDevAllInEpInterrupt
 1451 029c 8046     		mov	r8, r0
 1452 029e B146     		mov	r9, r6
 1453 02a0 25E0     		b	.L184
 1454              	.L187:
 1455 02a2 5946     		mov	r1, fp
 1456 02a4 2046     		mov	r0, r4
 1457 02a6 FFF7FEFF 		bl	HAL_PCD_DataInStageCallback
 1458              	.L186:
 1459 02aa 1AF0080F 		tst	r10, #8
 1460 02ae 04D0     		beq	.L188
 1461 02b0 05EB4913 		add	r3, r5, r9, lsl #5
 1462 02b4 0822     		movs	r2, #8
 1463 02b6 C3F80829 		str	r2, [r3, #2312]
 1464              	.L188:
 1465 02ba 1AF0100F 		tst	r10, #16
 1466 02be 04D0     		beq	.L189
 1467 02c0 05EB4913 		add	r3, r5, r9, lsl #5
 1468 02c4 1022     		movs	r2, #16
 1469 02c6 C3F80829 		str	r2, [r3, #2312]
 1470              	.L189:
 1471 02ca 1AF0400F 		tst	r10, #64
 1472 02ce 04D0     		beq	.L190
 1473 02d0 05EB4913 		add	r3, r5, r9, lsl #5
 1474 02d4 4022     		movs	r2, #64
 1475 02d6 C3F80829 		str	r2, [r3, #2312]
 1476              	.L190:
 1477 02da 1AF0020F 		tst	r10, #2
 1478 02de 40D1     		bne	.L239
 1479              	.L191:
 1480 02e0 1AF0800F 		tst	r10, #128
 1481 02e4 59D1     		bne	.L240
 1482              	.L185:
 1483 02e6 09F10109 		add	r9, r9, #1
 1484 02ea 4FEA5808 		lsr	r8, r8, #1
ARM GAS  C:\Users\thewo\AppData\Local\Temp\ccMz7pzX.s 			page 26


 1485              	.L184:
 1486 02ee B8F1000F 		cmp	r8, #0
 1487 02f2 3FF4D4AE 		beq	.L183
 1488 02f6 18F0010F 		tst	r8, #1
 1489 02fa F4D0     		beq	.L185
 1490 02fc 5FFA89FB 		uxtb	fp, r9
 1491 0300 5946     		mov	r1, fp
 1492 0302 2068     		ldr	r0, [r4]
 1493 0304 FFF7FEFF 		bl	USB_ReadDevInEPInterrupt
 1494 0308 8246     		mov	r10, r0
 1495 030a 10F0010F 		tst	r0, #1
 1496 030e CCD0     		beq	.L186
 1497 0310 09F00F02 		and	r2, r9, #15
 1498 0314 0121     		movs	r1, #1
 1499 0316 01FA02F2 		lsl	r2, r1, r2
 1500 031a 7B6B     		ldr	r3, [r7, #52]
 1501 031c 23EA0203 		bic	r3, r3, r2
 1502 0320 7B63     		str	r3, [r7, #52]
 1503 0322 05EB4913 		add	r3, r5, r9, lsl #5
 1504 0326 C3F80819 		str	r1, [r3, #2312]
 1505 032a A379     		ldrb	r3, [r4, #6]	@ zero_extendqisi2
 1506 032c 8B42     		cmp	r3, r1
 1507 032e B8D1     		bne	.L187
 1508 0330 09EBC903 		add	r3, r9, r9, lsl #3
 1509 0334 04EB8303 		add	r3, r4, r3, lsl #2
 1510 0338 1A6A     		ldr	r2, [r3, #32]
 1511 033a D969     		ldr	r1, [r3, #28]
 1512 033c 0A44     		add	r2, r2, r1
 1513 033e 1A62     		str	r2, [r3, #32]
 1514 0340 B9F1000F 		cmp	r9, #0
 1515 0344 ADD1     		bne	.L187
 1516 0346 09EBC903 		add	r3, r9, r9, lsl #3
 1517 034a 04EB8303 		add	r3, r4, r3, lsl #2
 1518 034e 5B6A     		ldr	r3, [r3, #36]
 1519 0350 002B     		cmp	r3, #0
 1520 0352 A6D1     		bne	.L187
 1521 0354 04F29C42 		addw	r2, r4, #1180
 1522 0358 0121     		movs	r1, #1
 1523 035a 2068     		ldr	r0, [r4]
 1524 035c FFF7FEFF 		bl	USB_EP0_OutStart
 1525 0360 9FE7     		b	.L187
 1526              	.L239:
 1527 0362 4946     		mov	r1, r9
 1528 0364 2846     		mov	r0, r5
 1529 0366 FFF7FEFF 		bl	USB_FlushTxFifo
 1530 036a 09EBC903 		add	r3, r9, r9, lsl #3
 1531 036e 04EB8303 		add	r3, r4, r3, lsl #2
 1532 0372 DB7D     		ldrb	r3, [r3, #23]	@ zero_extendqisi2
 1533 0374 012B     		cmp	r3, #1
 1534 0376 05D0     		beq	.L241
 1535              	.L192:
 1536 0378 05EB4913 		add	r3, r5, r9, lsl #5
 1537 037c 0222     		movs	r2, #2
 1538 037e C3F80829 		str	r2, [r3, #2312]
 1539 0382 ADE7     		b	.L191
 1540              	.L241:
 1541 0384 09EBC903 		add	r3, r9, r9, lsl #3
ARM GAS  C:\Users\thewo\AppData\Local\Temp\ccMz7pzX.s 			page 27


 1542 0388 04EB8303 		add	r3, r4, r3, lsl #2
 1543 038c 0022     		movs	r2, #0
 1544 038e DA75     		strb	r2, [r3, #23]
 1545 0390 5946     		mov	r1, fp
 1546 0392 2046     		mov	r0, r4
 1547 0394 FFF7FEFF 		bl	HAL_PCD_ISOINIncompleteCallback
 1548 0398 EEE7     		b	.L192
 1549              	.L240:
 1550 039a 4946     		mov	r1, r9
 1551 039c 2046     		mov	r0, r4
 1552 039e FFF7FEFF 		bl	PCD_WriteEmptyTxFifo
 1553 03a2 A0E7     		b	.L185
 1554              	.L231:
 1555 03a4 7B68     		ldr	r3, [r7, #4]
 1556 03a6 23F00103 		bic	r3, r3, #1
 1557 03aa 7B60     		str	r3, [r7, #4]
 1558 03ac 94F8CC34 		ldrb	r3, [r4, #1228]	@ zero_extendqisi2
 1559 03b0 012B     		cmp	r3, #1
 1560 03b2 08D0     		beq	.L242
 1561 03b4 2046     		mov	r0, r4
 1562 03b6 FFF7FEFF 		bl	HAL_PCD_ResumeCallback
 1563              	.L196:
 1564 03ba 2268     		ldr	r2, [r4]
 1565 03bc 5369     		ldr	r3, [r2, #20]
 1566 03be 03F00043 		and	r3, r3, #-2147483648
 1567 03c2 5361     		str	r3, [r2, #20]
 1568 03c4 71E6     		b	.L194
 1569              	.L242:
 1570 03c6 0021     		movs	r1, #0
 1571 03c8 84F8CC14 		strb	r1, [r4, #1228]
 1572 03cc 2046     		mov	r0, r4
 1573 03ce FFF7FEFF 		bl	HAL_PCDEx_LPM_Callback
 1574 03d2 F2E7     		b	.L196
 1575              	.L232:
 1576 03d4 2046     		mov	r0, r4
 1577 03d6 FFF7FEFF 		bl	HAL_PCD_SuspendCallback
 1578 03da 71E6     		b	.L198
 1579              	.L200:
 1580 03dc 2046     		mov	r0, r4
 1581 03de FFF7FEFF 		bl	HAL_PCD_SuspendCallback
 1582 03e2 8EE6     		b	.L199
 1583              	.L233:
 1584 03e4 7B68     		ldr	r3, [r7, #4]
 1585 03e6 23F00103 		bic	r3, r3, #1
 1586 03ea 7B60     		str	r3, [r7, #4]
 1587 03ec 1021     		movs	r1, #16
 1588 03ee 2068     		ldr	r0, [r4]
 1589 03f0 FFF7FEFF 		bl	USB_FlushTxFifo
 1590 03f4 1AE0     		b	.L202
 1591              	.L203:
 1592 03f6 05EB4613 		add	r3, r5, r6, lsl #5
 1593 03fa 4FF67F31 		movw	r1, #64383
 1594 03fe C3F80819 		str	r1, [r3, #2312]
 1595 0402 D3F80029 		ldr	r2, [r3, #2304]
 1596 0406 22F40012 		bic	r2, r2, #2097152
 1597 040a C3F80029 		str	r2, [r3, #2304]
 1598 040e C3F8081B 		str	r1, [r3, #2824]
ARM GAS  C:\Users\thewo\AppData\Local\Temp\ccMz7pzX.s 			page 28


 1599 0412 D3F8002B 		ldr	r2, [r3, #2816]
 1600 0416 22F40012 		bic	r2, r2, #2097152
 1601 041a C3F8002B 		str	r2, [r3, #2816]
 1602 041e D3F8002B 		ldr	r2, [r3, #2816]
 1603 0422 42F00062 		orr	r2, r2, #134217728
 1604 0426 C3F8002B 		str	r2, [r3, #2816]
 1605 042a 0136     		adds	r6, r6, #1
 1606              	.L202:
 1607 042c 2379     		ldrb	r3, [r4, #4]	@ zero_extendqisi2
 1608 042e B342     		cmp	r3, r6
 1609 0430 E1D8     		bhi	.L203
 1610 0432 FB69     		ldr	r3, [r7, #28]
 1611 0434 43F00113 		orr	r3, r3, #65537
 1612 0438 FB61     		str	r3, [r7, #28]
 1613 043a E37B     		ldrb	r3, [r4, #15]	@ zero_extendqisi2
 1614 043c DBB1     		cbz	r3, .L204
 1615 043e D7F88430 		ldr	r3, [r7, #132]
 1616 0442 43F00B03 		orr	r3, r3, #11
 1617 0446 C7F88430 		str	r3, [r7, #132]
 1618 044a 7B6C     		ldr	r3, [r7, #68]
 1619 044c 43F00B03 		orr	r3, r3, #11
 1620 0450 7B64     		str	r3, [r7, #68]
 1621              	.L205:
 1622 0452 D5F80038 		ldr	r3, [r5, #2048]
 1623 0456 23F4FE63 		bic	r3, r3, #2032
 1624 045a C5F80038 		str	r3, [r5, #2048]
 1625 045e 04F29C42 		addw	r2, r4, #1180
 1626 0462 A179     		ldrb	r1, [r4, #6]	@ zero_extendqisi2
 1627 0464 2068     		ldr	r0, [r4]
 1628 0466 FFF7FEFF 		bl	USB_EP0_OutStart
 1629 046a 2268     		ldr	r2, [r4]
 1630 046c 5369     		ldr	r3, [r2, #20]
 1631 046e 03F48053 		and	r3, r3, #4096
 1632 0472 5361     		str	r3, [r2, #20]
 1633 0474 4CE6     		b	.L201
 1634              	.L204:
 1635 0476 7A69     		ldr	r2, [r7, #20]
 1636 0478 42F22B03 		movw	r3, #8235
 1637 047c 1343     		orrs	r3, r3, r2
 1638 047e 7B61     		str	r3, [r7, #20]
 1639 0480 3B69     		ldr	r3, [r7, #16]
 1640 0482 43F00B03 		orr	r3, r3, #11
 1641 0486 3B61     		str	r3, [r7, #16]
 1642 0488 E3E7     		b	.L205
 1643              	.L234:
 1644 048a 2068     		ldr	r0, [r4]
 1645 048c FFF7FEFF 		bl	USB_ActivateSetup
 1646 0490 2068     		ldr	r0, [r4]
 1647 0492 FFF7FEFF 		bl	USB_GetDevSpeed
 1648 0496 E071     		strb	r0, [r4, #7]
 1649 0498 2668     		ldr	r6, [r4]
 1650 049a FFF7FEFF 		bl	HAL_RCC_GetHCLKFreq
 1651 049e 0146     		mov	r1, r0
 1652 04a0 E279     		ldrb	r2, [r4, #7]	@ zero_extendqisi2
 1653 04a2 3046     		mov	r0, r6
 1654 04a4 FFF7FEFF 		bl	USB_SetTurnaroundTime
 1655 04a8 2046     		mov	r0, r4
ARM GAS  C:\Users\thewo\AppData\Local\Temp\ccMz7pzX.s 			page 29


 1656 04aa FFF7FEFF 		bl	HAL_PCD_ResetCallback
 1657 04ae 2268     		ldr	r2, [r4]
 1658 04b0 5369     		ldr	r3, [r2, #20]
 1659 04b2 03F40053 		and	r3, r3, #8192
 1660 04b6 5361     		str	r3, [r2, #20]
 1661 04b8 31E6     		b	.L206
 1662              	.L235:
 1663 04ba 2046     		mov	r0, r4
 1664 04bc FFF7FEFF 		bl	HAL_PCD_SOFCallback
 1665 04c0 2268     		ldr	r2, [r4]
 1666 04c2 5369     		ldr	r3, [r2, #20]
 1667 04c4 03F00803 		and	r3, r3, #8
 1668 04c8 5361     		str	r3, [r2, #20]
 1669 04ca 2FE6     		b	.L207
 1670              	.L210:
 1671 04cc 0136     		adds	r6, r6, #1
 1672              	.L209:
 1673 04ce 2379     		ldrb	r3, [r4, #4]	@ zero_extendqisi2
 1674 04d0 B342     		cmp	r3, r6
 1675 04d2 0CD9     		bls	.L208
 1676 04d4 06EBC603 		add	r3, r6, r6, lsl #3
 1677 04d8 04EB8303 		add	r3, r4, r3, lsl #2
 1678 04dc 93F85732 		ldrb	r3, [r3, #599]	@ zero_extendqisi2
 1679 04e0 012B     		cmp	r3, #1
 1680 04e2 F3D1     		bne	.L210
 1681 04e4 F1B2     		uxtb	r1, r6
 1682 04e6 2046     		mov	r0, r4
 1683 04e8 FFF7FEFF 		bl	HAL_PCD_EP_Abort
 1684 04ec EEE7     		b	.L210
 1685              	.L208:
 1686 04ee 2068     		ldr	r0, [r4]
 1687 04f0 FFF7FEFF 		bl	USB_ReadInterrupts
 1688 04f4 10F4801F 		tst	r0, #1048576
 1689 04f8 25D1     		bne	.L223
 1690              	.L213:
 1691 04fa 2068     		ldr	r0, [r4]
 1692 04fc FFF7FEFF 		bl	USB_ReadInterrupts
 1693 0500 10F4001F 		tst	r0, #2097152
 1694 0504 58D0     		beq	.L217
 1695 0506 0123     		movs	r3, #1
 1696 0508 26E0     		b	.L216
 1697              	.L214:
 1698 050a 0136     		adds	r6, r6, #1
 1699              	.L212:
 1700 050c 2379     		ldrb	r3, [r4, #4]	@ zero_extendqisi2
 1701 050e B342     		cmp	r3, r6
 1702 0510 1BD9     		bls	.L243
 1703 0512 05EB4613 		add	r3, r5, r6, lsl #5
 1704 0516 D3F80029 		ldr	r2, [r3, #2304]
 1705 051a 06EBC603 		add	r3, r6, r6, lsl #3
 1706 051e 04EB8303 		add	r3, r4, r3, lsl #2
 1707 0522 1B7E     		ldrb	r3, [r3, #24]	@ zero_extendqisi2
 1708 0524 012B     		cmp	r3, #1
 1709 0526 F0D1     		bne	.L214
 1710 0528 002A     		cmp	r2, #0
 1711 052a EEDA     		bge	.L214
 1712 052c 06EBC603 		add	r3, r6, r6, lsl #3
ARM GAS  C:\Users\thewo\AppData\Local\Temp\ccMz7pzX.s 			page 30


 1713 0530 04EB8303 		add	r3, r4, r3, lsl #2
 1714 0534 0122     		movs	r2, #1
 1715 0536 DA75     		strb	r2, [r3, #23]
 1716 0538 66F07F01 		orn	r1, r6, #127
 1717 053c C9B2     		uxtb	r1, r1
 1718 053e 2046     		mov	r0, r4
 1719 0540 FFF7FEFF 		bl	HAL_PCD_EP_Abort
 1720 0544 E1E7     		b	.L214
 1721              	.L223:
 1722 0546 0126     		movs	r6, #1
 1723 0548 E0E7     		b	.L212
 1724              	.L243:
 1725 054a 2268     		ldr	r2, [r4]
 1726 054c 5369     		ldr	r3, [r2, #20]
 1727 054e 03F48013 		and	r3, r3, #1048576
 1728 0552 5361     		str	r3, [r2, #20]
 1729 0554 D1E7     		b	.L213
 1730              	.L218:
 1731 0556 0133     		adds	r3, r3, #1
 1732              	.L216:
 1733 0558 2279     		ldrb	r2, [r4, #4]	@ zero_extendqisi2
 1734 055a 9A42     		cmp	r2, r3
 1735 055c 27D9     		bls	.L219
 1736 055e 05EB4312 		add	r2, r5, r3, lsl #5
 1737 0562 D2F8001B 		ldr	r1, [r2, #2816]
 1738 0566 03EBC302 		add	r2, r3, r3, lsl #3
 1739 056a 04EB8202 		add	r2, r4, r2, lsl #2
 1740 056e 92F85822 		ldrb	r2, [r2, #600]	@ zero_extendqisi2
 1741 0572 012A     		cmp	r2, #1
 1742 0574 EFD1     		bne	.L218
 1743 0576 0029     		cmp	r1, #0
 1744 0578 EDDA     		bge	.L218
 1745 057a D4F8D424 		ldr	r2, [r4, #1236]
 1746 057e 82EA1142 		eor	r2, r2, r1, lsr #16
 1747 0582 12F0010F 		tst	r2, #1
 1748 0586 E6D1     		bne	.L218
 1749 0588 03EBC302 		add	r2, r3, r3, lsl #3
 1750 058c 04EB8202 		add	r2, r4, r2, lsl #2
 1751 0590 0121     		movs	r1, #1
 1752 0592 82F85712 		strb	r1, [r2, #599]
 1753 0596 AA69     		ldr	r2, [r5, #24]
 1754 0598 42F08002 		orr	r2, r2, #128
 1755 059c AA61     		str	r2, [r5, #24]
 1756 059e 6A69     		ldr	r2, [r5, #20]
 1757 05a0 12F0800F 		tst	r2, #128
 1758 05a4 D7D1     		bne	.L218
 1759 05a6 7B68     		ldr	r3, [r7, #4]
 1760 05a8 43F40073 		orr	r3, r3, #512
 1761 05ac 7B60     		str	r3, [r7, #4]
 1762              	.L219:
 1763 05ae 2268     		ldr	r2, [r4]
 1764 05b0 5369     		ldr	r3, [r2, #20]
 1765 05b2 03F40013 		and	r3, r3, #2097152
 1766 05b6 5361     		str	r3, [r2, #20]
 1767              	.L217:
 1768 05b8 2068     		ldr	r0, [r4]
 1769 05ba FFF7FEFF 		bl	USB_ReadInterrupts
ARM GAS  C:\Users\thewo\AppData\Local\Temp\ccMz7pzX.s 			page 31


 1770 05be 10F0804F 		tst	r0, #1073741824
 1771 05c2 10D1     		bne	.L244
 1772              	.L221:
 1773 05c4 2068     		ldr	r0, [r4]
 1774 05c6 FFF7FEFF 		bl	USB_ReadInterrupts
 1775 05ca 10F0040F 		tst	r0, #4
 1776 05ce 3FF420AD 		beq	.L166
 1777 05d2 2368     		ldr	r3, [r4]
 1778 05d4 5D68     		ldr	r5, [r3, #4]
 1779 05d6 15F0040F 		tst	r5, #4
 1780 05da 0DD1     		bne	.L245
 1781              	.L222:
 1782 05dc 2268     		ldr	r2, [r4]
 1783 05de 5368     		ldr	r3, [r2, #4]
 1784 05e0 2B43     		orrs	r3, r3, r5
 1785 05e2 5360     		str	r3, [r2, #4]
 1786 05e4 15E5     		b	.L166
 1787              	.L244:
 1788 05e6 2046     		mov	r0, r4
 1789 05e8 FFF7FEFF 		bl	HAL_PCD_ConnectCallback
 1790 05ec 2268     		ldr	r2, [r4]
 1791 05ee 5369     		ldr	r3, [r2, #20]
 1792 05f0 03F08043 		and	r3, r3, #1073741824
 1793 05f4 5361     		str	r3, [r2, #20]
 1794 05f6 E5E7     		b	.L221
 1795              	.L245:
 1796 05f8 2046     		mov	r0, r4
 1797 05fa FFF7FEFF 		bl	HAL_PCD_DisconnectCallback
 1798 05fe EDE7     		b	.L222
 1800              		.section	.text.HAL_PCD_EP_Flush,"ax",%progbits
 1801              		.align	1
 1802              		.global	HAL_PCD_EP_Flush
 1803              		.syntax unified
 1804              		.thumb
 1805              		.thumb_func
 1807              	HAL_PCD_EP_Flush:
 1808              		@ args = 0, pretend = 0, frame = 0
 1809              		@ frame_needed = 0, uses_anonymous_args = 0
 1810 0000 90F89434 		ldrb	r3, [r0, #1172]	@ zero_extendqisi2
 1811 0004 012B     		cmp	r3, #1
 1812 0006 14D0     		beq	.L250
 1813 0008 10B5     		push	{r4, lr}
 1814 000a 0446     		mov	r4, r0
 1815 000c 0123     		movs	r3, #1
 1816 000e 80F89434 		strb	r3, [r0, #1172]
 1817 0012 11F0800F 		tst	r1, #128
 1818 0016 06D1     		bne	.L255
 1819 0018 0068     		ldr	r0, [r0]
 1820 001a FFF7FEFF 		bl	USB_FlushRxFifo
 1821              	.L249:
 1822 001e 0020     		movs	r0, #0
 1823 0020 84F89404 		strb	r0, [r4, #1172]
 1824 0024 10BD     		pop	{r4, pc}
 1825              	.L255:
 1826 0026 01F00F01 		and	r1, r1, #15
 1827 002a 0068     		ldr	r0, [r0]
 1828 002c FFF7FEFF 		bl	USB_FlushTxFifo
ARM GAS  C:\Users\thewo\AppData\Local\Temp\ccMz7pzX.s 			page 32


 1829 0030 F5E7     		b	.L249
 1830              	.L250:
 1831 0032 0220     		movs	r0, #2
 1832 0034 7047     		bx	lr
 1834              		.section	.text.HAL_PCD_ActivateRemoteWakeup,"ax",%progbits
 1835              		.align	1
 1836              		.global	HAL_PCD_ActivateRemoteWakeup
 1837              		.syntax unified
 1838              		.thumb
 1839              		.thumb_func
 1841              	HAL_PCD_ActivateRemoteWakeup:
 1842              		@ args = 0, pretend = 0, frame = 0
 1843              		@ frame_needed = 0, uses_anonymous_args = 0
 1844 0000 08B5     		push	{r3, lr}
 1845 0002 0068     		ldr	r0, [r0]
 1846 0004 FFF7FEFF 		bl	USB_ActivateRemoteWakeup
 1847 0008 08BD     		pop	{r3, pc}
 1849              		.section	.text.HAL_PCD_DeActivateRemoteWakeup,"ax",%progbits
 1850              		.align	1
 1851              		.global	HAL_PCD_DeActivateRemoteWakeup
 1852              		.syntax unified
 1853              		.thumb
 1854              		.thumb_func
 1856              	HAL_PCD_DeActivateRemoteWakeup:
 1857              		@ args = 0, pretend = 0, frame = 0
 1858              		@ frame_needed = 0, uses_anonymous_args = 0
 1859 0000 08B5     		push	{r3, lr}
 1860 0002 0068     		ldr	r0, [r0]
 1861 0004 FFF7FEFF 		bl	USB_DeActivateRemoteWakeup
 1862 0008 08BD     		pop	{r3, pc}
 1864              		.section	.text.HAL_PCD_GetState,"ax",%progbits
 1865              		.align	1
 1866              		.global	HAL_PCD_GetState
 1867              		.syntax unified
 1868              		.thumb
 1869              		.thumb_func
 1871              	HAL_PCD_GetState:
 1872              		@ args = 0, pretend = 0, frame = 0
 1873              		@ frame_needed = 0, uses_anonymous_args = 0
 1874              		@ link register save eliminated.
 1875 0000 90F89504 		ldrb	r0, [r0, #1173]	@ zero_extendqisi2
 1876 0004 7047     		bx	lr
 1878              		.section	.text.HAL_PCD_SetTestMode,"ax",%progbits
 1879              		.align	1
 1880              		.global	HAL_PCD_SetTestMode
 1881              		.syntax unified
 1882              		.thumb
 1883              		.thumb_func
 1885              	HAL_PCD_SetTestMode:
 1886              		@ args = 0, pretend = 0, frame = 0
 1887              		@ frame_needed = 0, uses_anonymous_args = 0
 1888              		@ link register save eliminated.
 1889 0000 0368     		ldr	r3, [r0]
 1890 0002 4A1E     		subs	r2, r1, #1
 1891 0004 042A     		cmp	r2, #4
 1892 0006 0BD8     		bhi	.L262
 1893 0008 D3F80428 		ldr	r2, [r3, #2052]
ARM GAS  C:\Users\thewo\AppData\Local\Temp\ccMz7pzX.s 			page 33


 1894 000c 22F07002 		bic	r2, r2, #112
 1895 0010 C3F80428 		str	r2, [r3, #2052]
 1896 0014 D3F80428 		ldr	r2, [r3, #2052]
 1897 0018 42EA0112 		orr	r2, r2, r1, lsl #4
 1898 001c C3F80428 		str	r2, [r3, #2052]
 1899              	.L262:
 1900 0020 0020     		movs	r0, #0
 1901 0022 7047     		bx	lr
 1903              		.ident	"GCC: (xPack GNU Arm Embedded GCC x86_64) 14.2.1 20241119"
ARM GAS  C:\Users\thewo\AppData\Local\Temp\ccMz7pzX.s 			page 34


DEFINED SYMBOLS
                            *ABS*:00000000 stm32h7xx_hal_pcd.c
C:\Users\thewo\AppData\Local\Temp\ccMz7pzX.s:17     .text.PCD_WriteEmptyTxFifo:00000000 $t
C:\Users\thewo\AppData\Local\Temp\ccMz7pzX.s:22     .text.PCD_WriteEmptyTxFifo:00000000 PCD_WriteEmptyTxFifo
C:\Users\thewo\AppData\Local\Temp\ccMz7pzX.s:113    .text.HAL_PCD_MspInit:00000000 $t
C:\Users\thewo\AppData\Local\Temp\ccMz7pzX.s:119    .text.HAL_PCD_MspInit:00000000 HAL_PCD_MspInit
C:\Users\thewo\AppData\Local\Temp\ccMz7pzX.s:126    .rodata.HAL_PCD_Init.str1.4:00000000 $d
C:\Users\thewo\AppData\Local\Temp\ccMz7pzX.s:131    .text.HAL_PCD_Init:00000000 $t
C:\Users\thewo\AppData\Local\Temp\ccMz7pzX.s:137    .text.HAL_PCD_Init:00000000 HAL_PCD_Init
C:\Users\thewo\AppData\Local\Temp\ccMz7pzX.s:264    .text.HAL_PCD_Init:00000118 $d
C:\Users\thewo\AppData\Local\Temp\ccMz7pzX.s:268    .text.HAL_PCD_MspDeInit:00000000 $t
C:\Users\thewo\AppData\Local\Temp\ccMz7pzX.s:274    .text.HAL_PCD_MspDeInit:00000000 HAL_PCD_MspDeInit
C:\Users\thewo\AppData\Local\Temp\ccMz7pzX.s:281    .text.HAL_PCD_DeInit:00000000 $t
C:\Users\thewo\AppData\Local\Temp\ccMz7pzX.s:287    .text.HAL_PCD_DeInit:00000000 HAL_PCD_DeInit
C:\Users\thewo\AppData\Local\Temp\ccMz7pzX.s:314    .text.HAL_PCD_Start:00000000 $t
C:\Users\thewo\AppData\Local\Temp\ccMz7pzX.s:320    .text.HAL_PCD_Start:00000000 HAL_PCD_Start
C:\Users\thewo\AppData\Local\Temp\ccMz7pzX.s:355    .text.HAL_PCD_Stop:00000000 $t
C:\Users\thewo\AppData\Local\Temp\ccMz7pzX.s:361    .text.HAL_PCD_Stop:00000000 HAL_PCD_Stop
C:\Users\thewo\AppData\Local\Temp\ccMz7pzX.s:400    .text.HAL_PCD_DataOutStageCallback:00000000 $t
C:\Users\thewo\AppData\Local\Temp\ccMz7pzX.s:406    .text.HAL_PCD_DataOutStageCallback:00000000 HAL_PCD_DataOutStageCallback
C:\Users\thewo\AppData\Local\Temp\ccMz7pzX.s:413    .text.PCD_EP_OutXfrComplete_int:00000000 $t
C:\Users\thewo\AppData\Local\Temp\ccMz7pzX.s:418    .text.PCD_EP_OutXfrComplete_int:00000000 PCD_EP_OutXfrComplete_int
C:\Users\thewo\AppData\Local\Temp\ccMz7pzX.s:528    .text.PCD_EP_OutXfrComplete_int:000000fc $d
C:\Users\thewo\AppData\Local\Temp\ccMz7pzX.s:532    .text.HAL_PCD_DataInStageCallback:00000000 $t
C:\Users\thewo\AppData\Local\Temp\ccMz7pzX.s:538    .text.HAL_PCD_DataInStageCallback:00000000 HAL_PCD_DataInStageCallback
C:\Users\thewo\AppData\Local\Temp\ccMz7pzX.s:545    .text.HAL_PCD_SetupStageCallback:00000000 $t
C:\Users\thewo\AppData\Local\Temp\ccMz7pzX.s:551    .text.HAL_PCD_SetupStageCallback:00000000 HAL_PCD_SetupStageCallback
C:\Users\thewo\AppData\Local\Temp\ccMz7pzX.s:558    .text.PCD_EP_OutSetupPacket_int:00000000 $t
C:\Users\thewo\AppData\Local\Temp\ccMz7pzX.s:563    .text.PCD_EP_OutSetupPacket_int:00000000 PCD_EP_OutSetupPacket_int
C:\Users\thewo\AppData\Local\Temp\ccMz7pzX.s:601    .text.PCD_EP_OutSetupPacket_int:0000004c $d
C:\Users\thewo\AppData\Local\Temp\ccMz7pzX.s:604    .text.HAL_PCD_SOFCallback:00000000 $t
C:\Users\thewo\AppData\Local\Temp\ccMz7pzX.s:610    .text.HAL_PCD_SOFCallback:00000000 HAL_PCD_SOFCallback
C:\Users\thewo\AppData\Local\Temp\ccMz7pzX.s:617    .text.HAL_PCD_ResetCallback:00000000 $t
C:\Users\thewo\AppData\Local\Temp\ccMz7pzX.s:623    .text.HAL_PCD_ResetCallback:00000000 HAL_PCD_ResetCallback
C:\Users\thewo\AppData\Local\Temp\ccMz7pzX.s:630    .text.HAL_PCD_SuspendCallback:00000000 $t
C:\Users\thewo\AppData\Local\Temp\ccMz7pzX.s:636    .text.HAL_PCD_SuspendCallback:00000000 HAL_PCD_SuspendCallback
C:\Users\thewo\AppData\Local\Temp\ccMz7pzX.s:643    .text.HAL_PCD_ResumeCallback:00000000 $t
C:\Users\thewo\AppData\Local\Temp\ccMz7pzX.s:649    .text.HAL_PCD_ResumeCallback:00000000 HAL_PCD_ResumeCallback
C:\Users\thewo\AppData\Local\Temp\ccMz7pzX.s:656    .text.HAL_PCD_ISOOUTIncompleteCallback:00000000 $t
C:\Users\thewo\AppData\Local\Temp\ccMz7pzX.s:662    .text.HAL_PCD_ISOOUTIncompleteCallback:00000000 HAL_PCD_ISOOUTIncompleteCallback
C:\Users\thewo\AppData\Local\Temp\ccMz7pzX.s:669    .text.HAL_PCD_ISOINIncompleteCallback:00000000 $t
C:\Users\thewo\AppData\Local\Temp\ccMz7pzX.s:675    .text.HAL_PCD_ISOINIncompleteCallback:00000000 HAL_PCD_ISOINIncompleteCallback
C:\Users\thewo\AppData\Local\Temp\ccMz7pzX.s:682    .text.HAL_PCD_ConnectCallback:00000000 $t
C:\Users\thewo\AppData\Local\Temp\ccMz7pzX.s:688    .text.HAL_PCD_ConnectCallback:00000000 HAL_PCD_ConnectCallback
C:\Users\thewo\AppData\Local\Temp\ccMz7pzX.s:695    .text.HAL_PCD_DisconnectCallback:00000000 $t
C:\Users\thewo\AppData\Local\Temp\ccMz7pzX.s:701    .text.HAL_PCD_DisconnectCallback:00000000 HAL_PCD_DisconnectCallback
C:\Users\thewo\AppData\Local\Temp\ccMz7pzX.s:708    .text.HAL_PCD_DevConnect:00000000 $t
C:\Users\thewo\AppData\Local\Temp\ccMz7pzX.s:714    .text.HAL_PCD_DevConnect:00000000 HAL_PCD_DevConnect
C:\Users\thewo\AppData\Local\Temp\ccMz7pzX.s:747    .text.HAL_PCD_DevDisconnect:00000000 $t
C:\Users\thewo\AppData\Local\Temp\ccMz7pzX.s:753    .text.HAL_PCD_DevDisconnect:00000000 HAL_PCD_DevDisconnect
C:\Users\thewo\AppData\Local\Temp\ccMz7pzX.s:787    .text.HAL_PCD_SetAddress:00000000 $t
C:\Users\thewo\AppData\Local\Temp\ccMz7pzX.s:793    .text.HAL_PCD_SetAddress:00000000 HAL_PCD_SetAddress
C:\Users\thewo\AppData\Local\Temp\ccMz7pzX.s:814    .text.HAL_PCD_EP_Open:00000000 $t
C:\Users\thewo\AppData\Local\Temp\ccMz7pzX.s:820    .text.HAL_PCD_EP_Open:00000000 HAL_PCD_EP_Open
C:\Users\thewo\AppData\Local\Temp\ccMz7pzX.s:883    .text.HAL_PCD_EP_Close:00000000 $t
C:\Users\thewo\AppData\Local\Temp\ccMz7pzX.s:889    .text.HAL_PCD_EP_Close:00000000 HAL_PCD_EP_Close
C:\Users\thewo\AppData\Local\Temp\ccMz7pzX.s:938    .text.HAL_PCD_EP_Receive:00000000 $t
ARM GAS  C:\Users\thewo\AppData\Local\Temp\ccMz7pzX.s 			page 35


C:\Users\thewo\AppData\Local\Temp\ccMz7pzX.s:944    .text.HAL_PCD_EP_Receive:00000000 HAL_PCD_EP_Receive
C:\Users\thewo\AppData\Local\Temp\ccMz7pzX.s:976    .text.HAL_PCD_EP_GetRxCount:00000000 $t
C:\Users\thewo\AppData\Local\Temp\ccMz7pzX.s:982    .text.HAL_PCD_EP_GetRxCount:00000000 HAL_PCD_EP_GetRxCount
C:\Users\thewo\AppData\Local\Temp\ccMz7pzX.s:993    .text.HAL_PCD_EP_Transmit:00000000 $t
C:\Users\thewo\AppData\Local\Temp\ccMz7pzX.s:999    .text.HAL_PCD_EP_Transmit:00000000 HAL_PCD_EP_Transmit
C:\Users\thewo\AppData\Local\Temp\ccMz7pzX.s:1032   .text.HAL_PCD_EP_SetStall:00000000 $t
C:\Users\thewo\AppData\Local\Temp\ccMz7pzX.s:1038   .text.HAL_PCD_EP_SetStall:00000000 HAL_PCD_EP_SetStall
C:\Users\thewo\AppData\Local\Temp\ccMz7pzX.s:1101   .text.HAL_PCD_EP_ClrStall:00000000 $t
C:\Users\thewo\AppData\Local\Temp\ccMz7pzX.s:1107   .text.HAL_PCD_EP_ClrStall:00000000 HAL_PCD_EP_ClrStall
C:\Users\thewo\AppData\Local\Temp\ccMz7pzX.s:1161   .text.HAL_PCD_EP_Abort:00000000 $t
C:\Users\thewo\AppData\Local\Temp\ccMz7pzX.s:1167   .text.HAL_PCD_EP_Abort:00000000 HAL_PCD_EP_Abort
C:\Users\thewo\AppData\Local\Temp\ccMz7pzX.s:1193   .text.HAL_PCD_IRQHandler:00000000 $t
C:\Users\thewo\AppData\Local\Temp\ccMz7pzX.s:1199   .text.HAL_PCD_IRQHandler:00000000 HAL_PCD_IRQHandler
C:\Users\thewo\AppData\Local\Temp\ccMz7pzX.s:1801   .text.HAL_PCD_EP_Flush:00000000 $t
C:\Users\thewo\AppData\Local\Temp\ccMz7pzX.s:1807   .text.HAL_PCD_EP_Flush:00000000 HAL_PCD_EP_Flush
C:\Users\thewo\AppData\Local\Temp\ccMz7pzX.s:1835   .text.HAL_PCD_ActivateRemoteWakeup:00000000 $t
C:\Users\thewo\AppData\Local\Temp\ccMz7pzX.s:1841   .text.HAL_PCD_ActivateRemoteWakeup:00000000 HAL_PCD_ActivateRemoteWakeup
C:\Users\thewo\AppData\Local\Temp\ccMz7pzX.s:1850   .text.HAL_PCD_DeActivateRemoteWakeup:00000000 $t
C:\Users\thewo\AppData\Local\Temp\ccMz7pzX.s:1856   .text.HAL_PCD_DeActivateRemoteWakeup:00000000 HAL_PCD_DeActivateRemoteWakeup
C:\Users\thewo\AppData\Local\Temp\ccMz7pzX.s:1865   .text.HAL_PCD_GetState:00000000 $t
C:\Users\thewo\AppData\Local\Temp\ccMz7pzX.s:1871   .text.HAL_PCD_GetState:00000000 HAL_PCD_GetState
C:\Users\thewo\AppData\Local\Temp\ccMz7pzX.s:1879   .text.HAL_PCD_SetTestMode:00000000 $t
C:\Users\thewo\AppData\Local\Temp\ccMz7pzX.s:1885   .text.HAL_PCD_SetTestMode:00000000 HAL_PCD_SetTestMode

UNDEFINED SYMBOLS
USB_WritePacket
assert_failed
USB_DisableGlobalInt
USB_CoreInit
USB_SetCurrentMode
USB_DevInit
USB_DevDisconnect
HAL_PCDEx_ActivateLPM
USB_StopDevice
USB_EnableGlobalInt
USB_DevConnect
USB_FlushTxFifo
USB_EP0_OutStart
USB_SetDevAddress
USB_ActivateEndpoint
USB_DeactivateEndpoint
USB_EPStartXfer
USB_EPSetStall
USB_EPClearStall
USB_EPStopXfer
USB_GetMode
USB_ReadInterrupts
HAL_PCDEx_LPM_Callback
USB_ReadPacket
USB_ReadDevAllOutEpInterrupt
USB_ReadDevOutEPInterrupt
USB_ReadDevAllInEpInterrupt
USB_ReadDevInEPInterrupt
USB_ActivateSetup
USB_GetDevSpeed
HAL_RCC_GetHCLKFreq
USB_SetTurnaroundTime
ARM GAS  C:\Users\thewo\AppData\Local\Temp\ccMz7pzX.s 			page 36


USB_FlushRxFifo
USB_ActivateRemoteWakeup
USB_DeActivateRemoteWakeup
