ARM GAS  C:\Users\thewo\AppData\Local\Temp\ccG8TDOz.s 			page 1


   1              		.cpu cortex-m7
   2              		.arch armv7e-m
   3              		.fpu fpv5-d16
   4              		.eabi_attribute 28, 1
   5              		.eabi_attribute 20, 1
   6              		.eabi_attribute 21, 1
   7              		.eabi_attribute 23, 3
   8              		.eabi_attribute 24, 1
   9              		.eabi_attribute 25, 1
  10              		.eabi_attribute 26, 1
  11              		.eabi_attribute 30, 1
  12              		.eabi_attribute 34, 1
  13              		.eabi_attribute 18, 4
  14              		.file	"stm32h7xx_hal_flash.c"
  15              		.text
  16              		.section	.text.HAL_FLASH_EndOfOperationCallback,"ax",%progbits
  17              		.align	1
  18              		.weak	HAL_FLASH_EndOfOperationCallback
  19              		.syntax unified
  20              		.thumb
  21              		.thumb_func
  23              	HAL_FLASH_EndOfOperationCallback:
  24              		@ args = 0, pretend = 0, frame = 0
  25              		@ frame_needed = 0, uses_anonymous_args = 0
  26              		@ link register save eliminated.
  27 0000 7047     		bx	lr
  29              		.section	.text.HAL_FLASH_OperationErrorCallback,"ax",%progbits
  30              		.align	1
  31              		.weak	HAL_FLASH_OperationErrorCallback
  32              		.syntax unified
  33              		.thumb
  34              		.thumb_func
  36              	HAL_FLASH_OperationErrorCallback:
  37              		@ args = 0, pretend = 0, frame = 0
  38              		@ frame_needed = 0, uses_anonymous_args = 0
  39              		@ link register save eliminated.
  40 0000 7047     		bx	lr
  42              		.section	.text.HAL_FLASH_IRQHandler,"ax",%progbits
  43              		.align	1
  44              		.global	HAL_FLASH_IRQHandler
  45              		.syntax unified
  46              		.thumb
  47              		.thumb_func
  49              	HAL_FLASH_IRQHandler:
  50              		@ args = 0, pretend = 0, frame = 0
  51              		@ frame_needed = 0, uses_anonymous_args = 0
  52 0000 10B5     		push	{r4, lr}
  53 0002 3C4B     		ldr	r3, .L19
  54 0004 1B69     		ldr	r3, [r3, #16]
  55 0006 13F4803F 		tst	r3, #65536
  56 000a 17D0     		beq	.L4
  57 000c 3A4B     		ldr	r3, .L19+4
  58 000e 1B78     		ldrb	r3, [r3]	@ zero_extendqisi2
  59 0010 012B     		cmp	r3, #1
  60 0012 29D0     		beq	.L15
  61 0014 384B     		ldr	r3, .L19+4
  62 0016 1B78     		ldrb	r3, [r3]	@ zero_extendqisi2
ARM GAS  C:\Users\thewo\AppData\Local\Temp\ccG8TDOz.s 			page 2


  63 0018 DCB2     		uxtb	r4, r3
  64 001a 072B     		cmp	r3, #7
  65 001c 18BF     		it	ne
  66 001e 022B     		cmpne	r3, #2
  67 0020 47D0     		beq	.L16
  68 0022 032C     		cmp	r4, #3
  69 0024 49D0     		beq	.L17
  70              	.L8:
  71 0026 043C     		subs	r4, r4, #4
  72 0028 E4B2     		uxtb	r4, r4
  73 002a 022C     		cmp	r4, #2
  74 002c 06D9     		bls	.L4
  75 002e 324B     		ldr	r3, .L19+4
  76 0030 0022     		movs	r2, #0
  77 0032 1A70     		strb	r2, [r3]
  78 0034 2F4B     		ldr	r3, .L19
  79 0036 4FF48032 		mov	r2, #65536
  80 003a 5A61     		str	r2, [r3, #20]
  81              	.L4:
  82 003c 2D4B     		ldr	r3, .L19
  83 003e 1B69     		ldr	r3, [r3, #16]
  84 0040 13F4DC03 		ands	r3, r3, #7208960
  85 0044 48D0     		beq	.L9
  86 0046 2C4A     		ldr	r2, .L19+4
  87 0048 9169     		ldr	r1, [r2, #24]
  88 004a 1943     		orrs	r1, r1, r3
  89 004c 9161     		str	r1, [r2, #24]
  90 004e 2949     		ldr	r1, .L19
  91 0050 4B61     		str	r3, [r1, #20]
  92 0052 1378     		ldrb	r3, [r2]	@ zero_extendqisi2
  93 0054 DAB2     		uxtb	r2, r3
  94 0056 012B     		cmp	r3, #1
  95 0058 34D0     		beq	.L18
  96 005a 072A     		cmp	r2, #7
  97 005c 18BF     		it	ne
  98 005e 022A     		cmpne	r2, #2
  99 0060 46D0     		beq	.L13
 100 0062 254B     		ldr	r3, .L19+4
 101 0064 1869     		ldr	r0, [r3, #16]
 102 0066 32E0     		b	.L11
 103              	.L15:
 104 0068 234B     		ldr	r3, .L19+4
 105 006a 5A68     		ldr	r2, [r3, #4]
 106 006c 013A     		subs	r2, r2, #1
 107 006e 5A60     		str	r2, [r3, #4]
 108 0070 5B68     		ldr	r3, [r3, #4]
 109 0072 83B1     		cbz	r3, .L6
 110 0074 204C     		ldr	r4, .L19+4
 111 0076 E068     		ldr	r0, [r4, #12]
 112 0078 FFF7FEFF 		bl	HAL_FLASH_EndOfOperationCallback
 113 007c 1D4B     		ldr	r3, .L19
 114 007e 4FF48032 		mov	r2, #65536
 115 0082 5A61     		str	r2, [r3, #20]
 116 0084 E368     		ldr	r3, [r4, #12]
 117 0086 0133     		adds	r3, r3, #1
 118 0088 E360     		str	r3, [r4, #12]
 119 008a E068     		ldr	r0, [r4, #12]
ARM GAS  C:\Users\thewo\AppData\Local\Temp\ccG8TDOz.s 			page 3


 120 008c A268     		ldr	r2, [r4, #8]
 121 008e 0121     		movs	r1, #1
 122 0090 FFF7FEFF 		bl	FLASH_Erase_Sector
 123 0094 D2E7     		b	.L4
 124              	.L6:
 125 0096 184B     		ldr	r3, .L19+4
 126 0098 4FF0FF32 		mov	r2, #-1
 127 009c DA60     		str	r2, [r3, #12]
 128 009e 0022     		movs	r2, #0
 129 00a0 1A70     		strb	r2, [r3]
 130 00a2 D868     		ldr	r0, [r3, #12]
 131 00a4 FFF7FEFF 		bl	HAL_FLASH_EndOfOperationCallback
 132 00a8 124B     		ldr	r3, .L19
 133 00aa 4FF48032 		mov	r2, #65536
 134 00ae 5A61     		str	r2, [r3, #20]
 135 00b0 C4E7     		b	.L4
 136              	.L16:
 137 00b2 0120     		movs	r0, #1
 138 00b4 FFF7FEFF 		bl	HAL_FLASH_EndOfOperationCallback
 139 00b8 B5E7     		b	.L8
 140              	.L17:
 141 00ba 0F4B     		ldr	r3, .L19+4
 142 00bc 1869     		ldr	r0, [r3, #16]
 143 00be FFF7FEFF 		bl	HAL_FLASH_EndOfOperationCallback
 144 00c2 B0E7     		b	.L8
 145              	.L18:
 146 00c4 0C4B     		ldr	r3, .L19+4
 147 00c6 D868     		ldr	r0, [r3, #12]
 148 00c8 4FF0FF32 		mov	r2, #-1
 149 00cc DA60     		str	r2, [r3, #12]
 150              	.L11:
 151 00ce 0A4B     		ldr	r3, .L19+4
 152 00d0 0022     		movs	r2, #0
 153 00d2 1A70     		strb	r2, [r3]
 154 00d4 FFF7FEFF 		bl	HAL_FLASH_OperationErrorCallback
 155              	.L9:
 156 00d8 074B     		ldr	r3, .L19+4
 157 00da 1B78     		ldrb	r3, [r3]	@ zero_extendqisi2
 158 00dc 3BB9     		cbnz	r3, .L3
 159 00de 054A     		ldr	r2, .L19
 160 00e0 D368     		ldr	r3, [r2, #12]
 161 00e2 23F4DE03 		bic	r3, r3, #7274496
 162 00e6 D360     		str	r3, [r2, #12]
 163 00e8 034B     		ldr	r3, .L19+4
 164 00ea 0022     		movs	r2, #0
 165 00ec 1A75     		strb	r2, [r3, #20]
 166              	.L3:
 167 00ee 10BD     		pop	{r4, pc}
 168              	.L13:
 169 00f0 0120     		movs	r0, #1
 170 00f2 ECE7     		b	.L11
 171              	.L20:
 172              		.align	2
 173              	.L19:
 174 00f4 00200052 		.word	1375739904
 175 00f8 00000000 		.word	pFlash
 177              		.section	.text.HAL_FLASH_Unlock,"ax",%progbits
ARM GAS  C:\Users\thewo\AppData\Local\Temp\ccG8TDOz.s 			page 4


 178              		.align	1
 179              		.global	HAL_FLASH_Unlock
 180              		.syntax unified
 181              		.thumb
 182              		.thumb_func
 184              	HAL_FLASH_Unlock:
 185              		@ args = 0, pretend = 0, frame = 0
 186              		@ frame_needed = 0, uses_anonymous_args = 0
 187              		@ link register save eliminated.
 188 0000 0A4B     		ldr	r3, .L25
 189 0002 DB68     		ldr	r3, [r3, #12]
 190 0004 13F0010F 		tst	r3, #1
 191 0008 0BD0     		beq	.L23
 192 000a 084B     		ldr	r3, .L25
 193 000c 084A     		ldr	r2, .L25+4
 194 000e 5A60     		str	r2, [r3, #4]
 195 0010 02F18832 		add	r2, r2, #-2004318072
 196 0014 5A60     		str	r2, [r3, #4]
 197 0016 DB68     		ldr	r3, [r3, #12]
 198 0018 13F0010F 		tst	r3, #1
 199 001c 03D1     		bne	.L24
 200 001e 0020     		movs	r0, #0
 201 0020 7047     		bx	lr
 202              	.L23:
 203 0022 0020     		movs	r0, #0
 204 0024 7047     		bx	lr
 205              	.L24:
 206 0026 0120     		movs	r0, #1
 207 0028 7047     		bx	lr
 208              	.L26:
 209 002a 00BF     		.align	2
 210              	.L25:
 211 002c 00200052 		.word	1375739904
 212 0030 23016745 		.word	1164378403
 214              		.section	.text.HAL_FLASH_Lock,"ax",%progbits
 215              		.align	1
 216              		.global	HAL_FLASH_Lock
 217              		.syntax unified
 218              		.thumb
 219              		.thumb_func
 221              	HAL_FLASH_Lock:
 222              		@ args = 0, pretend = 0, frame = 0
 223              		@ frame_needed = 0, uses_anonymous_args = 0
 224              		@ link register save eliminated.
 225 0000 064B     		ldr	r3, .L30
 226 0002 DA68     		ldr	r2, [r3, #12]
 227 0004 42F00102 		orr	r2, r2, #1
 228 0008 DA60     		str	r2, [r3, #12]
 229 000a DB68     		ldr	r3, [r3, #12]
 230 000c 13F0010F 		tst	r3, #1
 231 0010 01D0     		beq	.L29
 232 0012 0020     		movs	r0, #0
 233 0014 7047     		bx	lr
 234              	.L29:
 235 0016 0120     		movs	r0, #1
 236 0018 7047     		bx	lr
 237              	.L31:
ARM GAS  C:\Users\thewo\AppData\Local\Temp\ccG8TDOz.s 			page 5


 238 001a 00BF     		.align	2
 239              	.L30:
 240 001c 00200052 		.word	1375739904
 242              		.section	.text.HAL_FLASH_OB_Unlock,"ax",%progbits
 243              		.align	1
 244              		.global	HAL_FLASH_OB_Unlock
 245              		.syntax unified
 246              		.thumb
 247              		.thumb_func
 249              	HAL_FLASH_OB_Unlock:
 250              		@ args = 0, pretend = 0, frame = 0
 251              		@ frame_needed = 0, uses_anonymous_args = 0
 252              		@ link register save eliminated.
 253 0000 0A4B     		ldr	r3, .L36
 254 0002 9B69     		ldr	r3, [r3, #24]
 255 0004 13F0010F 		tst	r3, #1
 256 0008 0BD0     		beq	.L34
 257 000a 084B     		ldr	r3, .L36
 258 000c 084A     		ldr	r2, .L36+4
 259 000e 9A60     		str	r2, [r3, #8]
 260 0010 02F14432 		add	r2, r2, #1145324612
 261 0014 9A60     		str	r2, [r3, #8]
 262 0016 9B69     		ldr	r3, [r3, #24]
 263 0018 13F0010F 		tst	r3, #1
 264 001c 03D1     		bne	.L35
 265 001e 0020     		movs	r0, #0
 266 0020 7047     		bx	lr
 267              	.L34:
 268 0022 0020     		movs	r0, #0
 269 0024 7047     		bx	lr
 270              	.L35:
 271 0026 0120     		movs	r0, #1
 272 0028 7047     		bx	lr
 273              	.L37:
 274 002a 00BF     		.align	2
 275              	.L36:
 276 002c 00200052 		.word	1375739904
 277 0030 3B2A1908 		.word	135866939
 279              		.section	.text.HAL_FLASH_OB_Lock,"ax",%progbits
 280              		.align	1
 281              		.global	HAL_FLASH_OB_Lock
 282              		.syntax unified
 283              		.thumb
 284              		.thumb_func
 286              	HAL_FLASH_OB_Lock:
 287              		@ args = 0, pretend = 0, frame = 0
 288              		@ frame_needed = 0, uses_anonymous_args = 0
 289              		@ link register save eliminated.
 290 0000 064B     		ldr	r3, .L41
 291 0002 9A69     		ldr	r2, [r3, #24]
 292 0004 42F00102 		orr	r2, r2, #1
 293 0008 9A61     		str	r2, [r3, #24]
 294 000a 9B69     		ldr	r3, [r3, #24]
 295 000c 13F0010F 		tst	r3, #1
 296 0010 01D0     		beq	.L40
 297 0012 0020     		movs	r0, #0
 298 0014 7047     		bx	lr
ARM GAS  C:\Users\thewo\AppData\Local\Temp\ccG8TDOz.s 			page 6


 299              	.L40:
 300 0016 0120     		movs	r0, #1
 301 0018 7047     		bx	lr
 302              	.L42:
 303 001a 00BF     		.align	2
 304              	.L41:
 305 001c 00200052 		.word	1375739904
 307              		.section	.text.HAL_FLASH_GetError,"ax",%progbits
 308              		.align	1
 309              		.global	HAL_FLASH_GetError
 310              		.syntax unified
 311              		.thumb
 312              		.thumb_func
 314              	HAL_FLASH_GetError:
 315              		@ args = 0, pretend = 0, frame = 0
 316              		@ frame_needed = 0, uses_anonymous_args = 0
 317              		@ link register save eliminated.
 318 0000 014B     		ldr	r3, .L44
 319 0002 9869     		ldr	r0, [r3, #24]
 320 0004 7047     		bx	lr
 321              	.L45:
 322 0006 00BF     		.align	2
 323              	.L44:
 324 0008 00000000 		.word	pFlash
 326              		.section	.rodata.FLASH_WaitForLastOperation.str1.4,"aMS",%progbits,1
 327              		.align	2
 328              	.LC0:
 329 0000 44726976 		.ascii	"Drivers/STM32H7xx_HAL_Driver/Src/stm32h7xx_hal_flas"
 329      6572732F 
 329      53544D33 
 329      32483778 
 329      785F4841 
 330 0033 682E6300 		.ascii	"h.c\000"
 331              		.section	.text.FLASH_WaitForLastOperation,"ax",%progbits
 332              		.align	1
 333              		.global	FLASH_WaitForLastOperation
 334              		.syntax unified
 335              		.thumb
 336              		.thumb_func
 338              	FLASH_WaitForLastOperation:
 339              		@ args = 0, pretend = 0, frame = 0
 340              		@ frame_needed = 0, uses_anonymous_args = 0
 341 0000 70B5     		push	{r4, r5, r6, lr}
 342 0002 0446     		mov	r4, r0
 343 0004 0D46     		mov	r5, r1
 344 0006 FFF7FEFF 		bl	HAL_GetTick
 345 000a 0646     		mov	r6, r0
 346 000c 012D     		cmp	r5, #1
 347 000e 10D1     		bne	.L58
 348              	.L48:
 349 0010 1C4B     		ldr	r3, .L62
 350 0012 1B69     		ldr	r3, [r3, #16]
 351 0014 13F0040F 		tst	r3, #4
 352 0018 11D0     		beq	.L59
 353 001a B4F1FF3F 		cmp	r4, #-1
 354 001e F7D0     		beq	.L48
 355 0020 FFF7FEFF 		bl	HAL_GetTick
ARM GAS  C:\Users\thewo\AppData\Local\Temp\ccG8TDOz.s 			page 7


 356 0024 801B     		subs	r0, r0, r6
 357 0026 A042     		cmp	r0, r4
 358 0028 27D8     		bhi	.L53
 359 002a 002C     		cmp	r4, #0
 360 002c F0D1     		bne	.L48
 361 002e 0320     		movs	r0, #3
 362 0030 0AE0     		b	.L49
 363              	.L58:
 364 0032 4FF48761 		mov	r1, #1080
 365 0036 1448     		ldr	r0, .L62+4
 366 0038 FFF7FEFF 		bl	assert_failed
 367 003c E8E7     		b	.L48
 368              	.L59:
 369 003e 012D     		cmp	r5, #1
 370 0040 03D0     		beq	.L60
 371              	.L52:
 372 0042 012D     		cmp	r5, #1
 373 0044 0ED0     		beq	.L61
 374 0046 0020     		movs	r0, #0
 375              	.L49:
 376 0048 70BD     		pop	{r4, r5, r6, pc}
 377              	.L60:
 378 004a 0E4B     		ldr	r3, .L62
 379 004c 1B69     		ldr	r3, [r3, #16]
 380 004e 0F4A     		ldr	r2, .L62+8
 381 0050 1340     		ands	r3, r3, r2
 382 0052 F6D0     		beq	.L52
 383 0054 0E49     		ldr	r1, .L62+12
 384 0056 8A69     		ldr	r2, [r1, #24]
 385 0058 1A43     		orrs	r2, r2, r3
 386 005a 8A61     		str	r2, [r1, #24]
 387 005c 094A     		ldr	r2, .L62
 388 005e 5361     		str	r3, [r2, #20]
 389 0060 0120     		movs	r0, #1
 390 0062 F1E7     		b	.L49
 391              	.L61:
 392 0064 074B     		ldr	r3, .L62
 393 0066 1B69     		ldr	r3, [r3, #16]
 394 0068 13F4803F 		tst	r3, #65536
 395 006c 07D0     		beq	.L56
 396 006e 054B     		ldr	r3, .L62
 397 0070 4FF48032 		mov	r2, #65536
 398 0074 5A61     		str	r2, [r3, #20]
 399 0076 0020     		movs	r0, #0
 400 0078 E6E7     		b	.L49
 401              	.L53:
 402 007a 0320     		movs	r0, #3
 403 007c E4E7     		b	.L49
 404              	.L56:
 405 007e 0020     		movs	r0, #0
 406 0080 E2E7     		b	.L49
 407              	.L63:
 408 0082 00BF     		.align	2
 409              	.L62:
 410 0084 00200052 		.word	1375739904
 411 0088 00000000 		.word	.LC0
 412 008c 0000EE17 		.word	401473536
ARM GAS  C:\Users\thewo\AppData\Local\Temp\ccG8TDOz.s 			page 8


 413 0090 00000000 		.word	pFlash
 415              		.section	.text.HAL_FLASH_Program,"ax",%progbits
 416              		.align	1
 417              		.global	HAL_FLASH_Program
 418              		.syntax unified
 419              		.thumb
 420              		.thumb_func
 422              	HAL_FLASH_Program:
 423              		@ args = 0, pretend = 0, frame = 0
 424              		@ frame_needed = 0, uses_anonymous_args = 0
 425 0000 70B5     		push	{r4, r5, r6, lr}
 426 0002 0C46     		mov	r4, r1
 427 0004 0E46     		mov	r6, r1
 428 0006 1546     		mov	r5, r2
 429 0008 0128     		cmp	r0, #1
 430 000a 10D1     		bne	.L73
 431              	.L65:
 432 000c 04F17844 		add	r4, r4, #-134217728
 433 0010 B4F5801F 		cmp	r4, #1048576
 434 0014 10D2     		bcs	.L74
 435              	.L66:
 436 0016 224B     		ldr	r3, .L76
 437 0018 1B7D     		ldrb	r3, [r3, #20]	@ zero_extendqisi2
 438 001a 012B     		cmp	r3, #1
 439 001c 3DD0     		beq	.L70
 440 001e 204B     		ldr	r3, .L76
 441 0020 0122     		movs	r2, #1
 442 0022 1A75     		strb	r2, [r3, #20]
 443 0024 B4F5801F 		cmp	r4, #1048576
 444 0028 0BD3     		bcc	.L75
 445 002a 0120     		movs	r0, #1
 446              	.L67:
 447 002c 70BD     		pop	{r4, r5, r6, pc}
 448              	.L73:
 449 002e A321     		movs	r1, #163
 450 0030 1C48     		ldr	r0, .L76+4
 451 0032 FFF7FEFF 		bl	assert_failed
 452 0036 E9E7     		b	.L65
 453              	.L74:
 454 0038 A421     		movs	r1, #164
 455 003a 1A48     		ldr	r0, .L76+4
 456 003c FFF7FEFF 		bl	assert_failed
 457 0040 E9E7     		b	.L66
 458              	.L75:
 459 0042 0022     		movs	r2, #0
 460 0044 9A61     		str	r2, [r3, #24]
 461 0046 0121     		movs	r1, #1
 462 0048 4CF25030 		movw	r0, #50000
 463 004c FFF7FEFF 		bl	FLASH_WaitForLastOperation
 464 0050 F8B9     		cbnz	r0, .L68
 465 0052 154A     		ldr	r2, .L76+8
 466 0054 D368     		ldr	r3, [r2, #12]
 467 0056 43F00203 		orr	r3, r3, #2
 468 005a D360     		str	r3, [r2, #12]
 469              		.syntax unified
 470              	@ 935 "Drivers/CMSIS/Include/cmsis_gcc.h" 1
 471 005c BFF36F8F 		isb 0xF
ARM GAS  C:\Users\thewo\AppData\Local\Temp\ccG8TDOz.s 			page 9


 472              	@ 0 "" 2
 473              	@ 946 "Drivers/CMSIS/Include/cmsis_gcc.h" 1
 474 0060 BFF34F8F 		dsb 0xF
 475              	@ 0 "" 2
 476              		.thumb
 477              		.syntax unified
 478 0064 0823     		movs	r3, #8
 479              	.L69:
 480 0066 55F8042B 		ldr	r2, [r5], #4
 481 006a 46F8042B 		str	r2, [r6], #4
 482 006e 013B     		subs	r3, r3, #1
 483 0070 13F0FF03 		ands	r3, r3, #255
 484 0074 F7D1     		bne	.L69
 485              		.syntax unified
 486              	@ 935 "Drivers/CMSIS/Include/cmsis_gcc.h" 1
 487 0076 BFF36F8F 		isb 0xF
 488              	@ 0 "" 2
 489              	@ 946 "Drivers/CMSIS/Include/cmsis_gcc.h" 1
 490 007a BFF34F8F 		dsb 0xF
 491              	@ 0 "" 2
 492              		.thumb
 493              		.syntax unified
 494 007e 0121     		movs	r1, #1
 495 0080 4CF25030 		movw	r0, #50000
 496 0084 FFF7FEFF 		bl	FLASH_WaitForLastOperation
 497 0088 074A     		ldr	r2, .L76+8
 498 008a D368     		ldr	r3, [r2, #12]
 499 008c 23F00203 		bic	r3, r3, #2
 500 0090 D360     		str	r3, [r2, #12]
 501              	.L68:
 502 0092 034B     		ldr	r3, .L76
 503 0094 0022     		movs	r2, #0
 504 0096 1A75     		strb	r2, [r3, #20]
 505 0098 C8E7     		b	.L67
 506              	.L70:
 507 009a 0220     		movs	r0, #2
 508 009c C6E7     		b	.L67
 509              	.L77:
 510 009e 00BF     		.align	2
 511              	.L76:
 512 00a0 00000000 		.word	pFlash
 513 00a4 00000000 		.word	.LC0
 514 00a8 00200052 		.word	1375739904
 516              		.section	.text.HAL_FLASH_Program_IT,"ax",%progbits
 517              		.align	1
 518              		.global	HAL_FLASH_Program_IT
 519              		.syntax unified
 520              		.thumb
 521              		.thumb_func
 523              	HAL_FLASH_Program_IT:
 524              		@ args = 0, pretend = 0, frame = 0
 525              		@ frame_needed = 0, uses_anonymous_args = 0
 526 0000 F8B5     		push	{r3, r4, r5, r6, r7, lr}
 527 0002 0D46     		mov	r5, r1
 528 0004 0E46     		mov	r6, r1
 529 0006 1446     		mov	r4, r2
 530 0008 0128     		cmp	r0, #1
ARM GAS  C:\Users\thewo\AppData\Local\Temp\ccG8TDOz.s 			page 10


 531 000a 12D1     		bne	.L87
 532              	.L79:
 533 000c 05F17847 		add	r7, r5, #-134217728
 534 0010 B7F5801F 		cmp	r7, #1048576
 535 0014 13D2     		bcs	.L88
 536              	.L80:
 537 0016 224B     		ldr	r3, .L90
 538 0018 1B7D     		ldrb	r3, [r3, #20]	@ zero_extendqisi2
 539 001a 012B     		cmp	r3, #1
 540 001c 3ED0     		beq	.L84
 541 001e 204B     		ldr	r3, .L90
 542 0020 0122     		movs	r2, #1
 543 0022 1A75     		strb	r2, [r3, #20]
 544 0024 0022     		movs	r2, #0
 545 0026 9A61     		str	r2, [r3, #24]
 546 0028 B7F5801F 		cmp	r7, #1048576
 547 002c 0DD3     		bcc	.L89
 548 002e 0120     		movs	r0, #1
 549              	.L81:
 550 0030 F8BD     		pop	{r3, r4, r5, r6, r7, pc}
 551              	.L87:
 552 0032 4FF4A471 		mov	r1, #328
 553 0036 1B48     		ldr	r0, .L90+4
 554 0038 FFF7FEFF 		bl	assert_failed
 555 003c E6E7     		b	.L79
 556              	.L88:
 557 003e 40F24911 		movw	r1, #329
 558 0042 1848     		ldr	r0, .L90+4
 559 0044 FFF7FEFF 		bl	assert_failed
 560 0048 E5E7     		b	.L80
 561              	.L89:
 562 004a 0121     		movs	r1, #1
 563 004c 4CF25030 		movw	r0, #50000
 564 0050 FFF7FEFF 		bl	FLASH_WaitForLastOperation
 565 0054 18B1     		cbz	r0, .L82
 566 0056 124B     		ldr	r3, .L90
 567 0058 0022     		movs	r2, #0
 568 005a 1A75     		strb	r2, [r3, #20]
 569 005c E8E7     		b	.L81
 570              	.L82:
 571 005e 104B     		ldr	r3, .L90
 572 0060 1D61     		str	r5, [r3, #16]
 573 0062 0322     		movs	r2, #3
 574 0064 1A70     		strb	r2, [r3]
 575 0066 104B     		ldr	r3, .L90+8
 576 0068 DA68     		ldr	r2, [r3, #12]
 577 006a 42F00202 		orr	r2, r2, #2
 578 006e DA60     		str	r2, [r3, #12]
 579 0070 DA68     		ldr	r2, [r3, #12]
 580 0072 42F4DE02 		orr	r2, r2, #7274496
 581 0076 DA60     		str	r2, [r3, #12]
 582              		.syntax unified
 583              	@ 935 "Drivers/CMSIS/Include/cmsis_gcc.h" 1
 584 0078 BFF36F8F 		isb 0xF
 585              	@ 0 "" 2
 586              	@ 946 "Drivers/CMSIS/Include/cmsis_gcc.h" 1
 587 007c BFF34F8F 		dsb 0xF
ARM GAS  C:\Users\thewo\AppData\Local\Temp\ccG8TDOz.s 			page 11


 588              	@ 0 "" 2
 589              		.thumb
 590              		.syntax unified
 591 0080 0823     		movs	r3, #8
 592              	.L83:
 593 0082 54F8042B 		ldr	r2, [r4], #4
 594 0086 46F8042B 		str	r2, [r6], #4
 595 008a 013B     		subs	r3, r3, #1
 596 008c 13F0FF03 		ands	r3, r3, #255
 597 0090 F7D1     		bne	.L83
 598              		.syntax unified
 599              	@ 935 "Drivers/CMSIS/Include/cmsis_gcc.h" 1
 600 0092 BFF36F8F 		isb 0xF
 601              	@ 0 "" 2
 602              	@ 946 "Drivers/CMSIS/Include/cmsis_gcc.h" 1
 603 0096 BFF34F8F 		dsb 0xF
 604              	@ 0 "" 2
 605              		.thumb
 606              		.syntax unified
 607 009a C9E7     		b	.L81
 608              	.L84:
 609 009c 0220     		movs	r0, #2
 610 009e C7E7     		b	.L81
 611              	.L91:
 612              		.align	2
 613              	.L90:
 614 00a0 00000000 		.word	pFlash
 615 00a4 00000000 		.word	.LC0
 616 00a8 00200052 		.word	1375739904
 618              		.section	.text.FLASH_OB_WaitForLastOperation,"ax",%progbits
 619              		.align	1
 620              		.global	FLASH_OB_WaitForLastOperation
 621              		.syntax unified
 622              		.thumb
 623              		.thumb_func
 625              	FLASH_OB_WaitForLastOperation:
 626              		@ args = 0, pretend = 0, frame = 0
 627              		@ frame_needed = 0, uses_anonymous_args = 0
 628 0000 38B5     		push	{r3, r4, r5, lr}
 629 0002 0446     		mov	r4, r0
 630 0004 FFF7FEFF 		bl	HAL_GetTick
 631 0008 0546     		mov	r5, r0
 632              	.L94:
 633 000a 134B     		ldr	r3, .L103
 634 000c DB69     		ldr	r3, [r3, #28]
 635 000e 13F0010F 		tst	r3, #1
 636 0012 0BD0     		beq	.L101
 637 0014 B4F1FF3F 		cmp	r4, #-1
 638 0018 F7D0     		beq	.L94
 639 001a FFF7FEFF 		bl	HAL_GetTick
 640 001e 401B     		subs	r0, r0, r5
 641 0020 A042     		cmp	r0, r4
 642 0022 16D8     		bhi	.L97
 643 0024 002C     		cmp	r4, #0
 644 0026 F0D1     		bne	.L94
 645 0028 0320     		movs	r0, #3
 646 002a 05E0     		b	.L95
ARM GAS  C:\Users\thewo\AppData\Local\Temp\ccG8TDOz.s 			page 12


 647              	.L101:
 648 002c 0A4B     		ldr	r3, .L103
 649 002e DB69     		ldr	r3, [r3, #28]
 650 0030 13F0804F 		tst	r3, #1073741824
 651 0034 01D1     		bne	.L102
 652 0036 0020     		movs	r0, #0
 653              	.L95:
 654 0038 38BD     		pop	{r3, r4, r5, pc}
 655              	.L102:
 656 003a 084A     		ldr	r2, .L103+4
 657 003c 9369     		ldr	r3, [r2, #24]
 658 003e 43F08043 		orr	r3, r3, #1073741824
 659 0042 9361     		str	r3, [r2, #24]
 660 0044 044A     		ldr	r2, .L103
 661 0046 536A     		ldr	r3, [r2, #36]
 662 0048 43F08043 		orr	r3, r3, #1073741824
 663 004c 5362     		str	r3, [r2, #36]
 664 004e 0120     		movs	r0, #1
 665 0050 F2E7     		b	.L95
 666              	.L97:
 667 0052 0320     		movs	r0, #3
 668 0054 F0E7     		b	.L95
 669              	.L104:
 670 0056 00BF     		.align	2
 671              	.L103:
 672 0058 00200052 		.word	1375739904
 673 005c 00000000 		.word	pFlash
 675              		.section	.text.FLASH_CRC_WaitForLastOperation,"ax",%progbits
 676              		.align	1
 677              		.global	FLASH_CRC_WaitForLastOperation
 678              		.syntax unified
 679              		.thumb
 680              		.thumb_func
 682              	FLASH_CRC_WaitForLastOperation:
 683              		@ args = 0, pretend = 0, frame = 0
 684              		@ frame_needed = 0, uses_anonymous_args = 0
 685 0000 F8B5     		push	{r3, r4, r5, r6, r7, lr}
 686 0002 0446     		mov	r4, r0
 687 0004 0E46     		mov	r6, r1
 688 0006 FFF7FEFF 		bl	HAL_GetTick
 689 000a 0746     		mov	r7, r0
 690 000c 012E     		cmp	r6, #1
 691 000e 11D1     		bne	.L117
 692 0010 0825     		movs	r5, #8
 693              	.L107:
 694 0012 184B     		ldr	r3, .L121
 695 0014 1B69     		ldr	r3, [r3, #16]
 696 0016 35EA0303 		bics	r3, r5, r3
 697 001a 12D1     		bne	.L118
 698 001c B4F1FF3F 		cmp	r4, #-1
 699 0020 F7D0     		beq	.L107
 700 0022 FFF7FEFF 		bl	HAL_GetTick
 701 0026 C01B     		subs	r0, r0, r7
 702 0028 A042     		cmp	r0, r4
 703 002a 20D8     		bhi	.L112
 704 002c 002C     		cmp	r4, #0
 705 002e F0D1     		bne	.L107
ARM GAS  C:\Users\thewo\AppData\Local\Temp\ccG8TDOz.s 			page 13


 706 0030 0320     		movs	r0, #3
 707 0032 09E0     		b	.L108
 708              	.L117:
 709 0034 40F2AE41 		movw	r1, #1198
 710 0038 0F48     		ldr	r0, .L121+4
 711 003a FFF7FEFF 		bl	assert_failed
 712 003e 0F4D     		ldr	r5, .L121+8
 713 0040 E7E7     		b	.L107
 714              	.L118:
 715 0042 012E     		cmp	r6, #1
 716 0044 01D0     		beq	.L119
 717 0046 0020     		movs	r0, #0
 718              	.L108:
 719 0048 F8BD     		pop	{r3, r4, r5, r6, r7, pc}
 720              	.L119:
 721 004a 0A4B     		ldr	r3, .L121
 722 004c 1B69     		ldr	r3, [r3, #16]
 723 004e 13F0805F 		tst	r3, #268435456
 724 0052 01D1     		bne	.L120
 725 0054 0020     		movs	r0, #0
 726 0056 F7E7     		b	.L108
 727              	.L120:
 728 0058 094A     		ldr	r2, .L121+12
 729 005a 9369     		ldr	r3, [r2, #24]
 730 005c 43F08053 		orr	r3, r3, #268435456
 731 0060 9361     		str	r3, [r2, #24]
 732 0062 044B     		ldr	r3, .L121
 733 0064 4FF08052 		mov	r2, #268435456
 734 0068 5A61     		str	r2, [r3, #20]
 735 006a 0120     		movs	r0, #1
 736 006c ECE7     		b	.L108
 737              	.L112:
 738 006e 0320     		movs	r0, #3
 739 0070 EAE7     		b	.L108
 740              	.L122:
 741 0072 00BF     		.align	2
 742              	.L121:
 743 0074 00200052 		.word	1375739904
 744 0078 00000000 		.word	.LC0
 745 007c 08000080 		.word	-2147483640
 746 0080 00000000 		.word	pFlash
 748              		.section	.text.HAL_FLASH_OB_Launch,"ax",%progbits
 749              		.align	1
 750              		.global	HAL_FLASH_OB_Launch
 751              		.syntax unified
 752              		.thumb
 753              		.thumb_func
 755              	HAL_FLASH_OB_Launch:
 756              		@ args = 0, pretend = 0, frame = 0
 757              		@ frame_needed = 0, uses_anonymous_args = 0
 758 0000 08B5     		push	{r3, lr}
 759 0002 0121     		movs	r1, #1
 760 0004 4CF25030 		movw	r0, #50000
 761 0008 FFF7FEFF 		bl	FLASH_CRC_WaitForLastOperation
 762 000c 08B1     		cbz	r0, .L127
 763 000e 0120     		movs	r0, #1
 764              	.L124:
ARM GAS  C:\Users\thewo\AppData\Local\Temp\ccG8TDOz.s 			page 14


 765 0010 08BD     		pop	{r3, pc}
 766              	.L127:
 767 0012 054A     		ldr	r2, .L128
 768 0014 9369     		ldr	r3, [r2, #24]
 769 0016 43F00203 		orr	r3, r3, #2
 770 001a 9361     		str	r3, [r2, #24]
 771 001c 4CF25030 		movw	r0, #50000
 772 0020 FFF7FEFF 		bl	FLASH_OB_WaitForLastOperation
 773 0024 F4E7     		b	.L124
 774              	.L129:
 775 0026 00BF     		.align	2
 776              	.L128:
 777 0028 00200052 		.word	1375739904
 779              		.global	pFlash
 780              		.section	.bss.pFlash,"aw",%nobits
 781              		.align	2
 784              	pFlash:
 785 0000 00000000 		.space	28
 785      00000000 
 785      00000000 
 785      00000000 
 785      00000000 
 786              		.ident	"GCC: (xPack GNU Arm Embedded GCC x86_64) 14.2.1 20241119"
ARM GAS  C:\Users\thewo\AppData\Local\Temp\ccG8TDOz.s 			page 15


DEFINED SYMBOLS
                            *ABS*:00000000 stm32h7xx_hal_flash.c
C:\Users\thewo\AppData\Local\Temp\ccG8TDOz.s:17     .text.HAL_FLASH_EndOfOperationCallback:00000000 $t
C:\Users\thewo\AppData\Local\Temp\ccG8TDOz.s:23     .text.HAL_FLASH_EndOfOperationCallback:00000000 HAL_FLASH_EndOfOperationCallback
C:\Users\thewo\AppData\Local\Temp\ccG8TDOz.s:30     .text.HAL_FLASH_OperationErrorCallback:00000000 $t
C:\Users\thewo\AppData\Local\Temp\ccG8TDOz.s:36     .text.HAL_FLASH_OperationErrorCallback:00000000 HAL_FLASH_OperationErrorCallback
C:\Users\thewo\AppData\Local\Temp\ccG8TDOz.s:43     .text.HAL_FLASH_IRQHandler:00000000 $t
C:\Users\thewo\AppData\Local\Temp\ccG8TDOz.s:49     .text.HAL_FLASH_IRQHandler:00000000 HAL_FLASH_IRQHandler
C:\Users\thewo\AppData\Local\Temp\ccG8TDOz.s:174    .text.HAL_FLASH_IRQHandler:000000f4 $d
C:\Users\thewo\AppData\Local\Temp\ccG8TDOz.s:784    .bss.pFlash:00000000 pFlash
C:\Users\thewo\AppData\Local\Temp\ccG8TDOz.s:178    .text.HAL_FLASH_Unlock:00000000 $t
C:\Users\thewo\AppData\Local\Temp\ccG8TDOz.s:184    .text.HAL_FLASH_Unlock:00000000 HAL_FLASH_Unlock
C:\Users\thewo\AppData\Local\Temp\ccG8TDOz.s:211    .text.HAL_FLASH_Unlock:0000002c $d
C:\Users\thewo\AppData\Local\Temp\ccG8TDOz.s:215    .text.HAL_FLASH_Lock:00000000 $t
C:\Users\thewo\AppData\Local\Temp\ccG8TDOz.s:221    .text.HAL_FLASH_Lock:00000000 HAL_FLASH_Lock
C:\Users\thewo\AppData\Local\Temp\ccG8TDOz.s:240    .text.HAL_FLASH_Lock:0000001c $d
C:\Users\thewo\AppData\Local\Temp\ccG8TDOz.s:243    .text.HAL_FLASH_OB_Unlock:00000000 $t
C:\Users\thewo\AppData\Local\Temp\ccG8TDOz.s:249    .text.HAL_FLASH_OB_Unlock:00000000 HAL_FLASH_OB_Unlock
C:\Users\thewo\AppData\Local\Temp\ccG8TDOz.s:276    .text.HAL_FLASH_OB_Unlock:0000002c $d
C:\Users\thewo\AppData\Local\Temp\ccG8TDOz.s:280    .text.HAL_FLASH_OB_Lock:00000000 $t
C:\Users\thewo\AppData\Local\Temp\ccG8TDOz.s:286    .text.HAL_FLASH_OB_Lock:00000000 HAL_FLASH_OB_Lock
C:\Users\thewo\AppData\Local\Temp\ccG8TDOz.s:305    .text.HAL_FLASH_OB_Lock:0000001c $d
C:\Users\thewo\AppData\Local\Temp\ccG8TDOz.s:308    .text.HAL_FLASH_GetError:00000000 $t
C:\Users\thewo\AppData\Local\Temp\ccG8TDOz.s:314    .text.HAL_FLASH_GetError:00000000 HAL_FLASH_GetError
C:\Users\thewo\AppData\Local\Temp\ccG8TDOz.s:324    .text.HAL_FLASH_GetError:00000008 $d
C:\Users\thewo\AppData\Local\Temp\ccG8TDOz.s:327    .rodata.FLASH_WaitForLastOperation.str1.4:00000000 $d
C:\Users\thewo\AppData\Local\Temp\ccG8TDOz.s:332    .text.FLASH_WaitForLastOperation:00000000 $t
C:\Users\thewo\AppData\Local\Temp\ccG8TDOz.s:338    .text.FLASH_WaitForLastOperation:00000000 FLASH_WaitForLastOperation
C:\Users\thewo\AppData\Local\Temp\ccG8TDOz.s:410    .text.FLASH_WaitForLastOperation:00000084 $d
C:\Users\thewo\AppData\Local\Temp\ccG8TDOz.s:416    .text.HAL_FLASH_Program:00000000 $t
C:\Users\thewo\AppData\Local\Temp\ccG8TDOz.s:422    .text.HAL_FLASH_Program:00000000 HAL_FLASH_Program
C:\Users\thewo\AppData\Local\Temp\ccG8TDOz.s:512    .text.HAL_FLASH_Program:000000a0 $d
C:\Users\thewo\AppData\Local\Temp\ccG8TDOz.s:517    .text.HAL_FLASH_Program_IT:00000000 $t
C:\Users\thewo\AppData\Local\Temp\ccG8TDOz.s:523    .text.HAL_FLASH_Program_IT:00000000 HAL_FLASH_Program_IT
C:\Users\thewo\AppData\Local\Temp\ccG8TDOz.s:614    .text.HAL_FLASH_Program_IT:000000a0 $d
C:\Users\thewo\AppData\Local\Temp\ccG8TDOz.s:619    .text.FLASH_OB_WaitForLastOperation:00000000 $t
C:\Users\thewo\AppData\Local\Temp\ccG8TDOz.s:625    .text.FLASH_OB_WaitForLastOperation:00000000 FLASH_OB_WaitForLastOperation
C:\Users\thewo\AppData\Local\Temp\ccG8TDOz.s:672    .text.FLASH_OB_WaitForLastOperation:00000058 $d
C:\Users\thewo\AppData\Local\Temp\ccG8TDOz.s:676    .text.FLASH_CRC_WaitForLastOperation:00000000 $t
C:\Users\thewo\AppData\Local\Temp\ccG8TDOz.s:682    .text.FLASH_CRC_WaitForLastOperation:00000000 FLASH_CRC_WaitForLastOperation
C:\Users\thewo\AppData\Local\Temp\ccG8TDOz.s:743    .text.FLASH_CRC_WaitForLastOperation:00000074 $d
C:\Users\thewo\AppData\Local\Temp\ccG8TDOz.s:749    .text.HAL_FLASH_OB_Launch:00000000 $t
C:\Users\thewo\AppData\Local\Temp\ccG8TDOz.s:755    .text.HAL_FLASH_OB_Launch:00000000 HAL_FLASH_OB_Launch
C:\Users\thewo\AppData\Local\Temp\ccG8TDOz.s:777    .text.HAL_FLASH_OB_Launch:00000028 $d
C:\Users\thewo\AppData\Local\Temp\ccG8TDOz.s:781    .bss.pFlash:00000000 $d

UNDEFINED SYMBOLS
FLASH_Erase_Sector
HAL_GetTick
assert_failed
