ARM GAS  C:\Users\thewo\AppData\Local\Temp\ccmUFKmC.s 			page 1


   1              		.cpu cortex-m7
   2              		.arch armv7e-m
   3              		.fpu fpv5-d16
   4              		.eabi_attribute 28, 1
   5              		.eabi_attribute 20, 1
   6              		.eabi_attribute 21, 1
   7              		.eabi_attribute 23, 3
   8              		.eabi_attribute 24, 1
   9              		.eabi_attribute 25, 1
  10              		.eabi_attribute 26, 1
  11              		.eabi_attribute 30, 1
  12              		.eabi_attribute 34, 1
  13              		.eabi_attribute 18, 4
  14              		.file	"stm32h7xx_hal_fmac.c"
  15              		.text
  16              		.section	.text.FMAC_ResetInputStateAndDataPointers,"ax",%progbits
  17              		.align	1
  18              		.syntax unified
  19              		.thumb
  20              		.thumb_func
  22              	FMAC_ResetInputStateAndDataPointers:
  23              		@ args = 0, pretend = 0, frame = 0
  24              		@ frame_needed = 0, uses_anonymous_args = 0
  25              		@ link register save eliminated.
  26 0000 0023     		movs	r3, #0
  27 0002 C360     		str	r3, [r0, #12]
  28 0004 4361     		str	r3, [r0, #20]
  29 0006 0382     		strh	r3, [r0, #16]	@ movhi
  30 0008 2023     		movs	r3, #32
  31 000a 80F83330 		strb	r3, [r0, #51]
  32 000e 7047     		bx	lr
  34              		.section	.text.FMAC_ResetOutputStateAndDataPointers,"ax",%progbits
  35              		.align	1
  36              		.syntax unified
  37              		.thumb
  38              		.thumb_func
  40              	FMAC_ResetOutputStateAndDataPointers:
  41              		@ args = 0, pretend = 0, frame = 0
  42              		@ frame_needed = 0, uses_anonymous_args = 0
  43              		@ link register save eliminated.
  44 0000 0023     		movs	r3, #0
  45 0002 8361     		str	r3, [r0, #24]
  46 0004 0362     		str	r3, [r0, #32]
  47 0006 8383     		strh	r3, [r0, #28]	@ movhi
  48 0008 2023     		movs	r3, #32
  49 000a 80F83230 		strb	r3, [r0, #50]
  50 000e 7047     		bx	lr
  52              		.section	.text.FMAC_ResetDataPointers,"ax",%progbits
  53              		.align	1
  54              		.syntax unified
  55              		.thumb
  56              		.thumb_func
  58              	FMAC_ResetDataPointers:
  59              		@ args = 0, pretend = 0, frame = 0
  60              		@ frame_needed = 0, uses_anonymous_args = 0
  61 0000 10B5     		push	{r4, lr}
  62 0002 0446     		mov	r4, r0
ARM GAS  C:\Users\thewo\AppData\Local\Temp\ccmUFKmC.s 			page 2


  63 0004 FFF7FEFF 		bl	FMAC_ResetInputStateAndDataPointers
  64 0008 2046     		mov	r0, r4
  65 000a FFF7FEFF 		bl	FMAC_ResetOutputStateAndDataPointers
  66 000e 10BD     		pop	{r4, pc}
  68              		.section	.text.FMAC_WritePreloadDataIncrementPtr,"ax",%progbits
  69              		.align	1
  70              		.syntax unified
  71              		.thumb
  72              		.thumb_func
  74              	FMAC_WritePreloadDataIncrementPtr:
  75              		@ args = 0, pretend = 0, frame = 0
  76              		@ frame_needed = 0, uses_anonymous_args = 0
  77              		@ link register save eliminated.
  78 0000 82B1     		cbz	r2, .L11
  79 0002 10B4     		push	{r4}
  80              	.L7:
  81 0004 0B68     		ldr	r3, [r1]
  82 0006 B3F90030 		ldrsh	r3, [r3]
  83 000a 9BB2     		uxth	r3, r3
  84 000c 0468     		ldr	r4, [r0]
  85 000e A361     		str	r3, [r4, #24]
  86 0010 0B68     		ldr	r3, [r1]
  87 0012 0233     		adds	r3, r3, #2
  88 0014 0B60     		str	r3, [r1]
  89 0016 013A     		subs	r2, r2, #1
  90 0018 D2B2     		uxtb	r2, r2
  91 001a 002A     		cmp	r2, #0
  92 001c F2D1     		bne	.L7
  93 001e 5DF8044B 		ldr	r4, [sp], #4
  94 0022 7047     		bx	lr
  95              	.L11:
  96 0024 7047     		bx	lr
  98              		.section	.text.FMAC_ReadDataIncrementPtr,"ax",%progbits
  99              		.align	1
 100              		.syntax unified
 101              		.thumb
 102              		.thumb_func
 104              	FMAC_ReadDataIncrementPtr:
 105              		@ args = 0, pretend = 0, frame = 0
 106              		@ frame_needed = 0, uses_anonymous_args = 0
 107              		@ link register save eliminated.
 108 0000 0368     		ldr	r3, [r0]
 109 0002 5B69     		ldr	r3, [r3, #20]
 110 0004 13F0010F 		tst	r3, #1
 111 0008 49D1     		bne	.L24
 112 000a 10B4     		push	{r4}
 113 000c 838B     		ldrh	r3, [r0, #28]
 114 000e CA18     		adds	r2, r1, r3
 115 0010 046A     		ldr	r4, [r0, #32]
 116 0012 B4F800C0 		ldrh	ip, [r4]
 117 0016 6245     		cmp	r2, ip
 118 0018 01DC     		bgt	.L15
 119 001a 1FFA82FC 		uxth	ip, r2
 120              	.L15:
 121 001e 838B     		ldrh	r3, [r0, #28]
 122 0020 6345     		cmp	r3, ip
 123 0022 39D2     		bcs	.L12
ARM GAS  C:\Users\thewo\AppData\Local\Temp\ccmUFKmC.s 			page 3


 124 0024 0368     		ldr	r3, [r0]
 125 0026 DA69     		ldr	r2, [r3, #28]
 126 0028 8369     		ldr	r3, [r0, #24]
 127 002a 1A80     		strh	r2, [r3]	@ movhi
 128 002c 8369     		ldr	r3, [r0, #24]
 129 002e 0233     		adds	r3, r3, #2
 130 0030 8361     		str	r3, [r0, #24]
 131 0032 838B     		ldrh	r3, [r0, #28]
 132 0034 0133     		adds	r3, r3, #1
 133 0036 9BB2     		uxth	r3, r3
 134 0038 8383     		strh	r3, [r0, #28]	@ movhi
 135 003a 0268     		ldr	r2, [r0]
 136 003c 5169     		ldr	r1, [r2, #20]
 137 003e 11F0010F 		tst	r1, #1
 138 0042 ECD0     		beq	.L15
 139 0044 9168     		ldr	r1, [r2, #8]
 140 0046 11F0407F 		tst	r1, #50331648
 141 004a 0FD0     		beq	.L20
 142 004c 9168     		ldr	r1, [r2, #8]
 143 004e 01F04071 		and	r1, r1, #50331648
 144 0052 B1F1807F 		cmp	r1, #16777216
 145 0056 10D0     		beq	.L21
 146 0058 9268     		ldr	r2, [r2, #8]
 147 005a 02F04072 		and	r2, r2, #50331648
 148 005e B2F1007F 		cmp	r2, #33554432
 149 0062 01D0     		beq	.L27
 150 0064 0722     		movs	r2, #7
 151 0066 02E0     		b	.L16
 152              	.L27:
 153 0068 0322     		movs	r2, #3
 154 006a 00E0     		b	.L16
 155              	.L20:
 156 006c 0022     		movs	r2, #0
 157              	.L16:
 158 006e D118     		adds	r1, r2, r3
 159 0070 6145     		cmp	r1, ip
 160 0072 0EDA     		bge	.L18
 161 0074 1FFA81FC 		uxth	ip, r1
 162 0078 0BE0     		b	.L18
 163              	.L21:
 164 007a 0122     		movs	r2, #1
 165 007c F7E7     		b	.L16
 166              	.L19:
 167 007e 0368     		ldr	r3, [r0]
 168 0080 DA69     		ldr	r2, [r3, #28]
 169 0082 8369     		ldr	r3, [r0, #24]
 170 0084 1A80     		strh	r2, [r3]	@ movhi
 171 0086 8369     		ldr	r3, [r0, #24]
 172 0088 0233     		adds	r3, r3, #2
 173 008a 8361     		str	r3, [r0, #24]
 174 008c 838B     		ldrh	r3, [r0, #28]
 175 008e 0133     		adds	r3, r3, #1
 176 0090 8383     		strh	r3, [r0, #28]	@ movhi
 177              	.L18:
 178 0092 838B     		ldrh	r3, [r0, #28]
 179 0094 6345     		cmp	r3, ip
 180 0096 F2D3     		bcc	.L19
ARM GAS  C:\Users\thewo\AppData\Local\Temp\ccmUFKmC.s 			page 4


 181              	.L12:
 182 0098 5DF8044B 		ldr	r4, [sp], #4
 183 009c 7047     		bx	lr
 184              	.L24:
 185 009e 7047     		bx	lr
 187              		.section	.text.FMAC_WriteDataIncrementPtr,"ax",%progbits
 188              		.align	1
 189              		.syntax unified
 190              		.thumb
 191              		.thumb_func
 193              	FMAC_WriteDataIncrementPtr:
 194              		@ args = 0, pretend = 0, frame = 0
 195              		@ frame_needed = 0, uses_anonymous_args = 0
 196              		@ link register save eliminated.
 197 0000 0368     		ldr	r3, [r0]
 198 0002 5B69     		ldr	r3, [r3, #20]
 199 0004 13F0020F 		tst	r3, #2
 200 0008 4DD1     		bne	.L40
 201 000a 10B4     		push	{r4}
 202 000c 038A     		ldrh	r3, [r0, #16]
 203 000e CA18     		adds	r2, r1, r3
 204 0010 4469     		ldr	r4, [r0, #20]
 205 0012 B4F800C0 		ldrh	ip, [r4]
 206 0016 6245     		cmp	r2, ip
 207 0018 01DC     		bgt	.L31
 208 001a 1FFA82FC 		uxth	ip, r2
 209              	.L31:
 210 001e 038A     		ldrh	r3, [r0, #16]
 211 0020 6345     		cmp	r3, ip
 212 0022 3DD2     		bcs	.L28
 213 0024 C368     		ldr	r3, [r0, #12]
 214 0026 B3F90030 		ldrsh	r3, [r3]
 215 002a 0268     		ldr	r2, [r0]
 216 002c 9BB2     		uxth	r3, r3
 217 002e 9361     		str	r3, [r2, #24]
 218 0030 C368     		ldr	r3, [r0, #12]
 219 0032 0233     		adds	r3, r3, #2
 220 0034 C360     		str	r3, [r0, #12]
 221 0036 038A     		ldrh	r3, [r0, #16]
 222 0038 0133     		adds	r3, r3, #1
 223 003a 9BB2     		uxth	r3, r3
 224 003c 0382     		strh	r3, [r0, #16]	@ movhi
 225 003e 0268     		ldr	r2, [r0]
 226 0040 5169     		ldr	r1, [r2, #20]
 227 0042 11F0020F 		tst	r1, #2
 228 0046 EAD0     		beq	.L31
 229 0048 1168     		ldr	r1, [r2]
 230 004a 11F0407F 		tst	r1, #50331648
 231 004e 0FD0     		beq	.L36
 232 0050 1168     		ldr	r1, [r2]
 233 0052 01F04071 		and	r1, r1, #50331648
 234 0056 B1F1807F 		cmp	r1, #16777216
 235 005a 10D0     		beq	.L37
 236 005c 1268     		ldr	r2, [r2]
 237 005e 02F04072 		and	r2, r2, #50331648
 238 0062 B2F1007F 		cmp	r2, #33554432
 239 0066 01D0     		beq	.L43
ARM GAS  C:\Users\thewo\AppData\Local\Temp\ccmUFKmC.s 			page 5


 240 0068 0722     		movs	r2, #7
 241 006a 02E0     		b	.L32
 242              	.L43:
 243 006c 0322     		movs	r2, #3
 244 006e 00E0     		b	.L32
 245              	.L36:
 246 0070 0022     		movs	r2, #0
 247              	.L32:
 248 0072 D118     		adds	r1, r2, r3
 249 0074 6145     		cmp	r1, ip
 250 0076 10DA     		bge	.L34
 251 0078 1FFA81FC 		uxth	ip, r1
 252 007c 0DE0     		b	.L34
 253              	.L37:
 254 007e 0122     		movs	r2, #1
 255 0080 F7E7     		b	.L32
 256              	.L35:
 257 0082 C368     		ldr	r3, [r0, #12]
 258 0084 B3F90030 		ldrsh	r3, [r3]
 259 0088 0268     		ldr	r2, [r0]
 260 008a 9BB2     		uxth	r3, r3
 261 008c 9361     		str	r3, [r2, #24]
 262 008e C368     		ldr	r3, [r0, #12]
 263 0090 0233     		adds	r3, r3, #2
 264 0092 C360     		str	r3, [r0, #12]
 265 0094 038A     		ldrh	r3, [r0, #16]
 266 0096 0133     		adds	r3, r3, #1
 267 0098 0382     		strh	r3, [r0, #16]	@ movhi
 268              	.L34:
 269 009a 038A     		ldrh	r3, [r0, #16]
 270 009c 6345     		cmp	r3, ip
 271 009e F0D3     		bcc	.L35
 272              	.L28:
 273 00a0 5DF8044B 		ldr	r4, [sp], #4
 274 00a4 7047     		bx	lr
 275              	.L40:
 276 00a6 7047     		bx	lr
 278              		.section	.text.FMAC_Reset,"ax",%progbits
 279              		.align	1
 280              		.syntax unified
 281              		.thumb
 282              		.thumb_func
 284              	FMAC_Reset:
 285              		@ args = 0, pretend = 0, frame = 0
 286              		@ frame_needed = 0, uses_anonymous_args = 0
 287 0000 38B5     		push	{r3, r4, r5, lr}
 288 0002 0446     		mov	r4, r0
 289 0004 FFF7FEFF 		bl	HAL_GetTick
 290 0008 0546     		mov	r5, r0
 291 000a 2268     		ldr	r2, [r4]
 292 000c 1369     		ldr	r3, [r2, #16]
 293 000e 43F48033 		orr	r3, r3, #65536
 294 0012 1361     		str	r3, [r2, #16]
 295              	.L45:
 296 0014 2368     		ldr	r3, [r4]
 297 0016 1B69     		ldr	r3, [r3, #16]
 298 0018 13F4803F 		tst	r3, #65536
ARM GAS  C:\Users\thewo\AppData\Local\Temp\ccmUFKmC.s 			page 6


 299 001c 0BD0     		beq	.L49
 300 001e FFF7FEFF 		bl	HAL_GetTick
 301 0022 401B     		subs	r0, r0, r5
 302 0024 B0F5FA7F 		cmp	r0, #500
 303 0028 F4D9     		bls	.L45
 304 002a 636B     		ldr	r3, [r4, #52]
 305 002c 43F08003 		orr	r3, r3, #128
 306 0030 6363     		str	r3, [r4, #52]
 307 0032 0120     		movs	r0, #1
 308 0034 01E0     		b	.L46
 309              	.L49:
 310 0036 0020     		movs	r0, #0
 311 0038 6063     		str	r0, [r4, #52]
 312              	.L46:
 313 003a 38BD     		pop	{r3, r4, r5, pc}
 315              		.section	.text.FMAC_WaitOnStartUntilTimeout,"ax",%progbits
 316              		.align	1
 317              		.syntax unified
 318              		.thumb
 319              		.thumb_func
 321              	FMAC_WaitOnStartUntilTimeout:
 322              		@ args = 0, pretend = 0, frame = 0
 323              		@ frame_needed = 0, uses_anonymous_args = 0
 324 0000 70B5     		push	{r4, r5, r6, lr}
 325 0002 0446     		mov	r4, r0
 326 0004 0E46     		mov	r6, r1
 327 0006 1546     		mov	r5, r2
 328              	.L51:
 329 0008 2368     		ldr	r3, [r4]
 330 000a DB68     		ldr	r3, [r3, #12]
 331 000c 002B     		cmp	r3, #0
 332 000e 0ADA     		bge	.L55
 333 0010 FFF7FEFF 		bl	HAL_GetTick
 334 0014 801B     		subs	r0, r0, r6
 335 0016 A842     		cmp	r0, r5
 336 0018 F6D9     		bls	.L51
 337 001a 636B     		ldr	r3, [r4, #52]
 338 001c 43F08003 		orr	r3, r3, #128
 339 0020 6363     		str	r3, [r4, #52]
 340 0022 0120     		movs	r0, #1
 341 0024 00E0     		b	.L52
 342              	.L55:
 343 0026 0020     		movs	r0, #0
 344              	.L52:
 345 0028 70BD     		pop	{r4, r5, r6, pc}
 347              		.section	.rodata.FMAC_FilterConfig.str1.4,"aMS",%progbits,1
 348              		.align	2
 349              	.LC0:
 350 0000 44726976 		.ascii	"Drivers/STM32H7xx_HAL_Driver/Src/stm32h7xx_hal_fmac"
 350      6572732F 
 350      53544D33 
 350      32483778 
 350      785F4841 
 351 0033 2E6300   		.ascii	".c\000"
 352              		.section	.text.FMAC_FilterConfig,"ax",%progbits
 353              		.align	1
 354              		.syntax unified
ARM GAS  C:\Users\thewo\AppData\Local\Temp\ccmUFKmC.s 			page 7


 355              		.thumb
 356              		.thumb_func
 358              	FMAC_FilterConfig:
 359              		@ args = 0, pretend = 0, frame = 0
 360              		@ frame_needed = 0, uses_anonymous_args = 0
 361 0000 2DE9F041 		push	{r4, r5, r6, r7, r8, lr}
 362 0004 0546     		mov	r5, r0
 363 0006 0C46     		mov	r4, r1
 364 0008 1646     		mov	r6, r2
 365 000a 4B68     		ldr	r3, [r1, #4]
 366 000c 002B     		cmp	r3, #0
 367 000e 18BF     		it	ne
 368 0010 B3F1807F 		cmpne	r3, #16777216
 369 0014 08D0     		beq	.L57
 370 0016 B3F1007F 		cmp	r3, #33554432
 371 001a 05D0     		beq	.L57
 372 001c B3F1FF3F 		cmp	r3, #-1
 373 0020 02D0     		beq	.L57
 374 0022 B3F1407F 		cmp	r3, #50331648
 375 0026 61D1     		bne	.L107
 376              	.L57:
 377 0028 E368     		ldr	r3, [r4, #12]
 378 002a 002B     		cmp	r3, #0
 379 002c 18BF     		it	ne
 380 002e B3F1807F 		cmpne	r3, #16777216
 381 0032 08D0     		beq	.L58
 382 0034 B3F1007F 		cmp	r3, #33554432
 383 0038 05D0     		beq	.L58
 384 003a B3F1FF3F 		cmp	r3, #-1
 385 003e 02D0     		beq	.L58
 386 0040 B3F1407F 		cmp	r3, #50331648
 387 0044 58D1     		bne	.L108
 388              	.L58:
 389 0046 637F     		ldrb	r3, [r4, #29]	@ zero_extendqisi2
 390 0048 032B     		cmp	r3, #3
 391 004a 5BD8     		bhi	.L109
 392              	.L59:
 393 004c A37F     		ldrb	r3, [r4, #30]	@ zero_extendqisi2
 394 004e 032B     		cmp	r3, #3
 395 0050 5ED8     		bhi	.L110
 396              	.L60:
 397 0052 236A     		ldr	r3, [r4, #32]
 398 0054 002B     		cmp	r3, #0
 399 0056 18BF     		it	ne
 400 0058 B3F5004F 		cmpne	r3, #32768
 401 005c 5ED1     		bne	.L111
 402              	.L61:
 403 005e 636A     		ldr	r3, [r4, #36]
 404 0060 B3F1006F 		cmp	r3, #134217728
 405 0064 18BF     		it	ne
 406 0066 B3F1106F 		cmpne	r3, #150994944
 407 006a 5DD1     		bne	.L112
 408              	.L62:
 409 006c 636A     		ldr	r3, [r4, #36]
 410 006e B3F1006F 		cmp	r3, #134217728
 411 0072 5FD0     		beq	.L113
 412              	.L63:
ARM GAS  C:\Users\thewo\AppData\Local\Temp\ccmUFKmC.s 			page 8


 413 0074 B3F1106F 		cmp	r3, #150994944
 414 0078 05D1     		bne	.L65
 415 007a 94F82830 		ldrb	r3, [r4, #40]	@ zero_extendqisi2
 416 007e 023B     		subs	r3, r3, #2
 417 0080 DBB2     		uxtb	r3, r3
 418 0082 3E2B     		cmp	r3, #62
 419 0084 04D9     		bls	.L64
 420              	.L65:
 421 0086 40F28261 		movw	r1, #1666
 422 008a 6348     		ldr	r0, .L125
 423 008c FFF7FEFF 		bl	assert_failed
 424              	.L64:
 425 0090 636A     		ldr	r3, [r4, #36]
 426 0092 B3F1006F 		cmp	r3, #134217728
 427 0096 0DD0     		beq	.L66
 428 0098 B3F1106F 		cmp	r3, #150994944
 429 009c 05D1     		bne	.L67
 430 009e 94F82930 		ldrb	r3, [r4, #41]	@ zero_extendqisi2
 431 00a2 013B     		subs	r3, r3, #1
 432 00a4 DBB2     		uxtb	r3, r3
 433 00a6 3E2B     		cmp	r3, #62
 434 00a8 04D9     		bls	.L66
 435              	.L67:
 436 00aa 40F28361 		movw	r1, #1667
 437 00ae 5A48     		ldr	r0, .L125
 438 00b0 FFF7FEFF 		bl	assert_failed
 439              	.L66:
 440 00b4 636A     		ldr	r3, [r4, #36]
 441 00b6 B3F1006F 		cmp	r3, #134217728
 442 00ba 18BF     		it	ne
 443 00bc B3F1106F 		cmpne	r3, #150994944
 444 00c0 03D1     		bne	.L68
 445 00c2 94F82A30 		ldrb	r3, [r4, #42]	@ zero_extendqisi2
 446 00c6 072B     		cmp	r3, #7
 447 00c8 04D9     		bls	.L69
 448              	.L68:
 449 00ca 40F28461 		movw	r1, #1668
 450 00ce 5248     		ldr	r0, .L125
 451 00d0 FFF7FEFF 		bl	assert_failed
 452              	.L69:
 453 00d4 2B68     		ldr	r3, [r5]
 454 00d6 DB68     		ldr	r3, [r3, #12]
 455 00d8 002B     		cmp	r3, #0
 456 00da C0F27B81 		blt	.L98
 457 00de 95F83130 		ldrb	r3, [r5, #49]	@ zero_extendqisi2
 458 00e2 202B     		cmp	r3, #32
 459 00e4 2DD0     		beq	.L114
 460 00e6 0120     		movs	r0, #1
 461              	.L70:
 462 00e8 BDE8F081 		pop	{r4, r5, r6, r7, r8, pc}
 463              	.L107:
 464 00ec 40F27C61 		movw	r1, #1660
 465 00f0 4948     		ldr	r0, .L125
 466 00f2 FFF7FEFF 		bl	assert_failed
 467 00f6 97E7     		b	.L57
 468              	.L108:
 469 00f8 40F27D61 		movw	r1, #1661
ARM GAS  C:\Users\thewo\AppData\Local\Temp\ccmUFKmC.s 			page 9


 470 00fc 4648     		ldr	r0, .L125
 471 00fe FFF7FEFF 		bl	assert_failed
 472 0102 A0E7     		b	.L58
 473              	.L109:
 474 0104 40F27E61 		movw	r1, #1662
 475 0108 4348     		ldr	r0, .L125
 476 010a FFF7FEFF 		bl	assert_failed
 477 010e 9DE7     		b	.L59
 478              	.L110:
 479 0110 40F27F61 		movw	r1, #1663
 480 0114 4048     		ldr	r0, .L125
 481 0116 FFF7FEFF 		bl	assert_failed
 482 011a 9AE7     		b	.L60
 483              	.L111:
 484 011c 4FF4D061 		mov	r1, #1664
 485 0120 3D48     		ldr	r0, .L125
 486 0122 FFF7FEFF 		bl	assert_failed
 487 0126 9AE7     		b	.L61
 488              	.L112:
 489 0128 40F28161 		movw	r1, #1665
 490 012c 3A48     		ldr	r0, .L125
 491 012e FFF7FEFF 		bl	assert_failed
 492 0132 9BE7     		b	.L62
 493              	.L113:
 494 0134 94F82820 		ldrb	r2, [r4, #40]	@ zero_extendqisi2
 495 0138 023A     		subs	r2, r2, #2
 496 013a D2B2     		uxtb	r2, r2
 497 013c 7D2A     		cmp	r2, #125
 498 013e A7D9     		bls	.L64
 499 0140 98E7     		b	.L63
 500              	.L114:
 501 0142 2423     		movs	r3, #36
 502 0144 85F83130 		strb	r3, [r5, #49]
 503 0148 FFF7FEFF 		bl	HAL_GetTick
 504 014c 8046     		mov	r8, r0
 505 014e 0023     		movs	r3, #0
 506 0150 6B60     		str	r3, [r5, #4]
 507 0152 6278     		ldrb	r2, [r4, #1]	@ zero_extendqisi2
 508 0154 42B1     		cbz	r2, .L71
 509 0156 2868     		ldr	r0, [r5]
 510 0158 0368     		ldr	r3, [r0]
 511 015a 6FF30F03 		bfc	r3, #0, #16
 512 015e 2178     		ldrb	r1, [r4]	@ zero_extendqisi2
 513 0160 41EA0222 		orr	r2, r1, r2, lsl #8
 514 0164 1343     		orrs	r3, r3, r2
 515 0166 0360     		str	r3, [r0]
 516              	.L71:
 517 0168 6368     		ldr	r3, [r4, #4]
 518 016a B3F1FF3F 		cmp	r3, #-1
 519 016e 24D0     		beq	.L72
 520 0170 2A68     		ldr	r2, [r5]
 521 0172 1268     		ldr	r2, [r2]
 522 0174 C2F30722 		ubfx	r2, r2, #8, #8
 523 0178 4BB1     		cbz	r3, .L100
 524 017a B3F1807F 		cmp	r3, #16777216
 525 017e 44D0     		beq	.L101
 526 0180 B3F1007F 		cmp	r3, #33554432
ARM GAS  C:\Users\thewo\AppData\Local\Temp\ccmUFKmC.s 			page 10


 527 0184 01D0     		beq	.L115
 528 0186 0821     		movs	r1, #8
 529 0188 02E0     		b	.L73
 530              	.L115:
 531 018a 0421     		movs	r1, #4
 532 018c 00E0     		b	.L73
 533              	.L100:
 534 018e 0121     		movs	r1, #1
 535              	.L73:
 536 0190 8A42     		cmp	r2, r1
 537 0192 04D3     		bcc	.L74
 538 0194 627F     		ldrb	r2, [r4, #29]	@ zero_extendqisi2
 539 0196 012A     		cmp	r2, #1
 540 0198 39D0     		beq	.L116
 541              	.L75:
 542 019a 012A     		cmp	r2, #1
 543 019c 04D1     		bne	.L76
 544              	.L74:
 545 019e 40F2A961 		movw	r1, #1705
 546 01a2 1D48     		ldr	r0, .L125
 547 01a4 FFF7FEFF 		bl	assert_failed
 548              	.L76:
 549 01a8 2968     		ldr	r1, [r5]
 550 01aa 0B68     		ldr	r3, [r1]
 551 01ac 23F04073 		bic	r3, r3, #50331648
 552 01b0 6268     		ldr	r2, [r4, #4]
 553 01b2 02F04072 		and	r2, r2, #50331648
 554 01b6 1343     		orrs	r3, r3, r2
 555 01b8 0B60     		str	r3, [r1]
 556              	.L72:
 557 01ba 627A     		ldrb	r2, [r4, #9]	@ zero_extendqisi2
 558 01bc 42B1     		cbz	r2, .L77
 559 01be 2868     		ldr	r0, [r5]
 560 01c0 4368     		ldr	r3, [r0, #4]
 561 01c2 6FF30F03 		bfc	r3, #0, #16
 562 01c6 217A     		ldrb	r1, [r4, #8]	@ zero_extendqisi2
 563 01c8 41EA0222 		orr	r2, r1, r2, lsl #8
 564 01cc 1343     		orrs	r3, r3, r2
 565 01ce 4360     		str	r3, [r0, #4]
 566              	.L77:
 567 01d0 E27A     		ldrb	r2, [r4, #11]	@ zero_extendqisi2
 568 01d2 42B1     		cbz	r2, .L78
 569 01d4 2868     		ldr	r0, [r5]
 570 01d6 8368     		ldr	r3, [r0, #8]
 571 01d8 6FF30F03 		bfc	r3, #0, #16
 572 01dc A17A     		ldrb	r1, [r4, #10]	@ zero_extendqisi2
 573 01de 41EA0222 		orr	r2, r1, r2, lsl #8
 574 01e2 1343     		orrs	r3, r3, r2
 575 01e4 8360     		str	r3, [r0, #8]
 576              	.L78:
 577 01e6 E368     		ldr	r3, [r4, #12]
 578 01e8 B3F1FF3F 		cmp	r3, #-1
 579 01ec 2DD0     		beq	.L79
 580 01ee 2A68     		ldr	r2, [r5]
 581 01f0 9268     		ldr	r2, [r2, #8]
 582 01f2 C2F30722 		ubfx	r2, r2, #8, #8
 583 01f6 8BB1     		cbz	r3, .L103
ARM GAS  C:\Users\thewo\AppData\Local\Temp\ccmUFKmC.s 			page 11


 584 01f8 B3F1807F 		cmp	r3, #16777216
 585 01fc 00F0A380 		beq	.L104
 586 0200 B3F1007F 		cmp	r3, #33554432
 587 0204 06D0     		beq	.L117
 588 0206 0821     		movs	r1, #8
 589 0208 09E0     		b	.L80
 590              	.L101:
 591 020a 0221     		movs	r1, #2
 592 020c C0E7     		b	.L73
 593              	.L116:
 594 020e 002B     		cmp	r3, #0
 595 0210 CAD0     		beq	.L76
 596 0212 C2E7     		b	.L75
 597              	.L117:
 598 0214 0421     		movs	r1, #4
 599 0216 02E0     		b	.L80
 600              	.L126:
 601              		.align	2
 602              	.L125:
 603 0218 00000000 		.word	.LC0
 604              	.L103:
 605 021c 0121     		movs	r1, #1
 606              	.L80:
 607 021e 8A42     		cmp	r2, r1
 608 0220 05D3     		bcc	.L81
 609 0222 A27F     		ldrb	r2, [r4, #30]	@ zero_extendqisi2
 610 0224 012A     		cmp	r2, #1
 611 0226 00F09080 		beq	.L118
 612              	.L82:
 613 022a 012A     		cmp	r2, #1
 614 022c 04D1     		bne	.L83
 615              	.L81:
 616 022e 40F2C761 		movw	r1, #1735
 617 0232 6948     		ldr	r0, .L127
 618 0234 FFF7FEFF 		bl	assert_failed
 619              	.L83:
 620 0238 2968     		ldr	r1, [r5]
 621 023a 8B68     		ldr	r3, [r1, #8]
 622 023c 23F04073 		bic	r3, r3, #50331648
 623 0240 E268     		ldr	r2, [r4, #12]
 624 0242 02F04072 		and	r2, r2, #50331648
 625 0246 1343     		orrs	r3, r3, r2
 626 0248 8B60     		str	r3, [r1, #8]
 627              	.L79:
 628 024a 236A     		ldr	r3, [r4, #32]
 629 024c 03F40043 		and	r3, r3, #32768
 630 0250 627F     		ldrb	r2, [r4, #29]	@ zero_extendqisi2
 631 0252 032A     		cmp	r2, #3
 632 0254 18BF     		it	ne
 633 0256 012A     		cmpne	r2, #1
 634 0258 04D0     		beq	.L84
 635 025a A27F     		ldrb	r2, [r4, #30]	@ zero_extendqisi2
 636 025c 012A     		cmp	r2, #1
 637 025e 01D0     		beq	.L84
 638 0260 032A     		cmp	r2, #3
 639 0262 01D1     		bne	.L85
 640              	.L84:
ARM GAS  C:\Users\thewo\AppData\Local\Temp\ccmUFKmC.s 			page 12


 641 0264 43F00C03 		orr	r3, r3, #12
 642              	.L85:
 643 0268 2A68     		ldr	r2, [r5]
 644 026a 1361     		str	r3, [r2, #16]
 645 026c 637F     		ldrb	r3, [r4, #29]	@ zero_extendqisi2
 646 026e 2B72     		strb	r3, [r5, #8]
 647 0270 A37F     		ldrb	r3, [r4, #30]	@ zero_extendqisi2
 648 0272 6B72     		strb	r3, [r5, #9]
 649 0274 2B68     		ldr	r3, [r5]
 650 0276 5F68     		ldr	r7, [r3, #4]
 651 0278 C7F30727 		ubfx	r7, r7, #8, #8
 652 027c 636A     		ldr	r3, [r4, #36]
 653 027e B3F1006F 		cmp	r3, #134217728
 654 0282 66D0     		beq	.L119
 655              	.L86:
 656 0284 B3F1106F 		cmp	r3, #150994944
 657 0288 06D1     		bne	.L88
 658 028a 94F82830 		ldrb	r3, [r4, #40]	@ zero_extendqisi2
 659 028e 94F82920 		ldrb	r2, [r4, #41]	@ zero_extendqisi2
 660 0292 1344     		add	r3, r3, r2
 661 0294 BB42     		cmp	r3, r7
 662 0296 04D9     		bls	.L87
 663              	.L88:
 664 0298 40F2E461 		movw	r1, #1764
 665 029c 4E48     		ldr	r0, .L127
 666 029e FFF7FEFF 		bl	assert_failed
 667              	.L87:
 668 02a2 636A     		ldr	r3, [r4, #36]
 669 02a4 94F82820 		ldrb	r2, [r4, #40]	@ zero_extendqisi2
 670 02a8 1343     		orrs	r3, r3, r2
 671 02aa 94F82920 		ldrb	r2, [r4, #41]	@ zero_extendqisi2
 672 02ae 43EA0223 		orr	r3, r3, r2, lsl #8
 673 02b2 94F82A20 		ldrb	r2, [r4, #42]	@ zero_extendqisi2
 674 02b6 43EA0243 		orr	r3, r3, r2, lsl #16
 675 02ba 43F00043 		orr	r3, r3, #-2147483648
 676 02be 6B60     		str	r3, [r5, #4]
 677 02c0 A369     		ldr	r3, [r4, #24]
 678 02c2 002B     		cmp	r3, #0
 679 02c4 00F08180 		beq	.L89
 680 02c8 237F     		ldrb	r3, [r4, #28]	@ zero_extendqisi2
 681 02ca 002B     		cmp	r3, #0
 682 02cc 7DD0     		beq	.L89
 683 02ce 227D     		ldrb	r2, [r4, #20]	@ zero_extendqisi2
 684 02d0 1344     		add	r3, r3, r2
 685 02d2 BB42     		cmp	r3, r7
 686 02d4 42D8     		bhi	.L120
 687              	.L90:
 688 02d6 227F     		ldrb	r2, [r4, #28]	@ zero_extendqisi2
 689 02d8 94F82830 		ldrb	r3, [r4, #40]	@ zero_extendqisi2
 690 02dc 9A42     		cmp	r2, r3
 691 02de 43D3     		bcc	.L121
 692              	.L91:
 693 02e0 636A     		ldr	r3, [r4, #36]
 694 02e2 B3F1006F 		cmp	r3, #134217728
 695 02e6 45D0     		beq	.L122
 696              	.L92:
 697 02e8 B3F1106F 		cmp	r3, #150994944
ARM GAS  C:\Users\thewo\AppData\Local\Temp\ccmUFKmC.s 			page 13


 698 02ec 07D1     		bne	.L94
 699 02ee 2369     		ldr	r3, [r4, #16]
 700 02f0 2BB1     		cbz	r3, .L94
 701 02f2 237D     		ldrb	r3, [r4, #20]	@ zero_extendqisi2
 702 02f4 1BB1     		cbz	r3, .L94
 703 02f6 94F82920 		ldrb	r2, [r4, #41]	@ zero_extendqisi2
 704 02fa 9342     		cmp	r3, r2
 705 02fc 04D2     		bcs	.L93
 706              	.L94:
 707 02fe 4FF4DF61 		mov	r1, #1784
 708 0302 3548     		ldr	r0, .L127
 709 0304 FFF7FEFF 		bl	assert_failed
 710              	.L93:
 711 0308 237F     		ldrb	r3, [r4, #28]	@ zero_extendqisi2
 712 030a 227D     		ldrb	r2, [r4, #20]	@ zero_extendqisi2
 713 030c 43EA0223 		orr	r3, r3, r2, lsl #8
 714 0310 2A68     		ldr	r2, [r5]
 715 0312 43F00243 		orr	r3, r3, #-2113929216
 716 0316 D360     		str	r3, [r2, #12]
 717 0318 012E     		cmp	r6, #1
 718 031a 41D1     		bne	.L95
 719 031c 227F     		ldrb	r2, [r4, #28]	@ zero_extendqisi2
 720 031e 04F11801 		add	r1, r4, #24
 721 0322 2846     		mov	r0, r5
 722 0324 FFF7FEFF 		bl	FMAC_WritePreloadDataIncrementPtr
 723 0328 2369     		ldr	r3, [r4, #16]
 724 032a 0BB1     		cbz	r3, .L96
 725 032c 227D     		ldrb	r2, [r4, #20]	@ zero_extendqisi2
 726 032e 42BB     		cbnz	r2, .L123
 727              	.L96:
 728 0330 4FF47A72 		mov	r2, #1000
 729 0334 4146     		mov	r1, r8
 730 0336 2846     		mov	r0, r5
 731 0338 FFF7FEFF 		bl	FMAC_WaitOnStartUntilTimeout
 732 033c 38BB     		cbnz	r0, .L124
 733 033e 2023     		movs	r3, #32
 734 0340 85F83130 		strb	r3, [r5, #49]
 735 0344 D0E6     		b	.L70
 736              	.L104:
 737 0346 0221     		movs	r1, #2
 738 0348 69E7     		b	.L80
 739              	.L118:
 740 034a 002B     		cmp	r3, #0
 741 034c 3FF474AF 		beq	.L83
 742 0350 6BE7     		b	.L82
 743              	.L119:
 744 0352 94F82820 		ldrb	r2, [r4, #40]	@ zero_extendqisi2
 745 0356 BA42     		cmp	r2, r7
 746 0358 A3D9     		bls	.L87
 747 035a 93E7     		b	.L86
 748              	.L120:
 749 035c 40F2F261 		movw	r1, #1778
 750 0360 1D48     		ldr	r0, .L127
 751 0362 FFF7FEFF 		bl	assert_failed
 752 0366 B6E7     		b	.L90
 753              	.L121:
 754 0368 40F2F461 		movw	r1, #1780
ARM GAS  C:\Users\thewo\AppData\Local\Temp\ccmUFKmC.s 			page 14


 755 036c 1A48     		ldr	r0, .L127
 756 036e FFF7FEFF 		bl	assert_failed
 757 0372 B5E7     		b	.L91
 758              	.L122:
 759 0374 2269     		ldr	r2, [r4, #16]
 760 0376 002A     		cmp	r2, #0
 761 0378 B6D1     		bne	.L92
 762 037a 227D     		ldrb	r2, [r4, #20]	@ zero_extendqisi2
 763 037c 002A     		cmp	r2, #0
 764 037e C3D0     		beq	.L93
 765 0380 B2E7     		b	.L92
 766              	.L123:
 767 0382 04F11001 		add	r1, r4, #16
 768 0386 2846     		mov	r0, r5
 769 0388 FFF7FEFF 		bl	FMAC_WritePreloadDataIncrementPtr
 770 038c D0E7     		b	.L96
 771              	.L124:
 772 038e 6B6B     		ldr	r3, [r5, #52]
 773 0390 43F08003 		orr	r3, r3, #128
 774 0394 6B63     		str	r3, [r5, #52]
 775 0396 A023     		movs	r3, #160
 776 0398 85F83130 		strb	r3, [r5, #49]
 777 039c 3046     		mov	r0, r6
 778 039e A3E6     		b	.L70
 779              	.L95:
 780 03a0 2369     		ldr	r3, [r4, #16]
 781 03a2 EB60     		str	r3, [r5, #12]
 782 03a4 237D     		ldrb	r3, [r4, #20]	@ zero_extendqisi2
 783 03a6 2B82     		strh	r3, [r5, #16]	@ movhi
 784 03a8 EB6A     		ldr	r3, [r5, #44]
 785 03aa 0022     		movs	r2, #0
 786 03ac 1A64     		str	r2, [r3, #64]
 787 03ae EB6A     		ldr	r3, [r5, #44]
 788 03b0 0A4A     		ldr	r2, .L127+4
 789 03b2 DA63     		str	r2, [r3, #60]
 790 03b4 EB6A     		ldr	r3, [r5, #44]
 791 03b6 0A4A     		ldr	r2, .L127+8
 792 03b8 DA64     		str	r2, [r3, #76]
 793 03ba 2A68     		ldr	r2, [r5]
 794 03bc 237F     		ldrb	r3, [r4, #28]	@ zero_extendqisi2
 795 03be 1832     		adds	r2, r2, #24
 796 03c0 A169     		ldr	r1, [r4, #24]
 797 03c2 E86A     		ldr	r0, [r5, #44]
 798 03c4 FFF7FEFF 		bl	HAL_DMA_Start_IT
 799 03c8 8EE6     		b	.L70
 800              	.L89:
 801 03ca 2023     		movs	r3, #32
 802 03cc 85F83130 		strb	r3, [r5, #49]
 803 03d0 0020     		movs	r0, #0
 804 03d2 89E6     		b	.L70
 805              	.L98:
 806 03d4 0120     		movs	r0, #1
 807 03d6 87E6     		b	.L70
 808              	.L128:
 809              		.align	2
 810              	.L127:
 811 03d8 00000000 		.word	.LC0
ARM GAS  C:\Users\thewo\AppData\Local\Temp\ccmUFKmC.s 			page 15


 812 03dc 00000000 		.word	FMAC_DMAFilterConfig
 813 03e0 00000000 		.word	FMAC_DMAError
 815              		.section	.text.FMAC_FilterPreload,"ax",%progbits
 816              		.align	1
 817              		.syntax unified
 818              		.thumb
 819              		.thumb_func
 821              	FMAC_FilterPreload:
 822              		@ args = 8, pretend = 0, frame = 8
 823              		@ frame_needed = 0, uses_anonymous_args = 0
 824 0000 2DE9F041 		push	{r4, r5, r6, r7, r8, lr}
 825 0004 82B0     		sub	sp, sp, #8
 826 0006 0446     		mov	r4, r0
 827 0008 0191     		str	r1, [sp, #4]
 828 000a 0093     		str	r3, [sp]
 829 000c 9DF82070 		ldrb	r7, [sp, #32]	@ zero_extendqisi2
 830 0010 9DF82450 		ldrb	r5, [sp, #36]	@ zero_extendqisi2
 831 0014 0168     		ldr	r1, [r0]
 832 0016 C868     		ldr	r0, [r1, #12]
 833 0018 0028     		cmp	r0, #0
 834 001a C0F2AB80 		blt	.L140
 835 001e 1646     		mov	r6, r2
 836 0020 6368     		ldr	r3, [r4, #4]
 837 0022 002B     		cmp	r3, #0
 838 0024 00F0AA80 		beq	.L141
 839 0028 0B68     		ldr	r3, [r1]
 840 002a C3F30723 		ubfx	r3, r3, #8, #8
 841 002e 9A42     		cmp	r2, r3
 842 0030 03D9     		bls	.L131
 843 0032 019B     		ldr	r3, [sp, #4]
 844 0034 0BB1     		cbz	r3, .L131
 845 0036 0120     		movs	r0, #1
 846 0038 9DE0     		b	.L130
 847              	.L131:
 848 003a 8B68     		ldr	r3, [r1, #8]
 849 003c C3F30723 		ubfx	r3, r3, #8, #8
 850 0040 9F42     		cmp	r7, r3
 851 0042 03D9     		bls	.L132
 852 0044 009B     		ldr	r3, [sp]
 853 0046 0BB1     		cbz	r3, .L132
 854 0048 0120     		movs	r0, #1
 855 004a 94E0     		b	.L130
 856              	.L132:
 857 004c 94F83130 		ldrb	r3, [r4, #49]	@ zero_extendqisi2
 858 0050 202B     		cmp	r3, #32
 859 0052 01D0     		beq	.L147
 860 0054 0120     		movs	r0, #1
 861 0056 8EE0     		b	.L130
 862              	.L147:
 863 0058 2423     		movs	r3, #36
 864 005a 84F83130 		strb	r3, [r4, #49]
 865 005e FFF7FEFF 		bl	HAL_GetTick
 866 0062 8046     		mov	r8, r0
 867 0064 0199     		ldr	r1, [sp, #4]
 868 0066 0029     		cmp	r1, #0
 869 0068 18BF     		it	ne
 870 006a 002E     		cmpne	r6, #0
ARM GAS  C:\Users\thewo\AppData\Local\Temp\ccmUFKmC.s 			page 16


 871 006c 12D0     		beq	.L133
 872 006e 2368     		ldr	r3, [r4]
 873 0070 46F00142 		orr	r2, r6, #-2130706432
 874 0074 DA60     		str	r2, [r3, #12]
 875 0076 012D     		cmp	r5, #1
 876 0078 4ED1     		bne	.L134
 877 007a 3246     		mov	r2, r6
 878 007c 01A9     		add	r1, sp, #4
 879 007e 2046     		mov	r0, r4
 880 0080 FFF7FEFF 		bl	FMAC_WritePreloadDataIncrementPtr
 881 0084 4FF47A72 		mov	r2, #1000
 882 0088 4146     		mov	r1, r8
 883 008a 2046     		mov	r0, r4
 884 008c FFF7FEFF 		bl	FMAC_WaitOnStartUntilTimeout
 885 0090 0028     		cmp	r0, #0
 886 0092 38D1     		bne	.L148
 887              	.L133:
 888 0094 0099     		ldr	r1, [sp]
 889 0096 0029     		cmp	r1, #0
 890 0098 18BF     		it	ne
 891 009a 002F     		cmpne	r7, #0
 892 009c 12D0     		beq	.L135
 893 009e 2368     		ldr	r3, [r4]
 894 00a0 47F00342 		orr	r2, r7, #-2097152000
 895 00a4 DA60     		str	r2, [r3, #12]
 896 00a6 012D     		cmp	r5, #1
 897 00a8 52D1     		bne	.L136
 898 00aa 3A46     		mov	r2, r7
 899 00ac 6946     		mov	r1, sp
 900 00ae 2046     		mov	r0, r4
 901 00b0 FFF7FEFF 		bl	FMAC_WritePreloadDataIncrementPtr
 902 00b4 4FF47A72 		mov	r2, #1000
 903 00b8 4146     		mov	r1, r8
 904 00ba 2046     		mov	r0, r4
 905 00bc FFF7FEFF 		bl	FMAC_WaitOnStartUntilTimeout
 906 00c0 0028     		cmp	r0, #0
 907 00c2 3CD1     		bne	.L149
 908              	.L135:
 909 00c4 2368     		ldr	r3, [r4]
 910 00c6 5A69     		ldr	r2, [r3, #20]
 911 00c8 12F4807F 		tst	r2, #256
 912 00cc 03D0     		beq	.L137
 913 00ce 626B     		ldr	r2, [r4, #52]
 914 00d0 42F00402 		orr	r2, r2, #4
 915 00d4 6263     		str	r2, [r4, #52]
 916              	.L137:
 917 00d6 5A69     		ldr	r2, [r3, #20]
 918 00d8 12F4007F 		tst	r2, #512
 919 00dc 03D0     		beq	.L138
 920 00de 626B     		ldr	r2, [r4, #52]
 921 00e0 42F00202 		orr	r2, r2, #2
 922 00e4 6263     		str	r2, [r4, #52]
 923              	.L138:
 924 00e6 5B69     		ldr	r3, [r3, #20]
 925 00e8 13F4806F 		tst	r3, #1024
 926 00ec 03D0     		beq	.L139
 927 00ee 636B     		ldr	r3, [r4, #52]
ARM GAS  C:\Users\thewo\AppData\Local\Temp\ccmUFKmC.s 			page 17


 928 00f0 43F00103 		orr	r3, r3, #1
 929 00f4 6363     		str	r3, [r4, #52]
 930              	.L139:
 931 00f6 2023     		movs	r3, #32
 932 00f8 84F83130 		strb	r3, [r4, #49]
 933 00fc 636B     		ldr	r3, [r4, #52]
 934 00fe 002B     		cmp	r3, #0
 935 0100 3ED1     		bne	.L145
 936 0102 0020     		movs	r0, #0
 937 0104 37E0     		b	.L130
 938              	.L148:
 939 0106 636B     		ldr	r3, [r4, #52]
 940 0108 43F08003 		orr	r3, r3, #128
 941 010c 6363     		str	r3, [r4, #52]
 942 010e A023     		movs	r3, #160
 943 0110 84F83130 		strb	r3, [r4, #49]
 944 0114 2846     		mov	r0, r5
 945 0116 2EE0     		b	.L130
 946              	.L134:
 947 0118 009B     		ldr	r3, [sp]
 948 011a E360     		str	r3, [r4, #12]
 949 011c 2782     		strh	r7, [r4, #16]	@ movhi
 950 011e E36A     		ldr	r3, [r4, #44]
 951 0120 0022     		movs	r2, #0
 952 0122 1A64     		str	r2, [r3, #64]
 953 0124 E36A     		ldr	r3, [r4, #44]
 954 0126 174A     		ldr	r2, .L150
 955 0128 DA63     		str	r2, [r3, #60]
 956 012a E36A     		ldr	r3, [r4, #44]
 957 012c 164A     		ldr	r2, .L150+4
 958 012e DA64     		str	r2, [r3, #76]
 959 0130 2268     		ldr	r2, [r4]
 960 0132 3346     		mov	r3, r6
 961 0134 1832     		adds	r2, r2, #24
 962 0136 E06A     		ldr	r0, [r4, #44]
 963 0138 FFF7FEFF 		bl	HAL_DMA_Start_IT
 964 013c 1BE0     		b	.L130
 965              	.L149:
 966 013e 636B     		ldr	r3, [r4, #52]
 967 0140 43F08003 		orr	r3, r3, #128
 968 0144 6363     		str	r3, [r4, #52]
 969 0146 A023     		movs	r3, #160
 970 0148 84F83130 		strb	r3, [r4, #49]
 971 014c 2846     		mov	r0, r5
 972 014e 12E0     		b	.L130
 973              	.L136:
 974 0150 0023     		movs	r3, #0
 975 0152 E360     		str	r3, [r4, #12]
 976 0154 2382     		strh	r3, [r4, #16]	@ movhi
 977 0156 E26A     		ldr	r2, [r4, #44]
 978 0158 1364     		str	r3, [r2, #64]
 979 015a E36A     		ldr	r3, [r4, #44]
 980 015c 094A     		ldr	r2, .L150
 981 015e DA63     		str	r2, [r3, #60]
 982 0160 E36A     		ldr	r3, [r4, #44]
 983 0162 094A     		ldr	r2, .L150+4
 984 0164 DA64     		str	r2, [r3, #76]
ARM GAS  C:\Users\thewo\AppData\Local\Temp\ccmUFKmC.s 			page 18


 985 0166 2268     		ldr	r2, [r4]
 986 0168 3B46     		mov	r3, r7
 987 016a 1832     		adds	r2, r2, #24
 988 016c E06A     		ldr	r0, [r4, #44]
 989 016e FFF7FEFF 		bl	HAL_DMA_Start_IT
 990 0172 00E0     		b	.L130
 991              	.L140:
 992 0174 0120     		movs	r0, #1
 993              	.L130:
 994 0176 02B0     		add	sp, sp, #8
 995              		@ sp needed
 996 0178 BDE8F081 		pop	{r4, r5, r6, r7, r8, pc}
 997              	.L141:
 998 017c 0120     		movs	r0, #1
 999 017e FAE7     		b	.L130
 1000              	.L145:
 1001 0180 0120     		movs	r0, #1
 1002 0182 F8E7     		b	.L130
 1003              	.L151:
 1004              		.align	2
 1005              	.L150:
 1006 0184 00000000 		.word	FMAC_DMAFilterPreload
 1007 0188 00000000 		.word	FMAC_DMAError
 1009              		.section	.text.FMAC_ConfigFilterOutputBufferUpdateState,"ax",%progbits
 1010              		.align	1
 1011              		.syntax unified
 1012              		.thumb
 1013              		.thumb_func
 1015              	FMAC_ConfigFilterOutputBufferUpdateState:
 1016              		@ args = 0, pretend = 0, frame = 0
 1017              		@ frame_needed = 0, uses_anonymous_args = 0
 1018 0000 08B5     		push	{r3, lr}
 1019 0002 8446     		mov	ip, r0
 1020 0004 0023     		movs	r3, #0
 1021 0006 8383     		strh	r3, [r0, #28]	@ movhi
 1022 0008 9A42     		cmp	r2, r3
 1023 000a 18BF     		it	ne
 1024 000c 9942     		cmpne	r1, r3
 1025 000e 01D0     		beq	.L153
 1026 0010 1388     		ldrh	r3, [r2]
 1027 0012 43B9     		cbnz	r3, .L154
 1028              	.L153:
 1029 0014 0020     		movs	r0, #0
 1030 0016 CCF81800 		str	r0, [ip, #24]
 1031 001a CCF82000 		str	r0, [ip, #32]
 1032 001e 2023     		movs	r3, #32
 1033 0020 8CF83230 		strb	r3, [ip, #50]
 1034              	.L155:
 1035 0024 08BD     		pop	{r3, pc}
 1036              	.L154:
 1037 0026 407A     		ldrb	r0, [r0, #9]	@ zero_extendqisi2
 1038 0028 0128     		cmp	r0, #1
 1039 002a 09D0     		beq	.L159
 1040 002c 38BB     		cbnz	r0, .L157
 1041 002e 0023     		movs	r3, #0
 1042 0030 CCF81830 		str	r3, [ip, #24]
 1043 0034 CCF82030 		str	r3, [ip, #32]
ARM GAS  C:\Users\thewo\AppData\Local\Temp\ccmUFKmC.s 			page 19


 1044 0038 2023     		movs	r3, #32
 1045 003a 8CF83230 		strb	r3, [ip, #50]
 1046 003e F1E7     		b	.L155
 1047              	.L159:
 1048 0040 0023     		movs	r3, #0
 1049 0042 CCF81830 		str	r3, [ip, #24]
 1050 0046 CCF82030 		str	r3, [ip, #32]
 1051 004a 2523     		movs	r3, #37
 1052 004c 8CF83230 		strb	r3, [ip, #50]
 1053 0050 DCF82830 		ldr	r3, [ip, #40]
 1054 0054 0E48     		ldr	r0, .L160
 1055 0056 1864     		str	r0, [r3, #64]
 1056 0058 DCF82830 		ldr	r3, [ip, #40]
 1057 005c 0D48     		ldr	r0, .L160+4
 1058 005e D863     		str	r0, [r3, #60]
 1059 0060 DCF82830 		ldr	r3, [ip, #40]
 1060 0064 0C48     		ldr	r0, .L160+8
 1061 0066 D864     		str	r0, [r3, #76]
 1062 0068 DCF80000 		ldr	r0, [ip]
 1063 006c 1388     		ldrh	r3, [r2]
 1064 006e 0A46     		mov	r2, r1
 1065 0070 00F11C01 		add	r1, r0, #28
 1066 0074 DCF82800 		ldr	r0, [ip, #40]
 1067 0078 FFF7FEFF 		bl	HAL_DMA_Start_IT
 1068 007c D2E7     		b	.L155
 1069              	.L157:
 1070 007e CCF81810 		str	r1, [ip, #24]
 1071 0082 CCF82020 		str	r2, [ip, #32]
 1072 0086 2523     		movs	r3, #37
 1073 0088 8CF83230 		strb	r3, [ip, #50]
 1074 008c 0020     		movs	r0, #0
 1075 008e C9E7     		b	.L155
 1076              	.L161:
 1077              		.align	2
 1078              	.L160:
 1079 0090 00000000 		.word	FMAC_DMAHalfOutputDataReady
 1080 0094 00000000 		.word	FMAC_DMAOutputDataReady
 1081 0098 00000000 		.word	FMAC_DMAError
 1083              		.section	.text.FMAC_AppendFilterDataUpdateState,"ax",%progbits
 1084              		.align	1
 1085              		.syntax unified
 1086              		.thumb
 1087              		.thumb_func
 1089              	FMAC_AppendFilterDataUpdateState:
 1090              		@ args = 0, pretend = 0, frame = 0
 1091              		@ frame_needed = 0, uses_anonymous_args = 0
 1092 0000 2623     		movs	r3, #38
 1093 0002 80F83330 		strb	r3, [r0, #51]
 1094 0006 0023     		movs	r3, #0
 1095 0008 0382     		strh	r3, [r0, #16]	@ movhi
 1096 000a 037A     		ldrb	r3, [r0, #8]	@ zero_extendqisi2
 1097 000c 012B     		cmp	r3, #1
 1098 000e 03D0     		beq	.L169
 1099 0010 C160     		str	r1, [r0, #12]
 1100 0012 4261     		str	r2, [r0, #20]
 1101 0014 0020     		movs	r0, #0
 1102 0016 7047     		bx	lr
ARM GAS  C:\Users\thewo\AppData\Local\Temp\ccmUFKmC.s 			page 20


 1103              	.L169:
 1104 0018 10B5     		push	{r4, lr}
 1105 001a 0023     		movs	r3, #0
 1106 001c C360     		str	r3, [r0, #12]
 1107 001e 4361     		str	r3, [r0, #20]
 1108 0020 436A     		ldr	r3, [r0, #36]
 1109 0022 074C     		ldr	r4, .L170
 1110 0024 1C64     		str	r4, [r3, #64]
 1111 0026 436A     		ldr	r3, [r0, #36]
 1112 0028 064C     		ldr	r4, .L170+4
 1113 002a DC63     		str	r4, [r3, #60]
 1114 002c 436A     		ldr	r3, [r0, #36]
 1115 002e 064C     		ldr	r4, .L170+8
 1116 0030 DC64     		str	r4, [r3, #76]
 1117 0032 1388     		ldrh	r3, [r2]
 1118 0034 0268     		ldr	r2, [r0]
 1119 0036 1832     		adds	r2, r2, #24
 1120 0038 406A     		ldr	r0, [r0, #36]
 1121 003a FFF7FEFF 		bl	HAL_DMA_Start_IT
 1122 003e 10BD     		pop	{r4, pc}
 1123              	.L171:
 1124              		.align	2
 1125              	.L170:
 1126 0040 00000000 		.word	FMAC_DMAHalfGetData
 1127 0044 00000000 		.word	FMAC_DMAGetData
 1128 0048 00000000 		.word	FMAC_DMAError
 1130              		.section	.text.HAL_FMAC_MspInit,"ax",%progbits
 1131              		.align	1
 1132              		.weak	HAL_FMAC_MspInit
 1133              		.syntax unified
 1134              		.thumb
 1135              		.thumb_func
 1137              	HAL_FMAC_MspInit:
 1138              		@ args = 0, pretend = 0, frame = 0
 1139              		@ frame_needed = 0, uses_anonymous_args = 0
 1140              		@ link register save eliminated.
 1141 0000 7047     		bx	lr
 1143              		.section	.text.HAL_FMAC_Init,"ax",%progbits
 1144              		.align	1
 1145              		.global	HAL_FMAC_Init
 1146              		.syntax unified
 1147              		.thumb
 1148              		.thumb_func
 1150              	HAL_FMAC_Init:
 1151              		@ args = 0, pretend = 0, frame = 0
 1152              		@ frame_needed = 0, uses_anonymous_args = 0
 1153 0000 70B3     		cbz	r0, .L179
 1154 0002 10B5     		push	{r4, lr}
 1155 0004 0446     		mov	r4, r0
 1156 0006 0268     		ldr	r2, [r0]
 1157 0008 164B     		ldr	r3, .L186
 1158 000a 9A42     		cmp	r2, r3
 1159 000c 04D0     		beq	.L175
 1160 000e 40F28511 		movw	r1, #389
 1161 0012 1548     		ldr	r0, .L186+4
 1162 0014 FFF7FEFF 		bl	assert_failed
 1163              	.L175:
ARM GAS  C:\Users\thewo\AppData\Local\Temp\ccmUFKmC.s 			page 21


 1164 0018 94F83130 		ldrb	r3, [r4, #49]	@ zero_extendqisi2
 1165 001c 93B1     		cbz	r3, .L184
 1166              	.L176:
 1167 001e 0023     		movs	r3, #0
 1168 0020 6360     		str	r3, [r4, #4]
 1169 0022 2046     		mov	r0, r4
 1170 0024 FFF7FEFF 		bl	FMAC_ResetDataPointers
 1171 0028 2046     		mov	r0, r4
 1172 002a FFF7FEFF 		bl	FMAC_Reset
 1173 002e 0128     		cmp	r0, #1
 1174 0030 0ED0     		beq	.L185
 1175 0032 0020     		movs	r0, #0
 1176 0034 6063     		str	r0, [r4, #52]
 1177 0036 2023     		movs	r3, #32
 1178 0038 84F83130 		strb	r3, [r4, #49]
 1179              	.L178:
 1180 003c 0023     		movs	r3, #0
 1181 003e 84F83030 		strb	r3, [r4, #48]
 1182 0042 10BD     		pop	{r4, pc}
 1183              	.L184:
 1184 0044 84F83030 		strb	r3, [r4, #48]
 1185 0048 2046     		mov	r0, r4
 1186 004a FFF7FEFF 		bl	HAL_FMAC_MspInit
 1187 004e E6E7     		b	.L176
 1188              	.L185:
 1189 0050 636B     		ldr	r3, [r4, #52]
 1190 0052 43F01003 		orr	r3, r3, #16
 1191 0056 6363     		str	r3, [r4, #52]
 1192 0058 A023     		movs	r3, #160
 1193 005a 84F83130 		strb	r3, [r4, #49]
 1194 005e EDE7     		b	.L178
 1195              	.L179:
 1196 0060 0120     		movs	r0, #1
 1197 0062 7047     		bx	lr
 1198              	.L187:
 1199              		.align	2
 1200              	.L186:
 1201 0064 00400248 		.word	1208107008
 1202 0068 00000000 		.word	.LC0
 1204              		.section	.text.HAL_FMAC_MspDeInit,"ax",%progbits
 1205              		.align	1
 1206              		.weak	HAL_FMAC_MspDeInit
 1207              		.syntax unified
 1208              		.thumb
 1209              		.thumb_func
 1211              	HAL_FMAC_MspDeInit:
 1212              		@ args = 0, pretend = 0, frame = 0
 1213              		@ frame_needed = 0, uses_anonymous_args = 0
 1214              		@ link register save eliminated.
 1215 0000 7047     		bx	lr
 1217              		.section	.text.HAL_FMAC_DeInit,"ax",%progbits
 1218              		.align	1
 1219              		.global	HAL_FMAC_DeInit
 1220              		.syntax unified
 1221              		.thumb
 1222              		.thumb_func
 1224              	HAL_FMAC_DeInit:
ARM GAS  C:\Users\thewo\AppData\Local\Temp\ccmUFKmC.s 			page 22


 1225              		@ args = 0, pretend = 0, frame = 0
 1226              		@ frame_needed = 0, uses_anonymous_args = 0
 1227 0000 E0B1     		cbz	r0, .L192
 1228 0002 38B5     		push	{r3, r4, r5, lr}
 1229 0004 0446     		mov	r4, r0
 1230 0006 0268     		ldr	r2, [r0]
 1231 0008 0D4B     		ldr	r3, .L197
 1232 000a 9A42     		cmp	r2, r3
 1233 000c 04D0     		beq	.L191
 1234 000e 4FF4E671 		mov	r1, #460
 1235 0012 0C48     		ldr	r0, .L197+4
 1236 0014 FFF7FEFF 		bl	assert_failed
 1237              	.L191:
 1238 0018 2423     		movs	r3, #36
 1239 001a 84F83130 		strb	r3, [r4, #49]
 1240 001e 0025     		movs	r5, #0
 1241 0020 6563     		str	r5, [r4, #52]
 1242 0022 6560     		str	r5, [r4, #4]
 1243 0024 2046     		mov	r0, r4
 1244 0026 FFF7FEFF 		bl	FMAC_ResetDataPointers
 1245 002a 2046     		mov	r0, r4
 1246 002c FFF7FEFF 		bl	HAL_FMAC_MspDeInit
 1247 0030 84F83150 		strb	r5, [r4, #49]
 1248 0034 84F83050 		strb	r5, [r4, #48]
 1249 0038 2846     		mov	r0, r5
 1250 003a 38BD     		pop	{r3, r4, r5, pc}
 1251              	.L192:
 1252 003c 0120     		movs	r0, #1
 1253 003e 7047     		bx	lr
 1254              	.L198:
 1255              		.align	2
 1256              	.L197:
 1257 0040 00400248 		.word	1208107008
 1258 0044 00000000 		.word	.LC0
 1260              		.section	.text.HAL_FMAC_FilterConfig,"ax",%progbits
 1261              		.align	1
 1262              		.global	HAL_FMAC_FilterConfig
 1263              		.syntax unified
 1264              		.thumb
 1265              		.thumb_func
 1267              	HAL_FMAC_FilterConfig:
 1268              		@ args = 0, pretend = 0, frame = 0
 1269              		@ frame_needed = 0, uses_anonymous_args = 0
 1270 0000 08B5     		push	{r3, lr}
 1271 0002 0122     		movs	r2, #1
 1272 0004 FFF7FEFF 		bl	FMAC_FilterConfig
 1273 0008 08BD     		pop	{r3, pc}
 1275              		.section	.text.HAL_FMAC_FilterConfig_DMA,"ax",%progbits
 1276              		.align	1
 1277              		.global	HAL_FMAC_FilterConfig_DMA
 1278              		.syntax unified
 1279              		.thumb
 1280              		.thumb_func
 1282              	HAL_FMAC_FilterConfig_DMA:
 1283              		@ args = 0, pretend = 0, frame = 0
 1284              		@ frame_needed = 0, uses_anonymous_args = 0
 1285 0000 08B5     		push	{r3, lr}
ARM GAS  C:\Users\thewo\AppData\Local\Temp\ccmUFKmC.s 			page 23


 1286 0002 0022     		movs	r2, #0
 1287 0004 FFF7FEFF 		bl	FMAC_FilterConfig
 1288 0008 08BD     		pop	{r3, pc}
 1290              		.section	.text.HAL_FMAC_FilterPreload,"ax",%progbits
 1291              		.align	1
 1292              		.global	HAL_FMAC_FilterPreload
 1293              		.syntax unified
 1294              		.thumb
 1295              		.thumb_func
 1297              	HAL_FMAC_FilterPreload:
 1298              		@ args = 4, pretend = 0, frame = 0
 1299              		@ frame_needed = 0, uses_anonymous_args = 0
 1300 0000 10B5     		push	{r4, lr}
 1301 0002 82B0     		sub	sp, sp, #8
 1302 0004 0124     		movs	r4, #1
 1303 0006 0194     		str	r4, [sp, #4]
 1304 0008 9DF81040 		ldrb	r4, [sp, #16]	@ zero_extendqisi2
 1305 000c 0094     		str	r4, [sp]
 1306 000e FFF7FEFF 		bl	FMAC_FilterPreload
 1307 0012 02B0     		add	sp, sp, #8
 1308              		@ sp needed
 1309 0014 10BD     		pop	{r4, pc}
 1311              		.section	.text.HAL_FMAC_FilterPreload_DMA,"ax",%progbits
 1312              		.align	1
 1313              		.global	HAL_FMAC_FilterPreload_DMA
 1314              		.syntax unified
 1315              		.thumb
 1316              		.thumb_func
 1318              	HAL_FMAC_FilterPreload_DMA:
 1319              		@ args = 4, pretend = 0, frame = 0
 1320              		@ frame_needed = 0, uses_anonymous_args = 0
 1321 0000 10B5     		push	{r4, lr}
 1322 0002 82B0     		sub	sp, sp, #8
 1323 0004 0024     		movs	r4, #0
 1324 0006 0194     		str	r4, [sp, #4]
 1325 0008 9DF81040 		ldrb	r4, [sp, #16]	@ zero_extendqisi2
 1326 000c 0094     		str	r4, [sp]
 1327 000e FFF7FEFF 		bl	FMAC_FilterPreload
 1328 0012 02B0     		add	sp, sp, #8
 1329              		@ sp needed
 1330 0014 10BD     		pop	{r4, pc}
 1332              		.section	.text.HAL_FMAC_FilterStart,"ax",%progbits
 1333              		.align	1
 1334              		.global	HAL_FMAC_FilterStart
 1335              		.syntax unified
 1336              		.thumb
 1337              		.thumb_func
 1339              	HAL_FMAC_FilterStart:
 1340              		@ args = 0, pretend = 0, frame = 0
 1341              		@ frame_needed = 0, uses_anonymous_args = 0
 1342 0000 38B5     		push	{r3, r4, r5, lr}
 1343 0002 0446     		mov	r4, r0
 1344 0004 0368     		ldr	r3, [r0]
 1345 0006 D868     		ldr	r0, [r3, #12]
 1346 0008 0028     		cmp	r0, #0
 1347 000a 33DB     		blt	.L213
 1348 000c 6068     		ldr	r0, [r4, #4]
ARM GAS  C:\Users\thewo\AppData\Local\Temp\ccmUFKmC.s 			page 24


 1349 000e 98B3     		cbz	r0, .L214
 1350 0010 94F83100 		ldrb	r0, [r4, #49]	@ zero_extendqisi2
 1351 0014 2028     		cmp	r0, #32
 1352 0016 01D0     		beq	.L219
 1353 0018 0120     		movs	r0, #1
 1354              	.L208:
 1355 001a 38BD     		pop	{r3, r4, r5, pc}
 1356              	.L219:
 1357 001c 2420     		movs	r0, #36
 1358 001e 84F83100 		strb	r0, [r4, #49]
 1359 0022 207A     		ldrb	r0, [r4, #8]	@ zero_extendqisi2
 1360 0024 0128     		cmp	r0, #1
 1361 0026 19D0     		beq	.L216
 1362 0028 0328     		cmp	r0, #3
 1363 002a 1AD0     		beq	.L217
 1364 002c 4FF0000C 		mov	ip, #0
 1365              	.L209:
 1366 0030 607A     		ldrb	r0, [r4, #9]	@ zero_extendqisi2
 1367 0032 0128     		cmp	r0, #1
 1368 0034 18D0     		beq	.L220
 1369 0036 0328     		cmp	r0, #3
 1370 0038 19D0     		beq	.L221
 1371              	.L211:
 1372 003a 1D69     		ldr	r5, [r3, #16]
 1373 003c 0F48     		ldr	r0, .L222
 1374 003e 2840     		ands	r0, r0, r5
 1375 0040 40EA0C00 		orr	r0, r0, ip
 1376 0044 1861     		str	r0, [r3, #16]
 1377 0046 2046     		mov	r0, r4
 1378 0048 FFF7FEFF 		bl	FMAC_ConfigFilterOutputBufferUpdateState
 1379 004c 10B9     		cbnz	r0, .L212
 1380 004e 2368     		ldr	r3, [r4]
 1381 0050 6268     		ldr	r2, [r4, #4]
 1382 0052 DA60     		str	r2, [r3, #12]
 1383              	.L212:
 1384 0054 2023     		movs	r3, #32
 1385 0056 84F83130 		strb	r3, [r4, #49]
 1386 005a DEE7     		b	.L208
 1387              	.L216:
 1388 005c 4FF4007C 		mov	ip, #512
 1389 0060 E6E7     		b	.L209
 1390              	.L217:
 1391 0062 4FF0020C 		mov	ip, #2
 1392 0066 E3E7     		b	.L209
 1393              	.L220:
 1394 0068 4CF4807C 		orr	ip, ip, #256
 1395 006c E5E7     		b	.L211
 1396              	.L221:
 1397 006e 4CF0010C 		orr	ip, ip, #1
 1398 0072 E2E7     		b	.L211
 1399              	.L213:
 1400 0074 0120     		movs	r0, #1
 1401 0076 D0E7     		b	.L208
 1402              	.L214:
 1403 0078 0120     		movs	r0, #1
 1404 007a CEE7     		b	.L208
 1405              	.L223:
ARM GAS  C:\Users\thewo\AppData\Local\Temp\ccmUFKmC.s 			page 25


 1406              		.align	2
 1407              	.L222:
 1408 007c FCFCFFFF 		.word	-772
 1410              		.section	.text.HAL_FMAC_AppendFilterData,"ax",%progbits
 1411              		.align	1
 1412              		.global	HAL_FMAC_AppendFilterData
 1413              		.syntax unified
 1414              		.thumb
 1415              		.thumb_func
 1417              	HAL_FMAC_AppendFilterData:
 1418              		@ args = 0, pretend = 0, frame = 0
 1419              		@ frame_needed = 0, uses_anonymous_args = 0
 1420 0000 002A     		cmp	r2, #0
 1421 0002 18BF     		it	ne
 1422 0004 0029     		cmpne	r1, #0
 1423 0006 18D0     		beq	.L227
 1424 0008 08B5     		push	{r3, lr}
 1425 000a 1388     		ldrh	r3, [r2]
 1426 000c BBB1     		cbz	r3, .L228
 1427 000e 0368     		ldr	r3, [r0]
 1428 0010 DB68     		ldr	r3, [r3, #12]
 1429 0012 002B     		cmp	r3, #0
 1430 0014 15DA     		bge	.L229
 1431 0016 037A     		ldrb	r3, [r0, #8]	@ zero_extendqisi2
 1432 0018 ABB1     		cbz	r3, .L230
 1433 001a 4369     		ldr	r3, [r0, #20]
 1434 001c 23B1     		cbz	r3, .L226
 1435 001e B0F810C0 		ldrh	ip, [r0, #16]
 1436 0022 1B88     		ldrh	r3, [r3]
 1437 0024 9C45     		cmp	ip, r3
 1438 0026 10D3     		bcc	.L231
 1439              	.L226:
 1440 0028 90F83330 		ldrb	r3, [r0, #51]	@ zero_extendqisi2
 1441 002c 202B     		cmp	r3, #32
 1442 002e 01D0     		beq	.L237
 1443 0030 0120     		movs	r0, #1
 1444 0032 05E0     		b	.L225
 1445              	.L237:
 1446 0034 FFF7FEFF 		bl	FMAC_AppendFilterDataUpdateState
 1447 0038 02E0     		b	.L225
 1448              	.L227:
 1449 003a 0120     		movs	r0, #1
 1450 003c 7047     		bx	lr
 1451              	.L228:
 1452 003e 0120     		movs	r0, #1
 1453              	.L225:
 1454 0040 08BD     		pop	{r3, pc}
 1455              	.L229:
 1456 0042 0120     		movs	r0, #1
 1457 0044 FCE7     		b	.L225
 1458              	.L230:
 1459 0046 0120     		movs	r0, #1
 1460 0048 FAE7     		b	.L225
 1461              	.L231:
 1462 004a 0120     		movs	r0, #1
 1463 004c F8E7     		b	.L225
 1465              		.section	.text.HAL_FMAC_ConfigFilterOutputBuffer,"ax",%progbits
ARM GAS  C:\Users\thewo\AppData\Local\Temp\ccmUFKmC.s 			page 26


 1466              		.align	1
 1467              		.global	HAL_FMAC_ConfigFilterOutputBuffer
 1468              		.syntax unified
 1469              		.thumb
 1470              		.thumb_func
 1472              	HAL_FMAC_ConfigFilterOutputBuffer:
 1473              		@ args = 0, pretend = 0, frame = 0
 1474              		@ frame_needed = 0, uses_anonymous_args = 0
 1475 0000 002A     		cmp	r2, #0
 1476 0002 18BF     		it	ne
 1477 0004 0029     		cmpne	r1, #0
 1478 0006 18D0     		beq	.L241
 1479 0008 08B5     		push	{r3, lr}
 1480 000a 1388     		ldrh	r3, [r2]
 1481 000c BBB1     		cbz	r3, .L242
 1482 000e 0368     		ldr	r3, [r0]
 1483 0010 DB68     		ldr	r3, [r3, #12]
 1484 0012 002B     		cmp	r3, #0
 1485 0014 15DA     		bge	.L243
 1486 0016 437A     		ldrb	r3, [r0, #9]	@ zero_extendqisi2
 1487 0018 ABB1     		cbz	r3, .L244
 1488 001a 036A     		ldr	r3, [r0, #32]
 1489 001c 23B1     		cbz	r3, .L240
 1490 001e B0F81CC0 		ldrh	ip, [r0, #28]
 1491 0022 1B88     		ldrh	r3, [r3]
 1492 0024 9C45     		cmp	ip, r3
 1493 0026 10D3     		bcc	.L245
 1494              	.L240:
 1495 0028 90F83230 		ldrb	r3, [r0, #50]	@ zero_extendqisi2
 1496 002c 202B     		cmp	r3, #32
 1497 002e 01D0     		beq	.L251
 1498 0030 0120     		movs	r0, #1
 1499 0032 05E0     		b	.L239
 1500              	.L251:
 1501 0034 FFF7FEFF 		bl	FMAC_ConfigFilterOutputBufferUpdateState
 1502 0038 02E0     		b	.L239
 1503              	.L241:
 1504 003a 0120     		movs	r0, #1
 1505 003c 7047     		bx	lr
 1506              	.L242:
 1507 003e 0120     		movs	r0, #1
 1508              	.L239:
 1509 0040 08BD     		pop	{r3, pc}
 1510              	.L243:
 1511 0042 0120     		movs	r0, #1
 1512 0044 FCE7     		b	.L239
 1513              	.L244:
 1514 0046 0120     		movs	r0, #1
 1515 0048 FAE7     		b	.L239
 1516              	.L245:
 1517 004a 0120     		movs	r0, #1
 1518 004c F8E7     		b	.L239
 1520              		.section	.text.HAL_FMAC_PollFilterData,"ax",%progbits
 1521              		.align	1
 1522              		.global	HAL_FMAC_PollFilterData
 1523              		.syntax unified
 1524              		.thumb
ARM GAS  C:\Users\thewo\AppData\Local\Temp\ccmUFKmC.s 			page 27


 1525              		.thumb_func
 1527              	HAL_FMAC_PollFilterData:
 1528              		@ args = 0, pretend = 0, frame = 0
 1529              		@ frame_needed = 0, uses_anonymous_args = 0
 1530 0000 0368     		ldr	r3, [r0]
 1531 0002 DB68     		ldr	r3, [r3, #12]
 1532 0004 002B     		cmp	r3, #0
 1533 0006 6DDA     		bge	.L264
 1534 0008 2DE9F047 		push	{r4, r5, r6, r7, r8, r9, r10, lr}
 1535 000c 0446     		mov	r4, r0
 1536 000e 0D46     		mov	r5, r1
 1537 0010 037A     		ldrb	r3, [r0, #8]	@ zero_extendqisi2
 1538 0012 022B     		cmp	r3, #2
 1539 0014 0DD0     		beq	.L277
 1540 0016 0026     		movs	r6, #0
 1541              	.L254:
 1542 0018 637A     		ldrb	r3, [r4, #9]	@ zero_extendqisi2
 1543 001a 022B     		cmp	r3, #2
 1544 001c 0FD0     		beq	.L278
 1545              	.L255:
 1546 001e 002E     		cmp	r6, #0
 1547 0020 62D0     		beq	.L268
 1548 0022 0027     		movs	r7, #0
 1549              	.L256:
 1550 0024 94F83130 		ldrb	r3, [r4, #49]	@ zero_extendqisi2
 1551 0028 202B     		cmp	r3, #32
 1552 002a 0DD0     		beq	.L279
 1553 002c 0120     		movs	r0, #1
 1554              	.L253:
 1555 002e BDE8F087 		pop	{r4, r5, r6, r7, r8, r9, r10, pc}
 1556              	.L277:
 1557 0032 C368     		ldr	r3, [r0, #12]
 1558 0034 0BB1     		cbz	r3, .L280
 1559 0036 0126     		movs	r6, #1
 1560 0038 EEE7     		b	.L254
 1561              	.L280:
 1562 003a 0026     		movs	r6, #0
 1563 003c ECE7     		b	.L254
 1564              	.L278:
 1565 003e A369     		ldr	r3, [r4, #24]
 1566 0040 002B     		cmp	r3, #0
 1567 0042 ECD0     		beq	.L255
 1568 0044 0127     		movs	r7, #1
 1569 0046 EDE7     		b	.L256
 1570              	.L279:
 1571 0048 2423     		movs	r3, #36
 1572 004a 84F83130 		strb	r3, [r4, #49]
 1573 004e FFF7FEFF 		bl	HAL_GetTick
 1574 0052 8046     		mov	r8, r0
 1575 0054 4FF00009 		mov	r9, #0
 1576 0058 CA46     		mov	r10, r9
 1577 005a 0FE0     		b	.L257
 1578              	.L281:
 1579 005c FF21     		movs	r1, #255
 1580 005e 2046     		mov	r0, r4
 1581 0060 FFF7FEFF 		bl	FMAC_WriteDataIncrementPtr
 1582 0064 228A     		ldrh	r2, [r4, #16]
ARM GAS  C:\Users\thewo\AppData\Local\Temp\ccmUFKmC.s 			page 28


 1583 0066 6369     		ldr	r3, [r4, #20]
 1584 0068 1B88     		ldrh	r3, [r3]
 1585 006a 9A42     		cmp	r2, r3
 1586 006c 0ED1     		bne	.L258
 1587 006e B246     		mov	r10, r6
 1588 0070 0CE0     		b	.L258
 1589              	.L259:
 1590 0072 4AEA0903 		orr	r3, r10, r9
 1591 0076 13F0FF0F 		tst	r3, #255
 1592 007a 14D1     		bne	.L260
 1593              	.L257:
 1594 007c FFF7FEFF 		bl	HAL_GetTick
 1595 0080 A0EB0800 		sub	r0, r0, r8
 1596 0084 A842     		cmp	r0, r5
 1597 0086 0ED2     		bcs	.L260
 1598 0088 002E     		cmp	r6, #0
 1599 008a E7D1     		bne	.L281
 1600              	.L258:
 1601 008c 002F     		cmp	r7, #0
 1602 008e F0D0     		beq	.L259
 1603 0090 FF21     		movs	r1, #255
 1604 0092 2046     		mov	r0, r4
 1605 0094 FFF7FEFF 		bl	FMAC_ReadDataIncrementPtr
 1606 0098 A28B     		ldrh	r2, [r4, #28]
 1607 009a 236A     		ldr	r3, [r4, #32]
 1608 009c 1B88     		ldrh	r3, [r3]
 1609 009e 9A42     		cmp	r2, r3
 1610 00a0 E7D1     		bne	.L259
 1611 00a2 B946     		mov	r9, r7
 1612 00a4 E5E7     		b	.L259
 1613              	.L260:
 1614 00a6 7EB9     		cbnz	r6, .L282
 1615              	.L262:
 1616 00a8 AFB9     		cbnz	r7, .L283
 1617              	.L263:
 1618 00aa 2023     		movs	r3, #32
 1619 00ac 84F83130 		strb	r3, [r4, #49]
 1620 00b0 FFF7FEFF 		bl	HAL_GetTick
 1621 00b4 A0EB0800 		sub	r0, r0, r8
 1622 00b8 A842     		cmp	r0, r5
 1623 00ba 17D3     		bcc	.L272
 1624 00bc 636B     		ldr	r3, [r4, #52]
 1625 00be 43F08003 		orr	r3, r3, #128
 1626 00c2 6363     		str	r3, [r4, #52]
 1627 00c4 0120     		movs	r0, #1
 1628 00c6 B2E7     		b	.L253
 1629              	.L282:
 1630 00c8 6369     		ldr	r3, [r4, #20]
 1631 00ca 228A     		ldrh	r2, [r4, #16]
 1632 00cc 1A80     		strh	r2, [r3]	@ movhi
 1633 00ce 2046     		mov	r0, r4
 1634 00d0 FFF7FEFF 		bl	FMAC_ResetInputStateAndDataPointers
 1635 00d4 E8E7     		b	.L262
 1636              	.L283:
 1637 00d6 236A     		ldr	r3, [r4, #32]
 1638 00d8 A28B     		ldrh	r2, [r4, #28]
 1639 00da 1A80     		strh	r2, [r3]	@ movhi
ARM GAS  C:\Users\thewo\AppData\Local\Temp\ccmUFKmC.s 			page 29


 1640 00dc 2046     		mov	r0, r4
 1641 00de FFF7FEFF 		bl	FMAC_ResetOutputStateAndDataPointers
 1642 00e2 E2E7     		b	.L263
 1643              	.L264:
 1644 00e4 0120     		movs	r0, #1
 1645 00e6 7047     		bx	lr
 1646              	.L268:
 1647 00e8 0120     		movs	r0, #1
 1648 00ea A0E7     		b	.L253
 1649              	.L272:
 1650 00ec 0020     		movs	r0, #0
 1651 00ee 9EE7     		b	.L253
 1653              		.section	.text.HAL_FMAC_FilterStop,"ax",%progbits
 1654              		.align	1
 1655              		.global	HAL_FMAC_FilterStop
 1656              		.syntax unified
 1657              		.thumb
 1658              		.thumb_func
 1660              	HAL_FMAC_FilterStop:
 1661              		@ args = 0, pretend = 0, frame = 0
 1662              		@ frame_needed = 0, uses_anonymous_args = 0
 1663 0000 38B5     		push	{r3, r4, r5, lr}
 1664 0002 90F83130 		ldrb	r3, [r0, #49]	@ zero_extendqisi2
 1665 0006 202B     		cmp	r3, #32
 1666 0008 01D0     		beq	.L295
 1667 000a 0120     		movs	r0, #1
 1668              	.L285:
 1669 000c 38BD     		pop	{r3, r4, r5, pc}
 1670              	.L295:
 1671 000e 0446     		mov	r4, r0
 1672 0010 2423     		movs	r3, #36
 1673 0012 80F83130 		strb	r3, [r0, #49]
 1674 0016 0268     		ldr	r2, [r0]
 1675 0018 D368     		ldr	r3, [r2, #12]
 1676 001a 23F00043 		bic	r3, r3, #-2147483648
 1677 001e D360     		str	r3, [r2, #12]
 1678 0020 0268     		ldr	r2, [r0]
 1679 0022 1169     		ldr	r1, [r2, #16]
 1680 0024 1E4B     		ldr	r3, .L300
 1681 0026 0B40     		ands	r3, r3, r1
 1682 0028 1361     		str	r3, [r2, #16]
 1683 002a 037A     		ldrb	r3, [r0, #8]	@ zero_extendqisi2
 1684 002c 032B     		cmp	r3, #3
 1685 002e 17D0     		beq	.L296
 1686              	.L286:
 1687 0030 637A     		ldrb	r3, [r4, #9]	@ zero_extendqisi2
 1688 0032 032B     		cmp	r3, #3
 1689 0034 1BD0     		beq	.L297
 1690              	.L287:
 1691 0036 237A     		ldrb	r3, [r4, #8]	@ zero_extendqisi2
 1692 0038 012B     		cmp	r3, #1
 1693 003a 1FD0     		beq	.L298
 1694 003c 0025     		movs	r5, #0
 1695              	.L288:
 1696 003e 637A     		ldrb	r3, [r4, #9]	@ zero_extendqisi2
 1697 0040 012B     		cmp	r3, #1
 1698 0042 20D0     		beq	.L299
ARM GAS  C:\Users\thewo\AppData\Local\Temp\ccmUFKmC.s 			page 30


 1699              	.L289:
 1700 0044 2046     		mov	r0, r4
 1701 0046 FFF7FEFF 		bl	FMAC_Reset
 1702 004a 0128     		cmp	r0, #1
 1703 004c 22D1     		bne	.L290
 1704 004e 1023     		movs	r3, #16
 1705 0050 6363     		str	r3, [r4, #52]
 1706 0052 A023     		movs	r3, #160
 1707 0054 84F83130 		strb	r3, [r4, #49]
 1708              	.L291:
 1709 0058 2023     		movs	r3, #32
 1710 005a 84F83130 		strb	r3, [r4, #49]
 1711 005e D5E7     		b	.L285
 1712              	.L296:
 1713 0060 C368     		ldr	r3, [r0, #12]
 1714 0062 002B     		cmp	r3, #0
 1715 0064 E4D0     		beq	.L286
 1716 0066 4369     		ldr	r3, [r0, #20]
 1717 0068 028A     		ldrh	r2, [r0, #16]
 1718 006a 1A80     		strh	r2, [r3]	@ movhi
 1719 006c E0E7     		b	.L286
 1720              	.L297:
 1721 006e A369     		ldr	r3, [r4, #24]
 1722 0070 002B     		cmp	r3, #0
 1723 0072 E0D0     		beq	.L287
 1724 0074 236A     		ldr	r3, [r4, #32]
 1725 0076 A28B     		ldrh	r2, [r4, #28]
 1726 0078 1A80     		strh	r2, [r3]	@ movhi
 1727 007a DCE7     		b	.L287
 1728              	.L298:
 1729 007c 606A     		ldr	r0, [r4, #36]
 1730 007e FFF7FEFF 		bl	HAL_DMA_Abort_IT
 1731 0082 0546     		mov	r5, r0
 1732 0084 DBE7     		b	.L288
 1733              	.L299:
 1734 0086 002D     		cmp	r5, #0
 1735 0088 DCD1     		bne	.L289
 1736 008a A06A     		ldr	r0, [r4, #40]
 1737 008c FFF7FEFF 		bl	HAL_DMA_Abort_IT
 1738 0090 0546     		mov	r5, r0
 1739 0092 D7E7     		b	.L289
 1740              	.L290:
 1741 0094 2046     		mov	r0, r4
 1742 0096 FFF7FEFF 		bl	FMAC_ResetDataPointers
 1743 009a 2846     		mov	r0, r5
 1744 009c DCE7     		b	.L291
 1745              	.L301:
 1746 009e 00BF     		.align	2
 1747              	.L300:
 1748 00a0 FCFCFFFF 		.word	-772
 1750              		.section	.text.HAL_FMAC_ErrorCallback,"ax",%progbits
 1751              		.align	1
 1752              		.weak	HAL_FMAC_ErrorCallback
 1753              		.syntax unified
 1754              		.thumb
 1755              		.thumb_func
 1757              	HAL_FMAC_ErrorCallback:
ARM GAS  C:\Users\thewo\AppData\Local\Temp\ccmUFKmC.s 			page 31


 1758              		@ args = 0, pretend = 0, frame = 0
 1759              		@ frame_needed = 0, uses_anonymous_args = 0
 1760              		@ link register save eliminated.
 1761 0000 7047     		bx	lr
 1763              		.section	.text.FMAC_DMAError,"ax",%progbits
 1764              		.align	1
 1765              		.syntax unified
 1766              		.thumb
 1767              		.thumb_func
 1769              	FMAC_DMAError:
 1770              		@ args = 0, pretend = 0, frame = 0
 1771              		@ frame_needed = 0, uses_anonymous_args = 0
 1772 0000 08B5     		push	{r3, lr}
 1773 0002 806B     		ldr	r0, [r0, #56]
 1774 0004 E023     		movs	r3, #224
 1775 0006 80F83130 		strb	r3, [r0, #49]
 1776 000a 436B     		ldr	r3, [r0, #52]
 1777 000c 43F00803 		orr	r3, r3, #8
 1778 0010 4363     		str	r3, [r0, #52]
 1779 0012 FFF7FEFF 		bl	HAL_FMAC_ErrorCallback
 1780 0016 08BD     		pop	{r3, pc}
 1782              		.section	.text.HAL_FMAC_HalfGetDataCallback,"ax",%progbits
 1783              		.align	1
 1784              		.weak	HAL_FMAC_HalfGetDataCallback
 1785              		.syntax unified
 1786              		.thumb
 1787              		.thumb_func
 1789              	HAL_FMAC_HalfGetDataCallback:
 1790              		@ args = 0, pretend = 0, frame = 0
 1791              		@ frame_needed = 0, uses_anonymous_args = 0
 1792              		@ link register save eliminated.
 1793 0000 7047     		bx	lr
 1795              		.section	.text.FMAC_DMAHalfGetData,"ax",%progbits
 1796              		.align	1
 1797              		.syntax unified
 1798              		.thumb
 1799              		.thumb_func
 1801              	FMAC_DMAHalfGetData:
 1802              		@ args = 0, pretend = 0, frame = 0
 1803              		@ frame_needed = 0, uses_anonymous_args = 0
 1804 0000 08B5     		push	{r3, lr}
 1805 0002 806B     		ldr	r0, [r0, #56]
 1806 0004 FFF7FEFF 		bl	HAL_FMAC_HalfGetDataCallback
 1807 0008 08BD     		pop	{r3, pc}
 1809              		.section	.text.HAL_FMAC_GetDataCallback,"ax",%progbits
 1810              		.align	1
 1811              		.weak	HAL_FMAC_GetDataCallback
 1812              		.syntax unified
 1813              		.thumb
 1814              		.thumb_func
 1816              	HAL_FMAC_GetDataCallback:
 1817              		@ args = 0, pretend = 0, frame = 0
 1818              		@ frame_needed = 0, uses_anonymous_args = 0
 1819              		@ link register save eliminated.
 1820 0000 7047     		bx	lr
 1822              		.section	.text.FMAC_DMAGetData,"ax",%progbits
 1823              		.align	1
ARM GAS  C:\Users\thewo\AppData\Local\Temp\ccmUFKmC.s 			page 32


 1824              		.syntax unified
 1825              		.thumb
 1826              		.thumb_func
 1828              	FMAC_DMAGetData:
 1829              		@ args = 0, pretend = 0, frame = 0
 1830              		@ frame_needed = 0, uses_anonymous_args = 0
 1831 0000 10B5     		push	{r4, lr}
 1832 0002 846B     		ldr	r4, [r0, #56]
 1833 0004 2046     		mov	r0, r4
 1834 0006 FFF7FEFF 		bl	FMAC_ResetInputStateAndDataPointers
 1835 000a 2046     		mov	r0, r4
 1836 000c FFF7FEFF 		bl	HAL_FMAC_GetDataCallback
 1837 0010 10BD     		pop	{r4, pc}
 1839              		.section	.text.HAL_FMAC_HalfOutputDataReadyCallback,"ax",%progbits
 1840              		.align	1
 1841              		.weak	HAL_FMAC_HalfOutputDataReadyCallback
 1842              		.syntax unified
 1843              		.thumb
 1844              		.thumb_func
 1846              	HAL_FMAC_HalfOutputDataReadyCallback:
 1847              		@ args = 0, pretend = 0, frame = 0
 1848              		@ frame_needed = 0, uses_anonymous_args = 0
 1849              		@ link register save eliminated.
 1850 0000 7047     		bx	lr
 1852              		.section	.text.FMAC_DMAHalfOutputDataReady,"ax",%progbits
 1853              		.align	1
 1854              		.syntax unified
 1855              		.thumb
 1856              		.thumb_func
 1858              	FMAC_DMAHalfOutputDataReady:
 1859              		@ args = 0, pretend = 0, frame = 0
 1860              		@ frame_needed = 0, uses_anonymous_args = 0
 1861 0000 08B5     		push	{r3, lr}
 1862 0002 806B     		ldr	r0, [r0, #56]
 1863 0004 FFF7FEFF 		bl	HAL_FMAC_HalfOutputDataReadyCallback
 1864 0008 08BD     		pop	{r3, pc}
 1866              		.section	.text.HAL_FMAC_OutputDataReadyCallback,"ax",%progbits
 1867              		.align	1
 1868              		.weak	HAL_FMAC_OutputDataReadyCallback
 1869              		.syntax unified
 1870              		.thumb
 1871              		.thumb_func
 1873              	HAL_FMAC_OutputDataReadyCallback:
 1874              		@ args = 0, pretend = 0, frame = 0
 1875              		@ frame_needed = 0, uses_anonymous_args = 0
 1876              		@ link register save eliminated.
 1877 0000 7047     		bx	lr
 1879              		.section	.text.FMAC_DMAOutputDataReady,"ax",%progbits
 1880              		.align	1
 1881              		.syntax unified
 1882              		.thumb
 1883              		.thumb_func
 1885              	FMAC_DMAOutputDataReady:
 1886              		@ args = 0, pretend = 0, frame = 0
 1887              		@ frame_needed = 0, uses_anonymous_args = 0
 1888 0000 10B5     		push	{r4, lr}
 1889 0002 846B     		ldr	r4, [r0, #56]
ARM GAS  C:\Users\thewo\AppData\Local\Temp\ccmUFKmC.s 			page 33


 1890 0004 2046     		mov	r0, r4
 1891 0006 FFF7FEFF 		bl	FMAC_ResetOutputStateAndDataPointers
 1892 000a 2046     		mov	r0, r4
 1893 000c FFF7FEFF 		bl	HAL_FMAC_OutputDataReadyCallback
 1894 0010 10BD     		pop	{r4, pc}
 1896              		.section	.text.HAL_FMAC_FilterConfigCallback,"ax",%progbits
 1897              		.align	1
 1898              		.weak	HAL_FMAC_FilterConfigCallback
 1899              		.syntax unified
 1900              		.thumb
 1901              		.thumb_func
 1903              	HAL_FMAC_FilterConfigCallback:
 1904              		@ args = 0, pretend = 0, frame = 0
 1905              		@ frame_needed = 0, uses_anonymous_args = 0
 1906              		@ link register save eliminated.
 1907 0000 7047     		bx	lr
 1909              		.section	.text.FMAC_DMAFilterConfig,"ax",%progbits
 1910              		.align	1
 1911              		.syntax unified
 1912              		.thumb
 1913              		.thumb_func
 1915              	FMAC_DMAFilterConfig:
 1916              		@ args = 0, pretend = 0, frame = 0
 1917              		@ frame_needed = 0, uses_anonymous_args = 0
 1918 0000 10B5     		push	{r4, lr}
 1919 0002 846B     		ldr	r4, [r0, #56]
 1920 0004 E368     		ldr	r3, [r4, #12]
 1921 0006 FBB1     		cbz	r3, .L326
 1922 0008 E36A     		ldr	r3, [r4, #44]
 1923 000a 0022     		movs	r2, #0
 1924 000c 1A64     		str	r2, [r3, #64]
 1925 000e E36A     		ldr	r3, [r4, #44]
 1926 0010 1A4A     		ldr	r2, .L329
 1927 0012 DA63     		str	r2, [r3, #60]
 1928 0014 E36A     		ldr	r3, [r4, #44]
 1929 0016 1A4A     		ldr	r2, .L329+4
 1930 0018 DA64     		str	r2, [r3, #76]
 1931 001a 2268     		ldr	r2, [r4]
 1932 001c 238A     		ldrh	r3, [r4, #16]
 1933 001e 1832     		adds	r2, r2, #24
 1934 0020 E168     		ldr	r1, [r4, #12]
 1935 0022 E06A     		ldr	r0, [r4, #44]
 1936 0024 FFF7FEFF 		bl	HAL_DMA_Start_IT
 1937 0028 50B1     		cbz	r0, .L328
 1938 002a E023     		movs	r3, #224
 1939 002c 84F83130 		strb	r3, [r4, #49]
 1940              	.L322:
 1941 0030 636B     		ldr	r3, [r4, #52]
 1942 0032 43F00803 		orr	r3, r3, #8
 1943 0036 6363     		str	r3, [r4, #52]
 1944 0038 2046     		mov	r0, r4
 1945 003a FFF7FEFF 		bl	HAL_FMAC_ErrorCallback
 1946              	.L318:
 1947 003e 10BD     		pop	{r4, pc}
 1948              	.L328:
 1949 0040 0023     		movs	r3, #0
 1950 0042 E360     		str	r3, [r4, #12]
ARM GAS  C:\Users\thewo\AppData\Local\Temp\ccmUFKmC.s 			page 34


 1951 0044 2382     		strh	r3, [r4, #16]	@ movhi
 1952 0046 FAE7     		b	.L318
 1953              	.L326:
 1954 0048 0023     		movs	r3, #0
 1955              	.L319:
 1956 004a FF2B     		cmp	r3, #255
 1957 004c 06D0     		beq	.L323
 1958 004e 2268     		ldr	r2, [r4]
 1959 0050 D268     		ldr	r2, [r2, #12]
 1960 0052 002A     		cmp	r2, #0
 1961 0054 02DA     		bge	.L323
 1962 0056 0133     		adds	r3, r3, #1
 1963 0058 DBB2     		uxtb	r3, r3
 1964 005a F6E7     		b	.L319
 1965              	.L323:
 1966 005c 2368     		ldr	r3, [r4]
 1967 005e DB68     		ldr	r3, [r3, #12]
 1968 0060 002B     		cmp	r3, #0
 1969 0062 03DA     		bge	.L325
 1970 0064 A023     		movs	r3, #160
 1971 0066 84F83130 		strb	r3, [r4, #49]
 1972 006a E1E7     		b	.L322
 1973              	.L325:
 1974 006c 2023     		movs	r3, #32
 1975 006e 84F83130 		strb	r3, [r4, #49]
 1976 0072 2046     		mov	r0, r4
 1977 0074 FFF7FEFF 		bl	HAL_FMAC_FilterConfigCallback
 1978 0078 E1E7     		b	.L318
 1979              	.L330:
 1980 007a 00BF     		.align	2
 1981              	.L329:
 1982 007c 00000000 		.word	FMAC_DMAFilterConfig
 1983 0080 00000000 		.word	FMAC_DMAError
 1985              		.section	.text.HAL_FMAC_FilterPreloadCallback,"ax",%progbits
 1986              		.align	1
 1987              		.weak	HAL_FMAC_FilterPreloadCallback
 1988              		.syntax unified
 1989              		.thumb
 1990              		.thumb_func
 1992              	HAL_FMAC_FilterPreloadCallback:
 1993              		@ args = 0, pretend = 0, frame = 0
 1994              		@ frame_needed = 0, uses_anonymous_args = 0
 1995              		@ link register save eliminated.
 1996 0000 7047     		bx	lr
 1998              		.section	.text.FMAC_DMAFilterPreload,"ax",%progbits
 1999              		.align	1
 2000              		.syntax unified
 2001              		.thumb
 2002              		.thumb_func
 2004              	FMAC_DMAFilterPreload:
 2005              		@ args = 0, pretend = 0, frame = 0
 2006              		@ frame_needed = 0, uses_anonymous_args = 0
 2007 0000 10B5     		push	{r4, lr}
 2008 0002 846B     		ldr	r4, [r0, #56]
 2009 0004 0023     		movs	r3, #0
 2010              	.L333:
 2011 0006 FF2B     		cmp	r3, #255
ARM GAS  C:\Users\thewo\AppData\Local\Temp\ccmUFKmC.s 			page 35


 2012 0008 06D0     		beq	.L334
 2013 000a 2268     		ldr	r2, [r4]
 2014 000c D268     		ldr	r2, [r2, #12]
 2015 000e 002A     		cmp	r2, #0
 2016 0010 02DA     		bge	.L334
 2017 0012 0133     		adds	r3, r3, #1
 2018 0014 DBB2     		uxtb	r3, r3
 2019 0016 F6E7     		b	.L333
 2020              	.L334:
 2021 0018 2368     		ldr	r3, [r4]
 2022 001a DA68     		ldr	r2, [r3, #12]
 2023 001c 002A     		cmp	r2, #0
 2024 001e 1DDB     		blt	.L342
 2025 0020 E268     		ldr	r2, [r4, #12]
 2026 0022 12B3     		cbz	r2, .L337
 2027 0024 228A     		ldrh	r2, [r4, #16]
 2028 0026 02B3     		cbz	r2, .L337
 2029 0028 42F00342 		orr	r2, r2, #-2097152000
 2030 002c DA60     		str	r2, [r3, #12]
 2031 002e E36A     		ldr	r3, [r4, #44]
 2032 0030 0022     		movs	r2, #0
 2033 0032 1A64     		str	r2, [r3, #64]
 2034 0034 E36A     		ldr	r3, [r4, #44]
 2035 0036 154A     		ldr	r2, .L344
 2036 0038 DA63     		str	r2, [r3, #60]
 2037 003a E36A     		ldr	r3, [r4, #44]
 2038 003c 144A     		ldr	r2, .L344+4
 2039 003e DA64     		str	r2, [r3, #76]
 2040 0040 2268     		ldr	r2, [r4]
 2041 0042 238A     		ldrh	r3, [r4, #16]
 2042 0044 1832     		adds	r2, r2, #24
 2043 0046 E168     		ldr	r1, [r4, #12]
 2044 0048 E06A     		ldr	r0, [r4, #44]
 2045 004a FFF7FEFF 		bl	HAL_DMA_Start_IT
 2046 004e A8B1     		cbz	r0, .L343
 2047 0050 0823     		movs	r3, #8
 2048 0052 6363     		str	r3, [r4, #52]
 2049 0054 E023     		movs	r3, #224
 2050 0056 84F83130 		strb	r3, [r4, #49]
 2051 005a 06E0     		b	.L337
 2052              	.L342:
 2053 005c A023     		movs	r3, #160
 2054 005e 84F83130 		strb	r3, [r4, #49]
 2055 0062 636B     		ldr	r3, [r4, #52]
 2056 0064 43F08003 		orr	r3, r3, #128
 2057 0068 6363     		str	r3, [r4, #52]
 2058              	.L337:
 2059 006a 636B     		ldr	r3, [r4, #52]
 2060 006c 53B9     		cbnz	r3, .L340
 2061 006e 2023     		movs	r3, #32
 2062 0070 84F83130 		strb	r3, [r4, #49]
 2063 0074 2046     		mov	r0, r4
 2064 0076 FFF7FEFF 		bl	HAL_FMAC_FilterPreloadCallback
 2065              	.L332:
 2066 007a 10BD     		pop	{r4, pc}
 2067              	.L343:
 2068 007c 0023     		movs	r3, #0
ARM GAS  C:\Users\thewo\AppData\Local\Temp\ccmUFKmC.s 			page 36


 2069 007e E360     		str	r3, [r4, #12]
 2070 0080 2382     		strh	r3, [r4, #16]	@ movhi
 2071 0082 FAE7     		b	.L332
 2072              	.L340:
 2073 0084 2046     		mov	r0, r4
 2074 0086 FFF7FEFF 		bl	HAL_FMAC_ErrorCallback
 2075 008a F6E7     		b	.L332
 2076              	.L345:
 2077              		.align	2
 2078              	.L344:
 2079 008c 00000000 		.word	FMAC_DMAFilterPreload
 2080 0090 00000000 		.word	FMAC_DMAError
 2082              		.section	.text.HAL_FMAC_IRQHandler,"ax",%progbits
 2083              		.align	1
 2084              		.global	HAL_FMAC_IRQHandler
 2085              		.syntax unified
 2086              		.thumb
 2087              		.thumb_func
 2089              	HAL_FMAC_IRQHandler:
 2090              		@ args = 0, pretend = 0, frame = 0
 2091              		@ frame_needed = 0, uses_anonymous_args = 0
 2092 0000 10B5     		push	{r4, lr}
 2093 0002 0446     		mov	r4, r0
 2094 0004 0268     		ldr	r2, [r0]
 2095 0006 1369     		ldr	r3, [r2, #16]
 2096 0008 5169     		ldr	r1, [r2, #20]
 2097 000a 11F0010F 		tst	r1, #1
 2098 000e 11D1     		bne	.L347
 2099 0010 03F00103 		and	r3, r3, #1
 2100 0014 73B1     		cbz	r3, .L347
 2101 0016 8369     		ldr	r3, [r0, #24]
 2102 0018 23B1     		cbz	r3, .L348
 2103 001a 9168     		ldr	r1, [r2, #8]
 2104 001c C1F30721 		ubfx	r1, r1, #8, #8
 2105 0020 FFF7FEFF 		bl	FMAC_ReadDataIncrementPtr
 2106              	.L348:
 2107 0024 A369     		ldr	r3, [r4, #24]
 2108 0026 002B     		cmp	r3, #0
 2109 0028 45D0     		beq	.L349
 2110 002a A28B     		ldrh	r2, [r4, #28]
 2111 002c 236A     		ldr	r3, [r4, #32]
 2112 002e 1B88     		ldrh	r3, [r3]
 2113 0030 9A42     		cmp	r2, r3
 2114 0032 40D0     		beq	.L349
 2115              	.L347:
 2116 0034 2268     		ldr	r2, [r4]
 2117 0036 1369     		ldr	r3, [r2, #16]
 2118 0038 03F00203 		and	r3, r3, #2
 2119 003c 5169     		ldr	r1, [r2, #20]
 2120 003e 11F0020F 		tst	r1, #2
 2121 0042 10D1     		bne	.L350
 2122 0044 7BB1     		cbz	r3, .L350
 2123 0046 E368     		ldr	r3, [r4, #12]
 2124 0048 2BB1     		cbz	r3, .L351
 2125 004a 1168     		ldr	r1, [r2]
 2126 004c C1F30721 		ubfx	r1, r1, #8, #8
 2127 0050 2046     		mov	r0, r4
ARM GAS  C:\Users\thewo\AppData\Local\Temp\ccmUFKmC.s 			page 37


 2128 0052 FFF7FEFF 		bl	FMAC_WriteDataIncrementPtr
 2129              	.L351:
 2130 0056 E368     		ldr	r3, [r4, #12]
 2131 0058 002B     		cmp	r3, #0
 2132 005a 33D0     		beq	.L352
 2133 005c 228A     		ldrh	r2, [r4, #16]
 2134 005e 6369     		ldr	r3, [r4, #20]
 2135 0060 1B88     		ldrh	r3, [r3]
 2136 0062 9A42     		cmp	r2, r3
 2137 0064 2ED0     		beq	.L352
 2138              	.L350:
 2139 0066 2368     		ldr	r3, [r4]
 2140 0068 1A69     		ldr	r2, [r3, #16]
 2141 006a 02F00402 		and	r2, r2, #4
 2142 006e 5969     		ldr	r1, [r3, #20]
 2143 0070 11F4807F 		tst	r1, #256
 2144 0074 04D0     		beq	.L353
 2145 0076 1AB1     		cbz	r2, .L353
 2146 0078 626B     		ldr	r2, [r4, #52]
 2147 007a 42F00402 		orr	r2, r2, #4
 2148 007e 6263     		str	r2, [r4, #52]
 2149              	.L353:
 2150 0080 1A69     		ldr	r2, [r3, #16]
 2151 0082 02F00802 		and	r2, r2, #8
 2152 0086 5969     		ldr	r1, [r3, #20]
 2153 0088 11F4007F 		tst	r1, #512
 2154 008c 04D0     		beq	.L354
 2155 008e 1AB1     		cbz	r2, .L354
 2156 0090 626B     		ldr	r2, [r4, #52]
 2157 0092 42F00202 		orr	r2, r2, #2
 2158 0096 6263     		str	r2, [r4, #52]
 2159              	.L354:
 2160 0098 1A69     		ldr	r2, [r3, #16]
 2161 009a 02F01002 		and	r2, r2, #16
 2162 009e 5B69     		ldr	r3, [r3, #20]
 2163 00a0 13F4806F 		tst	r3, #1024
 2164 00a4 04D0     		beq	.L355
 2165 00a6 1AB1     		cbz	r2, .L355
 2166 00a8 636B     		ldr	r3, [r4, #52]
 2167 00aa 43F00103 		orr	r3, r3, #1
 2168 00ae 6363     		str	r3, [r4, #52]
 2169              	.L355:
 2170 00b0 636B     		ldr	r3, [r4, #52]
 2171 00b2 73B9     		cbnz	r3, .L358
 2172              	.L346:
 2173 00b4 10BD     		pop	{r4, pc}
 2174              	.L349:
 2175 00b6 2046     		mov	r0, r4
 2176 00b8 FFF7FEFF 		bl	FMAC_ResetOutputStateAndDataPointers
 2177 00bc 2046     		mov	r0, r4
 2178 00be FFF7FEFF 		bl	HAL_FMAC_OutputDataReadyCallback
 2179 00c2 B7E7     		b	.L347
 2180              	.L352:
 2181 00c4 2046     		mov	r0, r4
 2182 00c6 FFF7FEFF 		bl	FMAC_ResetInputStateAndDataPointers
 2183 00ca 2046     		mov	r0, r4
 2184 00cc FFF7FEFF 		bl	HAL_FMAC_GetDataCallback
ARM GAS  C:\Users\thewo\AppData\Local\Temp\ccmUFKmC.s 			page 38


 2185 00d0 C9E7     		b	.L350
 2186              	.L358:
 2187 00d2 2046     		mov	r0, r4
 2188 00d4 FFF7FEFF 		bl	HAL_FMAC_ErrorCallback
 2189 00d8 ECE7     		b	.L346
 2191              		.section	.text.HAL_FMAC_GetState,"ax",%progbits
 2192              		.align	1
 2193              		.global	HAL_FMAC_GetState
 2194              		.syntax unified
 2195              		.thumb
 2196              		.thumb_func
 2198              	HAL_FMAC_GetState:
 2199              		@ args = 0, pretend = 0, frame = 0
 2200              		@ frame_needed = 0, uses_anonymous_args = 0
 2201              		@ link register save eliminated.
 2202 0000 90F83100 		ldrb	r0, [r0, #49]	@ zero_extendqisi2
 2203 0004 7047     		bx	lr
 2205              		.section	.text.HAL_FMAC_GetError,"ax",%progbits
 2206              		.align	1
 2207              		.global	HAL_FMAC_GetError
 2208              		.syntax unified
 2209              		.thumb
 2210              		.thumb_func
 2212              	HAL_FMAC_GetError:
 2213              		@ args = 0, pretend = 0, frame = 0
 2214              		@ frame_needed = 0, uses_anonymous_args = 0
 2215              		@ link register save eliminated.
 2216 0000 406B     		ldr	r0, [r0, #52]
 2217 0002 7047     		bx	lr
 2219              		.ident	"GCC: (xPack GNU Arm Embedded GCC x86_64) 14.2.1 20241119"
ARM GAS  C:\Users\thewo\AppData\Local\Temp\ccmUFKmC.s 			page 39


DEFINED SYMBOLS
                            *ABS*:00000000 stm32h7xx_hal_fmac.c
C:\Users\thewo\AppData\Local\Temp\ccmUFKmC.s:17     .text.FMAC_ResetInputStateAndDataPointers:00000000 $t
C:\Users\thewo\AppData\Local\Temp\ccmUFKmC.s:22     .text.FMAC_ResetInputStateAndDataPointers:00000000 FMAC_ResetInputStateAndDataPointers
C:\Users\thewo\AppData\Local\Temp\ccmUFKmC.s:35     .text.FMAC_ResetOutputStateAndDataPointers:00000000 $t
C:\Users\thewo\AppData\Local\Temp\ccmUFKmC.s:40     .text.FMAC_ResetOutputStateAndDataPointers:00000000 FMAC_ResetOutputStateAndDataPointers
C:\Users\thewo\AppData\Local\Temp\ccmUFKmC.s:53     .text.FMAC_ResetDataPointers:00000000 $t
C:\Users\thewo\AppData\Local\Temp\ccmUFKmC.s:58     .text.FMAC_ResetDataPointers:00000000 FMAC_ResetDataPointers
C:\Users\thewo\AppData\Local\Temp\ccmUFKmC.s:69     .text.FMAC_WritePreloadDataIncrementPtr:00000000 $t
C:\Users\thewo\AppData\Local\Temp\ccmUFKmC.s:74     .text.FMAC_WritePreloadDataIncrementPtr:00000000 FMAC_WritePreloadDataIncrementPtr
C:\Users\thewo\AppData\Local\Temp\ccmUFKmC.s:99     .text.FMAC_ReadDataIncrementPtr:00000000 $t
C:\Users\thewo\AppData\Local\Temp\ccmUFKmC.s:104    .text.FMAC_ReadDataIncrementPtr:00000000 FMAC_ReadDataIncrementPtr
C:\Users\thewo\AppData\Local\Temp\ccmUFKmC.s:188    .text.FMAC_WriteDataIncrementPtr:00000000 $t
C:\Users\thewo\AppData\Local\Temp\ccmUFKmC.s:193    .text.FMAC_WriteDataIncrementPtr:00000000 FMAC_WriteDataIncrementPtr
C:\Users\thewo\AppData\Local\Temp\ccmUFKmC.s:279    .text.FMAC_Reset:00000000 $t
C:\Users\thewo\AppData\Local\Temp\ccmUFKmC.s:284    .text.FMAC_Reset:00000000 FMAC_Reset
C:\Users\thewo\AppData\Local\Temp\ccmUFKmC.s:316    .text.FMAC_WaitOnStartUntilTimeout:00000000 $t
C:\Users\thewo\AppData\Local\Temp\ccmUFKmC.s:321    .text.FMAC_WaitOnStartUntilTimeout:00000000 FMAC_WaitOnStartUntilTimeout
C:\Users\thewo\AppData\Local\Temp\ccmUFKmC.s:348    .rodata.FMAC_FilterConfig.str1.4:00000000 $d
C:\Users\thewo\AppData\Local\Temp\ccmUFKmC.s:353    .text.FMAC_FilterConfig:00000000 $t
C:\Users\thewo\AppData\Local\Temp\ccmUFKmC.s:358    .text.FMAC_FilterConfig:00000000 FMAC_FilterConfig
C:\Users\thewo\AppData\Local\Temp\ccmUFKmC.s:603    .text.FMAC_FilterConfig:00000218 $d
C:\Users\thewo\AppData\Local\Temp\ccmUFKmC.s:605    .text.FMAC_FilterConfig:0000021c $t
C:\Users\thewo\AppData\Local\Temp\ccmUFKmC.s:811    .text.FMAC_FilterConfig:000003d8 $d
C:\Users\thewo\AppData\Local\Temp\ccmUFKmC.s:1915   .text.FMAC_DMAFilterConfig:00000000 FMAC_DMAFilterConfig
C:\Users\thewo\AppData\Local\Temp\ccmUFKmC.s:1769   .text.FMAC_DMAError:00000000 FMAC_DMAError
C:\Users\thewo\AppData\Local\Temp\ccmUFKmC.s:816    .text.FMAC_FilterPreload:00000000 $t
C:\Users\thewo\AppData\Local\Temp\ccmUFKmC.s:821    .text.FMAC_FilterPreload:00000000 FMAC_FilterPreload
C:\Users\thewo\AppData\Local\Temp\ccmUFKmC.s:1006   .text.FMAC_FilterPreload:00000184 $d
C:\Users\thewo\AppData\Local\Temp\ccmUFKmC.s:2004   .text.FMAC_DMAFilterPreload:00000000 FMAC_DMAFilterPreload
C:\Users\thewo\AppData\Local\Temp\ccmUFKmC.s:1010   .text.FMAC_ConfigFilterOutputBufferUpdateState:00000000 $t
C:\Users\thewo\AppData\Local\Temp\ccmUFKmC.s:1015   .text.FMAC_ConfigFilterOutputBufferUpdateState:00000000 FMAC_ConfigFilterOutputBufferUpdateState
C:\Users\thewo\AppData\Local\Temp\ccmUFKmC.s:1079   .text.FMAC_ConfigFilterOutputBufferUpdateState:00000090 $d
C:\Users\thewo\AppData\Local\Temp\ccmUFKmC.s:1858   .text.FMAC_DMAHalfOutputDataReady:00000000 FMAC_DMAHalfOutputDataReady
C:\Users\thewo\AppData\Local\Temp\ccmUFKmC.s:1885   .text.FMAC_DMAOutputDataReady:00000000 FMAC_DMAOutputDataReady
C:\Users\thewo\AppData\Local\Temp\ccmUFKmC.s:1084   .text.FMAC_AppendFilterDataUpdateState:00000000 $t
C:\Users\thewo\AppData\Local\Temp\ccmUFKmC.s:1089   .text.FMAC_AppendFilterDataUpdateState:00000000 FMAC_AppendFilterDataUpdateState
C:\Users\thewo\AppData\Local\Temp\ccmUFKmC.s:1126   .text.FMAC_AppendFilterDataUpdateState:00000040 $d
C:\Users\thewo\AppData\Local\Temp\ccmUFKmC.s:1801   .text.FMAC_DMAHalfGetData:00000000 FMAC_DMAHalfGetData
C:\Users\thewo\AppData\Local\Temp\ccmUFKmC.s:1828   .text.FMAC_DMAGetData:00000000 FMAC_DMAGetData
C:\Users\thewo\AppData\Local\Temp\ccmUFKmC.s:1131   .text.HAL_FMAC_MspInit:00000000 $t
C:\Users\thewo\AppData\Local\Temp\ccmUFKmC.s:1137   .text.HAL_FMAC_MspInit:00000000 HAL_FMAC_MspInit
C:\Users\thewo\AppData\Local\Temp\ccmUFKmC.s:1144   .text.HAL_FMAC_Init:00000000 $t
C:\Users\thewo\AppData\Local\Temp\ccmUFKmC.s:1150   .text.HAL_FMAC_Init:00000000 HAL_FMAC_Init
C:\Users\thewo\AppData\Local\Temp\ccmUFKmC.s:1201   .text.HAL_FMAC_Init:00000064 $d
C:\Users\thewo\AppData\Local\Temp\ccmUFKmC.s:1205   .text.HAL_FMAC_MspDeInit:00000000 $t
C:\Users\thewo\AppData\Local\Temp\ccmUFKmC.s:1211   .text.HAL_FMAC_MspDeInit:00000000 HAL_FMAC_MspDeInit
C:\Users\thewo\AppData\Local\Temp\ccmUFKmC.s:1218   .text.HAL_FMAC_DeInit:00000000 $t
C:\Users\thewo\AppData\Local\Temp\ccmUFKmC.s:1224   .text.HAL_FMAC_DeInit:00000000 HAL_FMAC_DeInit
C:\Users\thewo\AppData\Local\Temp\ccmUFKmC.s:1257   .text.HAL_FMAC_DeInit:00000040 $d
C:\Users\thewo\AppData\Local\Temp\ccmUFKmC.s:1261   .text.HAL_FMAC_FilterConfig:00000000 $t
C:\Users\thewo\AppData\Local\Temp\ccmUFKmC.s:1267   .text.HAL_FMAC_FilterConfig:00000000 HAL_FMAC_FilterConfig
C:\Users\thewo\AppData\Local\Temp\ccmUFKmC.s:1276   .text.HAL_FMAC_FilterConfig_DMA:00000000 $t
C:\Users\thewo\AppData\Local\Temp\ccmUFKmC.s:1282   .text.HAL_FMAC_FilterConfig_DMA:00000000 HAL_FMAC_FilterConfig_DMA
C:\Users\thewo\AppData\Local\Temp\ccmUFKmC.s:1291   .text.HAL_FMAC_FilterPreload:00000000 $t
C:\Users\thewo\AppData\Local\Temp\ccmUFKmC.s:1297   .text.HAL_FMAC_FilterPreload:00000000 HAL_FMAC_FilterPreload
C:\Users\thewo\AppData\Local\Temp\ccmUFKmC.s:1312   .text.HAL_FMAC_FilterPreload_DMA:00000000 $t
ARM GAS  C:\Users\thewo\AppData\Local\Temp\ccmUFKmC.s 			page 40


C:\Users\thewo\AppData\Local\Temp\ccmUFKmC.s:1318   .text.HAL_FMAC_FilterPreload_DMA:00000000 HAL_FMAC_FilterPreload_DMA
C:\Users\thewo\AppData\Local\Temp\ccmUFKmC.s:1333   .text.HAL_FMAC_FilterStart:00000000 $t
C:\Users\thewo\AppData\Local\Temp\ccmUFKmC.s:1339   .text.HAL_FMAC_FilterStart:00000000 HAL_FMAC_FilterStart
C:\Users\thewo\AppData\Local\Temp\ccmUFKmC.s:1408   .text.HAL_FMAC_FilterStart:0000007c $d
C:\Users\thewo\AppData\Local\Temp\ccmUFKmC.s:1411   .text.HAL_FMAC_AppendFilterData:00000000 $t
C:\Users\thewo\AppData\Local\Temp\ccmUFKmC.s:1417   .text.HAL_FMAC_AppendFilterData:00000000 HAL_FMAC_AppendFilterData
C:\Users\thewo\AppData\Local\Temp\ccmUFKmC.s:1466   .text.HAL_FMAC_ConfigFilterOutputBuffer:00000000 $t
C:\Users\thewo\AppData\Local\Temp\ccmUFKmC.s:1472   .text.HAL_FMAC_ConfigFilterOutputBuffer:00000000 HAL_FMAC_ConfigFilterOutputBuffer
C:\Users\thewo\AppData\Local\Temp\ccmUFKmC.s:1521   .text.HAL_FMAC_PollFilterData:00000000 $t
C:\Users\thewo\AppData\Local\Temp\ccmUFKmC.s:1527   .text.HAL_FMAC_PollFilterData:00000000 HAL_FMAC_PollFilterData
C:\Users\thewo\AppData\Local\Temp\ccmUFKmC.s:1654   .text.HAL_FMAC_FilterStop:00000000 $t
C:\Users\thewo\AppData\Local\Temp\ccmUFKmC.s:1660   .text.HAL_FMAC_FilterStop:00000000 HAL_FMAC_FilterStop
C:\Users\thewo\AppData\Local\Temp\ccmUFKmC.s:1748   .text.HAL_FMAC_FilterStop:000000a0 $d
C:\Users\thewo\AppData\Local\Temp\ccmUFKmC.s:1751   .text.HAL_FMAC_ErrorCallback:00000000 $t
C:\Users\thewo\AppData\Local\Temp\ccmUFKmC.s:1757   .text.HAL_FMAC_ErrorCallback:00000000 HAL_FMAC_ErrorCallback
C:\Users\thewo\AppData\Local\Temp\ccmUFKmC.s:1764   .text.FMAC_DMAError:00000000 $t
C:\Users\thewo\AppData\Local\Temp\ccmUFKmC.s:1783   .text.HAL_FMAC_HalfGetDataCallback:00000000 $t
C:\Users\thewo\AppData\Local\Temp\ccmUFKmC.s:1789   .text.HAL_FMAC_HalfGetDataCallback:00000000 HAL_FMAC_HalfGetDataCallback
C:\Users\thewo\AppData\Local\Temp\ccmUFKmC.s:1796   .text.FMAC_DMAHalfGetData:00000000 $t
C:\Users\thewo\AppData\Local\Temp\ccmUFKmC.s:1810   .text.HAL_FMAC_GetDataCallback:00000000 $t
C:\Users\thewo\AppData\Local\Temp\ccmUFKmC.s:1816   .text.HAL_FMAC_GetDataCallback:00000000 HAL_FMAC_GetDataCallback
C:\Users\thewo\AppData\Local\Temp\ccmUFKmC.s:1823   .text.FMAC_DMAGetData:00000000 $t
C:\Users\thewo\AppData\Local\Temp\ccmUFKmC.s:1840   .text.HAL_FMAC_HalfOutputDataReadyCallback:00000000 $t
C:\Users\thewo\AppData\Local\Temp\ccmUFKmC.s:1846   .text.HAL_FMAC_HalfOutputDataReadyCallback:00000000 HAL_FMAC_HalfOutputDataReadyCallback
C:\Users\thewo\AppData\Local\Temp\ccmUFKmC.s:1853   .text.FMAC_DMAHalfOutputDataReady:00000000 $t
C:\Users\thewo\AppData\Local\Temp\ccmUFKmC.s:1867   .text.HAL_FMAC_OutputDataReadyCallback:00000000 $t
C:\Users\thewo\AppData\Local\Temp\ccmUFKmC.s:1873   .text.HAL_FMAC_OutputDataReadyCallback:00000000 HAL_FMAC_OutputDataReadyCallback
C:\Users\thewo\AppData\Local\Temp\ccmUFKmC.s:1880   .text.FMAC_DMAOutputDataReady:00000000 $t
C:\Users\thewo\AppData\Local\Temp\ccmUFKmC.s:1897   .text.HAL_FMAC_FilterConfigCallback:00000000 $t
C:\Users\thewo\AppData\Local\Temp\ccmUFKmC.s:1903   .text.HAL_FMAC_FilterConfigCallback:00000000 HAL_FMAC_FilterConfigCallback
C:\Users\thewo\AppData\Local\Temp\ccmUFKmC.s:1910   .text.FMAC_DMAFilterConfig:00000000 $t
C:\Users\thewo\AppData\Local\Temp\ccmUFKmC.s:1982   .text.FMAC_DMAFilterConfig:0000007c $d
C:\Users\thewo\AppData\Local\Temp\ccmUFKmC.s:1986   .text.HAL_FMAC_FilterPreloadCallback:00000000 $t
C:\Users\thewo\AppData\Local\Temp\ccmUFKmC.s:1992   .text.HAL_FMAC_FilterPreloadCallback:00000000 HAL_FMAC_FilterPreloadCallback
C:\Users\thewo\AppData\Local\Temp\ccmUFKmC.s:1999   .text.FMAC_DMAFilterPreload:00000000 $t
C:\Users\thewo\AppData\Local\Temp\ccmUFKmC.s:2079   .text.FMAC_DMAFilterPreload:0000008c $d
C:\Users\thewo\AppData\Local\Temp\ccmUFKmC.s:2083   .text.HAL_FMAC_IRQHandler:00000000 $t
C:\Users\thewo\AppData\Local\Temp\ccmUFKmC.s:2089   .text.HAL_FMAC_IRQHandler:00000000 HAL_FMAC_IRQHandler
C:\Users\thewo\AppData\Local\Temp\ccmUFKmC.s:2192   .text.HAL_FMAC_GetState:00000000 $t
C:\Users\thewo\AppData\Local\Temp\ccmUFKmC.s:2198   .text.HAL_FMAC_GetState:00000000 HAL_FMAC_GetState
C:\Users\thewo\AppData\Local\Temp\ccmUFKmC.s:2206   .text.HAL_FMAC_GetError:00000000 $t
C:\Users\thewo\AppData\Local\Temp\ccmUFKmC.s:2212   .text.HAL_FMAC_GetError:00000000 HAL_FMAC_GetError

UNDEFINED SYMBOLS
HAL_GetTick
assert_failed
HAL_DMA_Start_IT
HAL_DMA_Abort_IT
