ARM GAS  C:\Users\thewo\AppData\Local\Temp\ccWwsCHT.s 			page 1


   1              		.cpu cortex-m7
   2              		.arch armv7e-m
   3              		.fpu fpv5-d16
   4              		.eabi_attribute 28, 1
   5              		.eabi_attribute 20, 1
   6              		.eabi_attribute 21, 1
   7              		.eabi_attribute 23, 3
   8              		.eabi_attribute 24, 1
   9              		.eabi_attribute 25, 1
  10              		.eabi_attribute 26, 1
  11              		.eabi_attribute 30, 1
  12              		.eabi_attribute 34, 1
  13              		.eabi_attribute 18, 4
  14              		.file	"stm32h7xx_hal_mdma.c"
  15              		.text
  16              		.section	.text.MDMA_SetConfig,"ax",%progbits
  17              		.align	1
  18              		.syntax unified
  19              		.thumb
  20              		.thumb_func
  22              	MDMA_SetConfig:
  23              		@ args = 4, pretend = 0, frame = 0
  24              		@ frame_needed = 0, uses_anonymous_args = 0
  25              		@ link register save eliminated.
  26 0000 30B4     		push	{r4, r5}
  27 0002 0568     		ldr	r5, [r0]
  28 0004 6C69     		ldr	r4, [r5, #20]
  29 0006 DFF884C0 		ldr	ip, .L7
  30 000a 04EA0C0C 		and	ip, r4, ip
  31 000e C3F31003 		ubfx	r3, r3, #0, #17
  32 0012 4CEA0303 		orr	r3, ip, r3
  33 0016 6B61     		str	r3, [r5, #20]
  34 0018 0568     		ldr	r5, [r0]
  35 001a 6B69     		ldr	r3, [r5, #20]
  36 001c C3F31303 		ubfx	r3, r3, #0, #20
  37 0020 029C     		ldr	r4, [sp, #8]
  38 0022 013C     		subs	r4, r4, #1
  39 0024 43EA0453 		orr	r3, r3, r4, lsl #20
  40 0028 6B61     		str	r3, [r5, #20]
  41 002a 0368     		ldr	r3, [r0]
  42 002c 1F24     		movs	r4, #31
  43 002e 5C60     		str	r4, [r3, #4]
  44 0030 0368     		ldr	r3, [r0]
  45 0032 DA61     		str	r2, [r3, #28]
  46 0034 0368     		ldr	r3, [r0]
  47 0036 9961     		str	r1, [r3, #24]
  48 0038 01F07F41 		and	r1, r1, #-16777216
  49 003c 0029     		cmp	r1, #0
  50 003e 18BF     		it	ne
  51 0040 B1F1005F 		cmpne	r1, #536870912
  52 0044 15D1     		bne	.L2
  53 0046 0168     		ldr	r1, [r0]
  54 0048 8B6A     		ldr	r3, [r1, #40]
  55 004a 43F48033 		orr	r3, r3, #65536
  56 004e 8B62     		str	r3, [r1, #40]
  57              	.L3:
  58 0050 02F07F42 		and	r2, r2, #-16777216
ARM GAS  C:\Users\thewo\AppData\Local\Temp\ccWwsCHT.s 			page 2


  59 0054 002A     		cmp	r2, #0
  60 0056 18BF     		it	ne
  61 0058 B2F1005F 		cmpne	r2, #536870912
  62 005c 0FD1     		bne	.L4
  63 005e 0268     		ldr	r2, [r0]
  64 0060 936A     		ldr	r3, [r2, #40]
  65 0062 43F40033 		orr	r3, r3, #131072
  66 0066 9362     		str	r3, [r2, #40]
  67              	.L5:
  68 0068 C26D     		ldr	r2, [r0, #92]
  69 006a 0368     		ldr	r3, [r0]
  70 006c 5A62     		str	r2, [r3, #36]
  71 006e 30BC     		pop	{r4, r5}
  72 0070 7047     		bx	lr
  73              	.L2:
  74 0072 0168     		ldr	r1, [r0]
  75 0074 8B6A     		ldr	r3, [r1, #40]
  76 0076 23F48033 		bic	r3, r3, #65536
  77 007a 8B62     		str	r3, [r1, #40]
  78 007c E8E7     		b	.L3
  79              	.L4:
  80 007e 0268     		ldr	r2, [r0]
  81 0080 936A     		ldr	r3, [r2, #40]
  82 0082 23F40033 		bic	r3, r3, #131072
  83 0086 9362     		str	r3, [r2, #40]
  84 0088 EEE7     		b	.L5
  85              	.L8:
  86 008a 00BF     		.align	2
  87              	.L7:
  88 008c 0000FEFF 		.word	-131072
  90              		.section	.text.MDMA_Init,"ax",%progbits
  91              		.align	1
  92              		.syntax unified
  93              		.thumb
  94              		.thumb_func
  96              	MDMA_Init:
  97              		@ args = 0, pretend = 0, frame = 0
  98              		@ frame_needed = 0, uses_anonymous_args = 0
  99              		@ link register save eliminated.
 100 0000 C368     		ldr	r3, [r0, #12]
 101 0002 0169     		ldr	r1, [r0, #16]
 102 0004 0268     		ldr	r2, [r0]
 103 0006 0B43     		orrs	r3, r3, r1
 104 0008 D360     		str	r3, [r2, #12]
 105 000a 4369     		ldr	r3, [r0, #20]
 106 000c 8269     		ldr	r2, [r0, #24]
 107 000e 1343     		orrs	r3, r3, r2
 108 0010 C269     		ldr	r2, [r0, #28]
 109 0012 1343     		orrs	r3, r3, r2
 110 0014 026A     		ldr	r2, [r0, #32]
 111 0016 1343     		orrs	r3, r3, r2
 112 0018 426A     		ldr	r2, [r0, #36]
 113 001a 1343     		orrs	r3, r3, r2
 114 001c C26A     		ldr	r2, [r0, #44]
 115 001e 1343     		orrs	r3, r3, r2
 116 0020 026B     		ldr	r2, [r0, #48]
 117 0022 1343     		orrs	r3, r3, r2
ARM GAS  C:\Users\thewo\AppData\Local\Temp\ccWwsCHT.s 			page 3


 118 0024 826A     		ldr	r2, [r0, #40]
 119 0026 013A     		subs	r2, r2, #1
 120 0028 43EA8243 		orr	r3, r3, r2, lsl #18
 121 002c 8168     		ldr	r1, [r0, #8]
 122 002e 0268     		ldr	r2, [r0]
 123 0030 0B43     		orrs	r3, r3, r1
 124 0032 1361     		str	r3, [r2, #16]
 125 0034 4368     		ldr	r3, [r0, #4]
 126 0036 B3F1804F 		cmp	r3, #1073741824
 127 003a 1BD0     		beq	.L17
 128              	.L10:
 129 003c 0368     		ldr	r3, [r0]
 130 003e 0022     		movs	r2, #0
 131 0040 5A61     		str	r2, [r3, #20]
 132 0042 436B     		ldr	r3, [r0, #52]
 133 0044 9342     		cmp	r3, r2
 134 0046 1BDB     		blt	.L18
 135 0048 0268     		ldr	r2, [r0]
 136 004a 9BB2     		uxth	r3, r3
 137 004c 1362     		str	r3, [r2, #32]
 138              	.L12:
 139 004e 836B     		ldr	r3, [r0, #56]
 140 0050 002B     		cmp	r3, #0
 141 0052 20DB     		blt	.L19
 142 0054 0168     		ldr	r1, [r0]
 143 0056 0A6A     		ldr	r2, [r1, #32]
 144 0058 42EA0343 		orr	r3, r2, r3, lsl #16
 145 005c 0B62     		str	r3, [r1, #32]
 146              	.L14:
 147 005e 4368     		ldr	r3, [r0, #4]
 148 0060 B3F1804F 		cmp	r3, #1073741824
 149 0064 24D0     		beq	.L15
 150 0066 0268     		ldr	r2, [r0]
 151 0068 DBB2     		uxtb	r3, r3
 152 006a 9362     		str	r3, [r2, #40]
 153              	.L16:
 154 006c 0368     		ldr	r3, [r0]
 155 006e 0022     		movs	r2, #0
 156 0070 5A62     		str	r2, [r3, #36]
 157 0072 7047     		bx	lr
 158              	.L17:
 159 0074 0268     		ldr	r2, [r0]
 160 0076 1369     		ldr	r3, [r2, #16]
 161 0078 43F04043 		orr	r3, r3, #-1073741824
 162 007c 1361     		str	r3, [r2, #16]
 163 007e DDE7     		b	.L10
 164              	.L18:
 165 0080 0268     		ldr	r2, [r0]
 166 0082 5369     		ldr	r3, [r2, #20]
 167 0084 43F48023 		orr	r3, r3, #262144
 168 0088 5361     		str	r3, [r2, #20]
 169 008a 436B     		ldr	r3, [r0, #52]
 170 008c 5B42     		rsbs	r3, r3, #0
 171 008e 0268     		ldr	r2, [r0]
 172 0090 9BB2     		uxth	r3, r3
 173 0092 1362     		str	r3, [r2, #32]
 174 0094 DBE7     		b	.L12
ARM GAS  C:\Users\thewo\AppData\Local\Temp\ccWwsCHT.s 			page 4


 175              	.L19:
 176 0096 0268     		ldr	r2, [r0]
 177 0098 5369     		ldr	r3, [r2, #20]
 178 009a 43F40023 		orr	r3, r3, #524288
 179 009e 5361     		str	r3, [r2, #20]
 180 00a0 836B     		ldr	r3, [r0, #56]
 181 00a2 5A42     		rsbs	r2, r3, #0
 182 00a4 0168     		ldr	r1, [r0]
 183 00a6 0B6A     		ldr	r3, [r1, #32]
 184 00a8 43EA0243 		orr	r3, r3, r2, lsl #16
 185 00ac 0B62     		str	r3, [r1, #32]
 186 00ae D6E7     		b	.L14
 187              	.L15:
 188 00b0 0368     		ldr	r3, [r0]
 189 00b2 0022     		movs	r2, #0
 190 00b4 9A62     		str	r2, [r3, #40]
 191 00b6 D9E7     		b	.L16
 193              		.section	.rodata.HAL_MDMA_Init.str1.4,"aMS",%progbits,1
 194              		.align	2
 195              	.LC0:
 196 0000 44726976 		.ascii	"Drivers/STM32H7xx_HAL_Driver/Src/stm32h7xx_hal_mdma"
 196      6572732F 
 196      53544D33 
 196      32483778 
 196      785F4841 
 197 0033 2E6300   		.ascii	".c\000"
 198              		.section	.text.HAL_MDMA_Init,"ax",%progbits
 199              		.align	1
 200              		.global	HAL_MDMA_Init
 201              		.syntax unified
 202              		.thumb
 203              		.thumb_func
 205              	HAL_MDMA_Init:
 206              		@ args = 0, pretend = 0, frame = 0
 207              		@ frame_needed = 0, uses_anonymous_args = 0
 208 0000 38B5     		push	{r3, r4, r5, lr}
 209 0002 0446     		mov	r4, r0
 210 0004 FFF7FEFF 		bl	HAL_GetTick
 211 0008 002C     		cmp	r4, #0
 212 000a 00F07881 		beq	.L39
 213 000e 0546     		mov	r5, r0
 214 0010 2368     		ldr	r3, [r4]
 215 0012 A449     		ldr	r1, .L56
 216 0014 A44A     		ldr	r2, .L56+4
 217 0016 8B42     		cmp	r3, r1
 218 0018 18BF     		it	ne
 219 001a 9342     		cmpne	r3, r2
 220 001c 2DD0     		beq	.L22
 221 001e 4032     		adds	r2, r2, #64
 222 0020 9342     		cmp	r3, r2
 223 0022 2AD0     		beq	.L22
 224 0024 4032     		adds	r2, r2, #64
 225 0026 9342     		cmp	r3, r2
 226 0028 27D0     		beq	.L22
 227 002a 4032     		adds	r2, r2, #64
 228 002c 9342     		cmp	r3, r2
 229 002e 24D0     		beq	.L22
ARM GAS  C:\Users\thewo\AppData\Local\Temp\ccWwsCHT.s 			page 5


 230 0030 4032     		adds	r2, r2, #64
 231 0032 9342     		cmp	r3, r2
 232 0034 21D0     		beq	.L22
 233 0036 4032     		adds	r2, r2, #64
 234 0038 9342     		cmp	r3, r2
 235 003a 1ED0     		beq	.L22
 236 003c 4032     		adds	r2, r2, #64
 237 003e 9342     		cmp	r3, r2
 238 0040 1BD0     		beq	.L22
 239 0042 4032     		adds	r2, r2, #64
 240 0044 9342     		cmp	r3, r2
 241 0046 18D0     		beq	.L22
 242 0048 4032     		adds	r2, r2, #64
 243 004a 9342     		cmp	r3, r2
 244 004c 15D0     		beq	.L22
 245 004e 4032     		adds	r2, r2, #64
 246 0050 9342     		cmp	r3, r2
 247 0052 12D0     		beq	.L22
 248 0054 4032     		adds	r2, r2, #64
 249 0056 9342     		cmp	r3, r2
 250 0058 0FD0     		beq	.L22
 251 005a 4032     		adds	r2, r2, #64
 252 005c 9342     		cmp	r3, r2
 253 005e 0CD0     		beq	.L22
 254 0060 4032     		adds	r2, r2, #64
 255 0062 9342     		cmp	r3, r2
 256 0064 09D0     		beq	.L22
 257 0066 4032     		adds	r2, r2, #64
 258 0068 9342     		cmp	r3, r2
 259 006a 06D0     		beq	.L22
 260 006c 4032     		adds	r2, r2, #64
 261 006e 9342     		cmp	r3, r2
 262 0070 03D0     		beq	.L22
 263 0072 E521     		movs	r1, #229
 264 0074 8D48     		ldr	r0, .L56+8
 265 0076 FFF7FEFF 		bl	assert_failed
 266              	.L22:
 267 007a E368     		ldr	r3, [r4, #12]
 268 007c 002B     		cmp	r3, #0
 269 007e 18BF     		it	ne
 270 0080 402B     		cmpne	r3, #64
 271 0082 04D0     		beq	.L23
 272 0084 802B     		cmp	r3, #128
 273 0086 02D0     		beq	.L23
 274 0088 C02B     		cmp	r3, #192
 275 008a 40F0DD80 		bne	.L41
 276              	.L23:
 277 008e 2369     		ldr	r3, [r4, #16]
 278 0090 002B     		cmp	r3, #0
 279 0092 18BF     		it	ne
 280 0094 B3F5805F 		cmpne	r3, #4096
 281 0098 06D0     		beq	.L24
 282 009a B3F5005F 		cmp	r3, #8192
 283 009e 03D0     		beq	.L24
 284 00a0 B3F5804F 		cmp	r3, #16384
 285 00a4 40F0D580 		bne	.L42
 286              	.L24:
ARM GAS  C:\Users\thewo\AppData\Local\Temp\ccWwsCHT.s 			page 6


 287 00a8 6368     		ldr	r3, [r4, #4]
 288 00aa B3F1804F 		cmp	r3, #1073741824
 289 00ae 18BF     		it	ne
 290 00b0 212B     		cmpne	r3, #33
 291 00b2 00F2D380 		bhi	.L43
 292              	.L25:
 293 00b6 6369     		ldr	r3, [r4, #20]
 294 00b8 002B     		cmp	r3, #0
 295 00ba 18BF     		it	ne
 296 00bc 022B     		cmpne	r3, #2
 297 00be 19D0     		beq	.L26
 298 00c0 B3F5817F 		cmp	r3, #258
 299 00c4 16D0     		beq	.L26
 300 00c6 40F20222 		movw	r2, #514
 301 00ca 9342     		cmp	r3, r2
 302 00cc 12D0     		beq	.L26
 303 00ce 40F20232 		movw	r2, #770
 304 00d2 9342     		cmp	r3, r2
 305 00d4 0ED0     		beq	.L26
 306 00d6 032B     		cmp	r3, #3
 307 00d8 0CD0     		beq	.L26
 308 00da 40F20312 		movw	r2, #259
 309 00de 9342     		cmp	r3, r2
 310 00e0 08D0     		beq	.L26
 311 00e2 40F20322 		movw	r2, #515
 312 00e6 9342     		cmp	r3, r2
 313 00e8 04D0     		beq	.L26
 314 00ea 40F20332 		movw	r2, #771
 315 00ee 9342     		cmp	r3, r2
 316 00f0 40F0B980 		bne	.L44
 317              	.L26:
 318 00f4 A369     		ldr	r3, [r4, #24]
 319 00f6 002B     		cmp	r3, #0
 320 00f8 18BF     		it	ne
 321 00fa 082B     		cmpne	r3, #8
 322 00fc 19D0     		beq	.L27
 323 00fe B3F5816F 		cmp	r3, #1032
 324 0102 16D0     		beq	.L27
 325 0104 40F60802 		movw	r2, #2056
 326 0108 9342     		cmp	r3, r2
 327 010a 12D0     		beq	.L27
 328 010c 40F60842 		movw	r2, #3080
 329 0110 9342     		cmp	r3, r2
 330 0112 0ED0     		beq	.L27
 331 0114 0C2B     		cmp	r3, #12
 332 0116 0CD0     		beq	.L27
 333 0118 40F20C42 		movw	r2, #1036
 334 011c 9342     		cmp	r3, r2
 335 011e 08D0     		beq	.L27
 336 0120 40F60C02 		movw	r2, #2060
 337 0124 9342     		cmp	r3, r2
 338 0126 04D0     		beq	.L27
 339 0128 40F60C42 		movw	r2, #3084
 340 012c 9342     		cmp	r3, r2
 341 012e 40F09F80 		bne	.L45
 342              	.L27:
 343 0132 E369     		ldr	r3, [r4, #28]
ARM GAS  C:\Users\thewo\AppData\Local\Temp\ccWwsCHT.s 			page 7


 344 0134 002B     		cmp	r3, #0
 345 0136 18BF     		it	ne
 346 0138 102B     		cmpne	r3, #16
 347 013a 04D0     		beq	.L28
 348 013c 202B     		cmp	r3, #32
 349 013e 02D0     		beq	.L28
 350 0140 302B     		cmp	r3, #48
 351 0142 40F09A80 		bne	.L46
 352              	.L28:
 353 0146 236A     		ldr	r3, [r4, #32]
 354 0148 002B     		cmp	r3, #0
 355 014a 18BF     		it	ne
 356 014c 402B     		cmpne	r3, #64
 357 014e 04D0     		beq	.L29
 358 0150 802B     		cmp	r3, #128
 359 0152 02D0     		beq	.L29
 360 0154 C02B     		cmp	r3, #192
 361 0156 40F09580 		bne	.L47
 362              	.L29:
 363 015a 636A     		ldr	r3, [r4, #36]
 364 015c B3F1007F 		cmp	r3, #33554432
 365 0160 18BF     		it	ne
 366 0162 002B     		cmpne	r3, #0
 367 0164 06D0     		beq	.L30
 368 0166 B3F1806F 		cmp	r3, #67108864
 369 016a 03D0     		beq	.L30
 370 016c B3F1006F 		cmp	r3, #134217728
 371 0170 40F08D80 		bne	.L48
 372              	.L30:
 373 0174 E36A     		ldr	r3, [r4, #44]
 374 0176 002B     		cmp	r3, #0
 375 0178 18BF     		it	ne
 376 017a B3F5805F 		cmpne	r3, #4096
 377 017e 11D0     		beq	.L31
 378 0180 B3F5005F 		cmp	r3, #8192
 379 0184 0ED0     		beq	.L31
 380 0186 B3F5405F 		cmp	r3, #12288
 381 018a 0BD0     		beq	.L31
 382 018c B3F5804F 		cmp	r3, #16384
 383 0190 08D0     		beq	.L31
 384 0192 B3F5A04F 		cmp	r3, #20480
 385 0196 05D0     		beq	.L31
 386 0198 B3F5C04F 		cmp	r3, #24576
 387 019c 02D0     		beq	.L31
 388 019e B3F5E04F 		cmp	r3, #28672
 389 01a2 79D1     		bne	.L49
 390              	.L31:
 391 01a4 236B     		ldr	r3, [r4, #48]
 392 01a6 002B     		cmp	r3, #0
 393 01a8 18BF     		it	ne
 394 01aa B3F5004F 		cmpne	r3, #32768
 395 01ae 11D0     		beq	.L32
 396 01b0 B3F5803F 		cmp	r3, #65536
 397 01b4 0ED0     		beq	.L32
 398 01b6 B3F5C03F 		cmp	r3, #98304
 399 01ba 0BD0     		beq	.L32
 400 01bc B3F5003F 		cmp	r3, #131072
ARM GAS  C:\Users\thewo\AppData\Local\Temp\ccWwsCHT.s 			page 8


 401 01c0 08D0     		beq	.L32
 402 01c2 B3F5203F 		cmp	r3, #163840
 403 01c6 05D0     		beq	.L32
 404 01c8 B3F5403F 		cmp	r3, #196608
 405 01cc 02D0     		beq	.L32
 406 01ce B3F5603F 		cmp	r3, #229376
 407 01d2 6FD1     		bne	.L50
 408              	.L32:
 409 01d4 A36A     		ldr	r3, [r4, #40]
 410 01d6 013B     		subs	r3, r3, #1
 411 01d8 FD2B     		cmp	r3, #253
 412 01da 70D8     		bhi	.L51
 413              	.L33:
 414 01dc A368     		ldr	r3, [r4, #8]
 415 01de 002B     		cmp	r3, #0
 416 01e0 18BF     		it	ne
 417 01e2 B3F1805F 		cmpne	r3, #268435456
 418 01e6 05D0     		beq	.L34
 419 01e8 B3F1005F 		cmp	r3, #536870912
 420 01ec 02D0     		beq	.L34
 421 01ee B3F1405F 		cmp	r3, #805306368
 422 01f2 69D1     		bne	.L52
 423              	.L34:
 424 01f4 626B     		ldr	r2, [r4, #52]
 425 01f6 4FF6FF73 		movw	r3, #65535
 426 01fa 1344     		add	r3, r3, r2
 427 01fc 2C4A     		ldr	r2, .L56+12
 428 01fe 9342     		cmp	r3, r2
 429 0200 67D8     		bhi	.L53
 430              	.L35:
 431 0202 A26B     		ldr	r2, [r4, #56]
 432 0204 4FF6FF73 		movw	r3, #65535
 433 0208 1344     		add	r3, r3, r2
 434 020a 294A     		ldr	r2, .L56+12
 435 020c 9342     		cmp	r3, r2
 436 020e 65D8     		bhi	.L54
 437              	.L36:
 438 0210 0023     		movs	r3, #0
 439 0212 84F83C30 		strb	r3, [r4, #60]
 440 0216 0223     		movs	r3, #2
 441 0218 84F83D30 		strb	r3, [r4, #61]
 442 021c 2268     		ldr	r2, [r4]
 443 021e D368     		ldr	r3, [r2, #12]
 444 0220 23F00103 		bic	r3, r3, #1
 445 0224 D360     		str	r3, [r2, #12]
 446              	.L37:
 447 0226 2368     		ldr	r3, [r4]
 448 0228 DB68     		ldr	r3, [r3, #12]
 449 022a 13F0010F 		tst	r3, #1
 450 022e 5AD0     		beq	.L55
 451 0230 FFF7FEFF 		bl	HAL_GetTick
 452 0234 401B     		subs	r0, r0, r5
 453 0236 0528     		cmp	r0, #5
 454 0238 F5D9     		bls	.L37
 455 023a 4023     		movs	r3, #64
 456 023c A366     		str	r3, [r4, #104]
 457 023e 0323     		movs	r3, #3
ARM GAS  C:\Users\thewo\AppData\Local\Temp\ccWwsCHT.s 			page 9


 458 0240 84F83D30 		strb	r3, [r4, #61]
 459 0244 0120     		movs	r0, #1
 460 0246 59E0     		b	.L21
 461              	.L41:
 462 0248 E621     		movs	r1, #230
 463 024a 1848     		ldr	r0, .L56+8
 464 024c FFF7FEFF 		bl	assert_failed
 465 0250 1DE7     		b	.L23
 466              	.L42:
 467 0252 E721     		movs	r1, #231
 468 0254 1548     		ldr	r0, .L56+8
 469 0256 FFF7FEFF 		bl	assert_failed
 470 025a 25E7     		b	.L24
 471              	.L43:
 472 025c E821     		movs	r1, #232
 473 025e 1348     		ldr	r0, .L56+8
 474 0260 FFF7FEFF 		bl	assert_failed
 475 0264 27E7     		b	.L25
 476              	.L44:
 477 0266 E921     		movs	r1, #233
 478 0268 1048     		ldr	r0, .L56+8
 479 026a FFF7FEFF 		bl	assert_failed
 480 026e 41E7     		b	.L26
 481              	.L45:
 482 0270 EA21     		movs	r1, #234
 483 0272 0E48     		ldr	r0, .L56+8
 484 0274 FFF7FEFF 		bl	assert_failed
 485 0278 5BE7     		b	.L27
 486              	.L46:
 487 027a EB21     		movs	r1, #235
 488 027c 0B48     		ldr	r0, .L56+8
 489 027e FFF7FEFF 		bl	assert_failed
 490 0282 60E7     		b	.L28
 491              	.L47:
 492 0284 EC21     		movs	r1, #236
 493 0286 0948     		ldr	r0, .L56+8
 494 0288 FFF7FEFF 		bl	assert_failed
 495 028c 65E7     		b	.L29
 496              	.L48:
 497 028e ED21     		movs	r1, #237
 498 0290 0648     		ldr	r0, .L56+8
 499 0292 FFF7FEFF 		bl	assert_failed
 500 0296 6DE7     		b	.L30
 501              	.L49:
 502 0298 EE21     		movs	r1, #238
 503 029a 0448     		ldr	r0, .L56+8
 504 029c FFF7FEFF 		bl	assert_failed
 505 02a0 80E7     		b	.L31
 506              	.L57:
 507 02a2 00BF     		.align	2
 508              	.L56:
 509 02a4 40000052 		.word	1375731776
 510 02a8 80000052 		.word	1375731840
 511 02ac 00000000 		.word	.LC0
 512 02b0 FEFF0100 		.word	131070
 513              	.L50:
 514 02b4 EF21     		movs	r1, #239
ARM GAS  C:\Users\thewo\AppData\Local\Temp\ccWwsCHT.s 			page 10


 515 02b6 1348     		ldr	r0, .L58
 516 02b8 FFF7FEFF 		bl	assert_failed
 517 02bc 8AE7     		b	.L32
 518              	.L51:
 519 02be F021     		movs	r1, #240
 520 02c0 1048     		ldr	r0, .L58
 521 02c2 FFF7FEFF 		bl	assert_failed
 522 02c6 89E7     		b	.L33
 523              	.L52:
 524 02c8 F121     		movs	r1, #241
 525 02ca 0E48     		ldr	r0, .L58
 526 02cc FFF7FEFF 		bl	assert_failed
 527 02d0 90E7     		b	.L34
 528              	.L53:
 529 02d2 F221     		movs	r1, #242
 530 02d4 0B48     		ldr	r0, .L58
 531 02d6 FFF7FEFF 		bl	assert_failed
 532 02da 92E7     		b	.L35
 533              	.L54:
 534 02dc F321     		movs	r1, #243
 535 02de 0948     		ldr	r0, .L58
 536 02e0 FFF7FEFF 		bl	assert_failed
 537 02e4 94E7     		b	.L36
 538              	.L55:
 539 02e6 2046     		mov	r0, r4
 540 02e8 FFF7FEFF 		bl	MDMA_Init
 541 02ec 0020     		movs	r0, #0
 542 02ee E065     		str	r0, [r4, #92]
 543 02f0 2066     		str	r0, [r4, #96]
 544 02f2 6066     		str	r0, [r4, #100]
 545 02f4 A066     		str	r0, [r4, #104]
 546 02f6 0123     		movs	r3, #1
 547 02f8 84F83D30 		strb	r3, [r4, #61]
 548              	.L21:
 549 02fc 38BD     		pop	{r3, r4, r5, pc}
 550              	.L39:
 551 02fe 0120     		movs	r0, #1
 552 0300 FCE7     		b	.L21
 553              	.L59:
 554 0302 00BF     		.align	2
 555              	.L58:
 556 0304 00000000 		.word	.LC0
 558              		.section	.text.HAL_MDMA_DeInit,"ax",%progbits
 559              		.align	1
 560              		.global	HAL_MDMA_DeInit
 561              		.syntax unified
 562              		.thumb
 563              		.thumb_func
 565              	HAL_MDMA_DeInit:
 566              		@ args = 0, pretend = 0, frame = 0
 567              		@ frame_needed = 0, uses_anonymous_args = 0
 568              		@ link register save eliminated.
 569 0000 0346     		mov	r3, r0
 570 0002 0028     		cmp	r0, #0
 571 0004 25D0     		beq	.L62
 572 0006 0168     		ldr	r1, [r0]
 573 0008 CA68     		ldr	r2, [r1, #12]
ARM GAS  C:\Users\thewo\AppData\Local\Temp\ccWwsCHT.s 			page 11


 574 000a 22F00102 		bic	r2, r2, #1
 575 000e CA60     		str	r2, [r1, #12]
 576 0010 0268     		ldr	r2, [r0]
 577 0012 0020     		movs	r0, #0
 578 0014 D060     		str	r0, [r2, #12]
 579 0016 1A68     		ldr	r2, [r3]
 580 0018 1061     		str	r0, [r2, #16]
 581 001a 1A68     		ldr	r2, [r3]
 582 001c 5061     		str	r0, [r2, #20]
 583 001e 1A68     		ldr	r2, [r3]
 584 0020 9061     		str	r0, [r2, #24]
 585 0022 1A68     		ldr	r2, [r3]
 586 0024 D061     		str	r0, [r2, #28]
 587 0026 1A68     		ldr	r2, [r3]
 588 0028 1062     		str	r0, [r2, #32]
 589 002a 1A68     		ldr	r2, [r3]
 590 002c 5062     		str	r0, [r2, #36]
 591 002e 1A68     		ldr	r2, [r3]
 592 0030 9062     		str	r0, [r2, #40]
 593 0032 1A68     		ldr	r2, [r3]
 594 0034 1063     		str	r0, [r2, #48]
 595 0036 1A68     		ldr	r2, [r3]
 596 0038 5063     		str	r0, [r2, #52]
 597 003a 1A68     		ldr	r2, [r3]
 598 003c 1F21     		movs	r1, #31
 599 003e 5160     		str	r1, [r2, #4]
 600 0040 D865     		str	r0, [r3, #92]
 601 0042 1866     		str	r0, [r3, #96]
 602 0044 5866     		str	r0, [r3, #100]
 603 0046 9866     		str	r0, [r3, #104]
 604 0048 83F83D00 		strb	r0, [r3, #61]
 605 004c 83F83C00 		strb	r0, [r3, #60]
 606 0050 7047     		bx	lr
 607              	.L62:
 608 0052 0120     		movs	r0, #1
 609 0054 7047     		bx	lr
 611              		.section	.text.HAL_MDMA_ConfigPostRequestMask,"ax",%progbits
 612              		.align	1
 613              		.global	HAL_MDMA_ConfigPostRequestMask
 614              		.syntax unified
 615              		.thumb
 616              		.thumb_func
 618              	HAL_MDMA_ConfigPostRequestMask:
 619              		@ args = 0, pretend = 0, frame = 0
 620              		@ frame_needed = 0, uses_anonymous_args = 0
 621              		@ link register save eliminated.
 622 0000 78B3     		cbz	r0, .L67
 623 0002 0346     		mov	r3, r0
 624 0004 90F83C00 		ldrb	r0, [r0, #60]	@ zero_extendqisi2
 625 0008 0128     		cmp	r0, #1
 626 000a 2CD0     		beq	.L68
 627 000c 0120     		movs	r0, #1
 628 000e 83F83C00 		strb	r0, [r3, #60]
 629 0012 93F83DC0 		ldrb	ip, [r3, #61]	@ zero_extendqisi2
 630 0016 5FFA8CF0 		uxtb	r0, ip
 631 001a BCF1010F 		cmp	ip, #1
 632 001e 04D0     		beq	.L75
ARM GAS  C:\Users\thewo\AppData\Local\Temp\ccWwsCHT.s 			page 12


 633 0020 0120     		movs	r0, #1
 634 0022 0022     		movs	r2, #0
 635 0024 83F83C20 		strb	r2, [r3, #60]
 636 0028 7047     		bx	lr
 637              	.L75:
 638 002a 30B4     		push	{r4, r5}
 639 002c 1C68     		ldr	r4, [r3]
 640 002e 2569     		ldr	r5, [r4, #16]
 641 0030 15F0804F 		tst	r5, #1073741824
 642 0034 09D1     		bne	.L65
 643 0036 2163     		str	r1, [r4, #48]
 644 0038 1868     		ldr	r0, [r3]
 645 003a 4263     		str	r2, [r0, #52]
 646 003c 51B9     		cbnz	r1, .L66
 647 003e 1968     		ldr	r1, [r3]
 648 0040 0A69     		ldr	r2, [r1, #16]
 649 0042 22F00042 		bic	r2, r2, #-2147483648
 650 0046 0A61     		str	r2, [r1, #16]
 651 0048 0020     		movs	r0, #0
 652              	.L65:
 653 004a 0022     		movs	r2, #0
 654 004c 83F83C20 		strb	r2, [r3, #60]
 655 0050 30BC     		pop	{r4, r5}
 656 0052 7047     		bx	lr
 657              	.L66:
 658 0054 1968     		ldr	r1, [r3]
 659 0056 0A69     		ldr	r2, [r1, #16]
 660 0058 42F00042 		orr	r2, r2, #-2147483648
 661 005c 0A61     		str	r2, [r1, #16]
 662 005e 0020     		movs	r0, #0
 663 0060 F3E7     		b	.L65
 664              	.L67:
 665 0062 0120     		movs	r0, #1
 666 0064 7047     		bx	lr
 667              	.L68:
 668 0066 0220     		movs	r0, #2
 669 0068 7047     		bx	lr
 671              		.section	.text.HAL_MDMA_RegisterCallback,"ax",%progbits
 672              		.align	1
 673              		.global	HAL_MDMA_RegisterCallback
 674              		.syntax unified
 675              		.thumb
 676              		.thumb_func
 678              	HAL_MDMA_RegisterCallback:
 679              		@ args = 0, pretend = 0, frame = 0
 680              		@ frame_needed = 0, uses_anonymous_args = 0
 681              		@ link register save eliminated.
 682 0000 0346     		mov	r3, r0
 683 0002 50B3     		cbz	r0, .L86
 684 0004 90F83C00 		ldrb	r0, [r0, #60]	@ zero_extendqisi2
 685 0008 0128     		cmp	r0, #1
 686 000a 28D0     		beq	.L87
 687 000c 0120     		movs	r0, #1
 688 000e 83F83C00 		strb	r0, [r3, #60]
 689 0012 93F83D00 		ldrb	r0, [r3, #61]	@ zero_extendqisi2
 690 0016 0128     		cmp	r0, #1
 691 0018 04D0     		beq	.L90
ARM GAS  C:\Users\thewo\AppData\Local\Temp\ccWwsCHT.s 			page 13


 692 001a 0120     		movs	r0, #1
 693              	.L78:
 694 001c 0022     		movs	r2, #0
 695 001e 83F83C20 		strb	r2, [r3, #60]
 696 0022 7047     		bx	lr
 697              	.L90:
 698 0024 0529     		cmp	r1, #5
 699 0026 16D8     		bhi	.L89
 700 0028 DFE801F0 		tbb	[pc, r1]
 701              	.L80:
 702 002c 03       		.byte	(.L85-.L80)/2
 703 002d 06       		.byte	(.L84-.L80)/2
 704 002e 09       		.byte	(.L83-.L80)/2
 705 002f 0C       		.byte	(.L82-.L80)/2
 706 0030 0F       		.byte	(.L81-.L80)/2
 707 0031 12       		.byte	(.L79-.L80)/2
 708              		.p2align 1
 709              	.L85:
 710 0032 5A64     		str	r2, [r3, #68]
 711 0034 0846     		mov	r0, r1
 712 0036 F1E7     		b	.L78
 713              	.L84:
 714 0038 9A64     		str	r2, [r3, #72]
 715 003a 0020     		movs	r0, #0
 716 003c EEE7     		b	.L78
 717              	.L83:
 718 003e DA64     		str	r2, [r3, #76]
 719 0040 0020     		movs	r0, #0
 720 0042 EBE7     		b	.L78
 721              	.L82:
 722 0044 1A65     		str	r2, [r3, #80]
 723 0046 0020     		movs	r0, #0
 724 0048 E8E7     		b	.L78
 725              	.L81:
 726 004a 5A65     		str	r2, [r3, #84]
 727 004c 0020     		movs	r0, #0
 728 004e E5E7     		b	.L78
 729              	.L79:
 730 0050 9A65     		str	r2, [r3, #88]
 731 0052 0020     		movs	r0, #0
 732 0054 E2E7     		b	.L78
 733              	.L89:
 734 0056 0020     		movs	r0, #0
 735 0058 E0E7     		b	.L78
 736              	.L86:
 737 005a 0120     		movs	r0, #1
 738 005c 7047     		bx	lr
 739              	.L87:
 740 005e 0220     		movs	r0, #2
 741 0060 7047     		bx	lr
 743              		.section	.text.HAL_MDMA_UnRegisterCallback,"ax",%progbits
 744              		.align	1
 745              		.global	HAL_MDMA_UnRegisterCallback
 746              		.syntax unified
 747              		.thumb
 748              		.thumb_func
 750              	HAL_MDMA_UnRegisterCallback:
ARM GAS  C:\Users\thewo\AppData\Local\Temp\ccWwsCHT.s 			page 14


 751              		@ args = 0, pretend = 0, frame = 0
 752              		@ frame_needed = 0, uses_anonymous_args = 0
 753              		@ link register save eliminated.
 754 0000 0346     		mov	r3, r0
 755 0002 0028     		cmp	r0, #0
 756 0004 33D0     		beq	.L102
 757 0006 90F83C20 		ldrb	r2, [r0, #60]	@ zero_extendqisi2
 758 000a 012A     		cmp	r2, #1
 759 000c 31D0     		beq	.L103
 760 000e 0122     		movs	r2, #1
 761 0010 80F83C20 		strb	r2, [r0, #60]
 762 0014 90F83D20 		ldrb	r2, [r0, #61]	@ zero_extendqisi2
 763 0018 D0B2     		uxtb	r0, r2
 764 001a 012A     		cmp	r2, #1
 765 001c 04D0     		beq	.L106
 766 001e 0120     		movs	r0, #1
 767              	.L93:
 768 0020 0022     		movs	r2, #0
 769 0022 83F83C20 		strb	r2, [r3, #60]
 770 0026 7047     		bx	lr
 771              	.L106:
 772 0028 0629     		cmp	r1, #6
 773 002a F9D8     		bhi	.L93
 774 002c DFE801F0 		tbb	[pc, r1]
 775              	.L95:
 776 0030 04       		.byte	(.L101-.L95)/2
 777 0031 08       		.byte	(.L100-.L95)/2
 778 0032 0B       		.byte	(.L99-.L95)/2
 779 0033 0E       		.byte	(.L98-.L95)/2
 780 0034 11       		.byte	(.L97-.L95)/2
 781 0035 14       		.byte	(.L96-.L95)/2
 782 0036 17       		.byte	(.L94-.L95)/2
 783 0037 00       		.p2align 1
 784              	.L101:
 785 0038 0022     		movs	r2, #0
 786 003a 5A64     		str	r2, [r3, #68]
 787 003c 0846     		mov	r0, r1
 788 003e EFE7     		b	.L93
 789              	.L100:
 790 0040 0020     		movs	r0, #0
 791 0042 9864     		str	r0, [r3, #72]
 792 0044 ECE7     		b	.L93
 793              	.L99:
 794 0046 0020     		movs	r0, #0
 795 0048 D864     		str	r0, [r3, #76]
 796 004a E9E7     		b	.L93
 797              	.L98:
 798 004c 0020     		movs	r0, #0
 799 004e 1865     		str	r0, [r3, #80]
 800 0050 E6E7     		b	.L93
 801              	.L97:
 802 0052 0020     		movs	r0, #0
 803 0054 5865     		str	r0, [r3, #84]
 804 0056 E3E7     		b	.L93
 805              	.L96:
 806 0058 0020     		movs	r0, #0
 807 005a 9865     		str	r0, [r3, #88]
ARM GAS  C:\Users\thewo\AppData\Local\Temp\ccWwsCHT.s 			page 15


 808 005c E0E7     		b	.L93
 809              	.L94:
 810 005e 0020     		movs	r0, #0
 811 0060 5864     		str	r0, [r3, #68]
 812 0062 9864     		str	r0, [r3, #72]
 813 0064 D864     		str	r0, [r3, #76]
 814 0066 1865     		str	r0, [r3, #80]
 815 0068 5865     		str	r0, [r3, #84]
 816 006a 9865     		str	r0, [r3, #88]
 817 006c D8E7     		b	.L93
 818              	.L102:
 819 006e 0120     		movs	r0, #1
 820 0070 7047     		bx	lr
 821              	.L103:
 822 0072 0220     		movs	r0, #2
 823 0074 7047     		bx	lr
 825              		.section	.text.HAL_MDMA_LinkedList_CreateNode,"ax",%progbits
 826              		.align	1
 827              		.global	HAL_MDMA_LinkedList_CreateNode
 828              		.syntax unified
 829              		.thumb
 830              		.thumb_func
 832              	HAL_MDMA_LinkedList_CreateNode:
 833              		@ args = 0, pretend = 0, frame = 0
 834              		@ frame_needed = 0, uses_anonymous_args = 0
 835 0000 0029     		cmp	r1, #0
 836 0002 18BF     		it	ne
 837 0004 0028     		cmpne	r0, #0
 838 0006 00F0C181 		beq	.L134
 839 000a 38B5     		push	{r3, r4, r5, lr}
 840 000c 0546     		mov	r5, r0
 841 000e 0C46     		mov	r4, r1
 842 0010 8B68     		ldr	r3, [r1, #8]
 843 0012 002B     		cmp	r3, #0
 844 0014 18BF     		it	ne
 845 0016 402B     		cmpne	r3, #64
 846 0018 04D0     		beq	.L109
 847 001a 802B     		cmp	r3, #128
 848 001c 02D0     		beq	.L109
 849 001e C02B     		cmp	r3, #192
 850 0020 40F03B81 		bne	.L140
 851              	.L109:
 852 0024 E368     		ldr	r3, [r4, #12]
 853 0026 002B     		cmp	r3, #0
 854 0028 18BF     		it	ne
 855 002a B3F5805F 		cmpne	r3, #4096
 856 002e 06D0     		beq	.L110
 857 0030 B3F5005F 		cmp	r3, #8192
 858 0034 03D0     		beq	.L110
 859 0036 B3F5804F 		cmp	r3, #16384
 860 003a 40F03481 		bne	.L141
 861              	.L110:
 862 003e 2368     		ldr	r3, [r4]
 863 0040 B3F1804F 		cmp	r3, #1073741824
 864 0044 18BF     		it	ne
 865 0046 212B     		cmpne	r3, #33
 866 0048 00F23381 		bhi	.L142
ARM GAS  C:\Users\thewo\AppData\Local\Temp\ccWwsCHT.s 			page 16


 867              	.L111:
 868 004c 2369     		ldr	r3, [r4, #16]
 869 004e 002B     		cmp	r3, #0
 870 0050 18BF     		it	ne
 871 0052 022B     		cmpne	r3, #2
 872 0054 19D0     		beq	.L112
 873 0056 B3F5817F 		cmp	r3, #258
 874 005a 16D0     		beq	.L112
 875 005c 40F20222 		movw	r2, #514
 876 0060 9342     		cmp	r3, r2
 877 0062 12D0     		beq	.L112
 878 0064 40F20232 		movw	r2, #770
 879 0068 9342     		cmp	r3, r2
 880 006a 0ED0     		beq	.L112
 881 006c 032B     		cmp	r3, #3
 882 006e 0CD0     		beq	.L112
 883 0070 40F20312 		movw	r2, #259
 884 0074 9342     		cmp	r3, r2
 885 0076 08D0     		beq	.L112
 886 0078 40F20322 		movw	r2, #515
 887 007c 9342     		cmp	r3, r2
 888 007e 04D0     		beq	.L112
 889 0080 40F20332 		movw	r2, #771
 890 0084 9342     		cmp	r3, r2
 891 0086 40F01A81 		bne	.L143
 892              	.L112:
 893 008a 6369     		ldr	r3, [r4, #20]
 894 008c 002B     		cmp	r3, #0
 895 008e 18BF     		it	ne
 896 0090 082B     		cmpne	r3, #8
 897 0092 19D0     		beq	.L113
 898 0094 B3F5816F 		cmp	r3, #1032
 899 0098 16D0     		beq	.L113
 900 009a 40F60802 		movw	r2, #2056
 901 009e 9342     		cmp	r3, r2
 902 00a0 12D0     		beq	.L113
 903 00a2 40F60842 		movw	r2, #3080
 904 00a6 9342     		cmp	r3, r2
 905 00a8 0ED0     		beq	.L113
 906 00aa 0C2B     		cmp	r3, #12
 907 00ac 0CD0     		beq	.L113
 908 00ae 40F20C42 		movw	r2, #1036
 909 00b2 9342     		cmp	r3, r2
 910 00b4 08D0     		beq	.L113
 911 00b6 40F60C02 		movw	r2, #2060
 912 00ba 9342     		cmp	r3, r2
 913 00bc 04D0     		beq	.L113
 914 00be 40F60C42 		movw	r2, #3084
 915 00c2 9342     		cmp	r3, r2
 916 00c4 40F00181 		bne	.L144
 917              	.L113:
 918 00c8 A369     		ldr	r3, [r4, #24]
 919 00ca 002B     		cmp	r3, #0
 920 00cc 18BF     		it	ne
 921 00ce 102B     		cmpne	r3, #16
 922 00d0 04D0     		beq	.L114
 923 00d2 202B     		cmp	r3, #32
ARM GAS  C:\Users\thewo\AppData\Local\Temp\ccWwsCHT.s 			page 17


 924 00d4 02D0     		beq	.L114
 925 00d6 302B     		cmp	r3, #48
 926 00d8 40F0FD80 		bne	.L145
 927              	.L114:
 928 00dc E369     		ldr	r3, [r4, #28]
 929 00de 002B     		cmp	r3, #0
 930 00e0 18BF     		it	ne
 931 00e2 402B     		cmpne	r3, #64
 932 00e4 04D0     		beq	.L115
 933 00e6 802B     		cmp	r3, #128
 934 00e8 02D0     		beq	.L115
 935 00ea C02B     		cmp	r3, #192
 936 00ec 40F0F980 		bne	.L146
 937              	.L115:
 938 00f0 236A     		ldr	r3, [r4, #32]
 939 00f2 B3F1007F 		cmp	r3, #33554432
 940 00f6 18BF     		it	ne
 941 00f8 002B     		cmpne	r3, #0
 942 00fa 06D0     		beq	.L116
 943 00fc B3F1806F 		cmp	r3, #67108864
 944 0100 03D0     		beq	.L116
 945 0102 B3F1006F 		cmp	r3, #134217728
 946 0106 40F0F280 		bne	.L147
 947              	.L116:
 948 010a A36A     		ldr	r3, [r4, #40]
 949 010c 002B     		cmp	r3, #0
 950 010e 18BF     		it	ne
 951 0110 B3F5805F 		cmpne	r3, #4096
 952 0114 12D0     		beq	.L117
 953 0116 B3F5005F 		cmp	r3, #8192
 954 011a 0FD0     		beq	.L117
 955 011c B3F5405F 		cmp	r3, #12288
 956 0120 0CD0     		beq	.L117
 957 0122 B3F5804F 		cmp	r3, #16384
 958 0126 09D0     		beq	.L117
 959 0128 B3F5A04F 		cmp	r3, #20480
 960 012c 06D0     		beq	.L117
 961 012e B3F5C04F 		cmp	r3, #24576
 962 0132 03D0     		beq	.L117
 963 0134 B3F5E04F 		cmp	r3, #28672
 964 0138 40F0DF80 		bne	.L148
 965              	.L117:
 966 013c E36A     		ldr	r3, [r4, #44]
 967 013e 002B     		cmp	r3, #0
 968 0140 18BF     		it	ne
 969 0142 B3F5004F 		cmpne	r3, #32768
 970 0146 12D0     		beq	.L118
 971 0148 B3F5803F 		cmp	r3, #65536
 972 014c 0FD0     		beq	.L118
 973 014e B3F5C03F 		cmp	r3, #98304
 974 0152 0CD0     		beq	.L118
 975 0154 B3F5003F 		cmp	r3, #131072
 976 0158 09D0     		beq	.L118
 977 015a B3F5203F 		cmp	r3, #163840
 978 015e 06D0     		beq	.L118
 979 0160 B3F5403F 		cmp	r3, #196608
 980 0164 03D0     		beq	.L118
ARM GAS  C:\Users\thewo\AppData\Local\Temp\ccWwsCHT.s 			page 18


 981 0166 B3F5603F 		cmp	r3, #229376
 982 016a 40F0CC80 		bne	.L149
 983              	.L118:
 984 016e 636A     		ldr	r3, [r4, #36]
 985 0170 013B     		subs	r3, r3, #1
 986 0172 FD2B     		cmp	r3, #253
 987 0174 00F2CD80 		bhi	.L150
 988              	.L119:
 989 0178 6368     		ldr	r3, [r4, #4]
 990 017a 002B     		cmp	r3, #0
 991 017c 18BF     		it	ne
 992 017e B3F1805F 		cmpne	r3, #268435456
 993 0182 06D0     		beq	.L120
 994 0184 B3F1005F 		cmp	r3, #536870912
 995 0188 03D0     		beq	.L120
 996 018a B3F1405F 		cmp	r3, #805306368
 997 018e 40F0C680 		bne	.L151
 998              	.L120:
 999 0192 226B     		ldr	r2, [r4, #48]
 1000 0194 4FF6FF73 		movw	r3, #65535
 1001 0198 1344     		add	r3, r3, r2
 1002 019a 7E4A     		ldr	r2, .L159
 1003 019c 9342     		cmp	r3, r2
 1004 019e 00F2C480 		bhi	.L152
 1005              	.L121:
 1006 01a2 626B     		ldr	r2, [r4, #52]
 1007 01a4 4FF6FF73 		movw	r3, #65535
 1008 01a8 1344     		add	r3, r3, r2
 1009 01aa 7A4A     		ldr	r2, .L159
 1010 01ac 9342     		cmp	r3, r2
 1011 01ae 00F2C280 		bhi	.L153
 1012              	.L122:
 1013 01b2 236C     		ldr	r3, [r4, #64]
 1014 01b4 013B     		subs	r3, r3, #1
 1015 01b6 B3F5803F 		cmp	r3, #65536
 1016 01ba 80F0C280 		bcs	.L154
 1017              	.L123:
 1018 01be 636C     		ldr	r3, [r4, #68]
 1019 01c0 013B     		subs	r3, r3, #1
 1020 01c2 B3F5805F 		cmp	r3, #4096
 1021 01c6 80F0C280 		bcs	.L155
 1022              	.L124:
 1023 01ca 0023     		movs	r3, #0
 1024 01cc 6B61     		str	r3, [r5, #20]
 1025 01ce AB61     		str	r3, [r5, #24]
 1026 01d0 2B62     		str	r3, [r5, #32]
 1027 01d2 6B62     		str	r3, [r5, #36]
 1028 01d4 EB61     		str	r3, [r5, #28]
 1029 01d6 2369     		ldr	r3, [r4, #16]
 1030 01d8 6269     		ldr	r2, [r4, #20]
 1031 01da 1343     		orrs	r3, r3, r2
 1032 01dc A269     		ldr	r2, [r4, #24]
 1033 01de 1343     		orrs	r3, r3, r2
 1034 01e0 E269     		ldr	r2, [r4, #28]
 1035 01e2 1343     		orrs	r3, r3, r2
 1036 01e4 226A     		ldr	r2, [r4, #32]
 1037 01e6 1343     		orrs	r3, r3, r2
ARM GAS  C:\Users\thewo\AppData\Local\Temp\ccWwsCHT.s 			page 19


 1038 01e8 A26A     		ldr	r2, [r4, #40]
 1039 01ea 1343     		orrs	r3, r3, r2
 1040 01ec E26A     		ldr	r2, [r4, #44]
 1041 01ee 1343     		orrs	r3, r3, r2
 1042 01f0 626A     		ldr	r2, [r4, #36]
 1043 01f2 013A     		subs	r2, r2, #1
 1044 01f4 43EA8243 		orr	r3, r3, r2, lsl #18
 1045 01f8 6268     		ldr	r2, [r4, #4]
 1046 01fa 1343     		orrs	r3, r3, r2
 1047 01fc 2B60     		str	r3, [r5]
 1048 01fe 2368     		ldr	r3, [r4]
 1049 0200 B3F1804F 		cmp	r3, #1073741824
 1050 0204 00F0A980 		beq	.L156
 1051              	.L125:
 1052 0208 2368     		ldr	r3, [r4]
 1053 020a B3F1804F 		cmp	r3, #1073741824
 1054 020e 01D0     		beq	.L126
 1055 0210 A36C     		ldr	r3, [r4, #72]
 1056 0212 1BB1     		cbz	r3, .L127
 1057              	.L126:
 1058 0214 2B68     		ldr	r3, [r5]
 1059 0216 43F00043 		orr	r3, r3, #-2147483648
 1060 021a 2B60     		str	r3, [r5]
 1061              	.L127:
 1062 021c 636C     		ldr	r3, [r4, #68]
 1063 021e 013B     		subs	r3, r3, #1
 1064 0220 1B05     		lsls	r3, r3, #20
 1065 0222 6B60     		str	r3, [r5, #4]
 1066 0224 236B     		ldr	r3, [r4, #48]
 1067 0226 002B     		cmp	r3, #0
 1068 0228 C0F29C80 		blt	.L157
 1069 022c 9BB2     		uxth	r3, r3
 1070 022e 2B61     		str	r3, [r5, #16]
 1071              	.L129:
 1072 0230 636B     		ldr	r3, [r4, #52]
 1073 0232 002B     		cmp	r3, #0
 1074 0234 C0F29F80 		blt	.L158
 1075 0238 2A69     		ldr	r2, [r5, #16]
 1076 023a 42EA0343 		orr	r3, r2, r3, lsl #16
 1077 023e 2B61     		str	r3, [r5, #16]
 1078              	.L131:
 1079 0240 6B68     		ldr	r3, [r5, #4]
 1080 0242 226C     		ldr	r2, [r4, #64]
 1081 0244 1343     		orrs	r3, r3, r2
 1082 0246 6B60     		str	r3, [r5, #4]
 1083 0248 E36B     		ldr	r3, [r4, #60]
 1084 024a EB60     		str	r3, [r5, #12]
 1085 024c A36B     		ldr	r3, [r4, #56]
 1086 024e AB60     		str	r3, [r5, #8]
 1087 0250 2368     		ldr	r3, [r4]
 1088 0252 B3F1804F 		cmp	r3, #1073741824
 1089 0256 05D0     		beq	.L132
 1090 0258 DBB2     		uxtb	r3, r3
 1091 025a AB61     		str	r3, [r5, #24]
 1092 025c A36C     		ldr	r3, [r4, #72]
 1093 025e 2B62     		str	r3, [r5, #32]
 1094 0260 E36C     		ldr	r3, [r4, #76]
ARM GAS  C:\Users\thewo\AppData\Local\Temp\ccWwsCHT.s 			page 20


 1095 0262 6B62     		str	r3, [r5, #36]
 1096              	.L132:
 1097 0264 A36B     		ldr	r3, [r4, #56]
 1098 0266 03F07F43 		and	r3, r3, #-16777216
 1099 026a 002B     		cmp	r3, #0
 1100 026c 18BF     		it	ne
 1101 026e B3F1005F 		cmpne	r3, #536870912
 1102 0272 03D1     		bne	.L133
 1103 0274 AB69     		ldr	r3, [r5, #24]
 1104 0276 43F48033 		orr	r3, r3, #65536
 1105 027a AB61     		str	r3, [r5, #24]
 1106              	.L133:
 1107 027c E36B     		ldr	r3, [r4, #60]
 1108 027e 03F07F43 		and	r3, r3, #-16777216
 1109 0282 002B     		cmp	r3, #0
 1110 0284 18BF     		it	ne
 1111 0286 B3F1005F 		cmpne	r3, #536870912
 1112 028a 40F08180 		bne	.L135
 1113 028e AB69     		ldr	r3, [r5, #24]
 1114 0290 43F40033 		orr	r3, r3, #131072
 1115 0294 AB61     		str	r3, [r5, #24]
 1116 0296 0020     		movs	r0, #0
 1117              	.L108:
 1118 0298 38BD     		pop	{r3, r4, r5, pc}
 1119              	.L140:
 1120 029a 4FF41171 		mov	r1, #580
 1121 029e 3E48     		ldr	r0, .L159+4
 1122 02a0 FFF7FEFF 		bl	assert_failed
 1123 02a4 BEE6     		b	.L109
 1124              	.L141:
 1125 02a6 40F24521 		movw	r1, #581
 1126 02aa 3B48     		ldr	r0, .L159+4
 1127 02ac FFF7FEFF 		bl	assert_failed
 1128 02b0 C5E6     		b	.L110
 1129              	.L142:
 1130 02b2 40F24621 		movw	r1, #582
 1131 02b6 3848     		ldr	r0, .L159+4
 1132 02b8 FFF7FEFF 		bl	assert_failed
 1133 02bc C6E6     		b	.L111
 1134              	.L143:
 1135 02be 40F24721 		movw	r1, #583
 1136 02c2 3548     		ldr	r0, .L159+4
 1137 02c4 FFF7FEFF 		bl	assert_failed
 1138 02c8 DFE6     		b	.L112
 1139              	.L144:
 1140 02ca 4FF41271 		mov	r1, #584
 1141 02ce 3248     		ldr	r0, .L159+4
 1142 02d0 FFF7FEFF 		bl	assert_failed
 1143 02d4 F8E6     		b	.L113
 1144              	.L145:
 1145 02d6 40F24921 		movw	r1, #585
 1146 02da 2F48     		ldr	r0, .L159+4
 1147 02dc FFF7FEFF 		bl	assert_failed
 1148 02e0 FCE6     		b	.L114
 1149              	.L146:
 1150 02e2 40F24A21 		movw	r1, #586
 1151 02e6 2C48     		ldr	r0, .L159+4
ARM GAS  C:\Users\thewo\AppData\Local\Temp\ccWwsCHT.s 			page 21


 1152 02e8 FFF7FEFF 		bl	assert_failed
 1153 02ec 00E7     		b	.L115
 1154              	.L147:
 1155 02ee 40F24B21 		movw	r1, #587
 1156 02f2 2948     		ldr	r0, .L159+4
 1157 02f4 FFF7FEFF 		bl	assert_failed
 1158 02f8 07E7     		b	.L116
 1159              	.L148:
 1160 02fa 4FF41371 		mov	r1, #588
 1161 02fe 2648     		ldr	r0, .L159+4
 1162 0300 FFF7FEFF 		bl	assert_failed
 1163 0304 1AE7     		b	.L117
 1164              	.L149:
 1165 0306 40F24D21 		movw	r1, #589
 1166 030a 2348     		ldr	r0, .L159+4
 1167 030c FFF7FEFF 		bl	assert_failed
 1168 0310 2DE7     		b	.L118
 1169              	.L150:
 1170 0312 40F24E21 		movw	r1, #590
 1171 0316 2048     		ldr	r0, .L159+4
 1172 0318 FFF7FEFF 		bl	assert_failed
 1173 031c 2CE7     		b	.L119
 1174              	.L151:
 1175 031e 40F24F21 		movw	r1, #591
 1176 0322 1D48     		ldr	r0, .L159+4
 1177 0324 FFF7FEFF 		bl	assert_failed
 1178 0328 33E7     		b	.L120
 1179              	.L152:
 1180 032a 4FF41471 		mov	r1, #592
 1181 032e 1A48     		ldr	r0, .L159+4
 1182 0330 FFF7FEFF 		bl	assert_failed
 1183 0334 35E7     		b	.L121
 1184              	.L153:
 1185 0336 40F25121 		movw	r1, #593
 1186 033a 1748     		ldr	r0, .L159+4
 1187 033c FFF7FEFF 		bl	assert_failed
 1188 0340 37E7     		b	.L122
 1189              	.L154:
 1190 0342 40F25321 		movw	r1, #595
 1191 0346 1448     		ldr	r0, .L159+4
 1192 0348 FFF7FEFF 		bl	assert_failed
 1193 034c 37E7     		b	.L123
 1194              	.L155:
 1195 034e 4FF41571 		mov	r1, #596
 1196 0352 1148     		ldr	r0, .L159+4
 1197 0354 FFF7FEFF 		bl	assert_failed
 1198 0358 37E7     		b	.L124
 1199              	.L156:
 1200 035a 2B68     		ldr	r3, [r5]
 1201 035c 43F08043 		orr	r3, r3, #1073741824
 1202 0360 2B60     		str	r3, [r5]
 1203 0362 51E7     		b	.L125
 1204              	.L157:
 1205 0364 6B68     		ldr	r3, [r5, #4]
 1206 0366 43F48023 		orr	r3, r3, #262144
 1207 036a 6B60     		str	r3, [r5, #4]
 1208 036c 236B     		ldr	r3, [r4, #48]
ARM GAS  C:\Users\thewo\AppData\Local\Temp\ccWwsCHT.s 			page 22


 1209 036e 5B42     		rsbs	r3, r3, #0
 1210 0370 9BB2     		uxth	r3, r3
 1211 0372 2B61     		str	r3, [r5, #16]
 1212 0374 5CE7     		b	.L129
 1213              	.L158:
 1214 0376 6B68     		ldr	r3, [r5, #4]
 1215 0378 43F40023 		orr	r3, r3, #524288
 1216 037c 6B60     		str	r3, [r5, #4]
 1217 037e 636B     		ldr	r3, [r4, #52]
 1218 0380 5A42     		rsbs	r2, r3, #0
 1219 0382 2B69     		ldr	r3, [r5, #16]
 1220 0384 43EA0243 		orr	r3, r3, r2, lsl #16
 1221 0388 2B61     		str	r3, [r5, #16]
 1222 038a 59E7     		b	.L131
 1223              	.L134:
 1224 038c 0120     		movs	r0, #1
 1225 038e 7047     		bx	lr
 1226              	.L135:
 1227 0390 0020     		movs	r0, #0
 1228 0392 81E7     		b	.L108
 1229              	.L160:
 1230              		.align	2
 1231              	.L159:
 1232 0394 FEFF0100 		.word	131070
 1233 0398 00000000 		.word	.LC0
 1235              		.section	.text.HAL_MDMA_LinkedList_AddNode,"ax",%progbits
 1236              		.align	1
 1237              		.global	HAL_MDMA_LinkedList_AddNode
 1238              		.syntax unified
 1239              		.thumb
 1240              		.thumb_func
 1242              	HAL_MDMA_LinkedList_AddNode:
 1243              		@ args = 0, pretend = 0, frame = 0
 1244              		@ frame_needed = 0, uses_anonymous_args = 0
 1245              		@ link register save eliminated.
 1246 0000 0029     		cmp	r1, #0
 1247 0002 18BF     		it	ne
 1248 0004 0028     		cmpne	r0, #0
 1249 0006 68D0     		beq	.L176
 1250 0008 0346     		mov	r3, r0
 1251 000a 90F83C00 		ldrb	r0, [r0, #60]	@ zero_extendqisi2
 1252 000e 0128     		cmp	r0, #1
 1253 0010 65D0     		beq	.L177
 1254 0012 F0B4     		push	{r4, r5, r6, r7}
 1255 0014 0120     		movs	r0, #1
 1256 0016 83F83C00 		strb	r0, [r3, #60]
 1257 001a 93F83D40 		ldrb	r4, [r3, #61]	@ zero_extendqisi2
 1258 001e E0B2     		uxtb	r0, r4
 1259 0020 012C     		cmp	r4, #1
 1260 0022 05D0     		beq	.L186
 1261 0024 0022     		movs	r2, #0
 1262 0026 83F83C20 		strb	r2, [r3, #60]
 1263 002a 0220     		movs	r0, #2
 1264              	.L162:
 1265 002c F0BC     		pop	{r4, r5, r6, r7}
 1266 002e 7047     		bx	lr
 1267              	.L186:
ARM GAS  C:\Users\thewo\AppData\Local\Temp\ccWwsCHT.s 			page 23


 1268 0030 0224     		movs	r4, #2
 1269 0032 83F83D40 		strb	r4, [r3, #61]
 1270 0036 DF6D     		ldr	r7, [r3, #92]
 1271 0038 2FB1     		cbz	r7, .L187
 1272 003a 8F42     		cmp	r7, r1
 1273 003c 46D0     		beq	.L165
 1274 003e 3C46     		mov	r4, r7
 1275 0040 0026     		movs	r6, #0
 1276 0042 B446     		mov	ip, r6
 1277 0044 0DE0     		b	.L166
 1278              	.L187:
 1279 0046 002A     		cmp	r2, #0
 1280 0048 40D1     		bne	.L165
 1281 004a 1A68     		ldr	r2, [r3]
 1282 004c 5162     		str	r1, [r2, #36]
 1283 004e D965     		str	r1, [r3, #92]
 1284 0050 0020     		movs	r0, #0
 1285 0052 4861     		str	r0, [r1, #20]
 1286 0054 1966     		str	r1, [r3, #96]
 1287 0056 0122     		movs	r2, #1
 1288 0058 5A66     		str	r2, [r3, #100]
 1289 005a 37E0     		b	.L165
 1290              	.L167:
 1291 005c 6469     		ldr	r4, [r4, #20]
 1292 005e 0CF1010C 		add	ip, ip, #1
 1293              	.L166:
 1294 0062 5D6E     		ldr	r5, [r3, #100]
 1295 0064 6545     		cmp	r5, ip
 1296 0066 05D9     		bls	.L168
 1297 0068 26B9     		cbnz	r6, .L168
 1298 006a 6569     		ldr	r5, [r4, #20]
 1299 006c 8D42     		cmp	r5, r1
 1300 006e F5D1     		bne	.L167
 1301 0070 0646     		mov	r6, r0
 1302 0072 F3E7     		b	.L167
 1303              	.L168:
 1304 0074 4EBB     		cbnz	r6, .L180
 1305 0076 1C6E     		ldr	r4, [r3, #96]
 1306 0078 9442     		cmp	r4, r2
 1307 007a 04D0     		beq	.L170
 1308 007c 1AB1     		cbz	r2, .L170
 1309 007e 4FF0000C 		mov	ip, #0
 1310 0082 6446     		mov	r4, ip
 1311 0084 11E0     		b	.L171
 1312              	.L170:
 1313 0086 6269     		ldr	r2, [r4, #20]
 1314 0088 4A61     		str	r2, [r1, #20]
 1315 008a 1A6E     		ldr	r2, [r3, #96]
 1316 008c 5161     		str	r1, [r2, #20]
 1317 008e 1966     		str	r1, [r3, #96]
 1318 0090 5A6E     		ldr	r2, [r3, #100]
 1319 0092 0132     		adds	r2, r2, #1
 1320 0094 5A66     		str	r2, [r3, #100]
 1321 0096 3046     		mov	r0, r6
 1322 0098 18E0     		b	.L165
 1323              	.L188:
 1324 009a 7D69     		ldr	r5, [r7, #20]
ARM GAS  C:\Users\thewo\AppData\Local\Temp\ccWwsCHT.s 			page 24


 1325 009c 4D61     		str	r5, [r1, #20]
 1326 009e 7961     		str	r1, [r7, #20]
 1327 00a0 5D6E     		ldr	r5, [r3, #100]
 1328 00a2 0135     		adds	r5, r5, #1
 1329 00a4 5D66     		str	r5, [r3, #100]
 1330 00a6 4FF0010C 		mov	ip, #1
 1331              	.L171:
 1332 00aa 5D6E     		ldr	r5, [r3, #100]
 1333 00ac A542     		cmp	r5, r4
 1334 00ae 07D9     		bls	.L174
 1335 00b0 BCF1000F 		cmp	ip, #0
 1336 00b4 04D1     		bne	.L174
 1337 00b6 0134     		adds	r4, r4, #1
 1338 00b8 9742     		cmp	r7, r2
 1339 00ba EED0     		beq	.L188
 1340 00bc 7F69     		ldr	r7, [r7, #20]
 1341 00be F4E7     		b	.L171
 1342              	.L174:
 1343 00c0 BCF1000F 		cmp	ip, #0
 1344 00c4 02D0     		beq	.L165
 1345 00c6 3046     		mov	r0, r6
 1346 00c8 00E0     		b	.L165
 1347              	.L180:
 1348 00ca 3046     		mov	r0, r6
 1349              	.L165:
 1350 00cc 0022     		movs	r2, #0
 1351 00ce 83F83C20 		strb	r2, [r3, #60]
 1352 00d2 0122     		movs	r2, #1
 1353 00d4 83F83D20 		strb	r2, [r3, #61]
 1354 00d8 A8E7     		b	.L162
 1355              	.L176:
 1356 00da 0120     		movs	r0, #1
 1357 00dc 7047     		bx	lr
 1358              	.L177:
 1359 00de 0220     		movs	r0, #2
 1360 00e0 7047     		bx	lr
 1362              		.section	.text.HAL_MDMA_LinkedList_RemoveNode,"ax",%progbits
 1363              		.align	1
 1364              		.global	HAL_MDMA_LinkedList_RemoveNode
 1365              		.syntax unified
 1366              		.thumb
 1367              		.thumb_func
 1369              	HAL_MDMA_LinkedList_RemoveNode:
 1370              		@ args = 0, pretend = 0, frame = 0
 1371              		@ frame_needed = 0, uses_anonymous_args = 0
 1372              		@ link register save eliminated.
 1373 0000 0029     		cmp	r1, #0
 1374 0002 18BF     		it	ne
 1375 0004 0028     		cmpne	r0, #0
 1376 0006 5DD0     		beq	.L201
 1377 0008 0346     		mov	r3, r0
 1378 000a 90F83C20 		ldrb	r2, [r0, #60]	@ zero_extendqisi2
 1379 000e 012A     		cmp	r2, #1
 1380 0010 5AD0     		beq	.L202
 1381 0012 0122     		movs	r2, #1
 1382 0014 80F83C20 		strb	r2, [r0, #60]
 1383 0018 90F83D20 		ldrb	r2, [r0, #61]	@ zero_extendqisi2
ARM GAS  C:\Users\thewo\AppData\Local\Temp\ccWwsCHT.s 			page 25


 1384 001c D0B2     		uxtb	r0, r2
 1385 001e 012A     		cmp	r2, #1
 1386 0020 04D0     		beq	.L208
 1387 0022 0022     		movs	r2, #0
 1388 0024 83F83C20 		strb	r2, [r3, #60]
 1389 0028 0220     		movs	r0, #2
 1390 002a 7047     		bx	lr
 1391              	.L208:
 1392 002c 30B4     		push	{r4, r5}
 1393 002e 0222     		movs	r2, #2
 1394 0030 83F83D20 		strb	r2, [r3, #61]
 1395 0034 DA6D     		ldr	r2, [r3, #92]
 1396 0036 002A     		cmp	r2, #0
 1397 0038 3CD0     		beq	.L192
 1398 003a 1C6E     		ldr	r4, [r3, #96]
 1399 003c 002C     		cmp	r4, #0
 1400 003e 39D0     		beq	.L192
 1401 0040 5D6E     		ldr	r5, [r3, #100]
 1402 0042 002D     		cmp	r5, #0
 1403 0044 36D0     		beq	.L192
 1404 0046 8A42     		cmp	r2, r1
 1405 0048 02D0     		beq	.L209
 1406 004a 0025     		movs	r5, #0
 1407 004c AC46     		mov	ip, r5
 1408 004e 22E0     		b	.L193
 1409              	.L209:
 1410 0050 8C42     		cmp	r4, r1
 1411 0052 0DD0     		beq	.L210
 1412 0054 6069     		ldr	r0, [r4, #20]
 1413 0056 8242     		cmp	r2, r0
 1414 0058 11D0     		beq	.L211
 1415              	.L195:
 1416 005a 1A68     		ldr	r2, [r3]
 1417 005c 4969     		ldr	r1, [r1, #20]
 1418 005e 5162     		str	r1, [r2, #36]
 1419 0060 1A68     		ldr	r2, [r3]
 1420 0062 526A     		ldr	r2, [r2, #36]
 1421 0064 DA65     		str	r2, [r3, #92]
 1422 0066 5A6E     		ldr	r2, [r3, #100]
 1423 0068 013A     		subs	r2, r2, #1
 1424 006a 5A66     		str	r2, [r3, #100]
 1425 006c 0020     		movs	r0, #0
 1426 006e 21E0     		b	.L192
 1427              	.L210:
 1428 0070 0020     		movs	r0, #0
 1429 0072 D865     		str	r0, [r3, #92]
 1430 0074 1866     		str	r0, [r3, #96]
 1431 0076 5866     		str	r0, [r3, #100]
 1432 0078 1A68     		ldr	r2, [r3]
 1433 007a 5062     		str	r0, [r2, #36]
 1434 007c 1AE0     		b	.L192
 1435              	.L211:
 1436 007e 4A69     		ldr	r2, [r1, #20]
 1437 0080 6261     		str	r2, [r4, #20]
 1438 0082 EAE7     		b	.L195
 1439              	.L213:
 1440 0084 1C6E     		ldr	r4, [r3, #96]
ARM GAS  C:\Users\thewo\AppData\Local\Temp\ccWwsCHT.s 			page 26


 1441 0086 8C42     		cmp	r4, r1
 1442 0088 10D0     		beq	.L212
 1443              	.L197:
 1444 008a 4C69     		ldr	r4, [r1, #20]
 1445 008c 5461     		str	r4, [r2, #20]
 1446 008e 5C6E     		ldr	r4, [r3, #100]
 1447 0090 013C     		subs	r4, r4, #1
 1448 0092 5C66     		str	r4, [r3, #100]
 1449 0094 0125     		movs	r5, #1
 1450              	.L193:
 1451 0096 5C6E     		ldr	r4, [r3, #100]
 1452 0098 6445     		cmp	r4, ip
 1453 009a 09D9     		bls	.L199
 1454 009c 45B9     		cbnz	r5, .L199
 1455 009e 0CF1010C 		add	ip, ip, #1
 1456 00a2 5469     		ldr	r4, [r2, #20]
 1457 00a4 8C42     		cmp	r4, r1
 1458 00a6 EDD0     		beq	.L213
 1459 00a8 5269     		ldr	r2, [r2, #20]
 1460 00aa F4E7     		b	.L193
 1461              	.L212:
 1462 00ac 1A66     		str	r2, [r3, #96]
 1463 00ae ECE7     		b	.L197
 1464              	.L199:
 1465 00b0 05B1     		cbz	r5, .L192
 1466 00b2 0020     		movs	r0, #0
 1467              	.L192:
 1468 00b4 0022     		movs	r2, #0
 1469 00b6 83F83C20 		strb	r2, [r3, #60]
 1470 00ba 0122     		movs	r2, #1
 1471 00bc 83F83D20 		strb	r2, [r3, #61]
 1472 00c0 30BC     		pop	{r4, r5}
 1473 00c2 7047     		bx	lr
 1474              	.L201:
 1475 00c4 0120     		movs	r0, #1
 1476 00c6 7047     		bx	lr
 1477              	.L202:
 1478 00c8 0220     		movs	r0, #2
 1479 00ca 7047     		bx	lr
 1481              		.section	.text.HAL_MDMA_LinkedList_EnableCircularMode,"ax",%progbits
 1482              		.align	1
 1483              		.global	HAL_MDMA_LinkedList_EnableCircularMode
 1484              		.syntax unified
 1485              		.thumb
 1486              		.thumb_func
 1488              	HAL_MDMA_LinkedList_EnableCircularMode:
 1489              		@ args = 0, pretend = 0, frame = 0
 1490              		@ frame_needed = 0, uses_anonymous_args = 0
 1491              		@ link register save eliminated.
 1492 0000 30B3     		cbz	r0, .L217
 1493 0002 0346     		mov	r3, r0
 1494 0004 90F83C20 		ldrb	r2, [r0, #60]	@ zero_extendqisi2
 1495 0008 012A     		cmp	r2, #1
 1496 000a 23D0     		beq	.L218
 1497 000c 10B4     		push	{r4}
 1498 000e 0122     		movs	r2, #1
 1499 0010 80F83C20 		strb	r2, [r0, #60]
ARM GAS  C:\Users\thewo\AppData\Local\Temp\ccWwsCHT.s 			page 27


 1500 0014 90F83D20 		ldrb	r2, [r0, #61]	@ zero_extendqisi2
 1501 0018 D0B2     		uxtb	r0, r2
 1502 001a 012A     		cmp	r2, #1
 1503 001c 09D0     		beq	.L224
 1504 001e 0020     		movs	r0, #0
 1505              	.L216:
 1506 0020 0022     		movs	r2, #0
 1507 0022 83F83C20 		strb	r2, [r3, #60]
 1508 0026 0122     		movs	r2, #1
 1509 0028 83F83D20 		strb	r2, [r3, #61]
 1510 002c 5DF8044B 		ldr	r4, [sp], #4
 1511 0030 7047     		bx	lr
 1512              	.L224:
 1513 0032 0222     		movs	r2, #2
 1514 0034 83F83D20 		strb	r2, [r3, #61]
 1515 0038 DA6D     		ldr	r2, [r3, #92]
 1516 003a 002A     		cmp	r2, #0
 1517 003c F0D0     		beq	.L216
 1518 003e 196E     		ldr	r1, [r3, #96]
 1519 0040 0029     		cmp	r1, #0
 1520 0042 EDD0     		beq	.L216
 1521 0044 5C6E     		ldr	r4, [r3, #100]
 1522 0046 002C     		cmp	r4, #0
 1523 0048 EAD0     		beq	.L216
 1524 004a 4A61     		str	r2, [r1, #20]
 1525 004c 0020     		movs	r0, #0
 1526 004e E7E7     		b	.L216
 1527              	.L217:
 1528 0050 0120     		movs	r0, #1
 1529 0052 7047     		bx	lr
 1530              	.L218:
 1531 0054 0220     		movs	r0, #2
 1532 0056 7047     		bx	lr
 1534              		.section	.text.HAL_MDMA_LinkedList_DisableCircularMode,"ax",%progbits
 1535              		.align	1
 1536              		.global	HAL_MDMA_LinkedList_DisableCircularMode
 1537              		.syntax unified
 1538              		.thumb
 1539              		.thumb_func
 1541              	HAL_MDMA_LinkedList_DisableCircularMode:
 1542              		@ args = 0, pretend = 0, frame = 0
 1543              		@ frame_needed = 0, uses_anonymous_args = 0
 1544              		@ link register save eliminated.
 1545 0000 0346     		mov	r3, r0
 1546 0002 10B3     		cbz	r0, .L228
 1547 0004 90F83C20 		ldrb	r2, [r0, #60]	@ zero_extendqisi2
 1548 0008 012A     		cmp	r2, #1
 1549 000a 20D0     		beq	.L229
 1550 000c 0122     		movs	r2, #1
 1551 000e 80F83C20 		strb	r2, [r0, #60]
 1552 0012 90F83D20 		ldrb	r2, [r0, #61]	@ zero_extendqisi2
 1553 0016 D0B2     		uxtb	r0, r2
 1554 0018 012A     		cmp	r2, #1
 1555 001a 07D0     		beq	.L231
 1556 001c 0020     		movs	r0, #0
 1557              	.L227:
 1558 001e 0022     		movs	r2, #0
ARM GAS  C:\Users\thewo\AppData\Local\Temp\ccWwsCHT.s 			page 28


 1559 0020 83F83C20 		strb	r2, [r3, #60]
 1560 0024 0122     		movs	r2, #1
 1561 0026 83F83D20 		strb	r2, [r3, #61]
 1562 002a 7047     		bx	lr
 1563              	.L231:
 1564 002c 0222     		movs	r2, #2
 1565 002e 83F83D20 		strb	r2, [r3, #61]
 1566 0032 DA6D     		ldr	r2, [r3, #92]
 1567 0034 002A     		cmp	r2, #0
 1568 0036 F2D0     		beq	.L227
 1569 0038 1A6E     		ldr	r2, [r3, #96]
 1570 003a 002A     		cmp	r2, #0
 1571 003c EFD0     		beq	.L227
 1572 003e 596E     		ldr	r1, [r3, #100]
 1573 0040 0029     		cmp	r1, #0
 1574 0042 ECD0     		beq	.L227
 1575 0044 0020     		movs	r0, #0
 1576 0046 5061     		str	r0, [r2, #20]
 1577 0048 E9E7     		b	.L227
 1578              	.L228:
 1579 004a 0120     		movs	r0, #1
 1580 004c 7047     		bx	lr
 1581              	.L229:
 1582 004e 0220     		movs	r0, #2
 1583 0050 7047     		bx	lr
 1585              		.section	.text.HAL_MDMA_Start,"ax",%progbits
 1586              		.align	1
 1587              		.global	HAL_MDMA_Start
 1588              		.syntax unified
 1589              		.thumb
 1590              		.thumb_func
 1592              	HAL_MDMA_Start:
 1593              		@ args = 4, pretend = 0, frame = 0
 1594              		@ frame_needed = 0, uses_anonymous_args = 0
 1595 0000 2DE9F041 		push	{r4, r5, r6, r7, r8, lr}
 1596 0004 82B0     		sub	sp, sp, #8
 1597 0006 0446     		mov	r4, r0
 1598 0008 0E46     		mov	r6, r1
 1599 000a 9046     		mov	r8, r2
 1600 000c 1D46     		mov	r5, r3
 1601 000e 089F     		ldr	r7, [sp, #32]
 1602 0010 013B     		subs	r3, r3, #1
 1603 0012 B3F5803F 		cmp	r3, #65536
 1604 0016 17D2     		bcs	.L241
 1605              	.L233:
 1606 0018 7B1E     		subs	r3, r7, #1
 1607 001a B3F5805F 		cmp	r3, #4096
 1608 001e 19D2     		bcs	.L242
 1609              	.L234:
 1610 0020 002C     		cmp	r4, #0
 1611 0022 40D0     		beq	.L237
 1612 0024 94F83C30 		ldrb	r3, [r4, #60]	@ zero_extendqisi2
 1613 0028 012B     		cmp	r3, #1
 1614 002a 3ED0     		beq	.L238
 1615 002c 0123     		movs	r3, #1
 1616 002e 84F83C30 		strb	r3, [r4, #60]
 1617 0032 94F83D30 		ldrb	r3, [r4, #61]	@ zero_extendqisi2
ARM GAS  C:\Users\thewo\AppData\Local\Temp\ccWwsCHT.s 			page 29


 1618 0036 012B     		cmp	r3, #1
 1619 0038 12D0     		beq	.L243
 1620 003a 0023     		movs	r3, #0
 1621 003c 84F83C30 		strb	r3, [r4, #60]
 1622 0040 0220     		movs	r0, #2
 1623              	.L235:
 1624 0042 02B0     		add	sp, sp, #8
 1625              		@ sp needed
 1626 0044 BDE8F081 		pop	{r4, r5, r6, r7, r8, pc}
 1627              	.L241:
 1628 0048 40F23341 		movw	r1, #1075
 1629 004c 1848     		ldr	r0, .L245
 1630 004e FFF7FEFF 		bl	assert_failed
 1631 0052 E1E7     		b	.L233
 1632              	.L242:
 1633 0054 40F23441 		movw	r1, #1076
 1634 0058 1548     		ldr	r0, .L245
 1635 005a FFF7FEFF 		bl	assert_failed
 1636 005e DFE7     		b	.L234
 1637              	.L243:
 1638 0060 0223     		movs	r3, #2
 1639 0062 84F83D30 		strb	r3, [r4, #61]
 1640 0066 0023     		movs	r3, #0
 1641 0068 A366     		str	r3, [r4, #104]
 1642 006a 2268     		ldr	r2, [r4]
 1643 006c D368     		ldr	r3, [r2, #12]
 1644 006e 23F00103 		bic	r3, r3, #1
 1645 0072 D360     		str	r3, [r2, #12]
 1646 0074 0097     		str	r7, [sp]
 1647 0076 2B46     		mov	r3, r5
 1648 0078 4246     		mov	r2, r8
 1649 007a 3146     		mov	r1, r6
 1650 007c 2046     		mov	r0, r4
 1651 007e FFF7FEFF 		bl	MDMA_SetConfig
 1652 0082 2268     		ldr	r2, [r4]
 1653 0084 D368     		ldr	r3, [r2, #12]
 1654 0086 43F00103 		orr	r3, r3, #1
 1655 008a D360     		str	r3, [r2, #12]
 1656 008c 6368     		ldr	r3, [r4, #4]
 1657 008e B3F1804F 		cmp	r3, #1073741824
 1658 0092 01D0     		beq	.L244
 1659 0094 0020     		movs	r0, #0
 1660 0096 D4E7     		b	.L235
 1661              	.L244:
 1662 0098 2268     		ldr	r2, [r4]
 1663 009a D368     		ldr	r3, [r2, #12]
 1664 009c 43F48033 		orr	r3, r3, #65536
 1665 00a0 D360     		str	r3, [r2, #12]
 1666 00a2 0020     		movs	r0, #0
 1667 00a4 CDE7     		b	.L235
 1668              	.L237:
 1669 00a6 0120     		movs	r0, #1
 1670 00a8 CBE7     		b	.L235
 1671              	.L238:
 1672 00aa 0220     		movs	r0, #2
 1673 00ac C9E7     		b	.L235
 1674              	.L246:
ARM GAS  C:\Users\thewo\AppData\Local\Temp\ccWwsCHT.s 			page 30


 1675 00ae 00BF     		.align	2
 1676              	.L245:
 1677 00b0 00000000 		.word	.LC0
 1679              		.section	.text.HAL_MDMA_Start_IT,"ax",%progbits
 1680              		.align	1
 1681              		.global	HAL_MDMA_Start_IT
 1682              		.syntax unified
 1683              		.thumb
 1684              		.thumb_func
 1686              	HAL_MDMA_Start_IT:
 1687              		@ args = 4, pretend = 0, frame = 0
 1688              		@ frame_needed = 0, uses_anonymous_args = 0
 1689 0000 2DE9F041 		push	{r4, r5, r6, r7, r8, lr}
 1690 0004 82B0     		sub	sp, sp, #8
 1691 0006 0446     		mov	r4, r0
 1692 0008 0E46     		mov	r6, r1
 1693 000a 9046     		mov	r8, r2
 1694 000c 1D46     		mov	r5, r3
 1695 000e 089F     		ldr	r7, [sp, #32]
 1696 0010 013B     		subs	r3, r3, #1
 1697 0012 B3F5803F 		cmp	r3, #65536
 1698 0016 17D2     		bcs	.L259
 1699              	.L248:
 1700 0018 7B1E     		subs	r3, r7, #1
 1701 001a B3F5805F 		cmp	r3, #4096
 1702 001e 19D2     		bcs	.L260
 1703              	.L249:
 1704 0020 002C     		cmp	r4, #0
 1705 0022 5AD0     		beq	.L255
 1706 0024 94F83C30 		ldrb	r3, [r4, #60]	@ zero_extendqisi2
 1707 0028 012B     		cmp	r3, #1
 1708 002a 58D0     		beq	.L256
 1709 002c 0123     		movs	r3, #1
 1710 002e 84F83C30 		strb	r3, [r4, #60]
 1711 0032 94F83D30 		ldrb	r3, [r4, #61]	@ zero_extendqisi2
 1712 0036 012B     		cmp	r3, #1
 1713 0038 12D0     		beq	.L261
 1714 003a 0023     		movs	r3, #0
 1715 003c 84F83C30 		strb	r3, [r4, #60]
 1716 0040 0220     		movs	r0, #2
 1717              	.L250:
 1718 0042 02B0     		add	sp, sp, #8
 1719              		@ sp needed
 1720 0044 BDE8F081 		pop	{r4, r5, r6, r7, r8, pc}
 1721              	.L259:
 1722 0048 40F26F41 		movw	r1, #1135
 1723 004c 2548     		ldr	r0, .L263
 1724 004e FFF7FEFF 		bl	assert_failed
 1725 0052 E1E7     		b	.L248
 1726              	.L260:
 1727 0054 4FF48E61 		mov	r1, #1136
 1728 0058 2248     		ldr	r0, .L263
 1729 005a FFF7FEFF 		bl	assert_failed
 1730 005e DFE7     		b	.L249
 1731              	.L261:
 1732 0060 0223     		movs	r3, #2
 1733 0062 84F83D30 		strb	r3, [r4, #61]
ARM GAS  C:\Users\thewo\AppData\Local\Temp\ccWwsCHT.s 			page 31


 1734 0066 0023     		movs	r3, #0
 1735 0068 A366     		str	r3, [r4, #104]
 1736 006a 2268     		ldr	r2, [r4]
 1737 006c D368     		ldr	r3, [r2, #12]
 1738 006e 23F00103 		bic	r3, r3, #1
 1739 0072 D360     		str	r3, [r2, #12]
 1740 0074 0097     		str	r7, [sp]
 1741 0076 2B46     		mov	r3, r5
 1742 0078 4246     		mov	r2, r8
 1743 007a 3146     		mov	r1, r6
 1744 007c 2046     		mov	r0, r4
 1745 007e FFF7FEFF 		bl	MDMA_SetConfig
 1746 0082 2268     		ldr	r2, [r4]
 1747 0084 D368     		ldr	r3, [r2, #12]
 1748 0086 43F00603 		orr	r3, r3, #6
 1749 008a D360     		str	r3, [r2, #12]
 1750 008c E36C     		ldr	r3, [r4, #76]
 1751 008e 23B1     		cbz	r3, .L252
 1752 0090 2268     		ldr	r2, [r4]
 1753 0092 D368     		ldr	r3, [r2, #12]
 1754 0094 43F01003 		orr	r3, r3, #16
 1755 0098 D360     		str	r3, [r2, #12]
 1756              	.L252:
 1757 009a 236D     		ldr	r3, [r4, #80]
 1758 009c 23B1     		cbz	r3, .L253
 1759 009e 2268     		ldr	r2, [r4]
 1760 00a0 D368     		ldr	r3, [r2, #12]
 1761 00a2 43F00803 		orr	r3, r3, #8
 1762 00a6 D360     		str	r3, [r2, #12]
 1763              	.L253:
 1764 00a8 A36C     		ldr	r3, [r4, #72]
 1765 00aa 23B1     		cbz	r3, .L254
 1766 00ac 2268     		ldr	r2, [r4]
 1767 00ae D368     		ldr	r3, [r2, #12]
 1768 00b0 43F02003 		orr	r3, r3, #32
 1769 00b4 D360     		str	r3, [r2, #12]
 1770              	.L254:
 1771 00b6 2268     		ldr	r2, [r4]
 1772 00b8 D368     		ldr	r3, [r2, #12]
 1773 00ba 43F00103 		orr	r3, r3, #1
 1774 00be D360     		str	r3, [r2, #12]
 1775 00c0 6368     		ldr	r3, [r4, #4]
 1776 00c2 B3F1804F 		cmp	r3, #1073741824
 1777 00c6 01D0     		beq	.L262
 1778 00c8 0020     		movs	r0, #0
 1779 00ca BAE7     		b	.L250
 1780              	.L262:
 1781 00cc 2268     		ldr	r2, [r4]
 1782 00ce D368     		ldr	r3, [r2, #12]
 1783 00d0 43F48033 		orr	r3, r3, #65536
 1784 00d4 D360     		str	r3, [r2, #12]
 1785 00d6 0020     		movs	r0, #0
 1786 00d8 B3E7     		b	.L250
 1787              	.L255:
 1788 00da 0120     		movs	r0, #1
 1789 00dc B1E7     		b	.L250
 1790              	.L256:
ARM GAS  C:\Users\thewo\AppData\Local\Temp\ccWwsCHT.s 			page 32


 1791 00de 0220     		movs	r0, #2
 1792 00e0 AFE7     		b	.L250
 1793              	.L264:
 1794 00e2 00BF     		.align	2
 1795              	.L263:
 1796 00e4 00000000 		.word	.LC0
 1798              		.section	.text.HAL_MDMA_Abort,"ax",%progbits
 1799              		.align	1
 1800              		.global	HAL_MDMA_Abort
 1801              		.syntax unified
 1802              		.thumb
 1803              		.thumb_func
 1805              	HAL_MDMA_Abort:
 1806              		@ args = 0, pretend = 0, frame = 0
 1807              		@ frame_needed = 0, uses_anonymous_args = 0
 1808 0000 38B5     		push	{r3, r4, r5, lr}
 1809 0002 0446     		mov	r4, r0
 1810 0004 FFF7FEFF 		bl	HAL_GetTick
 1811 0008 002C     		cmp	r4, #0
 1812 000a 34D0     		beq	.L270
 1813 000c 0546     		mov	r5, r0
 1814 000e 94F83D30 		ldrb	r3, [r4, #61]	@ zero_extendqisi2
 1815 0012 022B     		cmp	r3, #2
 1816 0014 06D0     		beq	.L267
 1817 0016 8023     		movs	r3, #128
 1818 0018 A366     		str	r3, [r4, #104]
 1819 001a 0023     		movs	r3, #0
 1820 001c 84F83C30 		strb	r3, [r4, #60]
 1821 0020 0120     		movs	r0, #1
 1822              	.L266:
 1823 0022 38BD     		pop	{r3, r4, r5, pc}
 1824              	.L267:
 1825 0024 2268     		ldr	r2, [r4]
 1826 0026 D368     		ldr	r3, [r2, #12]
 1827 0028 23F03E03 		bic	r3, r3, #62
 1828 002c D360     		str	r3, [r2, #12]
 1829 002e 2268     		ldr	r2, [r4]
 1830 0030 D368     		ldr	r3, [r2, #12]
 1831 0032 23F00103 		bic	r3, r3, #1
 1832 0036 D360     		str	r3, [r2, #12]
 1833              	.L268:
 1834 0038 2368     		ldr	r3, [r4]
 1835 003a DA68     		ldr	r2, [r3, #12]
 1836 003c 12F0010F 		tst	r2, #1
 1837 0040 10D0     		beq	.L272
 1838 0042 FFF7FEFF 		bl	HAL_GetTick
 1839 0046 431B     		subs	r3, r0, r5
 1840 0048 052B     		cmp	r3, #5
 1841 004a F5D9     		bls	.L268
 1842 004c A36E     		ldr	r3, [r4, #104]
 1843 004e 43F04003 		orr	r3, r3, #64
 1844 0052 A366     		str	r3, [r4, #104]
 1845 0054 0023     		movs	r3, #0
 1846 0056 84F83C30 		strb	r3, [r4, #60]
 1847 005a 0323     		movs	r3, #3
 1848 005c 84F83D30 		strb	r3, [r4, #61]
 1849 0060 0120     		movs	r0, #1
ARM GAS  C:\Users\thewo\AppData\Local\Temp\ccWwsCHT.s 			page 33


 1850 0062 DEE7     		b	.L266
 1851              	.L272:
 1852 0064 1F22     		movs	r2, #31
 1853 0066 5A60     		str	r2, [r3, #4]
 1854 0068 0020     		movs	r0, #0
 1855 006a 84F83C00 		strb	r0, [r4, #60]
 1856 006e 0123     		movs	r3, #1
 1857 0070 84F83D30 		strb	r3, [r4, #61]
 1858 0074 D5E7     		b	.L266
 1859              	.L270:
 1860 0076 0120     		movs	r0, #1
 1861 0078 D3E7     		b	.L266
 1863              		.section	.text.HAL_MDMA_Abort_IT,"ax",%progbits
 1864              		.align	1
 1865              		.global	HAL_MDMA_Abort_IT
 1866              		.syntax unified
 1867              		.thumb
 1868              		.thumb_func
 1870              	HAL_MDMA_Abort_IT:
 1871              		@ args = 0, pretend = 0, frame = 0
 1872              		@ frame_needed = 0, uses_anonymous_args = 0
 1873              		@ link register save eliminated.
 1874 0000 88B1     		cbz	r0, .L276
 1875 0002 90F83D20 		ldrb	r2, [r0, #61]	@ zero_extendqisi2
 1876 0006 022A     		cmp	r2, #2
 1877 0008 03D0     		beq	.L275
 1878 000a 8022     		movs	r2, #128
 1879 000c 8266     		str	r2, [r0, #104]
 1880 000e 0120     		movs	r0, #1
 1881 0010 7047     		bx	lr
 1882              	.L275:
 1883 0012 0422     		movs	r2, #4
 1884 0014 80F83D20 		strb	r2, [r0, #61]
 1885 0018 0268     		ldr	r2, [r0]
 1886 001a D368     		ldr	r3, [r2, #12]
 1887 001c 23F00103 		bic	r3, r3, #1
 1888 0020 D360     		str	r3, [r2, #12]
 1889 0022 0020     		movs	r0, #0
 1890 0024 7047     		bx	lr
 1891              	.L276:
 1892 0026 0120     		movs	r0, #1
 1893 0028 7047     		bx	lr
 1895              		.section	.text.HAL_MDMA_PollForTransfer,"ax",%progbits
 1896              		.align	1
 1897              		.global	HAL_MDMA_PollForTransfer
 1898              		.syntax unified
 1899              		.thumb
 1900              		.thumb_func
 1902              	HAL_MDMA_PollForTransfer:
 1903              		@ args = 0, pretend = 0, frame = 0
 1904              		@ frame_needed = 0, uses_anonymous_args = 0
 1905 0000 2DE9F843 		push	{r3, r4, r5, r6, r7, r8, r9, lr}
 1906 0004 0446     		mov	r4, r0
 1907 0006 8846     		mov	r8, r1
 1908 0008 1646     		mov	r6, r2
 1909 000a 0329     		cmp	r1, #3
 1910 000c 0BD8     		bhi	.L304
ARM GAS  C:\Users\thewo\AppData\Local\Temp\ccWwsCHT.s 			page 34


 1911              	.L278:
 1912 000e 002C     		cmp	r4, #0
 1913 0010 00F08980 		beq	.L298
 1914 0014 94F83D30 		ldrb	r3, [r4, #61]	@ zero_extendqisi2
 1915 0018 022B     		cmp	r3, #2
 1916 001a 0AD0     		beq	.L280
 1917 001c 8023     		movs	r3, #128
 1918 001e A366     		str	r3, [r4, #104]
 1919 0020 0120     		movs	r0, #1
 1920              	.L279:
 1921 0022 BDE8F883 		pop	{r3, r4, r5, r6, r7, r8, r9, pc}
 1922              	.L304:
 1923 0026 40F22951 		movw	r1, #1321
 1924 002a 4148     		ldr	r0, .L307
 1925 002c FFF7FEFF 		bl	assert_failed
 1926 0030 EDE7     		b	.L278
 1927              	.L280:
 1928 0032 B8F1010F 		cmp	r8, #1
 1929 0036 25D0     		beq	.L299
 1930 0038 B8F1020F 		cmp	r8, #2
 1931 003c 24D0     		beq	.L300
 1932 003e B8F1000F 		cmp	r8, #0
 1933 0042 23D1     		bne	.L301
 1934 0044 0227     		movs	r7, #2
 1935              	.L281:
 1936 0046 FFF7FEFF 		bl	HAL_GetTick
 1937 004a 8146     		mov	r9, r0
 1938              	.L290:
 1939 004c 2368     		ldr	r3, [r4]
 1940 004e 1D68     		ldr	r5, [r3]
 1941 0050 3D42     		tst	r5, r7
 1942 0052 4BD1     		bne	.L305
 1943 0054 1D68     		ldr	r5, [r3]
 1944 0056 15F0010F 		tst	r5, #1
 1945 005a 19D1     		bne	.L306
 1946 005c B6F1FF3F 		cmp	r6, #-1
 1947 0060 F4D0     		beq	.L290
 1948 0062 FFF7FEFF 		bl	HAL_GetTick
 1949 0066 A0EB0900 		sub	r0, r0, r9
 1950 006a B042     		cmp	r0, r6
 1951 006c 01D8     		bhi	.L291
 1952 006e 002E     		cmp	r6, #0
 1953 0070 ECD1     		bne	.L290
 1954              	.L291:
 1955 0072 A36E     		ldr	r3, [r4, #104]
 1956 0074 43F04003 		orr	r3, r3, #64
 1957 0078 A366     		str	r3, [r4, #104]
 1958 007a 2046     		mov	r0, r4
 1959 007c FFF7FEFF 		bl	HAL_MDMA_Abort
 1960 0080 0120     		movs	r0, #1
 1961 0082 CEE7     		b	.L279
 1962              	.L299:
 1963 0084 1027     		movs	r7, #16
 1964 0086 DEE7     		b	.L281
 1965              	.L300:
 1966 0088 0827     		movs	r7, #8
 1967 008a DCE7     		b	.L281
ARM GAS  C:\Users\thewo\AppData\Local\Temp\ccWwsCHT.s 			page 35


 1968              	.L301:
 1969 008c 0427     		movs	r7, #4
 1970 008e DAE7     		b	.L281
 1971              	.L306:
 1972 0090 9B68     		ldr	r3, [r3, #8]
 1973 0092 13F0800F 		tst	r3, #128
 1974 0096 24D1     		bne	.L284
 1975 0098 A26E     		ldr	r2, [r4, #104]
 1976 009a 42F00102 		orr	r2, r2, #1
 1977 009e A266     		str	r2, [r4, #104]
 1978              	.L285:
 1979 00a0 13F4007F 		tst	r3, #512
 1980 00a4 03D0     		beq	.L286
 1981 00a6 A26E     		ldr	r2, [r4, #104]
 1982 00a8 42F00402 		orr	r2, r2, #4
 1983 00ac A266     		str	r2, [r4, #104]
 1984              	.L286:
 1985 00ae 13F4807F 		tst	r3, #256
 1986 00b2 03D0     		beq	.L287
 1987 00b4 A26E     		ldr	r2, [r4, #104]
 1988 00b6 42F00802 		orr	r2, r2, #8
 1989 00ba A266     		str	r2, [r4, #104]
 1990              	.L287:
 1991 00bc 13F4806F 		tst	r3, #1024
 1992 00c0 03D0     		beq	.L288
 1993 00c2 A26E     		ldr	r2, [r4, #104]
 1994 00c4 42F01002 		orr	r2, r2, #16
 1995 00c8 A266     		str	r2, [r4, #104]
 1996              	.L288:
 1997 00ca 13F4006F 		tst	r3, #2048
 1998 00ce 03D0     		beq	.L289
 1999 00d0 A36E     		ldr	r3, [r4, #104]
 2000 00d2 43F02003 		orr	r3, r3, #32
 2001 00d6 A366     		str	r3, [r4, #104]
 2002              	.L289:
 2003 00d8 2046     		mov	r0, r4
 2004 00da FFF7FEFF 		bl	HAL_MDMA_Abort
 2005 00de 0120     		movs	r0, #1
 2006 00e0 9FE7     		b	.L279
 2007              	.L284:
 2008 00e2 A26E     		ldr	r2, [r4, #104]
 2009 00e4 42F00202 		orr	r2, r2, #2
 2010 00e8 A266     		str	r2, [r4, #104]
 2011 00ea D9E7     		b	.L285
 2012              	.L305:
 2013 00ec B8F1030F 		cmp	r8, #3
 2014 00f0 1BD8     		bhi	.L302
 2015 00f2 DFE808F0 		tbb	[pc, r8]
 2016              	.L294:
 2017 00f6 0E       		.byte	(.L297-.L294)/2
 2018 00f7 02       		.byte	(.L296-.L294)/2
 2019 00f8 06       		.byte	(.L295-.L294)/2
 2020 00f9 0A       		.byte	(.L293-.L294)/2
 2021              		.p2align 1
 2022              	.L296:
 2023 00fa 1022     		movs	r2, #16
 2024 00fc 5A60     		str	r2, [r3, #4]
ARM GAS  C:\Users\thewo\AppData\Local\Temp\ccWwsCHT.s 			page 36


 2025 00fe 0020     		movs	r0, #0
 2026 0100 8FE7     		b	.L279
 2027              	.L295:
 2028 0102 1822     		movs	r2, #24
 2029 0104 5A60     		str	r2, [r3, #4]
 2030 0106 0020     		movs	r0, #0
 2031 0108 8BE7     		b	.L279
 2032              	.L293:
 2033 010a 1C22     		movs	r2, #28
 2034 010c 5A60     		str	r2, [r3, #4]
 2035 010e 0020     		movs	r0, #0
 2036 0110 87E7     		b	.L279
 2037              	.L297:
 2038 0112 1E22     		movs	r2, #30
 2039 0114 5A60     		str	r2, [r3, #4]
 2040 0116 0023     		movs	r3, #0
 2041 0118 84F83C30 		strb	r3, [r4, #60]
 2042 011c 0123     		movs	r3, #1
 2043 011e 84F83D30 		strb	r3, [r4, #61]
 2044 0122 4046     		mov	r0, r8
 2045 0124 7DE7     		b	.L279
 2046              	.L298:
 2047 0126 0120     		movs	r0, #1
 2048 0128 7BE7     		b	.L279
 2049              	.L302:
 2050 012a 0120     		movs	r0, #1
 2051 012c 79E7     		b	.L279
 2052              	.L308:
 2053 012e 00BF     		.align	2
 2054              	.L307:
 2055 0130 00000000 		.word	.LC0
 2057              		.section	.text.HAL_MDMA_GenerateSWRequest,"ax",%progbits
 2058              		.align	1
 2059              		.global	HAL_MDMA_GenerateSWRequest
 2060              		.syntax unified
 2061              		.thumb
 2062              		.thumb_func
 2064              	HAL_MDMA_GenerateSWRequest:
 2065              		@ args = 0, pretend = 0, frame = 0
 2066              		@ frame_needed = 0, uses_anonymous_args = 0
 2067              		@ link register save eliminated.
 2068 0000 0146     		mov	r1, r0
 2069 0002 D8B1     		cbz	r0, .L314
 2070 0004 0368     		ldr	r3, [r0]
 2071 0006 1A69     		ldr	r2, [r3, #16]
 2072 0008 02F08042 		and	r2, r2, #1073741824
 2073 000c D868     		ldr	r0, [r3, #12]
 2074 000e 10F0010F 		tst	r0, #1
 2075 0012 09D0     		beq	.L315
 2076 0014 1868     		ldr	r0, [r3]
 2077 0016 10F4803F 		tst	r0, #65536
 2078 001a 00D1     		bne	.L312
 2079 001c 42B9     		cbnz	r2, .L313
 2080              	.L312:
 2081 001e 4FF48073 		mov	r3, #256
 2082 0022 8B66     		str	r3, [r1, #104]
 2083 0024 0120     		movs	r0, #1
ARM GAS  C:\Users\thewo\AppData\Local\Temp\ccWwsCHT.s 			page 37


 2084 0026 7047     		bx	lr
 2085              	.L315:
 2086 0028 8023     		movs	r3, #128
 2087 002a 8B66     		str	r3, [r1, #104]
 2088 002c 0120     		movs	r0, #1
 2089 002e 7047     		bx	lr
 2090              	.L313:
 2091 0030 DA68     		ldr	r2, [r3, #12]
 2092 0032 42F48032 		orr	r2, r2, #65536
 2093 0036 DA60     		str	r2, [r3, #12]
 2094 0038 0020     		movs	r0, #0
 2095 003a 7047     		bx	lr
 2096              	.L314:
 2097 003c 0120     		movs	r0, #1
 2098 003e 7047     		bx	lr
 2100              		.section	.text.HAL_MDMA_IRQHandler,"ax",%progbits
 2101              		.align	1
 2102              		.global	HAL_MDMA_IRQHandler
 2103              		.syntax unified
 2104              		.thumb
 2105              		.thumb_func
 2107              	HAL_MDMA_IRQHandler:
 2108              		@ args = 0, pretend = 0, frame = 8
 2109              		@ frame_needed = 0, uses_anonymous_args = 0
 2110 0000 30B5     		push	{r4, r5, lr}
 2111 0002 83B0     		sub	sp, sp, #12
 2112 0004 0023     		movs	r3, #0
 2113 0006 0193     		str	r3, [sp, #4]
 2114 0008 664B     		ldr	r3, .L337
 2115 000a 1D68     		ldr	r5, [r3]
 2116 000c 664B     		ldr	r3, .L337+4
 2117 000e A3FB0535 		umull	r3, r5, r3, r5
 2118 0012 0168     		ldr	r1, [r0]
 2119 0014 654B     		ldr	r3, .L337+8
 2120 0016 0B44     		add	r3, r3, r1
 2121 0018 C3F38413 		ubfx	r3, r3, #6, #5
 2122 001c 0122     		movs	r2, #1
 2123 001e 02FA03F3 		lsl	r3, r2, r3
 2124 0022 4FF0A442 		mov	r2, #1375731712
 2125 0026 1268     		ldr	r2, [r2]
 2126 0028 1A42     		tst	r2, r3
 2127 002a 00F0A480 		beq	.L316
 2128 002e 0446     		mov	r4, r0
 2129 0030 AD0A     		lsrs	r5, r5, #10
 2130 0032 0B68     		ldr	r3, [r1]
 2131 0034 13F0010F 		tst	r3, #1
 2132 0038 2FD0     		beq	.L318
 2133 003a CB68     		ldr	r3, [r1, #12]
 2134 003c 13F0020F 		tst	r3, #2
 2135 0040 2BD0     		beq	.L318
 2136 0042 CB68     		ldr	r3, [r1, #12]
 2137 0044 23F00203 		bic	r3, r3, #2
 2138 0048 CB60     		str	r3, [r1, #12]
 2139 004a 0268     		ldr	r2, [r0]
 2140 004c 9368     		ldr	r3, [r2, #8]
 2141 004e 13F0800F 		tst	r3, #128
 2142 0052 40F09280 		bne	.L319
ARM GAS  C:\Users\thewo\AppData\Local\Temp\ccWwsCHT.s 			page 38


 2143 0056 816E     		ldr	r1, [r0, #104]
 2144 0058 41F00101 		orr	r1, r1, #1
 2145 005c 8166     		str	r1, [r0, #104]
 2146              	.L320:
 2147 005e 13F4007F 		tst	r3, #512
 2148 0062 03D0     		beq	.L321
 2149 0064 A16E     		ldr	r1, [r4, #104]
 2150 0066 41F00401 		orr	r1, r1, #4
 2151 006a A166     		str	r1, [r4, #104]
 2152              	.L321:
 2153 006c 13F4807F 		tst	r3, #256
 2154 0070 03D0     		beq	.L322
 2155 0072 A16E     		ldr	r1, [r4, #104]
 2156 0074 41F00801 		orr	r1, r1, #8
 2157 0078 A166     		str	r1, [r4, #104]
 2158              	.L322:
 2159 007a 13F4806F 		tst	r3, #1024
 2160 007e 03D0     		beq	.L323
 2161 0080 A16E     		ldr	r1, [r4, #104]
 2162 0082 41F01001 		orr	r1, r1, #16
 2163 0086 A166     		str	r1, [r4, #104]
 2164              	.L323:
 2165 0088 13F4006F 		tst	r3, #2048
 2166 008c 03D0     		beq	.L324
 2167 008e A36E     		ldr	r3, [r4, #104]
 2168 0090 43F02003 		orr	r3, r3, #32
 2169 0094 A366     		str	r3, [r4, #104]
 2170              	.L324:
 2171 0096 0123     		movs	r3, #1
 2172 0098 5360     		str	r3, [r2, #4]
 2173              	.L318:
 2174 009a 2368     		ldr	r3, [r4]
 2175 009c 1A68     		ldr	r2, [r3]
 2176 009e 12F0100F 		tst	r2, #16
 2177 00a2 09D0     		beq	.L325
 2178 00a4 DA68     		ldr	r2, [r3, #12]
 2179 00a6 12F0200F 		tst	r2, #32
 2180 00aa 05D0     		beq	.L325
 2181 00ac 1022     		movs	r2, #16
 2182 00ae 5A60     		str	r2, [r3, #4]
 2183 00b0 A36C     		ldr	r3, [r4, #72]
 2184 00b2 0BB1     		cbz	r3, .L325
 2185 00b4 2046     		mov	r0, r4
 2186 00b6 9847     		blx	r3
 2187              	.L325:
 2188 00b8 2368     		ldr	r3, [r4]
 2189 00ba 1A68     		ldr	r2, [r3]
 2190 00bc 12F0080F 		tst	r2, #8
 2191 00c0 09D0     		beq	.L326
 2192 00c2 DA68     		ldr	r2, [r3, #12]
 2193 00c4 12F0100F 		tst	r2, #16
 2194 00c8 05D0     		beq	.L326
 2195 00ca 0822     		movs	r2, #8
 2196 00cc 5A60     		str	r2, [r3, #4]
 2197 00ce E36C     		ldr	r3, [r4, #76]
 2198 00d0 0BB1     		cbz	r3, .L326
 2199 00d2 2046     		mov	r0, r4
ARM GAS  C:\Users\thewo\AppData\Local\Temp\ccWwsCHT.s 			page 39


 2200 00d4 9847     		blx	r3
 2201              	.L326:
 2202 00d6 2368     		ldr	r3, [r4]
 2203 00d8 1A68     		ldr	r2, [r3]
 2204 00da 12F0040F 		tst	r2, #4
 2205 00de 09D0     		beq	.L327
 2206 00e0 DA68     		ldr	r2, [r3, #12]
 2207 00e2 12F0080F 		tst	r2, #8
 2208 00e6 05D0     		beq	.L327
 2209 00e8 0422     		movs	r2, #4
 2210 00ea 5A60     		str	r2, [r3, #4]
 2211 00ec 236D     		ldr	r3, [r4, #80]
 2212 00ee 0BB1     		cbz	r3, .L327
 2213 00f0 2046     		mov	r0, r4
 2214 00f2 9847     		blx	r3
 2215              	.L327:
 2216 00f4 2368     		ldr	r3, [r4]
 2217 00f6 1A68     		ldr	r2, [r3]
 2218 00f8 12F0020F 		tst	r2, #2
 2219 00fc 18D0     		beq	.L328
 2220 00fe DA68     		ldr	r2, [r3, #12]
 2221 0100 12F0040F 		tst	r2, #4
 2222 0104 14D0     		beq	.L328
 2223 0106 DA68     		ldr	r2, [r3, #12]
 2224 0108 22F03E02 		bic	r2, r2, #62
 2225 010c DA60     		str	r2, [r3, #12]
 2226 010e 94F83D30 		ldrb	r3, [r4, #61]	@ zero_extendqisi2
 2227 0112 042B     		cmp	r3, #4
 2228 0114 36D0     		beq	.L336
 2229 0116 2368     		ldr	r3, [r4]
 2230 0118 0222     		movs	r2, #2
 2231 011a 5A60     		str	r2, [r3, #4]
 2232 011c 0023     		movs	r3, #0
 2233 011e 84F83C30 		strb	r3, [r4, #60]
 2234 0122 0123     		movs	r3, #1
 2235 0124 84F83D30 		strb	r3, [r4, #61]
 2236 0128 636C     		ldr	r3, [r4, #68]
 2237 012a 0BB1     		cbz	r3, .L328
 2238 012c 2046     		mov	r0, r4
 2239 012e 9847     		blx	r3
 2240              	.L328:
 2241 0130 A36E     		ldr	r3, [r4, #104]
 2242 0132 03B3     		cbz	r3, .L316
 2243 0134 0423     		movs	r3, #4
 2244 0136 84F83D30 		strb	r3, [r4, #61]
 2245 013a 2268     		ldr	r2, [r4]
 2246 013c D368     		ldr	r3, [r2, #12]
 2247 013e 23F00103 		bic	r3, r3, #1
 2248 0142 D360     		str	r3, [r2, #12]
 2249              	.L332:
 2250 0144 019B     		ldr	r3, [sp, #4]
 2251 0146 0133     		adds	r3, r3, #1
 2252 0148 0193     		str	r3, [sp, #4]
 2253 014a AB42     		cmp	r3, r5
 2254 014c 04D8     		bhi	.L331
 2255 014e 2368     		ldr	r3, [r4]
 2256 0150 DB68     		ldr	r3, [r3, #12]
ARM GAS  C:\Users\thewo\AppData\Local\Temp\ccWwsCHT.s 			page 40


 2257 0152 13F0010F 		tst	r3, #1
 2258 0156 F5D1     		bne	.L332
 2259              	.L331:
 2260 0158 0023     		movs	r3, #0
 2261 015a 84F83C30 		strb	r3, [r4, #60]
 2262 015e 2368     		ldr	r3, [r4]
 2263 0160 DB68     		ldr	r3, [r3, #12]
 2264 0162 13F0010F 		tst	r3, #1
 2265 0166 19D0     		beq	.L333
 2266 0168 0323     		movs	r3, #3
 2267 016a 84F83D30 		strb	r3, [r4, #61]
 2268              	.L334:
 2269 016e 636D     		ldr	r3, [r4, #84]
 2270 0170 0BB1     		cbz	r3, .L316
 2271 0172 2046     		mov	r0, r4
 2272 0174 9847     		blx	r3
 2273              	.L316:
 2274 0176 03B0     		add	sp, sp, #12
 2275              		@ sp needed
 2276 0178 30BD     		pop	{r4, r5, pc}
 2277              	.L319:
 2278 017a 816E     		ldr	r1, [r0, #104]
 2279 017c 41F00201 		orr	r1, r1, #2
 2280 0180 8166     		str	r1, [r0, #104]
 2281 0182 6CE7     		b	.L320
 2282              	.L336:
 2283 0184 0023     		movs	r3, #0
 2284 0186 84F83C30 		strb	r3, [r4, #60]
 2285 018a 0123     		movs	r3, #1
 2286 018c 84F83D30 		strb	r3, [r4, #61]
 2287 0190 A36D     		ldr	r3, [r4, #88]
 2288 0192 002B     		cmp	r3, #0
 2289 0194 EFD0     		beq	.L316
 2290 0196 2046     		mov	r0, r4
 2291 0198 9847     		blx	r3
 2292 019a ECE7     		b	.L316
 2293              	.L333:
 2294 019c 0123     		movs	r3, #1
 2295 019e 84F83D30 		strb	r3, [r4, #61]
 2296 01a2 E4E7     		b	.L334
 2297              	.L338:
 2298              		.align	2
 2299              	.L337:
 2300 01a4 00000000 		.word	SystemCoreClock
 2301 01a8 B5814E1B 		.word	458129845
 2302 01ac C0FFFFAD 		.word	-1375731776
 2304              		.section	.text.HAL_MDMA_GetState,"ax",%progbits
 2305              		.align	1
 2306              		.global	HAL_MDMA_GetState
 2307              		.syntax unified
 2308              		.thumb
 2309              		.thumb_func
 2311              	HAL_MDMA_GetState:
 2312              		@ args = 0, pretend = 0, frame = 0
 2313              		@ frame_needed = 0, uses_anonymous_args = 0
 2314              		@ link register save eliminated.
 2315 0000 90F83D00 		ldrb	r0, [r0, #61]	@ zero_extendqisi2
ARM GAS  C:\Users\thewo\AppData\Local\Temp\ccWwsCHT.s 			page 41


 2316 0004 7047     		bx	lr
 2318              		.section	.text.HAL_MDMA_GetError,"ax",%progbits
 2319              		.align	1
 2320              		.global	HAL_MDMA_GetError
 2321              		.syntax unified
 2322              		.thumb
 2323              		.thumb_func
 2325              	HAL_MDMA_GetError:
 2326              		@ args = 0, pretend = 0, frame = 0
 2327              		@ frame_needed = 0, uses_anonymous_args = 0
 2328              		@ link register save eliminated.
 2329 0000 806E     		ldr	r0, [r0, #104]
 2330 0002 7047     		bx	lr
 2332              		.ident	"GCC: (xPack GNU Arm Embedded GCC x86_64) 14.2.1 20241119"
ARM GAS  C:\Users\thewo\AppData\Local\Temp\ccWwsCHT.s 			page 42


DEFINED SYMBOLS
                            *ABS*:00000000 stm32h7xx_hal_mdma.c
C:\Users\thewo\AppData\Local\Temp\ccWwsCHT.s:17     .text.MDMA_SetConfig:00000000 $t
C:\Users\thewo\AppData\Local\Temp\ccWwsCHT.s:22     .text.MDMA_SetConfig:00000000 MDMA_SetConfig
C:\Users\thewo\AppData\Local\Temp\ccWwsCHT.s:88     .text.MDMA_SetConfig:0000008c $d
C:\Users\thewo\AppData\Local\Temp\ccWwsCHT.s:91     .text.MDMA_Init:00000000 $t
C:\Users\thewo\AppData\Local\Temp\ccWwsCHT.s:96     .text.MDMA_Init:00000000 MDMA_Init
C:\Users\thewo\AppData\Local\Temp\ccWwsCHT.s:194    .rodata.HAL_MDMA_Init.str1.4:00000000 $d
C:\Users\thewo\AppData\Local\Temp\ccWwsCHT.s:199    .text.HAL_MDMA_Init:00000000 $t
C:\Users\thewo\AppData\Local\Temp\ccWwsCHT.s:205    .text.HAL_MDMA_Init:00000000 HAL_MDMA_Init
C:\Users\thewo\AppData\Local\Temp\ccWwsCHT.s:509    .text.HAL_MDMA_Init:000002a4 $d
C:\Users\thewo\AppData\Local\Temp\ccWwsCHT.s:514    .text.HAL_MDMA_Init:000002b4 $t
C:\Users\thewo\AppData\Local\Temp\ccWwsCHT.s:556    .text.HAL_MDMA_Init:00000304 $d
C:\Users\thewo\AppData\Local\Temp\ccWwsCHT.s:559    .text.HAL_MDMA_DeInit:00000000 $t
C:\Users\thewo\AppData\Local\Temp\ccWwsCHT.s:565    .text.HAL_MDMA_DeInit:00000000 HAL_MDMA_DeInit
C:\Users\thewo\AppData\Local\Temp\ccWwsCHT.s:612    .text.HAL_MDMA_ConfigPostRequestMask:00000000 $t
C:\Users\thewo\AppData\Local\Temp\ccWwsCHT.s:618    .text.HAL_MDMA_ConfigPostRequestMask:00000000 HAL_MDMA_ConfigPostRequestMask
C:\Users\thewo\AppData\Local\Temp\ccWwsCHT.s:672    .text.HAL_MDMA_RegisterCallback:00000000 $t
C:\Users\thewo\AppData\Local\Temp\ccWwsCHT.s:678    .text.HAL_MDMA_RegisterCallback:00000000 HAL_MDMA_RegisterCallback
C:\Users\thewo\AppData\Local\Temp\ccWwsCHT.s:702    .text.HAL_MDMA_RegisterCallback:0000002c $d
C:\Users\thewo\AppData\Local\Temp\ccWwsCHT.s:708    .text.HAL_MDMA_RegisterCallback:00000032 $t
C:\Users\thewo\AppData\Local\Temp\ccWwsCHT.s:744    .text.HAL_MDMA_UnRegisterCallback:00000000 $t
C:\Users\thewo\AppData\Local\Temp\ccWwsCHT.s:750    .text.HAL_MDMA_UnRegisterCallback:00000000 HAL_MDMA_UnRegisterCallback
C:\Users\thewo\AppData\Local\Temp\ccWwsCHT.s:776    .text.HAL_MDMA_UnRegisterCallback:00000030 $d
C:\Users\thewo\AppData\Local\Temp\ccWwsCHT.s:826    .text.HAL_MDMA_LinkedList_CreateNode:00000000 $t
C:\Users\thewo\AppData\Local\Temp\ccWwsCHT.s:832    .text.HAL_MDMA_LinkedList_CreateNode:00000000 HAL_MDMA_LinkedList_CreateNode
C:\Users\thewo\AppData\Local\Temp\ccWwsCHT.s:1232   .text.HAL_MDMA_LinkedList_CreateNode:00000394 $d
C:\Users\thewo\AppData\Local\Temp\ccWwsCHT.s:1236   .text.HAL_MDMA_LinkedList_AddNode:00000000 $t
C:\Users\thewo\AppData\Local\Temp\ccWwsCHT.s:1242   .text.HAL_MDMA_LinkedList_AddNode:00000000 HAL_MDMA_LinkedList_AddNode
C:\Users\thewo\AppData\Local\Temp\ccWwsCHT.s:1363   .text.HAL_MDMA_LinkedList_RemoveNode:00000000 $t
C:\Users\thewo\AppData\Local\Temp\ccWwsCHT.s:1369   .text.HAL_MDMA_LinkedList_RemoveNode:00000000 HAL_MDMA_LinkedList_RemoveNode
C:\Users\thewo\AppData\Local\Temp\ccWwsCHT.s:1482   .text.HAL_MDMA_LinkedList_EnableCircularMode:00000000 $t
C:\Users\thewo\AppData\Local\Temp\ccWwsCHT.s:1488   .text.HAL_MDMA_LinkedList_EnableCircularMode:00000000 HAL_MDMA_LinkedList_EnableCircularMode
C:\Users\thewo\AppData\Local\Temp\ccWwsCHT.s:1535   .text.HAL_MDMA_LinkedList_DisableCircularMode:00000000 $t
C:\Users\thewo\AppData\Local\Temp\ccWwsCHT.s:1541   .text.HAL_MDMA_LinkedList_DisableCircularMode:00000000 HAL_MDMA_LinkedList_DisableCircularMode
C:\Users\thewo\AppData\Local\Temp\ccWwsCHT.s:1586   .text.HAL_MDMA_Start:00000000 $t
C:\Users\thewo\AppData\Local\Temp\ccWwsCHT.s:1592   .text.HAL_MDMA_Start:00000000 HAL_MDMA_Start
C:\Users\thewo\AppData\Local\Temp\ccWwsCHT.s:1677   .text.HAL_MDMA_Start:000000b0 $d
C:\Users\thewo\AppData\Local\Temp\ccWwsCHT.s:1680   .text.HAL_MDMA_Start_IT:00000000 $t
C:\Users\thewo\AppData\Local\Temp\ccWwsCHT.s:1686   .text.HAL_MDMA_Start_IT:00000000 HAL_MDMA_Start_IT
C:\Users\thewo\AppData\Local\Temp\ccWwsCHT.s:1796   .text.HAL_MDMA_Start_IT:000000e4 $d
C:\Users\thewo\AppData\Local\Temp\ccWwsCHT.s:1799   .text.HAL_MDMA_Abort:00000000 $t
C:\Users\thewo\AppData\Local\Temp\ccWwsCHT.s:1805   .text.HAL_MDMA_Abort:00000000 HAL_MDMA_Abort
C:\Users\thewo\AppData\Local\Temp\ccWwsCHT.s:1864   .text.HAL_MDMA_Abort_IT:00000000 $t
C:\Users\thewo\AppData\Local\Temp\ccWwsCHT.s:1870   .text.HAL_MDMA_Abort_IT:00000000 HAL_MDMA_Abort_IT
C:\Users\thewo\AppData\Local\Temp\ccWwsCHT.s:1896   .text.HAL_MDMA_PollForTransfer:00000000 $t
C:\Users\thewo\AppData\Local\Temp\ccWwsCHT.s:1902   .text.HAL_MDMA_PollForTransfer:00000000 HAL_MDMA_PollForTransfer
C:\Users\thewo\AppData\Local\Temp\ccWwsCHT.s:2017   .text.HAL_MDMA_PollForTransfer:000000f6 $d
C:\Users\thewo\AppData\Local\Temp\ccWwsCHT.s:2021   .text.HAL_MDMA_PollForTransfer:000000fa $t
C:\Users\thewo\AppData\Local\Temp\ccWwsCHT.s:2055   .text.HAL_MDMA_PollForTransfer:00000130 $d
C:\Users\thewo\AppData\Local\Temp\ccWwsCHT.s:2058   .text.HAL_MDMA_GenerateSWRequest:00000000 $t
C:\Users\thewo\AppData\Local\Temp\ccWwsCHT.s:2064   .text.HAL_MDMA_GenerateSWRequest:00000000 HAL_MDMA_GenerateSWRequest
C:\Users\thewo\AppData\Local\Temp\ccWwsCHT.s:2101   .text.HAL_MDMA_IRQHandler:00000000 $t
C:\Users\thewo\AppData\Local\Temp\ccWwsCHT.s:2107   .text.HAL_MDMA_IRQHandler:00000000 HAL_MDMA_IRQHandler
C:\Users\thewo\AppData\Local\Temp\ccWwsCHT.s:2300   .text.HAL_MDMA_IRQHandler:000001a4 $d
C:\Users\thewo\AppData\Local\Temp\ccWwsCHT.s:2305   .text.HAL_MDMA_GetState:00000000 $t
C:\Users\thewo\AppData\Local\Temp\ccWwsCHT.s:2311   .text.HAL_MDMA_GetState:00000000 HAL_MDMA_GetState
ARM GAS  C:\Users\thewo\AppData\Local\Temp\ccWwsCHT.s 			page 43


C:\Users\thewo\AppData\Local\Temp\ccWwsCHT.s:2319   .text.HAL_MDMA_GetError:00000000 $t
C:\Users\thewo\AppData\Local\Temp\ccWwsCHT.s:2325   .text.HAL_MDMA_GetError:00000000 HAL_MDMA_GetError
C:\Users\thewo\AppData\Local\Temp\ccWwsCHT.s:783    .text.HAL_MDMA_UnRegisterCallback:00000037 $d
C:\Users\thewo\AppData\Local\Temp\ccWwsCHT.s:783    .text.HAL_MDMA_UnRegisterCallback:00000038 $t

UNDEFINED SYMBOLS
HAL_GetTick
assert_failed
SystemCoreClock
