ARM GAS  C:\Users\thewo\AppData\Local\Temp\ccGEKfgV.s 			page 1


   1              		.cpu cortex-m7
   2              		.arch armv7e-m
   3              		.fpu fpv5-d16
   4              		.eabi_attribute 28, 1
   5              		.eabi_attribute 20, 1
   6              		.eabi_attribute 21, 1
   7              		.eabi_attribute 23, 3
   8              		.eabi_attribute 24, 1
   9              		.eabi_attribute 25, 1
  10              		.eabi_attribute 26, 1
  11              		.eabi_attribute 30, 1
  12              		.eabi_attribute 34, 1
  13              		.eabi_attribute 18, 4
  14              		.file	"stm32h7xx_hal_msp.c"
  15              		.text
  16              		.section	.text.HAL_MspInit,"ax",%progbits
  17              		.align	1
  18              		.global	HAL_MspInit
  19              		.syntax unified
  20              		.thumb
  21              		.thumb_func
  23              	HAL_MspInit:
  24              		@ args = 0, pretend = 0, frame = 8
  25              		@ frame_needed = 0, uses_anonymous_args = 0
  26              		@ link register save eliminated.
  27 0000 82B0     		sub	sp, sp, #8
  28 0002 074B     		ldr	r3, .L3
  29 0004 D3F8F420 		ldr	r2, [r3, #244]
  30 0008 42F00202 		orr	r2, r2, #2
  31 000c C3F8F420 		str	r2, [r3, #244]
  32 0010 D3F8F430 		ldr	r3, [r3, #244]
  33 0014 03F00203 		and	r3, r3, #2
  34 0018 0193     		str	r3, [sp, #4]
  35 001a 019B     		ldr	r3, [sp, #4]
  36 001c 02B0     		add	sp, sp, #8
  37              		@ sp needed
  38 001e 7047     		bx	lr
  39              	.L4:
  40              		.align	2
  41              	.L3:
  42 0020 00440258 		.word	1476543488
  44              		.ident	"GCC: (xPack GNU Arm Embedded GCC x86_64) 14.2.1 20241119"
ARM GAS  C:\Users\thewo\AppData\Local\Temp\ccGEKfgV.s 			page 2


DEFINED SYMBOLS
                            *ABS*:00000000 stm32h7xx_hal_msp.c
C:\Users\thewo\AppData\Local\Temp\ccGEKfgV.s:17     .text.HAL_MspInit:00000000 $t
C:\Users\thewo\AppData\Local\Temp\ccGEKfgV.s:23     .text.HAL_MspInit:00000000 HAL_MspInit
C:\Users\thewo\AppData\Local\Temp\ccGEKfgV.s:42     .text.HAL_MspInit:00000020 $d

NO UNDEFINED SYMBOLS
