ARM GAS  C:\Users\thewo\AppData\Local\Temp\ccn63PdB.s 			page 1


   1              		.cpu cortex-m7
   2              		.arch armv7e-m
   3              		.fpu fpv5-d16
   4              		.eabi_attribute 28, 1
   5              		.eabi_attribute 20, 1
   6              		.eabi_attribute 21, 1
   7              		.eabi_attribute 23, 3
   8              		.eabi_attribute 24, 1
   9              		.eabi_attribute 25, 1
  10              		.eabi_attribute 26, 1
  11              		.eabi_attribute 30, 1
  12              		.eabi_attribute 34, 1
  13              		.eabi_attribute 18, 4
  14              		.file	"tim.c"
  15              		.text
  16              		.section	.text.HAL_TIM_PWM_MspInit,"ax",%progbits
  17              		.align	1
  18              		.global	HAL_TIM_PWM_MspInit
  19              		.syntax unified
  20              		.thumb
  21              		.thumb_func
  23              	HAL_TIM_PWM_MspInit:
  24              		@ args = 0, pretend = 0, frame = 8
  25              		@ frame_needed = 0, uses_anonymous_args = 0
  26              		@ link register save eliminated.
  27 0000 82B0     		sub	sp, sp, #8
  28 0002 0368     		ldr	r3, [r0]
  29 0004 B3F1804F 		cmp	r3, #1073741824
  30 0008 04D0     		beq	.L5
  31 000a 104A     		ldr	r2, .L7
  32 000c 9342     		cmp	r3, r2
  33 000e 0FD0     		beq	.L6
  34              	.L1:
  35 0010 02B0     		add	sp, sp, #8
  36              		@ sp needed
  37 0012 7047     		bx	lr
  38              	.L5:
  39 0014 0E4B     		ldr	r3, .L7+4
  40 0016 D3F8E820 		ldr	r2, [r3, #232]
  41 001a 42F00102 		orr	r2, r2, #1
  42 001e C3F8E820 		str	r2, [r3, #232]
  43 0022 D3F8E830 		ldr	r3, [r3, #232]
  44 0026 03F00103 		and	r3, r3, #1
  45 002a 0093     		str	r3, [sp]
  46 002c 009B     		ldr	r3, [sp]
  47 002e EFE7     		b	.L1
  48              	.L6:
  49 0030 074B     		ldr	r3, .L7+4
  50 0032 D3F8E820 		ldr	r2, [r3, #232]
  51 0036 42F00402 		orr	r2, r2, #4
  52 003a C3F8E820 		str	r2, [r3, #232]
  53 003e D3F8E830 		ldr	r3, [r3, #232]
  54 0042 03F00403 		and	r3, r3, #4
  55 0046 0193     		str	r3, [sp, #4]
  56 0048 019B     		ldr	r3, [sp, #4]
  57 004a E1E7     		b	.L1
  58              	.L8:
ARM GAS  C:\Users\thewo\AppData\Local\Temp\ccn63PdB.s 			page 2


  59              		.align	2
  60              	.L7:
  61 004c 00080040 		.word	1073743872
  62 0050 00440258 		.word	1476543488
  64              		.section	.text.HAL_TIM_MspPostInit,"ax",%progbits
  65              		.align	1
  66              		.global	HAL_TIM_MspPostInit
  67              		.syntax unified
  68              		.thumb
  69              		.thumb_func
  71              	HAL_TIM_MspPostInit:
  72              		@ args = 0, pretend = 0, frame = 32
  73              		@ frame_needed = 0, uses_anonymous_args = 0
  74 0000 00B5     		push	{lr}
  75 0002 89B0     		sub	sp, sp, #36
  76 0004 0023     		movs	r3, #0
  77 0006 0393     		str	r3, [sp, #12]
  78 0008 0493     		str	r3, [sp, #16]
  79 000a 0593     		str	r3, [sp, #20]
  80 000c 0693     		str	r3, [sp, #24]
  81 000e 0793     		str	r3, [sp, #28]
  82 0010 0368     		ldr	r3, [r0]
  83 0012 B3F1804F 		cmp	r3, #1073741824
  84 0016 05D0     		beq	.L13
  85 0018 1B4A     		ldr	r2, .L15
  86 001a 9342     		cmp	r3, r2
  87 001c 1BD0     		beq	.L14
  88              	.L9:
  89 001e 09B0     		add	sp, sp, #36
  90              		@ sp needed
  91 0020 5DF804FB 		ldr	pc, [sp], #4
  92              	.L13:
  93 0024 194B     		ldr	r3, .L15+4
  94 0026 D3F8E020 		ldr	r2, [r3, #224]
  95 002a 42F00102 		orr	r2, r2, #1
  96 002e C3F8E020 		str	r2, [r3, #224]
  97 0032 D3F8E030 		ldr	r3, [r3, #224]
  98 0036 03F00103 		and	r3, r3, #1
  99 003a 0193     		str	r3, [sp, #4]
 100 003c 019B     		ldr	r3, [sp, #4]
 101 003e 4FF40043 		mov	r3, #32768
 102 0042 0393     		str	r3, [sp, #12]
 103 0044 0223     		movs	r3, #2
 104 0046 0493     		str	r3, [sp, #16]
 105 0048 0123     		movs	r3, #1
 106 004a 0793     		str	r3, [sp, #28]
 107 004c 03A9     		add	r1, sp, #12
 108 004e 1048     		ldr	r0, .L15+8
 109 0050 FFF7FEFF 		bl	HAL_GPIO_Init
 110 0054 E3E7     		b	.L9
 111              	.L14:
 112 0056 0D4B     		ldr	r3, .L15+4
 113 0058 D3F8E020 		ldr	r2, [r3, #224]
 114 005c 42F00202 		orr	r2, r2, #2
 115 0060 C3F8E020 		str	r2, [r3, #224]
 116 0064 D3F8E030 		ldr	r3, [r3, #224]
 117 0068 03F00203 		and	r3, r3, #2
ARM GAS  C:\Users\thewo\AppData\Local\Temp\ccn63PdB.s 			page 3


 118 006c 0293     		str	r3, [sp, #8]
 119 006e 029B     		ldr	r3, [sp, #8]
 120 0070 4FF47073 		mov	r3, #960
 121 0074 0393     		str	r3, [sp, #12]
 122 0076 0223     		movs	r3, #2
 123 0078 0493     		str	r3, [sp, #16]
 124 007a 0793     		str	r3, [sp, #28]
 125 007c 03A9     		add	r1, sp, #12
 126 007e 0548     		ldr	r0, .L15+12
 127 0080 FFF7FEFF 		bl	HAL_GPIO_Init
 128 0084 CBE7     		b	.L9
 129              	.L16:
 130 0086 00BF     		.align	2
 131              	.L15:
 132 0088 00080040 		.word	1073743872
 133 008c 00440258 		.word	1476543488
 134 0090 00000258 		.word	1476526080
 135 0094 00040258 		.word	1476527104
 137              		.section	.text.MX_TIM2_Init,"ax",%progbits
 138              		.align	1
 139              		.global	MX_TIM2_Init
 140              		.syntax unified
 141              		.thumb
 142              		.thumb_func
 144              	MX_TIM2_Init:
 145              		@ args = 0, pretend = 0, frame = 40
 146              		@ frame_needed = 0, uses_anonymous_args = 0
 147 0000 00B5     		push	{lr}
 148 0002 8BB0     		sub	sp, sp, #44
 149 0004 0023     		movs	r3, #0
 150 0006 0793     		str	r3, [sp, #28]
 151 0008 0893     		str	r3, [sp, #32]
 152 000a 0993     		str	r3, [sp, #36]
 153 000c 0093     		str	r3, [sp]
 154 000e 0193     		str	r3, [sp, #4]
 155 0010 0293     		str	r3, [sp, #8]
 156 0012 0393     		str	r3, [sp, #12]
 157 0014 0493     		str	r3, [sp, #16]
 158 0016 0593     		str	r3, [sp, #20]
 159 0018 0693     		str	r3, [sp, #24]
 160 001a 1848     		ldr	r0, .L25
 161 001c 4FF08042 		mov	r2, #1073741824
 162 0020 0260     		str	r2, [r0]
 163 0022 4360     		str	r3, [r0, #4]
 164 0024 8360     		str	r3, [r0, #8]
 165 0026 4FF0FF32 		mov	r2, #-1
 166 002a C260     		str	r2, [r0, #12]
 167 002c 0361     		str	r3, [r0, #16]
 168 002e 8361     		str	r3, [r0, #24]
 169 0030 FFF7FEFF 		bl	HAL_TIM_PWM_Init
 170 0034 C0B9     		cbnz	r0, .L22
 171              	.L18:
 172 0036 0023     		movs	r3, #0
 173 0038 0793     		str	r3, [sp, #28]
 174 003a 0993     		str	r3, [sp, #36]
 175 003c 07A9     		add	r1, sp, #28
 176 003e 0F48     		ldr	r0, .L25
ARM GAS  C:\Users\thewo\AppData\Local\Temp\ccn63PdB.s 			page 4


 177 0040 FFF7FEFF 		bl	HAL_TIMEx_MasterConfigSynchronization
 178 0044 98B9     		cbnz	r0, .L23
 179              	.L19:
 180 0046 6023     		movs	r3, #96
 181 0048 0093     		str	r3, [sp]
 182 004a 0022     		movs	r2, #0
 183 004c 0192     		str	r2, [sp, #4]
 184 004e 0292     		str	r2, [sp, #8]
 185 0050 0492     		str	r2, [sp, #16]
 186 0052 6946     		mov	r1, sp
 187 0054 0948     		ldr	r0, .L25
 188 0056 FFF7FEFF 		bl	HAL_TIM_PWM_ConfigChannel
 189 005a 58B9     		cbnz	r0, .L24
 190              	.L20:
 191 005c 0748     		ldr	r0, .L25
 192 005e FFF7FEFF 		bl	HAL_TIM_MspPostInit
 193 0062 0BB0     		add	sp, sp, #44
 194              		@ sp needed
 195 0064 5DF804FB 		ldr	pc, [sp], #4
 196              	.L22:
 197 0068 FFF7FEFF 		bl	Error_Handler
 198 006c E3E7     		b	.L18
 199              	.L23:
 200 006e FFF7FEFF 		bl	Error_Handler
 201 0072 E8E7     		b	.L19
 202              	.L24:
 203 0074 FFF7FEFF 		bl	Error_Handler
 204 0078 F0E7     		b	.L20
 205              	.L26:
 206 007a 00BF     		.align	2
 207              	.L25:
 208 007c 00000000 		.word	htim2
 210              		.section	.text.MX_TIM4_Init,"ax",%progbits
 211              		.align	1
 212              		.global	MX_TIM4_Init
 213              		.syntax unified
 214              		.thumb
 215              		.thumb_func
 217              	MX_TIM4_Init:
 218              		@ args = 0, pretend = 0, frame = 40
 219              		@ frame_needed = 0, uses_anonymous_args = 0
 220 0000 00B5     		push	{lr}
 221 0002 8BB0     		sub	sp, sp, #44
 222 0004 0023     		movs	r3, #0
 223 0006 0793     		str	r3, [sp, #28]
 224 0008 0893     		str	r3, [sp, #32]
 225 000a 0993     		str	r3, [sp, #36]
 226 000c 0093     		str	r3, [sp]
 227 000e 0193     		str	r3, [sp, #4]
 228 0010 0293     		str	r3, [sp, #8]
 229 0012 0393     		str	r3, [sp, #12]
 230 0014 0493     		str	r3, [sp, #16]
 231 0016 0593     		str	r3, [sp, #20]
 232 0018 0693     		str	r3, [sp, #24]
 233 001a 2548     		ldr	r0, .L41
 234 001c 254A     		ldr	r2, .L41+4
 235 001e 0260     		str	r2, [r0]
ARM GAS  C:\Users\thewo\AppData\Local\Temp\ccn63PdB.s 			page 5


 236 0020 4360     		str	r3, [r0, #4]
 237 0022 8360     		str	r3, [r0, #8]
 238 0024 4FF6FF72 		movw	r2, #65535
 239 0028 C260     		str	r2, [r0, #12]
 240 002a 0361     		str	r3, [r0, #16]
 241 002c 8361     		str	r3, [r0, #24]
 242 002e FFF7FEFF 		bl	HAL_TIM_PWM_Init
 243 0032 50BB     		cbnz	r0, .L35
 244              	.L28:
 245 0034 0023     		movs	r3, #0
 246 0036 0793     		str	r3, [sp, #28]
 247 0038 0993     		str	r3, [sp, #36]
 248 003a 07A9     		add	r1, sp, #28
 249 003c 1C48     		ldr	r0, .L41
 250 003e FFF7FEFF 		bl	HAL_TIMEx_MasterConfigSynchronization
 251 0042 28BB     		cbnz	r0, .L36
 252              	.L29:
 253 0044 6023     		movs	r3, #96
 254 0046 0093     		str	r3, [sp]
 255 0048 0022     		movs	r2, #0
 256 004a 0192     		str	r2, [sp, #4]
 257 004c 0292     		str	r2, [sp, #8]
 258 004e 0492     		str	r2, [sp, #16]
 259 0050 6946     		mov	r1, sp
 260 0052 1748     		ldr	r0, .L41
 261 0054 FFF7FEFF 		bl	HAL_TIM_PWM_ConfigChannel
 262 0058 E8B9     		cbnz	r0, .L37
 263              	.L30:
 264 005a 0422     		movs	r2, #4
 265 005c 6946     		mov	r1, sp
 266 005e 1448     		ldr	r0, .L41
 267 0060 FFF7FEFF 		bl	HAL_TIM_PWM_ConfigChannel
 268 0064 D0B9     		cbnz	r0, .L38
 269              	.L31:
 270 0066 0822     		movs	r2, #8
 271 0068 6946     		mov	r1, sp
 272 006a 1148     		ldr	r0, .L41
 273 006c FFF7FEFF 		bl	HAL_TIM_PWM_ConfigChannel
 274 0070 B8B9     		cbnz	r0, .L39
 275              	.L32:
 276 0072 0C22     		movs	r2, #12
 277 0074 6946     		mov	r1, sp
 278 0076 0E48     		ldr	r0, .L41
 279 0078 FFF7FEFF 		bl	HAL_TIM_PWM_ConfigChannel
 280 007c A0B9     		cbnz	r0, .L40
 281              	.L33:
 282 007e 0C48     		ldr	r0, .L41
 283 0080 FFF7FEFF 		bl	HAL_TIM_MspPostInit
 284 0084 0BB0     		add	sp, sp, #44
 285              		@ sp needed
 286 0086 5DF804FB 		ldr	pc, [sp], #4
 287              	.L35:
 288 008a FFF7FEFF 		bl	Error_Handler
 289 008e D1E7     		b	.L28
 290              	.L36:
 291 0090 FFF7FEFF 		bl	Error_Handler
 292 0094 D6E7     		b	.L29
ARM GAS  C:\Users\thewo\AppData\Local\Temp\ccn63PdB.s 			page 6


 293              	.L37:
 294 0096 FFF7FEFF 		bl	Error_Handler
 295 009a DEE7     		b	.L30
 296              	.L38:
 297 009c FFF7FEFF 		bl	Error_Handler
 298 00a0 E1E7     		b	.L31
 299              	.L39:
 300 00a2 FFF7FEFF 		bl	Error_Handler
 301 00a6 E4E7     		b	.L32
 302              	.L40:
 303 00a8 FFF7FEFF 		bl	Error_Handler
 304 00ac E7E7     		b	.L33
 305              	.L42:
 306 00ae 00BF     		.align	2
 307              	.L41:
 308 00b0 00000000 		.word	htim4
 309 00b4 00080040 		.word	1073743872
 311              		.section	.text.HAL_TIM_PWM_MspDeInit,"ax",%progbits
 312              		.align	1
 313              		.global	HAL_TIM_PWM_MspDeInit
 314              		.syntax unified
 315              		.thumb
 316              		.thumb_func
 318              	HAL_TIM_PWM_MspDeInit:
 319              		@ args = 0, pretend = 0, frame = 0
 320              		@ frame_needed = 0, uses_anonymous_args = 0
 321              		@ link register save eliminated.
 322 0000 0368     		ldr	r3, [r0]
 323 0002 B3F1804F 		cmp	r3, #1073741824
 324 0006 03D0     		beq	.L46
 325 0008 094A     		ldr	r2, .L48
 326 000a 9342     		cmp	r3, r2
 327 000c 08D0     		beq	.L47
 328              	.L43:
 329 000e 7047     		bx	lr
 330              	.L46:
 331 0010 084A     		ldr	r2, .L48+4
 332 0012 D2F8E830 		ldr	r3, [r2, #232]
 333 0016 23F00103 		bic	r3, r3, #1
 334 001a C2F8E830 		str	r3, [r2, #232]
 335 001e 7047     		bx	lr
 336              	.L47:
 337 0020 044A     		ldr	r2, .L48+4
 338 0022 D2F8E830 		ldr	r3, [r2, #232]
 339 0026 23F00403 		bic	r3, r3, #4
 340 002a C2F8E830 		str	r3, [r2, #232]
 341 002e EEE7     		b	.L43
 342              	.L49:
 343              		.align	2
 344              	.L48:
 345 0030 00080040 		.word	1073743872
 346 0034 00440258 		.word	1476543488
 348              		.global	htim4
 349              		.section	.bss.htim4,"aw",%nobits
 350              		.align	2
 353              	htim4:
 354 0000 00000000 		.space	76
ARM GAS  C:\Users\thewo\AppData\Local\Temp\ccn63PdB.s 			page 7


 354      00000000 
 354      00000000 
 354      00000000 
 354      00000000 
 355              		.global	htim2
 356              		.section	.bss.htim2,"aw",%nobits
 357              		.align	2
 360              	htim2:
 361 0000 00000000 		.space	76
 361      00000000 
 361      00000000 
 361      00000000 
 361      00000000 
 362              		.ident	"GCC: (xPack GNU Arm Embedded GCC x86_64) 14.2.1 20241119"
ARM GAS  C:\Users\thewo\AppData\Local\Temp\ccn63PdB.s 			page 8


DEFINED SYMBOLS
                            *ABS*:00000000 tim.c
C:\Users\thewo\AppData\Local\Temp\ccn63PdB.s:17     .text.HAL_TIM_PWM_MspInit:00000000 $t
C:\Users\thewo\AppData\Local\Temp\ccn63PdB.s:23     .text.HAL_TIM_PWM_MspInit:00000000 HAL_TIM_PWM_MspInit
C:\Users\thewo\AppData\Local\Temp\ccn63PdB.s:61     .text.HAL_TIM_PWM_MspInit:0000004c $d
C:\Users\thewo\AppData\Local\Temp\ccn63PdB.s:65     .text.HAL_TIM_MspPostInit:00000000 $t
C:\Users\thewo\AppData\Local\Temp\ccn63PdB.s:71     .text.HAL_TIM_MspPostInit:00000000 HAL_TIM_MspPostInit
C:\Users\thewo\AppData\Local\Temp\ccn63PdB.s:132    .text.HAL_TIM_MspPostInit:00000088 $d
C:\Users\thewo\AppData\Local\Temp\ccn63PdB.s:138    .text.MX_TIM2_Init:00000000 $t
C:\Users\thewo\AppData\Local\Temp\ccn63PdB.s:144    .text.MX_TIM2_Init:00000000 MX_TIM2_Init
C:\Users\thewo\AppData\Local\Temp\ccn63PdB.s:208    .text.MX_TIM2_Init:0000007c $d
C:\Users\thewo\AppData\Local\Temp\ccn63PdB.s:360    .bss.htim2:00000000 htim2
C:\Users\thewo\AppData\Local\Temp\ccn63PdB.s:211    .text.MX_TIM4_Init:00000000 $t
C:\Users\thewo\AppData\Local\Temp\ccn63PdB.s:217    .text.MX_TIM4_Init:00000000 MX_TIM4_Init
C:\Users\thewo\AppData\Local\Temp\ccn63PdB.s:308    .text.MX_TIM4_Init:000000b0 $d
C:\Users\thewo\AppData\Local\Temp\ccn63PdB.s:353    .bss.htim4:00000000 htim4
C:\Users\thewo\AppData\Local\Temp\ccn63PdB.s:312    .text.HAL_TIM_PWM_MspDeInit:00000000 $t
C:\Users\thewo\AppData\Local\Temp\ccn63PdB.s:318    .text.HAL_TIM_PWM_MspDeInit:00000000 HAL_TIM_PWM_MspDeInit
C:\Users\thewo\AppData\Local\Temp\ccn63PdB.s:345    .text.HAL_TIM_PWM_MspDeInit:00000030 $d
C:\Users\thewo\AppData\Local\Temp\ccn63PdB.s:350    .bss.htim4:00000000 $d
C:\Users\thewo\AppData\Local\Temp\ccn63PdB.s:357    .bss.htim2:00000000 $d

UNDEFINED SYMBOLS
HAL_GPIO_Init
HAL_TIM_PWM_Init
HAL_TIMEx_MasterConfigSynchronization
HAL_TIM_PWM_ConfigChannel
Error_Handler
