ARM GAS  C:\Users\thewo\AppData\Local\Temp\ccXeGn7J.s 			page 1


   1              		.cpu cortex-m7
   2              		.arch armv7e-m
   3              		.fpu fpv5-d16
   4              		.eabi_attribute 28, 1
   5              		.eabi_attribute 20, 1
   6              		.eabi_attribute 21, 1
   7              		.eabi_attribute 23, 3
   8              		.eabi_attribute 24, 1
   9              		.eabi_attribute 25, 1
  10              		.eabi_attribute 26, 1
  11              		.eabi_attribute 30, 1
  12              		.eabi_attribute 34, 1
  13              		.eabi_attribute 18, 4
  14              		.file	"usbd_conf.c"
  15              		.text
  16              		.section	.text.HAL_PCD_MspInit,"ax",%progbits
  17              		.align	1
  18              		.global	HAL_PCD_MspInit
  19              		.syntax unified
  20              		.thumb
  21              		.thumb_func
  23              	HAL_PCD_MspInit:
  24              		@ args = 0, pretend = 0, frame = 192
  25              		@ frame_needed = 0, uses_anonymous_args = 0
  26 0000 10B5     		push	{r4, lr}
  27 0002 B0B0     		sub	sp, sp, #192
  28 0004 0446     		mov	r4, r0
  29 0006 B822     		movs	r2, #184
  30 0008 0021     		movs	r1, #0
  31 000a 02A8     		add	r0, sp, #8
  32 000c FFF7FEFF 		bl	memset
  33 0010 2268     		ldr	r2, [r4]
  34 0012 1E4B     		ldr	r3, .L7
  35 0014 9A42     		cmp	r2, r3
  36 0016 01D0     		beq	.L5
  37              	.L1:
  38 0018 30B0     		add	sp, sp, #192
  39              		@ sp needed
  40 001a 10BD     		pop	{r4, pc}
  41              	.L5:
  42 001c 4FF48022 		mov	r2, #262144
  43 0020 0023     		movs	r3, #0
  44 0022 CDE90223 		strd	r2, [sp, #8]
  45 0026 4FF44013 		mov	r3, #3145728
  46 002a 2393     		str	r3, [sp, #140]
  47 002c 02A8     		add	r0, sp, #8
  48 002e FFF7FEFF 		bl	HAL_RCCEx_PeriphCLKConfig
  49 0032 38BB     		cbnz	r0, .L6
  50              	.L3:
  51 0034 FFF7FEFF 		bl	HAL_PWREx_EnableUSBVoltageDetector
  52 0038 154B     		ldr	r3, .L7+4
  53 003a D3F8D820 		ldr	r2, [r3, #216]
  54 003e 42F00072 		orr	r2, r2, #33554432
  55 0042 C3F8D820 		str	r2, [r3, #216]
  56 0046 D3F8D830 		ldr	r3, [r3, #216]
  57 004a 03F00073 		and	r3, r3, #33554432
  58 004e 0193     		str	r3, [sp, #4]
ARM GAS  C:\Users\thewo\AppData\Local\Temp\ccXeGn7J.s 			page 2


  59 0050 019B     		ldr	r3, [sp, #4]
  60 0052 0022     		movs	r2, #0
  61 0054 1146     		mov	r1, r2
  62 0056 4A20     		movs	r0, #74
  63 0058 FFF7FEFF 		bl	HAL_NVIC_SetPriority
  64 005c 4A20     		movs	r0, #74
  65 005e FFF7FEFF 		bl	HAL_NVIC_EnableIRQ
  66 0062 0022     		movs	r2, #0
  67 0064 1146     		mov	r1, r2
  68 0066 4B20     		movs	r0, #75
  69 0068 FFF7FEFF 		bl	HAL_NVIC_SetPriority
  70 006c 4B20     		movs	r0, #75
  71 006e FFF7FEFF 		bl	HAL_NVIC_EnableIRQ
  72 0072 0022     		movs	r2, #0
  73 0074 1146     		mov	r1, r2
  74 0076 4D20     		movs	r0, #77
  75 0078 FFF7FEFF 		bl	HAL_NVIC_SetPriority
  76 007c 4D20     		movs	r0, #77
  77 007e FFF7FEFF 		bl	HAL_NVIC_EnableIRQ
  78 0082 C9E7     		b	.L1
  79              	.L6:
  80 0084 FFF7FEFF 		bl	Error_Handler
  81 0088 D4E7     		b	.L3
  82              	.L8:
  83 008a 00BF     		.align	2
  84              	.L7:
  85 008c 00000440 		.word	1074003968
  86 0090 00440258 		.word	1476543488
  88              		.section	.text.HAL_PCD_MspDeInit,"ax",%progbits
  89              		.align	1
  90              		.global	HAL_PCD_MspDeInit
  91              		.syntax unified
  92              		.thumb
  93              		.thumb_func
  95              	HAL_PCD_MspDeInit:
  96              		@ args = 0, pretend = 0, frame = 0
  97              		@ frame_needed = 0, uses_anonymous_args = 0
  98 0000 08B5     		push	{r3, lr}
  99 0002 0268     		ldr	r2, [r0]
 100 0004 0A4B     		ldr	r3, .L13
 101 0006 9A42     		cmp	r2, r3
 102 0008 00D0     		beq	.L12
 103              	.L9:
 104 000a 08BD     		pop	{r3, pc}
 105              	.L12:
 106 000c 094A     		ldr	r2, .L13+4
 107 000e D2F8D830 		ldr	r3, [r2, #216]
 108 0012 23F00073 		bic	r3, r3, #33554432
 109 0016 C2F8D830 		str	r3, [r2, #216]
 110 001a 4A20     		movs	r0, #74
 111 001c FFF7FEFF 		bl	HAL_NVIC_DisableIRQ
 112 0020 4B20     		movs	r0, #75
 113 0022 FFF7FEFF 		bl	HAL_NVIC_DisableIRQ
 114 0026 4D20     		movs	r0, #77
 115 0028 FFF7FEFF 		bl	HAL_NVIC_DisableIRQ
 116 002c EDE7     		b	.L9
 117              	.L14:
ARM GAS  C:\Users\thewo\AppData\Local\Temp\ccXeGn7J.s 			page 3


 118 002e 00BF     		.align	2
 119              	.L13:
 120 0030 00000440 		.word	1074003968
 121 0034 00440258 		.word	1476543488
 123              		.section	.text.HAL_PCD_SetupStageCallback,"ax",%progbits
 124              		.align	1
 125              		.global	HAL_PCD_SetupStageCallback
 126              		.syntax unified
 127              		.thumb
 128              		.thumb_func
 130              	HAL_PCD_SetupStageCallback:
 131              		@ args = 0, pretend = 0, frame = 0
 132              		@ frame_needed = 0, uses_anonymous_args = 0
 133 0000 08B5     		push	{r3, lr}
 134 0002 00F29C41 		addw	r1, r0, #1180
 135 0006 D0F8E004 		ldr	r0, [r0, #1248]
 136 000a FFF7FEFF 		bl	USBD_LL_SetupStage
 137 000e 08BD     		pop	{r3, pc}
 139              		.section	.text.HAL_PCD_DataOutStageCallback,"ax",%progbits
 140              		.align	1
 141              		.global	HAL_PCD_DataOutStageCallback
 142              		.syntax unified
 143              		.thumb
 144              		.thumb_func
 146              	HAL_PCD_DataOutStageCallback:
 147              		@ args = 0, pretend = 0, frame = 0
 148              		@ frame_needed = 0, uses_anonymous_args = 0
 149 0000 08B5     		push	{r3, lr}
 150 0002 01EBC103 		add	r3, r1, r1, lsl #3
 151 0006 00EB8303 		add	r3, r0, r3, lsl #2
 152 000a D3F86022 		ldr	r2, [r3, #608]
 153 000e D0F8E004 		ldr	r0, [r0, #1248]
 154 0012 FFF7FEFF 		bl	USBD_LL_DataOutStage
 155 0016 08BD     		pop	{r3, pc}
 157              		.section	.text.HAL_PCD_DataInStageCallback,"ax",%progbits
 158              		.align	1
 159              		.global	HAL_PCD_DataInStageCallback
 160              		.syntax unified
 161              		.thumb
 162              		.thumb_func
 164              	HAL_PCD_DataInStageCallback:
 165              		@ args = 0, pretend = 0, frame = 0
 166              		@ frame_needed = 0, uses_anonymous_args = 0
 167 0000 08B5     		push	{r3, lr}
 168 0002 01EBC103 		add	r3, r1, r1, lsl #3
 169 0006 00EB8303 		add	r3, r0, r3, lsl #2
 170 000a 1A6A     		ldr	r2, [r3, #32]
 171 000c D0F8E004 		ldr	r0, [r0, #1248]
 172 0010 FFF7FEFF 		bl	USBD_LL_DataInStage
 173 0014 08BD     		pop	{r3, pc}
 175              		.section	.text.HAL_PCD_SOFCallback,"ax",%progbits
 176              		.align	1
 177              		.global	HAL_PCD_SOFCallback
 178              		.syntax unified
 179              		.thumb
 180              		.thumb_func
 182              	HAL_PCD_SOFCallback:
ARM GAS  C:\Users\thewo\AppData\Local\Temp\ccXeGn7J.s 			page 4


 183              		@ args = 0, pretend = 0, frame = 0
 184              		@ frame_needed = 0, uses_anonymous_args = 0
 185 0000 08B5     		push	{r3, lr}
 186 0002 D0F8E004 		ldr	r0, [r0, #1248]
 187 0006 FFF7FEFF 		bl	USBD_LL_SOF
 188 000a 08BD     		pop	{r3, pc}
 190              		.section	.text.HAL_PCD_ResetCallback,"ax",%progbits
 191              		.align	1
 192              		.global	HAL_PCD_ResetCallback
 193              		.syntax unified
 194              		.thumb
 195              		.thumb_func
 197              	HAL_PCD_ResetCallback:
 198              		@ args = 0, pretend = 0, frame = 0
 199              		@ frame_needed = 0, uses_anonymous_args = 0
 200 0000 10B5     		push	{r4, lr}
 201 0002 0446     		mov	r4, r0
 202 0004 C179     		ldrb	r1, [r0, #7]	@ zero_extendqisi2
 203 0006 11B1     		cbz	r1, .L24
 204 0008 0229     		cmp	r1, #2
 205 000a 09D1     		bne	.L27
 206 000c 0121     		movs	r1, #1
 207              	.L24:
 208 000e D4F8E004 		ldr	r0, [r4, #1248]
 209 0012 FFF7FEFF 		bl	USBD_LL_SetSpeed
 210 0016 D4F8E004 		ldr	r0, [r4, #1248]
 211 001a FFF7FEFF 		bl	USBD_LL_Reset
 212 001e 10BD     		pop	{r4, pc}
 213              	.L27:
 214 0020 FFF7FEFF 		bl	Error_Handler
 215 0024 0121     		movs	r1, #1
 216 0026 F2E7     		b	.L24
 218              		.section	.text.HAL_PCD_SuspendCallback,"ax",%progbits
 219              		.align	1
 220              		.global	HAL_PCD_SuspendCallback
 221              		.syntax unified
 222              		.thumb
 223              		.thumb_func
 225              	HAL_PCD_SuspendCallback:
 226              		@ args = 0, pretend = 0, frame = 0
 227              		@ frame_needed = 0, uses_anonymous_args = 0
 228 0000 10B5     		push	{r4, lr}
 229 0002 0446     		mov	r4, r0
 230 0004 D0F8E004 		ldr	r0, [r0, #1248]
 231 0008 FFF7FEFF 		bl	USBD_LL_Suspend
 232 000c 2268     		ldr	r2, [r4]
 233 000e D2F8003E 		ldr	r3, [r2, #3584]
 234 0012 43F00103 		orr	r3, r3, #1
 235 0016 C2F8003E 		str	r3, [r2, #3584]
 236 001a E37A     		ldrb	r3, [r4, #11]	@ zero_extendqisi2
 237 001c 23B1     		cbz	r3, .L28
 238 001e 034A     		ldr	r2, .L31
 239 0020 1369     		ldr	r3, [r2, #16]
 240 0022 43F00603 		orr	r3, r3, #6
 241 0026 1361     		str	r3, [r2, #16]
 242              	.L28:
 243 0028 10BD     		pop	{r4, pc}
ARM GAS  C:\Users\thewo\AppData\Local\Temp\ccXeGn7J.s 			page 5


 244              	.L32:
 245 002a 00BF     		.align	2
 246              	.L31:
 247 002c 00ED00E0 		.word	-536810240
 249              		.section	.text.HAL_PCD_ResumeCallback,"ax",%progbits
 250              		.align	1
 251              		.global	HAL_PCD_ResumeCallback
 252              		.syntax unified
 253              		.thumb
 254              		.thumb_func
 256              	HAL_PCD_ResumeCallback:
 257              		@ args = 0, pretend = 0, frame = 0
 258              		@ frame_needed = 0, uses_anonymous_args = 0
 259 0000 08B5     		push	{r3, lr}
 260 0002 D0F8E004 		ldr	r0, [r0, #1248]
 261 0006 FFF7FEFF 		bl	USBD_LL_Resume
 262 000a 08BD     		pop	{r3, pc}
 264              		.section	.text.HAL_PCD_ISOOUTIncompleteCallback,"ax",%progbits
 265              		.align	1
 266              		.global	HAL_PCD_ISOOUTIncompleteCallback
 267              		.syntax unified
 268              		.thumb
 269              		.thumb_func
 271              	HAL_PCD_ISOOUTIncompleteCallback:
 272              		@ args = 0, pretend = 0, frame = 0
 273              		@ frame_needed = 0, uses_anonymous_args = 0
 274 0000 08B5     		push	{r3, lr}
 275 0002 D0F8E004 		ldr	r0, [r0, #1248]
 276 0006 FFF7FEFF 		bl	USBD_LL_IsoOUTIncomplete
 277 000a 08BD     		pop	{r3, pc}
 279              		.section	.text.HAL_PCD_ISOINIncompleteCallback,"ax",%progbits
 280              		.align	1
 281              		.global	HAL_PCD_ISOINIncompleteCallback
 282              		.syntax unified
 283              		.thumb
 284              		.thumb_func
 286              	HAL_PCD_ISOINIncompleteCallback:
 287              		@ args = 0, pretend = 0, frame = 0
 288              		@ frame_needed = 0, uses_anonymous_args = 0
 289 0000 08B5     		push	{r3, lr}
 290 0002 D0F8E004 		ldr	r0, [r0, #1248]
 291 0006 FFF7FEFF 		bl	USBD_LL_IsoINIncomplete
 292 000a 08BD     		pop	{r3, pc}
 294              		.section	.text.HAL_PCD_ConnectCallback,"ax",%progbits
 295              		.align	1
 296              		.global	HAL_PCD_ConnectCallback
 297              		.syntax unified
 298              		.thumb
 299              		.thumb_func
 301              	HAL_PCD_ConnectCallback:
 302              		@ args = 0, pretend = 0, frame = 0
 303              		@ frame_needed = 0, uses_anonymous_args = 0
 304 0000 08B5     		push	{r3, lr}
 305 0002 D0F8E004 		ldr	r0, [r0, #1248]
 306 0006 FFF7FEFF 		bl	USBD_LL_DevConnected
 307 000a 08BD     		pop	{r3, pc}
 309              		.section	.text.HAL_PCD_DisconnectCallback,"ax",%progbits
ARM GAS  C:\Users\thewo\AppData\Local\Temp\ccXeGn7J.s 			page 6


 310              		.align	1
 311              		.global	HAL_PCD_DisconnectCallback
 312              		.syntax unified
 313              		.thumb
 314              		.thumb_func
 316              	HAL_PCD_DisconnectCallback:
 317              		@ args = 0, pretend = 0, frame = 0
 318              		@ frame_needed = 0, uses_anonymous_args = 0
 319 0000 08B5     		push	{r3, lr}
 320 0002 D0F8E004 		ldr	r0, [r0, #1248]
 321 0006 FFF7FEFF 		bl	USBD_LL_DevDisconnected
 322 000a 08BD     		pop	{r3, pc}
 324              		.section	.text.USBD_LL_Init,"ax",%progbits
 325              		.align	1
 326              		.global	USBD_LL_Init
 327              		.syntax unified
 328              		.thumb
 329              		.thumb_func
 331              	USBD_LL_Init:
 332              		@ args = 0, pretend = 0, frame = 0
 333              		@ frame_needed = 0, uses_anonymous_args = 0
 334 0000 0378     		ldrb	r3, [r0]	@ zero_extendqisi2
 335 0002 012B     		cmp	r3, #1
 336 0004 01D0     		beq	.L50
 337 0006 0020     		movs	r0, #0
 338 0008 7047     		bx	lr
 339              	.L50:
 340 000a 10B5     		push	{r4, lr}
 341 000c 164B     		ldr	r3, .L52
 342 000e C3F8E004 		str	r0, [r3, #1248]
 343 0012 C0F8C832 		str	r3, [r0, #712]
 344 0016 154A     		ldr	r2, .L52+4
 345 0018 1A60     		str	r2, [r3]
 346 001a 0922     		movs	r2, #9
 347 001c 1A71     		strb	r2, [r3, #4]
 348 001e 0221     		movs	r1, #2
 349 0020 D971     		strb	r1, [r3, #7]
 350 0022 0022     		movs	r2, #0
 351 0024 9A71     		strb	r2, [r3, #6]
 352 0026 5972     		strb	r1, [r3, #9]
 353 0028 9A72     		strb	r2, [r3, #10]
 354 002a DA72     		strb	r2, [r3, #11]
 355 002c 1A73     		strb	r2, [r3, #12]
 356 002e 9A73     		strb	r2, [r3, #14]
 357 0030 DA73     		strb	r2, [r3, #15]
 358 0032 1A74     		strb	r2, [r3, #16]
 359 0034 1846     		mov	r0, r3
 360 0036 FFF7FEFF 		bl	HAL_PCD_Init
 361 003a 90B9     		cbnz	r0, .L51
 362              	.L45:
 363 003c 0A4C     		ldr	r4, .L52
 364 003e 4FF40071 		mov	r1, #512
 365 0042 2046     		mov	r0, r4
 366 0044 FFF7FEFF 		bl	HAL_PCDEx_SetRxFiFo
 367 0048 8022     		movs	r2, #128
 368 004a 0021     		movs	r1, #0
 369 004c 2046     		mov	r0, r4
ARM GAS  C:\Users\thewo\AppData\Local\Temp\ccXeGn7J.s 			page 7


 370 004e FFF7FEFF 		bl	HAL_PCDEx_SetTxFiFo
 371 0052 4FF4BA72 		mov	r2, #372
 372 0056 0121     		movs	r1, #1
 373 0058 2046     		mov	r0, r4
 374 005a FFF7FEFF 		bl	HAL_PCDEx_SetTxFiFo
 375 005e 0020     		movs	r0, #0
 376 0060 10BD     		pop	{r4, pc}
 377              	.L51:
 378 0062 FFF7FEFF 		bl	Error_Handler
 379 0066 E9E7     		b	.L45
 380              	.L53:
 381              		.align	2
 382              	.L52:
 383 0068 00000000 		.word	hpcd_USB_OTG_HS
 384 006c 00000440 		.word	1074003968
 386              		.section	.text.USBD_LL_IsStallEP,"ax",%progbits
 387              		.align	1
 388              		.global	USBD_LL_IsStallEP
 389              		.syntax unified
 390              		.thumb
 391              		.thumb_func
 393              	USBD_LL_IsStallEP:
 394              		@ args = 0, pretend = 0, frame = 0
 395              		@ frame_needed = 0, uses_anonymous_args = 0
 396              		@ link register save eliminated.
 397 0000 D0F8C832 		ldr	r3, [r0, #712]
 398 0004 11F0800F 		tst	r1, #128
 399 0008 08D1     		bne	.L57
 400 000a 01F07F01 		and	r1, r1, #127
 401 000e 01EBC101 		add	r1, r1, r1, lsl #3
 402 0012 03EB8103 		add	r3, r3, r1, lsl #2
 403 0016 93F85602 		ldrb	r0, [r3, #598]	@ zero_extendqisi2
 404 001a 7047     		bx	lr
 405              	.L57:
 406 001c 01F07F01 		and	r1, r1, #127
 407 0020 01EBC101 		add	r1, r1, r1, lsl #3
 408 0024 03EB8103 		add	r3, r3, r1, lsl #2
 409 0028 987D     		ldrb	r0, [r3, #22]	@ zero_extendqisi2
 410 002a 7047     		bx	lr
 412              		.section	.text.USBD_LL_GetRxDataSize,"ax",%progbits
 413              		.align	1
 414              		.global	USBD_LL_GetRxDataSize
 415              		.syntax unified
 416              		.thumb
 417              		.thumb_func
 419              	USBD_LL_GetRxDataSize:
 420              		@ args = 0, pretend = 0, frame = 0
 421              		@ frame_needed = 0, uses_anonymous_args = 0
 422 0000 08B5     		push	{r3, lr}
 423 0002 D0F8C802 		ldr	r0, [r0, #712]
 424 0006 FFF7FEFF 		bl	HAL_PCD_EP_GetRxCount
 425 000a 08BD     		pop	{r3, pc}
 427              		.section	.text.USBD_static_malloc,"ax",%progbits
 428              		.align	1
 429              		.global	USBD_static_malloc
 430              		.syntax unified
 431              		.thumb
ARM GAS  C:\Users\thewo\AppData\Local\Temp\ccXeGn7J.s 			page 8


 432              		.thumb_func
 434              	USBD_static_malloc:
 435              		@ args = 0, pretend = 0, frame = 0
 436              		@ frame_needed = 0, uses_anonymous_args = 0
 437              		@ link register save eliminated.
 438 0000 0048     		ldr	r0, .L61
 439 0002 7047     		bx	lr
 440              	.L62:
 441              		.align	2
 442              	.L61:
 443 0004 00000000 		.word	mem.0
 445              		.section	.text.USBD_static_free,"ax",%progbits
 446              		.align	1
 447              		.global	USBD_static_free
 448              		.syntax unified
 449              		.thumb
 450              		.thumb_func
 452              	USBD_static_free:
 453              		@ args = 0, pretend = 0, frame = 0
 454              		@ frame_needed = 0, uses_anonymous_args = 0
 455              		@ link register save eliminated.
 456 0000 7047     		bx	lr
 458              		.section	.text.USBD_LL_Delay,"ax",%progbits
 459              		.align	1
 460              		.global	USBD_LL_Delay
 461              		.syntax unified
 462              		.thumb
 463              		.thumb_func
 465              	USBD_LL_Delay:
 466              		@ args = 0, pretend = 0, frame = 0
 467              		@ frame_needed = 0, uses_anonymous_args = 0
 468 0000 08B5     		push	{r3, lr}
 469 0002 FFF7FEFF 		bl	HAL_Delay
 470 0006 08BD     		pop	{r3, pc}
 472              		.section	.text.USBD_Get_USB_Status,"ax",%progbits
 473              		.align	1
 474              		.global	USBD_Get_USB_Status
 475              		.syntax unified
 476              		.thumb
 477              		.thumb_func
 479              	USBD_Get_USB_Status:
 480              		@ args = 0, pretend = 0, frame = 0
 481              		@ frame_needed = 0, uses_anonymous_args = 0
 482              		@ link register save eliminated.
 483 0000 0328     		cmp	r0, #3
 484 0002 05D8     		bhi	.L72
 485 0004 DFE800F0 		tbb	[pc, r0]
 486              	.L69:
 487 0008 05       		.byte	(.L67-.L69)/2
 488 0009 04       		.byte	(.L72-.L69)/2
 489 000a 02       		.byte	(.L70-.L69)/2
 490 000b 05       		.byte	(.L67-.L69)/2
 491              		.p2align 1
 492              	.L70:
 493 000c 0120     		movs	r0, #1
 494 000e 7047     		bx	lr
 495              	.L72:
ARM GAS  C:\Users\thewo\AppData\Local\Temp\ccXeGn7J.s 			page 9


 496 0010 0320     		movs	r0, #3
 497              	.L67:
 498 0012 7047     		bx	lr
 500              		.section	.text.USBD_LL_DeInit,"ax",%progbits
 501              		.align	1
 502              		.global	USBD_LL_DeInit
 503              		.syntax unified
 504              		.thumb
 505              		.thumb_func
 507              	USBD_LL_DeInit:
 508              		@ args = 0, pretend = 0, frame = 0
 509              		@ frame_needed = 0, uses_anonymous_args = 0
 510 0000 08B5     		push	{r3, lr}
 511 0002 D0F8C802 		ldr	r0, [r0, #712]
 512 0006 FFF7FEFF 		bl	HAL_PCD_DeInit
 513 000a FFF7FEFF 		bl	USBD_Get_USB_Status
 514 000e 08BD     		pop	{r3, pc}
 516              		.section	.text.USBD_LL_Start,"ax",%progbits
 517              		.align	1
 518              		.global	USBD_LL_Start
 519              		.syntax unified
 520              		.thumb
 521              		.thumb_func
 523              	USBD_LL_Start:
 524              		@ args = 0, pretend = 0, frame = 0
 525              		@ frame_needed = 0, uses_anonymous_args = 0
 526 0000 08B5     		push	{r3, lr}
 527 0002 D0F8C802 		ldr	r0, [r0, #712]
 528 0006 FFF7FEFF 		bl	HAL_PCD_Start
 529 000a FFF7FEFF 		bl	USBD_Get_USB_Status
 530 000e 08BD     		pop	{r3, pc}
 532              		.section	.text.USBD_LL_Stop,"ax",%progbits
 533              		.align	1
 534              		.global	USBD_LL_Stop
 535              		.syntax unified
 536              		.thumb
 537              		.thumb_func
 539              	USBD_LL_Stop:
 540              		@ args = 0, pretend = 0, frame = 0
 541              		@ frame_needed = 0, uses_anonymous_args = 0
 542 0000 08B5     		push	{r3, lr}
 543 0002 D0F8C802 		ldr	r0, [r0, #712]
 544 0006 FFF7FEFF 		bl	HAL_PCD_Stop
 545 000a FFF7FEFF 		bl	USBD_Get_USB_Status
 546 000e 08BD     		pop	{r3, pc}
 548              		.section	.text.USBD_LL_OpenEP,"ax",%progbits
 549              		.align	1
 550              		.global	USBD_LL_OpenEP
 551              		.syntax unified
 552              		.thumb
 553              		.thumb_func
 555              	USBD_LL_OpenEP:
 556              		@ args = 0, pretend = 0, frame = 0
 557              		@ frame_needed = 0, uses_anonymous_args = 0
 558 0000 08B5     		push	{r3, lr}
 559 0002 9446     		mov	ip, r2
 560 0004 1A46     		mov	r2, r3
ARM GAS  C:\Users\thewo\AppData\Local\Temp\ccXeGn7J.s 			page 10


 561 0006 6346     		mov	r3, ip
 562 0008 D0F8C802 		ldr	r0, [r0, #712]
 563 000c FFF7FEFF 		bl	HAL_PCD_EP_Open
 564 0010 FFF7FEFF 		bl	USBD_Get_USB_Status
 565 0014 08BD     		pop	{r3, pc}
 567              		.section	.text.USBD_LL_CloseEP,"ax",%progbits
 568              		.align	1
 569              		.global	USBD_LL_CloseEP
 570              		.syntax unified
 571              		.thumb
 572              		.thumb_func
 574              	USBD_LL_CloseEP:
 575              		@ args = 0, pretend = 0, frame = 0
 576              		@ frame_needed = 0, uses_anonymous_args = 0
 577 0000 08B5     		push	{r3, lr}
 578 0002 D0F8C802 		ldr	r0, [r0, #712]
 579 0006 FFF7FEFF 		bl	HAL_PCD_EP_Close
 580 000a FFF7FEFF 		bl	USBD_Get_USB_Status
 581 000e 08BD     		pop	{r3, pc}
 583              		.section	.text.USBD_LL_FlushEP,"ax",%progbits
 584              		.align	1
 585              		.global	USBD_LL_FlushEP
 586              		.syntax unified
 587              		.thumb
 588              		.thumb_func
 590              	USBD_LL_FlushEP:
 591              		@ args = 0, pretend = 0, frame = 0
 592              		@ frame_needed = 0, uses_anonymous_args = 0
 593 0000 08B5     		push	{r3, lr}
 594 0002 D0F8C802 		ldr	r0, [r0, #712]
 595 0006 FFF7FEFF 		bl	HAL_PCD_EP_Flush
 596 000a FFF7FEFF 		bl	USBD_Get_USB_Status
 597 000e 08BD     		pop	{r3, pc}
 599              		.section	.text.USBD_LL_StallEP,"ax",%progbits
 600              		.align	1
 601              		.global	USBD_LL_StallEP
 602              		.syntax unified
 603              		.thumb
 604              		.thumb_func
 606              	USBD_LL_StallEP:
 607              		@ args = 0, pretend = 0, frame = 0
 608              		@ frame_needed = 0, uses_anonymous_args = 0
 609 0000 08B5     		push	{r3, lr}
 610 0002 D0F8C802 		ldr	r0, [r0, #712]
 611 0006 FFF7FEFF 		bl	HAL_PCD_EP_SetStall
 612 000a FFF7FEFF 		bl	USBD_Get_USB_Status
 613 000e 08BD     		pop	{r3, pc}
 615              		.section	.text.USBD_LL_ClearStallEP,"ax",%progbits
 616              		.align	1
 617              		.global	USBD_LL_ClearStallEP
 618              		.syntax unified
 619              		.thumb
 620              		.thumb_func
 622              	USBD_LL_ClearStallEP:
 623              		@ args = 0, pretend = 0, frame = 0
 624              		@ frame_needed = 0, uses_anonymous_args = 0
 625 0000 08B5     		push	{r3, lr}
ARM GAS  C:\Users\thewo\AppData\Local\Temp\ccXeGn7J.s 			page 11


 626 0002 D0F8C802 		ldr	r0, [r0, #712]
 627 0006 FFF7FEFF 		bl	HAL_PCD_EP_ClrStall
 628 000a FFF7FEFF 		bl	USBD_Get_USB_Status
 629 000e 08BD     		pop	{r3, pc}
 631              		.section	.text.USBD_LL_SetUSBAddress,"ax",%progbits
 632              		.align	1
 633              		.global	USBD_LL_SetUSBAddress
 634              		.syntax unified
 635              		.thumb
 636              		.thumb_func
 638              	USBD_LL_SetUSBAddress:
 639              		@ args = 0, pretend = 0, frame = 0
 640              		@ frame_needed = 0, uses_anonymous_args = 0
 641 0000 08B5     		push	{r3, lr}
 642 0002 D0F8C802 		ldr	r0, [r0, #712]
 643 0006 FFF7FEFF 		bl	HAL_PCD_SetAddress
 644 000a FFF7FEFF 		bl	USBD_Get_USB_Status
 645 000e 08BD     		pop	{r3, pc}
 647              		.section	.text.USBD_LL_Transmit,"ax",%progbits
 648              		.align	1
 649              		.global	USBD_LL_Transmit
 650              		.syntax unified
 651              		.thumb
 652              		.thumb_func
 654              	USBD_LL_Transmit:
 655              		@ args = 0, pretend = 0, frame = 0
 656              		@ frame_needed = 0, uses_anonymous_args = 0
 657 0000 08B5     		push	{r3, lr}
 658 0002 D0F8C802 		ldr	r0, [r0, #712]
 659 0006 FFF7FEFF 		bl	HAL_PCD_EP_Transmit
 660 000a FFF7FEFF 		bl	USBD_Get_USB_Status
 661 000e 08BD     		pop	{r3, pc}
 663              		.section	.text.USBD_LL_PrepareReceive,"ax",%progbits
 664              		.align	1
 665              		.global	USBD_LL_PrepareReceive
 666              		.syntax unified
 667              		.thumb
 668              		.thumb_func
 670              	USBD_LL_PrepareReceive:
 671              		@ args = 0, pretend = 0, frame = 0
 672              		@ frame_needed = 0, uses_anonymous_args = 0
 673 0000 08B5     		push	{r3, lr}
 674 0002 D0F8C802 		ldr	r0, [r0, #712]
 675 0006 FFF7FEFF 		bl	HAL_PCD_EP_Receive
 676 000a FFF7FEFF 		bl	USBD_Get_USB_Status
 677 000e 08BD     		pop	{r3, pc}
 679              		.section	.bss.mem.0,"aw",%nobits
 680              		.align	2
 683              	mem.0:
 684 0000 00000000 		.space	544
 684      00000000 
 684      00000000 
 684      00000000 
 684      00000000 
 685              		.global	hpcd_USB_OTG_HS
 686              		.section	.bss.hpcd_USB_OTG_HS,"aw",%nobits
 687              		.align	2
ARM GAS  C:\Users\thewo\AppData\Local\Temp\ccXeGn7J.s 			page 12


 690              	hpcd_USB_OTG_HS:
 691 0000 00000000 		.space	1252
 691      00000000 
 691      00000000 
 691      00000000 
 691      00000000 
 692              		.ident	"GCC: (xPack GNU Arm Embedded GCC x86_64) 14.2.1 20241119"
ARM GAS  C:\Users\thewo\AppData\Local\Temp\ccXeGn7J.s 			page 13


DEFINED SYMBOLS
                            *ABS*:00000000 usbd_conf.c
C:\Users\thewo\AppData\Local\Temp\ccXeGn7J.s:17     .text.HAL_PCD_MspInit:00000000 $t
C:\Users\thewo\AppData\Local\Temp\ccXeGn7J.s:23     .text.HAL_PCD_MspInit:00000000 HAL_PCD_MspInit
C:\Users\thewo\AppData\Local\Temp\ccXeGn7J.s:85     .text.HAL_PCD_MspInit:0000008c $d
C:\Users\thewo\AppData\Local\Temp\ccXeGn7J.s:89     .text.HAL_PCD_MspDeInit:00000000 $t
C:\Users\thewo\AppData\Local\Temp\ccXeGn7J.s:95     .text.HAL_PCD_MspDeInit:00000000 HAL_PCD_MspDeInit
C:\Users\thewo\AppData\Local\Temp\ccXeGn7J.s:120    .text.HAL_PCD_MspDeInit:00000030 $d
C:\Users\thewo\AppData\Local\Temp\ccXeGn7J.s:124    .text.HAL_PCD_SetupStageCallback:00000000 $t
C:\Users\thewo\AppData\Local\Temp\ccXeGn7J.s:130    .text.HAL_PCD_SetupStageCallback:00000000 HAL_PCD_SetupStageCallback
C:\Users\thewo\AppData\Local\Temp\ccXeGn7J.s:140    .text.HAL_PCD_DataOutStageCallback:00000000 $t
C:\Users\thewo\AppData\Local\Temp\ccXeGn7J.s:146    .text.HAL_PCD_DataOutStageCallback:00000000 HAL_PCD_DataOutStageCallback
C:\Users\thewo\AppData\Local\Temp\ccXeGn7J.s:158    .text.HAL_PCD_DataInStageCallback:00000000 $t
C:\Users\thewo\AppData\Local\Temp\ccXeGn7J.s:164    .text.HAL_PCD_DataInStageCallback:00000000 HAL_PCD_DataInStageCallback
C:\Users\thewo\AppData\Local\Temp\ccXeGn7J.s:176    .text.HAL_PCD_SOFCallback:00000000 $t
C:\Users\thewo\AppData\Local\Temp\ccXeGn7J.s:182    .text.HAL_PCD_SOFCallback:00000000 HAL_PCD_SOFCallback
C:\Users\thewo\AppData\Local\Temp\ccXeGn7J.s:191    .text.HAL_PCD_ResetCallback:00000000 $t
C:\Users\thewo\AppData\Local\Temp\ccXeGn7J.s:197    .text.HAL_PCD_ResetCallback:00000000 HAL_PCD_ResetCallback
C:\Users\thewo\AppData\Local\Temp\ccXeGn7J.s:219    .text.HAL_PCD_SuspendCallback:00000000 $t
C:\Users\thewo\AppData\Local\Temp\ccXeGn7J.s:225    .text.HAL_PCD_SuspendCallback:00000000 HAL_PCD_SuspendCallback
C:\Users\thewo\AppData\Local\Temp\ccXeGn7J.s:247    .text.HAL_PCD_SuspendCallback:0000002c $d
C:\Users\thewo\AppData\Local\Temp\ccXeGn7J.s:250    .text.HAL_PCD_ResumeCallback:00000000 $t
C:\Users\thewo\AppData\Local\Temp\ccXeGn7J.s:256    .text.HAL_PCD_ResumeCallback:00000000 HAL_PCD_ResumeCallback
C:\Users\thewo\AppData\Local\Temp\ccXeGn7J.s:265    .text.HAL_PCD_ISOOUTIncompleteCallback:00000000 $t
C:\Users\thewo\AppData\Local\Temp\ccXeGn7J.s:271    .text.HAL_PCD_ISOOUTIncompleteCallback:00000000 HAL_PCD_ISOOUTIncompleteCallback
C:\Users\thewo\AppData\Local\Temp\ccXeGn7J.s:280    .text.HAL_PCD_ISOINIncompleteCallback:00000000 $t
C:\Users\thewo\AppData\Local\Temp\ccXeGn7J.s:286    .text.HAL_PCD_ISOINIncompleteCallback:00000000 HAL_PCD_ISOINIncompleteCallback
C:\Users\thewo\AppData\Local\Temp\ccXeGn7J.s:295    .text.HAL_PCD_ConnectCallback:00000000 $t
C:\Users\thewo\AppData\Local\Temp\ccXeGn7J.s:301    .text.HAL_PCD_ConnectCallback:00000000 HAL_PCD_ConnectCallback
C:\Users\thewo\AppData\Local\Temp\ccXeGn7J.s:310    .text.HAL_PCD_DisconnectCallback:00000000 $t
C:\Users\thewo\AppData\Local\Temp\ccXeGn7J.s:316    .text.HAL_PCD_DisconnectCallback:00000000 HAL_PCD_DisconnectCallback
C:\Users\thewo\AppData\Local\Temp\ccXeGn7J.s:325    .text.USBD_LL_Init:00000000 $t
C:\Users\thewo\AppData\Local\Temp\ccXeGn7J.s:331    .text.USBD_LL_Init:00000000 USBD_LL_Init
C:\Users\thewo\AppData\Local\Temp\ccXeGn7J.s:383    .text.USBD_LL_Init:00000068 $d
C:\Users\thewo\AppData\Local\Temp\ccXeGn7J.s:690    .bss.hpcd_USB_OTG_HS:00000000 hpcd_USB_OTG_HS
C:\Users\thewo\AppData\Local\Temp\ccXeGn7J.s:387    .text.USBD_LL_IsStallEP:00000000 $t
C:\Users\thewo\AppData\Local\Temp\ccXeGn7J.s:393    .text.USBD_LL_IsStallEP:00000000 USBD_LL_IsStallEP
C:\Users\thewo\AppData\Local\Temp\ccXeGn7J.s:413    .text.USBD_LL_GetRxDataSize:00000000 $t
C:\Users\thewo\AppData\Local\Temp\ccXeGn7J.s:419    .text.USBD_LL_GetRxDataSize:00000000 USBD_LL_GetRxDataSize
C:\Users\thewo\AppData\Local\Temp\ccXeGn7J.s:428    .text.USBD_static_malloc:00000000 $t
C:\Users\thewo\AppData\Local\Temp\ccXeGn7J.s:434    .text.USBD_static_malloc:00000000 USBD_static_malloc
C:\Users\thewo\AppData\Local\Temp\ccXeGn7J.s:443    .text.USBD_static_malloc:00000004 $d
C:\Users\thewo\AppData\Local\Temp\ccXeGn7J.s:683    .bss.mem.0:00000000 mem.0
C:\Users\thewo\AppData\Local\Temp\ccXeGn7J.s:446    .text.USBD_static_free:00000000 $t
C:\Users\thewo\AppData\Local\Temp\ccXeGn7J.s:452    .text.USBD_static_free:00000000 USBD_static_free
C:\Users\thewo\AppData\Local\Temp\ccXeGn7J.s:459    .text.USBD_LL_Delay:00000000 $t
C:\Users\thewo\AppData\Local\Temp\ccXeGn7J.s:465    .text.USBD_LL_Delay:00000000 USBD_LL_Delay
C:\Users\thewo\AppData\Local\Temp\ccXeGn7J.s:473    .text.USBD_Get_USB_Status:00000000 $t
C:\Users\thewo\AppData\Local\Temp\ccXeGn7J.s:479    .text.USBD_Get_USB_Status:00000000 USBD_Get_USB_Status
C:\Users\thewo\AppData\Local\Temp\ccXeGn7J.s:487    .text.USBD_Get_USB_Status:00000008 $d
C:\Users\thewo\AppData\Local\Temp\ccXeGn7J.s:491    .text.USBD_Get_USB_Status:0000000c $t
C:\Users\thewo\AppData\Local\Temp\ccXeGn7J.s:501    .text.USBD_LL_DeInit:00000000 $t
C:\Users\thewo\AppData\Local\Temp\ccXeGn7J.s:507    .text.USBD_LL_DeInit:00000000 USBD_LL_DeInit
C:\Users\thewo\AppData\Local\Temp\ccXeGn7J.s:517    .text.USBD_LL_Start:00000000 $t
C:\Users\thewo\AppData\Local\Temp\ccXeGn7J.s:523    .text.USBD_LL_Start:00000000 USBD_LL_Start
C:\Users\thewo\AppData\Local\Temp\ccXeGn7J.s:533    .text.USBD_LL_Stop:00000000 $t
C:\Users\thewo\AppData\Local\Temp\ccXeGn7J.s:539    .text.USBD_LL_Stop:00000000 USBD_LL_Stop
ARM GAS  C:\Users\thewo\AppData\Local\Temp\ccXeGn7J.s 			page 14


C:\Users\thewo\AppData\Local\Temp\ccXeGn7J.s:549    .text.USBD_LL_OpenEP:00000000 $t
C:\Users\thewo\AppData\Local\Temp\ccXeGn7J.s:555    .text.USBD_LL_OpenEP:00000000 USBD_LL_OpenEP
C:\Users\thewo\AppData\Local\Temp\ccXeGn7J.s:568    .text.USBD_LL_CloseEP:00000000 $t
C:\Users\thewo\AppData\Local\Temp\ccXeGn7J.s:574    .text.USBD_LL_CloseEP:00000000 USBD_LL_CloseEP
C:\Users\thewo\AppData\Local\Temp\ccXeGn7J.s:584    .text.USBD_LL_FlushEP:00000000 $t
C:\Users\thewo\AppData\Local\Temp\ccXeGn7J.s:590    .text.USBD_LL_FlushEP:00000000 USBD_LL_FlushEP
C:\Users\thewo\AppData\Local\Temp\ccXeGn7J.s:600    .text.USBD_LL_StallEP:00000000 $t
C:\Users\thewo\AppData\Local\Temp\ccXeGn7J.s:606    .text.USBD_LL_StallEP:00000000 USBD_LL_StallEP
C:\Users\thewo\AppData\Local\Temp\ccXeGn7J.s:616    .text.USBD_LL_ClearStallEP:00000000 $t
C:\Users\thewo\AppData\Local\Temp\ccXeGn7J.s:622    .text.USBD_LL_ClearStallEP:00000000 USBD_LL_ClearStallEP
C:\Users\thewo\AppData\Local\Temp\ccXeGn7J.s:632    .text.USBD_LL_SetUSBAddress:00000000 $t
C:\Users\thewo\AppData\Local\Temp\ccXeGn7J.s:638    .text.USBD_LL_SetUSBAddress:00000000 USBD_LL_SetUSBAddress
C:\Users\thewo\AppData\Local\Temp\ccXeGn7J.s:648    .text.USBD_LL_Transmit:00000000 $t
C:\Users\thewo\AppData\Local\Temp\ccXeGn7J.s:654    .text.USBD_LL_Transmit:00000000 USBD_LL_Transmit
C:\Users\thewo\AppData\Local\Temp\ccXeGn7J.s:664    .text.USBD_LL_PrepareReceive:00000000 $t
C:\Users\thewo\AppData\Local\Temp\ccXeGn7J.s:670    .text.USBD_LL_PrepareReceive:00000000 USBD_LL_PrepareReceive
C:\Users\thewo\AppData\Local\Temp\ccXeGn7J.s:680    .bss.mem.0:00000000 $d
C:\Users\thewo\AppData\Local\Temp\ccXeGn7J.s:687    .bss.hpcd_USB_OTG_HS:00000000 $d

UNDEFINED SYMBOLS
memset
HAL_RCCEx_PeriphCLKConfig
HAL_PWREx_EnableUSBVoltageDetector
HAL_NVIC_SetPriority
HAL_NVIC_EnableIRQ
Error_Handler
HAL_NVIC_DisableIRQ
USBD_LL_SetupStage
USBD_LL_DataOutStage
USBD_LL_DataInStage
USBD_LL_SOF
USBD_LL_SetSpeed
USBD_LL_Reset
USBD_LL_Suspend
USBD_LL_Resume
USBD_LL_IsoOUTIncomplete
USBD_LL_IsoINIncomplete
USBD_LL_DevConnected
USBD_LL_DevDisconnected
HAL_PCD_Init
HAL_PCDEx_SetRxFiFo
HAL_PCDEx_SetTxFiFo
HAL_PCD_EP_GetRxCount
HAL_Delay
HAL_PCD_DeInit
HAL_PCD_Start
HAL_PCD_Stop
HAL_PCD_EP_Open
HAL_PCD_EP_Close
HAL_PCD_EP_Flush
HAL_PCD_EP_SetStall
HAL_PCD_EP_ClrStall
HAL_PCD_SetAddress
HAL_PCD_EP_Transmit
HAL_PCD_EP_Receive
