ARM GAS  C:\Users\thewo\AppData\Local\Temp\ccVPHBGI.s 			page 1


   1              		.cpu cortex-m7
   2              		.arch armv7e-m
   3              		.fpu fpv5-d16
   4              		.eabi_attribute 28, 1
   5              		.eabi_attribute 20, 1
   6              		.eabi_attribute 21, 1
   7              		.eabi_attribute 23, 3
   8              		.eabi_attribute 24, 1
   9              		.eabi_attribute 25, 1
  10              		.eabi_attribute 26, 1
  11              		.eabi_attribute 30, 1
  12              		.eabi_attribute 34, 1
  13              		.eabi_attribute 18, 4
  14              		.file	"usbd_cdc_if.c"
  15              		.text
  16              		.section	.text.CDC_DeInit_HS,"ax",%progbits
  17              		.align	1
  18              		.syntax unified
  19              		.thumb
  20              		.thumb_func
  22              	CDC_DeInit_HS:
  23              		@ args = 0, pretend = 0, frame = 0
  24              		@ frame_needed = 0, uses_anonymous_args = 0
  25              		@ link register save eliminated.
  26 0000 0020     		movs	r0, #0
  27 0002 7047     		bx	lr
  29              		.section	.text.CDC_Control_HS,"ax",%progbits
  30              		.align	1
  31              		.syntax unified
  32              		.thumb
  33              		.thumb_func
  35              	CDC_Control_HS:
  36              		@ args = 0, pretend = 0, frame = 0
  37              		@ frame_needed = 0, uses_anonymous_args = 0
  38              		@ link register save eliminated.
  39 0000 2028     		cmp	r0, #32
  40 0002 11D0     		beq	.L3
  41 0004 2128     		cmp	r0, #33
  42 0006 21D1     		bne	.L5
  43 0008 114B     		ldr	r3, .L6
  44 000a 1A78     		ldrb	r2, [r3]	@ zero_extendqisi2
  45 000c 0A70     		strb	r2, [r1]
  46 000e 5A78     		ldrb	r2, [r3, #1]	@ zero_extendqisi2
  47 0010 4A70     		strb	r2, [r1, #1]
  48 0012 9A78     		ldrb	r2, [r3, #2]	@ zero_extendqisi2
  49 0014 8A70     		strb	r2, [r1, #2]
  50 0016 DA78     		ldrb	r2, [r3, #3]	@ zero_extendqisi2
  51 0018 CA70     		strb	r2, [r1, #3]
  52 001a 1A79     		ldrb	r2, [r3, #4]	@ zero_extendqisi2
  53 001c 0A71     		strb	r2, [r1, #4]
  54 001e 5A79     		ldrb	r2, [r3, #5]	@ zero_extendqisi2
  55 0020 4A71     		strb	r2, [r1, #5]
  56 0022 9B79     		ldrb	r3, [r3, #6]	@ zero_extendqisi2
  57 0024 8B71     		strb	r3, [r1, #6]
  58 0026 11E0     		b	.L5
  59              	.L3:
  60 0028 0B78     		ldrb	r3, [r1]	@ zero_extendqisi2
ARM GAS  C:\Users\thewo\AppData\Local\Temp\ccVPHBGI.s 			page 2


  61 002a 4A78     		ldrb	r2, [r1, #1]	@ zero_extendqisi2
  62 002c 43EA0223 		orr	r3, r3, r2, lsl #8
  63 0030 8A78     		ldrb	r2, [r1, #2]	@ zero_extendqisi2
  64 0032 43EA0243 		orr	r3, r3, r2, lsl #16
  65 0036 CA78     		ldrb	r2, [r1, #3]	@ zero_extendqisi2
  66 0038 43EA0263 		orr	r3, r3, r2, lsl #24
  67 003c 044A     		ldr	r2, .L6
  68 003e 1360     		str	r3, [r2]
  69 0040 0B79     		ldrb	r3, [r1, #4]	@ zero_extendqisi2
  70 0042 1371     		strb	r3, [r2, #4]
  71 0044 4B79     		ldrb	r3, [r1, #5]	@ zero_extendqisi2
  72 0046 5371     		strb	r3, [r2, #5]
  73 0048 8B79     		ldrb	r3, [r1, #6]	@ zero_extendqisi2
  74 004a 9371     		strb	r3, [r2, #6]
  75              	.L5:
  76 004c 0020     		movs	r0, #0
  77 004e 7047     		bx	lr
  78              	.L7:
  79              		.align	2
  80              	.L6:
  81 0050 00000000 		.word	LineCoding
  83              		.section	.text.CDC_TransmitCplt_HS,"ax",%progbits
  84              		.align	1
  85              		.syntax unified
  86              		.thumb
  87              		.thumb_func
  89              	CDC_TransmitCplt_HS:
  90              		@ args = 0, pretend = 0, frame = 0
  91              		@ frame_needed = 0, uses_anonymous_args = 0
  92              		@ link register save eliminated.
  93 0000 0020     		movs	r0, #0
  94 0002 7047     		bx	lr
  96              		.section	.text.CDC_Receive_HS,"ax",%progbits
  97              		.align	1
  98              		.syntax unified
  99              		.thumb
 100              		.thumb_func
 102              	CDC_Receive_HS:
 103              		@ args = 0, pretend = 0, frame = 0
 104              		@ frame_needed = 0, uses_anonymous_args = 0
 105 0000 10B5     		push	{r4, lr}
 106 0002 0146     		mov	r1, r0
 107 0004 044C     		ldr	r4, .L11
 108 0006 2046     		mov	r0, r4
 109 0008 FFF7FEFF 		bl	USBD_CDC_SetRxBuffer
 110 000c 2046     		mov	r0, r4
 111 000e FFF7FEFF 		bl	USBD_CDC_ReceivePacket
 112 0012 0020     		movs	r0, #0
 113 0014 10BD     		pop	{r4, pc}
 114              	.L12:
 115 0016 00BF     		.align	2
 116              	.L11:
 117 0018 00000000 		.word	hUsbDeviceHS
 119              		.section	.text.CDC_Init_HS,"ax",%progbits
 120              		.align	1
 121              		.syntax unified
 122              		.thumb
ARM GAS  C:\Users\thewo\AppData\Local\Temp\ccVPHBGI.s 			page 3


 123              		.thumb_func
 125              	CDC_Init_HS:
 126              		@ args = 0, pretend = 0, frame = 0
 127              		@ frame_needed = 0, uses_anonymous_args = 0
 128 0000 10B5     		push	{r4, lr}
 129 0002 064C     		ldr	r4, .L15
 130 0004 0022     		movs	r2, #0
 131 0006 0649     		ldr	r1, .L15+4
 132 0008 2046     		mov	r0, r4
 133 000a FFF7FEFF 		bl	USBD_CDC_SetTxBuffer
 134 000e 0549     		ldr	r1, .L15+8
 135 0010 2046     		mov	r0, r4
 136 0012 FFF7FEFF 		bl	USBD_CDC_SetRxBuffer
 137 0016 0020     		movs	r0, #0
 138 0018 10BD     		pop	{r4, pc}
 139              	.L16:
 140 001a 00BF     		.align	2
 141              	.L15:
 142 001c 00000000 		.word	hUsbDeviceHS
 143 0020 00000000 		.word	UserTxBufferHS
 144 0024 00000000 		.word	UserRxBufferHS
 146              		.section	.text.CDC_Transmit_HS,"ax",%progbits
 147              		.align	1
 148              		.global	CDC_Transmit_HS
 149              		.syntax unified
 150              		.thumb
 151              		.thumb_func
 153              	CDC_Transmit_HS:
 154              		@ args = 0, pretend = 0, frame = 0
 155              		@ frame_needed = 0, uses_anonymous_args = 0
 156 0000 094B     		ldr	r3, .L25
 157 0002 D3F8BC32 		ldr	r3, [r3, #700]
 158 0006 D3F81432 		ldr	r3, [r3, #532]
 159 000a 0BB1     		cbz	r3, .L24
 160 000c 0120     		movs	r0, #1
 161 000e 7047     		bx	lr
 162              	.L24:
 163 0010 10B5     		push	{r4, lr}
 164 0012 054C     		ldr	r4, .L25
 165 0014 0A46     		mov	r2, r1
 166 0016 0146     		mov	r1, r0
 167 0018 2046     		mov	r0, r4
 168 001a FFF7FEFF 		bl	USBD_CDC_SetTxBuffer
 169 001e 2046     		mov	r0, r4
 170 0020 FFF7FEFF 		bl	USBD_CDC_TransmitPacket
 171 0024 10BD     		pop	{r4, pc}
 172              	.L26:
 173 0026 00BF     		.align	2
 174              	.L25:
 175 0028 00000000 		.word	hUsbDeviceHS
 177              		.global	USBD_Interface_fops_HS
 178              		.section	.data.USBD_Interface_fops_HS,"aw"
 179              		.align	2
 182              	USBD_Interface_fops_HS:
 183 0000 00000000 		.word	CDC_Init_HS
 184 0004 00000000 		.word	CDC_DeInit_HS
 185 0008 00000000 		.word	CDC_Control_HS
ARM GAS  C:\Users\thewo\AppData\Local\Temp\ccVPHBGI.s 			page 4


 186 000c 00000000 		.word	CDC_Receive_HS
 187 0010 00000000 		.word	CDC_TransmitCplt_HS
 188              		.global	LineCoding
 189              		.section	.data.LineCoding,"aw"
 190              		.align	2
 193              	LineCoding:
 194 0000 00C20100 		.word	115200
 195 0004 00       		.byte	0
 196 0005 00       		.byte	0
 197 0006 08       		.byte	8
 198 0007 00       		.space	1
 199              		.global	UserTxBufferHS
 200              		.section	.bss.UserTxBufferHS,"aw",%nobits
 201              		.align	2
 204              	UserTxBufferHS:
 205 0000 00000000 		.space	2048
 205      00000000 
 205      00000000 
 205      00000000 
 205      00000000 
 206              		.global	UserRxBufferHS
 207              		.section	.bss.UserRxBufferHS,"aw",%nobits
 208              		.align	2
 211              	UserRxBufferHS:
 212 0000 00000000 		.space	2048
 212      00000000 
 212      00000000 
 212      00000000 
 212      00000000 
 213              		.ident	"GCC: (xPack GNU Arm Embedded GCC x86_64) 14.2.1 20241119"
ARM GAS  C:\Users\thewo\AppData\Local\Temp\ccVPHBGI.s 			page 5


DEFINED SYMBOLS
                            *ABS*:00000000 usbd_cdc_if.c
C:\Users\thewo\AppData\Local\Temp\ccVPHBGI.s:17     .text.CDC_DeInit_HS:00000000 $t
C:\Users\thewo\AppData\Local\Temp\ccVPHBGI.s:22     .text.CDC_DeInit_HS:00000000 CDC_DeInit_HS
C:\Users\thewo\AppData\Local\Temp\ccVPHBGI.s:30     .text.CDC_Control_HS:00000000 $t
C:\Users\thewo\AppData\Local\Temp\ccVPHBGI.s:35     .text.CDC_Control_HS:00000000 CDC_Control_HS
C:\Users\thewo\AppData\Local\Temp\ccVPHBGI.s:81     .text.CDC_Control_HS:00000050 $d
C:\Users\thewo\AppData\Local\Temp\ccVPHBGI.s:193    .data.LineCoding:00000000 LineCoding
C:\Users\thewo\AppData\Local\Temp\ccVPHBGI.s:84     .text.CDC_TransmitCplt_HS:00000000 $t
C:\Users\thewo\AppData\Local\Temp\ccVPHBGI.s:89     .text.CDC_TransmitCplt_HS:00000000 CDC_TransmitCplt_HS
C:\Users\thewo\AppData\Local\Temp\ccVPHBGI.s:97     .text.CDC_Receive_HS:00000000 $t
C:\Users\thewo\AppData\Local\Temp\ccVPHBGI.s:102    .text.CDC_Receive_HS:00000000 CDC_Receive_HS
C:\Users\thewo\AppData\Local\Temp\ccVPHBGI.s:117    .text.CDC_Receive_HS:00000018 $d
C:\Users\thewo\AppData\Local\Temp\ccVPHBGI.s:120    .text.CDC_Init_HS:00000000 $t
C:\Users\thewo\AppData\Local\Temp\ccVPHBGI.s:125    .text.CDC_Init_HS:00000000 CDC_Init_HS
C:\Users\thewo\AppData\Local\Temp\ccVPHBGI.s:142    .text.CDC_Init_HS:0000001c $d
C:\Users\thewo\AppData\Local\Temp\ccVPHBGI.s:204    .bss.UserTxBufferHS:00000000 UserTxBufferHS
C:\Users\thewo\AppData\Local\Temp\ccVPHBGI.s:211    .bss.UserRxBufferHS:00000000 UserRxBufferHS
C:\Users\thewo\AppData\Local\Temp\ccVPHBGI.s:147    .text.CDC_Transmit_HS:00000000 $t
C:\Users\thewo\AppData\Local\Temp\ccVPHBGI.s:153    .text.CDC_Transmit_HS:00000000 CDC_Transmit_HS
C:\Users\thewo\AppData\Local\Temp\ccVPHBGI.s:175    .text.CDC_Transmit_HS:00000028 $d
C:\Users\thewo\AppData\Local\Temp\ccVPHBGI.s:182    .data.USBD_Interface_fops_HS:00000000 USBD_Interface_fops_HS
C:\Users\thewo\AppData\Local\Temp\ccVPHBGI.s:179    .data.USBD_Interface_fops_HS:00000000 $d
C:\Users\thewo\AppData\Local\Temp\ccVPHBGI.s:190    .data.LineCoding:00000000 $d
C:\Users\thewo\AppData\Local\Temp\ccVPHBGI.s:201    .bss.UserTxBufferHS:00000000 $d
C:\Users\thewo\AppData\Local\Temp\ccVPHBGI.s:208    .bss.UserRxBufferHS:00000000 $d

UNDEFINED SYMBOLS
USBD_CDC_SetRxBuffer
USBD_CDC_ReceivePacket
hUsbDeviceHS
USBD_CDC_SetTxBuffer
USBD_CDC_TransmitPacket
